[INFO ] 2023-06-14 08:39:43.277 [main] ReportManager - 
------------------------------------------------------------------------------------------------------------------------------------------------
                                                      Powered by SHAFT Engine v7.2.20230527                                                      
------------------------------------------------------------------------------------------------------------------------------------------------

[INFO ] 2023-06-14 08:39:47.323 [main] ReportManager - Loaded OpenCV "opencv_java470".
[INFO ] 2023-06-14 08:39:47.326 [main] ReportManager - File Action "DeleteFolder" successfully performed. With the following test data "Target Folder: "execution-summary"".
[INFO ] 2023-06-14 08:39:47.328 [main] ReportManager - Initializing Allure Reporting Environment...
[INFO ] 2023-06-14 08:39:47.750 [main] ReportManager - Initializing Extent Reporting Environment...
[INFO ] 2023-06-14 08:39:48.565 [main] ReportManager - 
------------------------------------------------------------------------------------------------------------------------------------------------
                                             Starting execution of suite setup configuration method                                             
                                          'com.shaft.listeners.internal.ConfigurationHelper.suiteSetup'                                          
------------------------------------------------------------------------------------------------------------------------------------------------

[INFO ] 2023-06-14 08:39:48.676 [main] ReportManager - Initializing Important Links...
[INFO ] 2023-06-14 08:39:48.691 [main] ReportManager - Initializing Properties...
[INFO ] 2023-06-14 08:39:48.793 [TestNG-test=Test-1] ReportManager - 
------------------------------------------------------------------------------------------------------------------------------------------------
                                                Starting execution of set up configuration method                                                
                                                        'tests.ChangePasswordTest.setUp'                                                        
------------------------------------------------------------------------------------------------------------------------------------------------

[INFO ] 2023-06-14 08:39:48.807 [TestNG-test=Test-1] ReportManager - Setting "targetOperatingSystem" property with "WINDOWS".
[INFO ] 2023-06-14 08:39:48.809 [TestNG-test=Test-1] ReportManager - File Action "DoesFileExist" successfully performed. With the following test data "File Path: "target/downloadedFiles/"".
[INFO ] 2023-06-14 08:39:48.810 [TestNG-test=Test-1] ReportManager - File Action "GetAbsolutePath" successfully performed. With the following test data "Relative Folder Path: "src/test/resources/testDataFiles/target/downloadedFiles/"".
[INFO ] 2023-06-14 08:39:48.814 [TestNG-test=Test-1] ReportManager - File Action "DoesFileExist" successfully performed. With the following test data "File Path: "target/downloadedFiles/"".
[INFO ] 2023-06-14 08:39:48.814 [TestNG-test=Test-1] ReportManager - File Action "GetAbsolutePath" successfully performed. With the following test data "Relative Folder Path: "src/test/resources/testDataFiles/target/downloadedFiles/"".
[INFO ] 2023-06-14 08:39:48.818 [TestNG-test=Test-1] ReportManager - Attempting to run locally on: "WINDOWS | Chrome".
[INFO ] 2023-06-14 08:39:48.819 [TestNG-test=Test-1] ReportManager - Identifying OS/Driver combination and selecting the correct driver version automatically. Please note that if a new driver executable will be downloaded it may take some time...
[DEBUG] 2023-06-14 08:39:49.357 [TestNG-test=Test-1] ResolutionCache - Removing resolution chrome=114 from cache (expired on 2023-06-13T16:37:05.000+0200)
[DEBUG] 2023-06-14 08:39:49.376 [TestNG-test=Test-1] InternalHttpClient - ex-0000000001 preparing request execution
[DEBUG] 2023-06-14 08:39:49.398 [TestNG-test=Test-1] ProtocolExec - ex-0000000001 target auth state: UNCHALLENGED
[DEBUG] 2023-06-14 08:39:49.400 [TestNG-test=Test-1] ProtocolExec - ex-0000000001 proxy auth state: UNCHALLENGED
[DEBUG] 2023-06-14 08:39:49.401 [TestNG-test=Test-1] ConnectExec - ex-0000000001 acquiring connection with route {s}->https://raw.githubusercontent.com:443
[DEBUG] 2023-06-14 08:39:49.401 [TestNG-test=Test-1] InternalHttpClient - ex-0000000001 acquiring endpoint (3 MINUTES)
[DEBUG] 2023-06-14 08:39:49.403 [TestNG-test=Test-1] PoolingHttpClientConnectionManager - ex-0000000001 endpoint lease request (3 MINUTES) [route: {s}->https://raw.githubusercontent.com:443][total available: 0; route allocated: 0 of 5; total allocated: 0 of 25]
[DEBUG] 2023-06-14 08:39:49.417 [TestNG-test=Test-1] PoolingHttpClientConnectionManager - ex-0000000001 endpoint leased [route: {s}->https://raw.githubusercontent.com:443][total available: 0; route allocated: 1 of 5; total allocated: 1 of 25]
[DEBUG] 2023-06-14 08:39:49.454 [TestNG-test=Test-1] PoolingHttpClientConnectionManager - ex-0000000001 acquired ep-0000000001
[DEBUG] 2023-06-14 08:39:49.454 [TestNG-test=Test-1] InternalHttpClient - ex-0000000001 acquired endpoint ep-0000000001
[DEBUG] 2023-06-14 08:39:49.454 [TestNG-test=Test-1] ConnectExec - ex-0000000001 opening connection {s}->https://raw.githubusercontent.com:443
[DEBUG] 2023-06-14 08:39:49.455 [TestNG-test=Test-1] InternalHttpClient - ep-0000000001 connecting endpoint (null)
[DEBUG] 2023-06-14 08:39:49.459 [TestNG-test=Test-1] PoolingHttpClientConnectionManager - ep-0000000001 connecting endpoint to https://raw.githubusercontent.com:443 (30 SECONDS)
[DEBUG] 2023-06-14 08:39:49.459 [TestNG-test=Test-1] DefaultHttpClientConnectionOperator - raw.githubusercontent.com resolving remote address
[DEBUG] 2023-06-14 08:39:49.472 [TestNG-test=Test-1] DefaultHttpClientConnectionOperator - raw.githubusercontent.com resolved to [raw.githubusercontent.com/185.199.109.133, raw.githubusercontent.com/185.199.108.133, raw.githubusercontent.com/185.199.111.133, raw.githubusercontent.com/185.199.110.133, raw.githubusercontent.com/2606:50c0:8001:0:0:0:0:154, raw.githubusercontent.com/2606:50c0:8002:0:0:0:0:154, raw.githubusercontent.com/2606:50c0:8003:0:0:0:0:154, raw.githubusercontent.com/2606:50c0:8000:0:0:0:0:154]
[DEBUG] 2023-06-14 08:39:49.480 [TestNG-test=Test-1] DefaultHttpClientConnectionOperator - raw.githubusercontent.com:443 connecting null->raw.githubusercontent.com/185.199.109.133:443 (30 SECONDS)
[DEBUG] 2023-06-14 08:39:49.480 [TestNG-test=Test-1] SSLConnectionSocketFactory - Connecting socket to raw.githubusercontent.com/185.199.109.133:443 with timeout 30 SECONDS
[DEBUG] 2023-06-14 08:39:49.583 [TestNG-test=Test-1] SSLConnectionSocketFactory - Enabled protocols: [TLSv1.3, TLSv1.2]
[DEBUG] 2023-06-14 08:39:49.584 [TestNG-test=Test-1] SSLConnectionSocketFactory - Enabled cipher suites: [TLS_AES_256_GCM_SHA384, TLS_AES_128_GCM_SHA256, TLS_CHACHA20_POLY1305_SHA256, TLS_ECDHE_ECDSA_WITH_AES_256_GCM_SHA384, TLS_ECDHE_ECDSA_WITH_AES_128_GCM_SHA256, TLS_ECDHE_ECDSA_WITH_CHACHA20_POLY1305_SHA256, TLS_ECDHE_RSA_WITH_AES_256_GCM_SHA384, TLS_ECDHE_RSA_WITH_CHACHA20_POLY1305_SHA256, TLS_ECDHE_RSA_WITH_AES_128_GCM_SHA256, TLS_DHE_RSA_WITH_AES_256_GCM_SHA384, TLS_DHE_RSA_WITH_CHACHA20_POLY1305_SHA256, TLS_DHE_DSS_WITH_AES_256_GCM_SHA384, TLS_DHE_RSA_WITH_AES_128_GCM_SHA256, TLS_DHE_DSS_WITH_AES_128_GCM_SHA256, TLS_ECDHE_ECDSA_WITH_AES_256_CBC_SHA384, TLS_ECDHE_RSA_WITH_AES_256_CBC_SHA384, TLS_ECDHE_ECDSA_WITH_AES_128_CBC_SHA256, TLS_ECDHE_RSA_WITH_AES_128_CBC_SHA256, TLS_DHE_RSA_WITH_AES_256_CBC_SHA256, TLS_DHE_DSS_WITH_AES_256_CBC_SHA256, TLS_DHE_RSA_WITH_AES_128_CBC_SHA256, TLS_DHE_DSS_WITH_AES_128_CBC_SHA256, TLS_ECDHE_ECDSA_WITH_AES_256_CBC_SHA, TLS_ECDHE_RSA_WITH_AES_256_CBC_SHA, TLS_ECDHE_ECDSA_WITH_AES_128_CBC_SHA, TLS_ECDHE_RSA_WITH_AES_128_CBC_SHA, TLS_DHE_RSA_WITH_AES_256_CBC_SHA, TLS_DHE_DSS_WITH_AES_256_CBC_SHA, TLS_DHE_RSA_WITH_AES_128_CBC_SHA, TLS_DHE_DSS_WITH_AES_128_CBC_SHA, TLS_RSA_WITH_AES_256_GCM_SHA384, TLS_RSA_WITH_AES_128_GCM_SHA256, TLS_RSA_WITH_AES_256_CBC_SHA256, TLS_RSA_WITH_AES_128_CBC_SHA256, TLS_RSA_WITH_AES_256_CBC_SHA, TLS_RSA_WITH_AES_128_CBC_SHA, TLS_EMPTY_RENEGOTIATION_INFO_SCSV]
[DEBUG] 2023-06-14 08:39:49.584 [TestNG-test=Test-1] SSLConnectionSocketFactory - Starting handshake (null)
[DEBUG] 2023-06-14 08:39:49.792 [TestNG-test=Test-1] SSLConnectionSocketFactory - Secure session established
[DEBUG] 2023-06-14 08:39:49.792 [TestNG-test=Test-1] SSLConnectionSocketFactory -  negotiated protocol: TLSv1.3
[DEBUG] 2023-06-14 08:39:49.792 [TestNG-test=Test-1] SSLConnectionSocketFactory -  negotiated cipher suite: TLS_AES_256_GCM_SHA384
[DEBUG] 2023-06-14 08:39:49.792 [TestNG-test=Test-1] SSLConnectionSocketFactory -  peer principal: CN=*.github.io, O="GitHub, Inc.", L=San Francisco, ST=California, C=US
[DEBUG] 2023-06-14 08:39:49.794 [TestNG-test=Test-1] SSLConnectionSocketFactory -  peer alternative names: [*.github.io, github.io, *.github.com, github.com, www.github.com, *.githubusercontent.com, githubusercontent.com]
[DEBUG] 2023-06-14 08:39:49.794 [TestNG-test=Test-1] SSLConnectionSocketFactory -  issuer principal: CN=DigiCert TLS RSA SHA256 2020 CA1, O=DigiCert Inc, C=US
[DEBUG] 2023-06-14 08:39:49.794 [TestNG-test=Test-1] DefaultManagedHttpClientConnection - http-outgoing-0 set socket timeout to 3 MINUTES
[DEBUG] 2023-06-14 08:39:49.794 [TestNG-test=Test-1] DefaultHttpClientConnectionOperator - raw.githubusercontent.com:443 connected null->raw.githubusercontent.com/185.199.109.133:443 as http-outgoing-0
[DEBUG] 2023-06-14 08:39:49.794 [TestNG-test=Test-1] PoolingHttpClientConnectionManager - ep-0000000001 connected http-outgoing-0
[DEBUG] 2023-06-14 08:39:49.794 [TestNG-test=Test-1] InternalHttpClient - ep-0000000001 endpoint connected
[DEBUG] 2023-06-14 08:39:49.795 [TestNG-test=Test-1] MainClientExec - ex-0000000001 executing GET /bonigarcia/webdrivermanager/master/src/main/resources/commands.properties HTTP/1.1
[DEBUG] 2023-06-14 08:39:49.795 [TestNG-test=Test-1] RequestAddCookies - ex-0000000001 Cookie spec selected: strict
[DEBUG] 2023-06-14 08:39:49.812 [TestNG-test=Test-1] InternalHttpClient - ep-0000000001 start execution ex-0000000001
[DEBUG] 2023-06-14 08:39:49.812 [TestNG-test=Test-1] PoolingHttpClientConnectionManager - ep-0000000001 executing exchange ex-0000000001 over http-outgoing-0
[DEBUG] 2023-06-14 08:39:49.812 [TestNG-test=Test-1] headers - http-outgoing-0 >> GET /bonigarcia/webdrivermanager/master/src/main/resources/commands.properties HTTP/1.1
[DEBUG] 2023-06-14 08:39:49.812 [TestNG-test=Test-1] headers - http-outgoing-0 >> user-agent: Apache-HttpClient/5.0
[DEBUG] 2023-06-14 08:39:49.812 [TestNG-test=Test-1] headers - http-outgoing-0 >> accept-encoding: gzip, deflate, br
[DEBUG] 2023-06-14 08:39:49.812 [TestNG-test=Test-1] headers - http-outgoing-0 >> cache-control: max-age=0
[DEBUG] 2023-06-14 08:39:49.812 [TestNG-test=Test-1] headers - http-outgoing-0 >> connection: keep-alive
[DEBUG] 2023-06-14 08:39:49.812 [TestNG-test=Test-1] headers - http-outgoing-0 >> Host: raw.githubusercontent.com
[DEBUG] 2023-06-14 08:39:49.813 [TestNG-test=Test-1] wire - http-outgoing-0 >> "GET /bonigarcia/webdrivermanager/master/src/main/resources/commands.properties HTTP/1.1[\r][\n]"
[DEBUG] 2023-06-14 08:39:49.813 [TestNG-test=Test-1] wire - http-outgoing-0 >> "user-agent: Apache-HttpClient/5.0[\r][\n]"
[DEBUG] 2023-06-14 08:39:49.813 [TestNG-test=Test-1] wire - http-outgoing-0 >> "accept-encoding: gzip, deflate, br[\r][\n]"
[DEBUG] 2023-06-14 08:39:49.813 [TestNG-test=Test-1] wire - http-outgoing-0 >> "cache-control: max-age=0[\r][\n]"
[DEBUG] 2023-06-14 08:39:49.813 [TestNG-test=Test-1] wire - http-outgoing-0 >> "connection: keep-alive[\r][\n]"
[DEBUG] 2023-06-14 08:39:49.813 [TestNG-test=Test-1] wire - http-outgoing-0 >> "Host: raw.githubusercontent.com[\r][\n]"
[DEBUG] 2023-06-14 08:39:49.813 [TestNG-test=Test-1] wire - http-outgoing-0 >> "[\r][\n]"
[DEBUG] 2023-06-14 08:39:49.871 [TestNG-test=Test-1] wire - http-outgoing-0 << "HTTP/1.1 200 OK[\r][\n]"
[DEBUG] 2023-06-14 08:39:49.872 [TestNG-test=Test-1] wire - http-outgoing-0 << "Connection: keep-alive[\r][\n]"
[DEBUG] 2023-06-14 08:39:49.872 [TestNG-test=Test-1] wire - http-outgoing-0 << "Content-Length: 723[\r][\n]"
[DEBUG] 2023-06-14 08:39:49.872 [TestNG-test=Test-1] wire - http-outgoing-0 << "Cache-Control: max-age=300[\r][\n]"
[DEBUG] 2023-06-14 08:39:49.872 [TestNG-test=Test-1] wire - http-outgoing-0 << "Content-Security-Policy: default-src 'none'; style-src 'unsafe-inline'; sandbox[\r][\n]"
[DEBUG] 2023-06-14 08:39:49.872 [TestNG-test=Test-1] wire - http-outgoing-0 << "Content-Type: text/plain; charset=utf-8[\r][\n]"
[DEBUG] 2023-06-14 08:39:49.873 [TestNG-test=Test-1] wire - http-outgoing-0 << "ETag: W/"e82b438271e9e8680c688b0b680efd0bdd22faa6d6f0a32fc1fd8accc486b67e"[\r][\n]"
[DEBUG] 2023-06-14 08:39:49.873 [TestNG-test=Test-1] wire - http-outgoing-0 << "Strict-Transport-Security: max-age=31536000[\r][\n]"
[DEBUG] 2023-06-14 08:39:49.873 [TestNG-test=Test-1] wire - http-outgoing-0 << "X-Content-Type-Options: nosniff[\r][\n]"
[DEBUG] 2023-06-14 08:39:49.873 [TestNG-test=Test-1] wire - http-outgoing-0 << "X-Frame-Options: deny[\r][\n]"
[DEBUG] 2023-06-14 08:39:49.873 [TestNG-test=Test-1] wire - http-outgoing-0 << "X-XSS-Protection: 1; mode=block[\r][\n]"
[DEBUG] 2023-06-14 08:39:49.873 [TestNG-test=Test-1] wire - http-outgoing-0 << "X-GitHub-Request-Id: 9F56:0A39:1506328:19193D9:6488187C[\r][\n]"
[DEBUG] 2023-06-14 08:39:49.873 [TestNG-test=Test-1] wire - http-outgoing-0 << "Content-Encoding: gzip[\r][\n]"
[DEBUG] 2023-06-14 08:39:49.873 [TestNG-test=Test-1] wire - http-outgoing-0 << "Accept-Ranges: bytes[\r][\n]"
[DEBUG] 2023-06-14 08:39:49.874 [TestNG-test=Test-1] wire - http-outgoing-0 << "Date: Wed, 14 Jun 2023 06:51:58 GMT[\r][\n]"
[DEBUG] 2023-06-14 08:39:49.874 [TestNG-test=Test-1] wire - http-outgoing-0 << "Via: 1.1 varnish[\r][\n]"
[DEBUG] 2023-06-14 08:39:49.874 [TestNG-test=Test-1] wire - http-outgoing-0 << "X-Served-By: cache-mrs10538-MRS[\r][\n]"
[DEBUG] 2023-06-14 08:39:49.874 [TestNG-test=Test-1] wire - http-outgoing-0 << "X-Cache: HIT[\r][\n]"
[DEBUG] 2023-06-14 08:39:49.874 [TestNG-test=Test-1] wire - http-outgoing-0 << "X-Cache-Hits: 1[\r][\n]"
[DEBUG] 2023-06-14 08:39:49.874 [TestNG-test=Test-1] wire - http-outgoing-0 << "X-Timer: S1686725518.298290,VS0,VE1[\r][\n]"
[DEBUG] 2023-06-14 08:39:49.875 [TestNG-test=Test-1] wire - http-outgoing-0 << "Vary: Authorization,Accept-Encoding,Origin[\r][\n]"
[DEBUG] 2023-06-14 08:39:49.875 [TestNG-test=Test-1] wire - http-outgoing-0 << "Access-Control-Allow-Origin: *[\r][\n]"
[DEBUG] 2023-06-14 08:39:49.875 [TestNG-test=Test-1] wire - http-outgoing-0 << "Cross-Origin-Resource-Policy: cross-origin[\r][\n]"
[DEBUG] 2023-06-14 08:39:49.875 [TestNG-test=Test-1] wire - http-outgoing-0 << "X-Fastly-Request-ID: 62d92eb46d574d2462eb4b7f9c4acc852b85c47d[\r][\n]"
[DEBUG] 2023-06-14 08:39:49.875 [TestNG-test=Test-1] wire - http-outgoing-0 << "Expires: Wed, 14 Jun 2023 06:56:58 GMT[\r][\n]"
[DEBUG] 2023-06-14 08:39:49.875 [TestNG-test=Test-1] wire - http-outgoing-0 << "Source-Age: 202[\r][\n]"
[DEBUG] 2023-06-14 08:39:49.875 [TestNG-test=Test-1] wire - http-outgoing-0 << "[\r][\n]"
[DEBUG] 2023-06-14 08:39:49.881 [TestNG-test=Test-1] headers - http-outgoing-0 << HTTP/1.1 200 OK
[DEBUG] 2023-06-14 08:39:49.881 [TestNG-test=Test-1] headers - http-outgoing-0 << Connection: keep-alive
[DEBUG] 2023-06-14 08:39:49.881 [TestNG-test=Test-1] headers - http-outgoing-0 << Content-Length: 723
[DEBUG] 2023-06-14 08:39:49.881 [TestNG-test=Test-1] headers - http-outgoing-0 << Cache-Control: max-age=300
[DEBUG] 2023-06-14 08:39:49.881 [TestNG-test=Test-1] headers - http-outgoing-0 << Content-Security-Policy: default-src 'none'; style-src 'unsafe-inline'; sandbox
[DEBUG] 2023-06-14 08:39:49.881 [TestNG-test=Test-1] headers - http-outgoing-0 << Content-Type: text/plain; charset=utf-8
[DEBUG] 2023-06-14 08:39:49.882 [TestNG-test=Test-1] headers - http-outgoing-0 << ETag: W/"e82b438271e9e8680c688b0b680efd0bdd22faa6d6f0a32fc1fd8accc486b67e"
[DEBUG] 2023-06-14 08:39:49.882 [TestNG-test=Test-1] headers - http-outgoing-0 << Strict-Transport-Security: max-age=31536000
[DEBUG] 2023-06-14 08:39:49.882 [TestNG-test=Test-1] headers - http-outgoing-0 << X-Content-Type-Options: nosniff
[DEBUG] 2023-06-14 08:39:49.882 [TestNG-test=Test-1] headers - http-outgoing-0 << X-Frame-Options: deny
[DEBUG] 2023-06-14 08:39:49.882 [TestNG-test=Test-1] headers - http-outgoing-0 << X-XSS-Protection: 1; mode=block
[DEBUG] 2023-06-14 08:39:49.882 [TestNG-test=Test-1] headers - http-outgoing-0 << X-GitHub-Request-Id: 9F56:0A39:1506328:19193D9:6488187C
[DEBUG] 2023-06-14 08:39:49.883 [TestNG-test=Test-1] headers - http-outgoing-0 << Content-Encoding: gzip
[DEBUG] 2023-06-14 08:39:49.883 [TestNG-test=Test-1] headers - http-outgoing-0 << Accept-Ranges: bytes
[DEBUG] 2023-06-14 08:39:49.883 [TestNG-test=Test-1] headers - http-outgoing-0 << Date: Wed, 14 Jun 2023 06:51:58 GMT
[DEBUG] 2023-06-14 08:39:49.883 [TestNG-test=Test-1] headers - http-outgoing-0 << Via: 1.1 varnish
[DEBUG] 2023-06-14 08:39:49.883 [TestNG-test=Test-1] headers - http-outgoing-0 << X-Served-By: cache-mrs10538-MRS
[DEBUG] 2023-06-14 08:39:49.883 [TestNG-test=Test-1] headers - http-outgoing-0 << X-Cache: HIT
[DEBUG] 2023-06-14 08:39:49.883 [TestNG-test=Test-1] headers - http-outgoing-0 << X-Cache-Hits: 1
[DEBUG] 2023-06-14 08:39:49.883 [TestNG-test=Test-1] headers - http-outgoing-0 << X-Timer: S1686725518.298290,VS0,VE1
[DEBUG] 2023-06-14 08:39:49.884 [TestNG-test=Test-1] headers - http-outgoing-0 << Vary: Authorization,Accept-Encoding,Origin
[DEBUG] 2023-06-14 08:39:49.884 [TestNG-test=Test-1] headers - http-outgoing-0 << Access-Control-Allow-Origin: *
[DEBUG] 2023-06-14 08:39:49.884 [TestNG-test=Test-1] headers - http-outgoing-0 << Cross-Origin-Resource-Policy: cross-origin
[DEBUG] 2023-06-14 08:39:49.885 [TestNG-test=Test-1] headers - http-outgoing-0 << X-Fastly-Request-ID: 62d92eb46d574d2462eb4b7f9c4acc852b85c47d
[DEBUG] 2023-06-14 08:39:49.885 [TestNG-test=Test-1] headers - http-outgoing-0 << Expires: Wed, 14 Jun 2023 06:56:58 GMT
[DEBUG] 2023-06-14 08:39:49.885 [TestNG-test=Test-1] headers - http-outgoing-0 << Source-Age: 202
[DEBUG] 2023-06-14 08:39:49.892 [TestNG-test=Test-1] MainClientExec - ex-0000000001 connection can be kept alive for 3 MINUTES
[DEBUG] 2023-06-14 08:39:49.898 [TestNG-test=Test-1] wire - http-outgoing-0 << "[0x1f][0xffffff8b][0x8][0x0][0x0][0x0][0x0][0x0][0x0][0x3][0xffffffb5]V]o[0xffffffda]0[0x14]}[0xffffffe7]W\[0xffffff81]*[0xffffffb5][0x12][0x1f][[M[0xffffffd3]$[0x1e]hF[0xffffffbb]i [0x18][0xffffffb4][0xffffffdd]&[0xfffffff9][0xffffffc5]$7[0xffffffc1]R[0x12]#;[0xffffff94]v[0xffffffbf]~[0xffffffb6][0xfffffff3]1[0xffffff92][0xffffff9a][0xffffffc1][0x1a]x[0xffffffcb][0xffffffb5][0xffffffaf][0xffffffcf]9[0xffffffbe][0xfffffff7]8v[0xb][0x1c][0x1e]E4[0xfffffff6]$x4[0xffffffa1][0xb]*[0xffffffb1][0xffffffd1][0xffffff82][0xfffffffb]%[0xffffff93][0xffffffe0][0xffffffb3][0x10][0xffffffc1][0xffffffe5]qBY,!Y[0xffffffea] KM8,[0x10][0xfffffff0][0x19][0xffffffdd]u[0xffffff82][0x1e][0xffffffb0][0xffffffd8]L[0xffffffcb]%[0xffffff86][0xffffffa1][0xe][0xffffffb8][0xfffffff0]P[0xffffffe8]$[0xf][0x13]t[0x13]3[0xfffffff9][0xffffff84]B2[0xffffffae][0xffffffe6]|@[0xfffffff5][0x1d][0x8][0xffffffc4][0x18][0x16][0xffffff82]o[0xffffffa4][0xffffff9a]P[0xffffff94][0xffffffe7][0xffffffce]R[0xfffffff0][0x8][0xffffffdb]p[0xffffffcb][0x4][0xfffffffa][0xfffffffc][0xffffffb9][\r][0xffffff93][0x15][\n]"
[DEBUG] 2023-06-14 08:39:49.899 [TestNG-test=Test-1] wire - http-outgoing-0 << "[0xffffffda][0xffffff86][0xffffffa1][0x17][0xffffffa8]Q3[0xffffffcb][0xffffffd6][0xffffffd1][0xffffff85][0xffffffc6][0xfffffff7][0xffffff98][0xffffffef][0xffffffa3][0xffffffc0]8[0x1][0xffffffae]s[0x12][0x16][0x7] _d[0xffffff82][0xffffff91][0xffffff84][0xfffffff3][0x1f],[0xfffffff6][0x14]j[0x1b]F,^+[0xffffff98]1ua2[0xffffffbf]h([0xffffff8e][0xffffff94][0xffffffa2][0xffffff91]m[0xffffffa3][0xffffffeb][0xffffff9a][0xffffffb0][0xffffffbb]I[0x17]t[0xffffffdf][0xffffffbd][0xffffffef][0xffffffbb][0xffffff91][0xffffffd7]U[0xffffffbb][0xffffff82][0xffffff9e][0x3][0xffffff9b][0xffffff88][0xffffffb9][0xffffffa6]$[0xffffffa6][0xc][0xffffff9b][0xffffffa5][0xffffffe2][0xffffff83][0xffffff98]F[0xffffffd8]o[0xffffff9e]Mg[0xffffff93][0xffffffbb][0xffffffd9]`|[0xfffffffb]u4[0xffffff9c][0x7f]"}B[0xffffffce][0x8][0xffffffb9][0xffffffe3]<[0x8][0xffffff91][0xffffff90][0xffffff94][0xffffff82][0xffffff90][0xffffffc1]j[0x15]2WI[0xffffffe3]1![0x19][0xffffff91]BnB[0xffffff80][0x9]<f[0xffffffb5][0xffffffe8]=[0xffffffd1]p[0xffffffbd][[0xffffffcf][0xffffffe5][0x1b][0xfffffff4][0xffffff9c][0xffffffff][0xfffffffc][0xfffffff8][0xffffffe1][0xffffffe2][0xffffff94][0xffffffa2][0xffffffae][0xe][0x14]5[0xffffff9a]8[0xffffff83][0xffffffd1]`:[0xfffffffd]<[0xffffffb8][0x1f][0xffffff9c]R[0xffffffcf]u[0x7f]6[0xffffffbc][0xffffff83][0xffffffef][0xf][0xffffffc3][0xffffffd9]/[0xfffffff8][0xfffffff2][0xffffffcd]y s[0xffffffee]'[0x1b]*0g[0xffffffcb][0xffffffc8]nF7H][0xffffff83][0xffffff97]{[0xffffffb1]Q[0x5][\r][0xffffffb5]c[0xffffffb4][0xf][0x2][0xffffffb3][0xffffffb4][0xffffff93][0xe]C[0xffffffa7][0xffffffb3]kAD][0xffffff9d][0xffffffde][0xffffffdb][0xffffffda][0xffffff88][0xffffffec][0xffffffa5][0xffffffbc][0xffffff99][0xffffffd9][0xffffffba]t[0xffffffb5][0xffffffea]9[0xffffffea][0x10])[0xffffffb7][0xffffffca][0xffffff9e][0xfffffff2][0xffffffe2]d^N[0xffffffd8]FW[0x16][0xffffffcd][0xffffffdc]_[0x10][0xfffffff9]i|[0x1c][0xffffff93][0xffffff8e][0xfffffff9]o[0x16][0xffffff86]4'!$G[0xffffffdf]W[0xfffffff4]W*j[[0xfffffff3]xR[0xffffffae][0xffffffb6][0xc][0xffffffd0],; #[0xffffffa9][0xffffff92]5[0xffffffb5][0x7][0xffffff9c][0xffffffb5][0xffffffd0][0x7f][0xffffff90][0xffffffc7]jgs[0xfffffffc][0xffffffc2][0xb][0xffffffd9][0x0]t[0xffffff9e]^'Y[0xfffffffb][0xffffff9f][0xffffffb1][0xffffffd8]:[0xffffffbf][0xffffff8d][0xffffffa5][0xffffff9a][0xffffffad][0x7f]m[0x5]&[0xffffffaa][0xffffffa0]^[0xffffff9b][0xffffffcb][0x5]f[0xffffffae][0xffffffe0]RU[0xffffff82][0x10]MS9l[0xffffff91]4t[0xfffffffb][0xffffff8a]][0xffffffd6][0xfffffff4][0xffffff96][0xffffffa6][0xffffff9f]P[0xffffffce][0xffffffd5][0xffffffce][0xffffff93][0xffffffff][0xffffff97][0xffffffcc]p[0xfffffffd][0xfffffff3][0xffffffe8][0x1b][0xffffffcc][0xffffffa2][0xffffffd9]Q[0xffffffbe][0xffffffb2][0xffffffa3][0xffffffc7]m'[0xffffffdf][0xffffffe4][[0xfffffffb]^[0xffffffb0][0xffffff9a][0xffffffbe][0xffffffda][0xffffffda]_[0xffffffce][0xffffff80][0xffffffd2][0xffffffc1]7[0xffffffb7]][0xffffffc1]b[0xffffffee][0xffffffb5][0xffffffff]w[0xffffff83][0xffffffed][0xffffffa7];[0x15]<[0x10]4[0xffffff92][0xffffff84][0x18][\n]"
[DEBUG] 2023-06-14 08:39:49.899 [TestNG-test=Test-1] wire - http-outgoing-0 << "BB[0xffffffba][0xffffff8e]][0xffffffb5]jo[0xffffffb9]+"[0xffffffea][0xffffffb4][0xffffffff]h"[0xffffffea]\?5[0xffffffa9][0xffffffaf]k[0xffffffec][0xffffffff]P[0xffffffea][\n]"
[DEBUG] 2023-06-14 08:39:49.899 [TestNG-test=Test-1] wire - http-outgoing-0 << "w[0xffffffe1]K[0x13][0xffffffda][0xffffffec][0xffffff98][0xffffffe6]Y[0xfffffffd]h8m6[0xffffff9c]T[0xffffffc1][0xfffffff2][0xffffffa7][0xffffff91]z_[0xffffff95]o85p[0x1c][0x13][0xffffffe6][0xfffffff0]5[0xffffffee][0xfffffffc][0xffffff92][0xffffff96][0xffffffda][0xfffffff7][0xffffffcf][0xffffffb1][0x5][0x1d][0xffffffea]K[0xffffff9b]9[0xffffff8e][0xffffffad]e[0xfffffff7][0xffffff93][0xffffffa8]`[0xffffffda][0xffffffff][0x1a][0xffffffd2][0xffffff88][0xffffff85][0xfffffffd][0xfffffff2][0xffffff91]N[0xfffffff6]`[0xffffffdf]2[0xffffffcf][0xffffffae]E[0xffffff97][0xffffffc5][0xffffffa2][0xffffff9d][0xffffffef]'[0xffffff9d]mun.[0xffffffd3]f^[0xffffffc7][0xffffff82][0xffffffda][0xffffff82]9[0xfffffff5][0xffffffa9]`[0x5][0xffffffbc]4[0xffffffa1][0x1d]<M[0xffffffb5]A[0xffffffa7]3[[0xffffffc0][0x7f][0x0][0xffffffc1][0xffffffd0]$[0xffffff85][0x1d][\r][0x0][0x0]"
[DEBUG] 2023-06-14 08:39:49.900 [TestNG-test=Test-1] InternalHttpClient - ep-0000000001 releasing valid endpoint
[DEBUG] 2023-06-14 08:39:49.900 [TestNG-test=Test-1] PoolingHttpClientConnectionManager - ep-0000000001 releasing endpoint
[DEBUG] 2023-06-14 08:39:49.900 [TestNG-test=Test-1] PoolingHttpClientConnectionManager - ep-0000000001 connection http-outgoing-0 can be kept alive for 3 MINUTES
[DEBUG] 2023-06-14 08:39:49.901 [TestNG-test=Test-1] PoolingHttpClientConnectionManager - ep-0000000001 connection released [route: {s}->https://raw.githubusercontent.com:443][total available: 1; route allocated: 1 of 5; total allocated: 1 of 25]
[DEBUG] 2023-06-14 08:39:49.901 [TestNG-test=Test-1] VersionDetector - Detecting chrome version using online commands.properties
[DEBUG] 2023-06-14 08:39:49.904 [TestNG-test=Test-1] Shell - Running command on the shell: [cmd.exe, /C, wmic, datafile, where, name="%PROGRAMFILES:\=\\%\\Google\\Chrome\\Application\\chrome.exe", get, Version, /value]
[DEBUG] 2023-06-14 08:39:50.572 [TestNG-test=Test-1] Shell - Result: Version=114.0.5735.133
[DEBUG] 2023-06-14 08:39:50.573 [TestNG-test=Test-1] ResolutionCache - Resolution chrome114=114.0.5735.90 in cache (valid until 15:37:05 14/06/2023 EET)
[INFO ] 2023-06-14 08:39:50.573 [TestNG-test=Test-1] WebDriverManager - Using chromedriver 114.0.5735.90 (resolved driver for Chrome 114)
[DEBUG] 2023-06-14 08:39:50.575 [TestNG-test=Test-1] ResolutionCache - Storing resolution chrome=114 in cache (valid until 09:39:50 14/06/2023 EET)
[DEBUG] 2023-06-14 08:39:50.603 [TestNG-test=Test-1] WebDriverManager - Driver chromedriver 114.0.5735.90 found in cache
[INFO ] 2023-06-14 08:39:50.604 [TestNG-test=Test-1] WebDriverManager - Exporting webdriver.chrome.driver as C:\Users\usama\.cache\selenium\chromedriver\win32\114.0.5735.90\chromedriver.exe
[WARN ] 2023-06-14 08:39:52.859 [Exec Stream Pumper] ReportManager - Starting ChromeDriver 114.0.5735.90 (386bc09e8f4f2e025eddae123f36f6263096ae49-refs/branch-heads/5735@{#1052}) on port 36361
[WARN ] 2023-06-14 08:39:52.859 [Exec Stream Pumper] ReportManager - Only local connections are allowed.
[WARN ] 2023-06-14 08:39:52.860 [Exec Stream Pumper] ReportManager - Please see https://chromedriver.chromium.org/security-considerations for suggestions on keeping ChromeDriver safe.
[WARN ] 2023-06-14 08:39:52.903 [Exec Stream Pumper] ReportManager - ChromeDriver was started successfully.
[WARN ] 2023-06-14 08:40:06.311 [TestNG-test=Test-1] ReportManager - Jun 14, 2023 8:40:06 AM org.openqa.selenium.devtools.CdpVersionFinder findNearestMatch
[WARN ] 2023-06-14 08:40:06.311 [TestNG-test=Test-1] ReportManager - WARNING: Unable to find an exact match for CDP version 114, so returning the closest version found: 112
[INFO ] 2023-06-14 08:40:06.326 [TestNG-test=Test-1] ReportManager - Successfully Opened: "WINDOWS | Chrome".
[INFO ] 2023-06-14 08:40:06.357 [TestNG-test=Test-1] ReportManager - File Action "DoesFileExist" successfully performed. With the following test data "File Path: "ChangePasswordTestData.json"".
[INFO ] 2023-06-14 08:40:06.359 [TestNG-test=Test-1] ReportManager - File Action "DoesFileExist" successfully performed. With the following test data "File Path: "src/test/resources/testDataFiles/ChangePasswordTestData.json"".
[INFO ] 2023-06-14 08:40:06.359 [TestNG-test=Test-1] ReportManager - File Action "GetAbsolutePath" successfully performed. With the following test data "Relative Folder Path: "src/test/resources/testDataFiles/ChangePasswordTestData.json"".
[INFO ] 2023-06-14 08:40:06.363 [TestNG-test=Test-1] ReportManager - Successfully created attachment 'Test Data - JSON'
[ERROR] 2023-06-14 08:40:06.363 [TestNG-test=Test-1] AllureLifecycle - Could not update step: step with uuid de4ef50c-d1b4-4ce9-ab4e-4e7c8eb2112b not found
[INFO ] 2023-06-14 08:40:06.551 [TestNG-test=Test-1] ReportManager - 
------------------------------------------------------------------------------------------------------------------------------------------------
                                        Starting Execution: '1 out of 5' test cases in the current suite                                        
                                       Test Method: 'tests.ChangePasswordTest.registerWithValidEmailAndPw'                                       
                                  Test Description: 'Validate registering a user with valid email and password'                                  
------------------------------------------------------------------------------------------------------------------------------------------------

[INFO ] 2023-06-14 08:40:06.696 [TestNG-test=Test-1] ReportManager - File Action "DoesFileExist" successfully performed. With the following test data "File Path: "src/test/resources/testDataFiles/ChangePasswordTestData.json"".
[INFO ] 2023-06-14 08:40:06.698 [TestNG-test=Test-1] ReportManager - File Action "GetAbsolutePath" successfully performed. With the following test data "Relative Folder Path: "src/test/resources/testDataFiles/ChangePasswordTestData.json"".
[INFO ] 2023-06-14 08:40:09.205 [TestNG-test=Test-1] ReportManager - File Action "DoesFileExist" successfully performed. With the following test data "File Path: "src/test/resources/testDataFiles/ChangePasswordTestData.json"".
[INFO ] 2023-06-14 08:40:09.206 [TestNG-test=Test-1] ReportManager - File Action "GetAbsolutePath" successfully performed. With the following test data "Relative Folder Path: "src/test/resources/testDataFiles/ChangePasswordTestData.json"".
[INFO ] 2023-06-14 08:40:09.374 [TestNG-test=Test-1] ReportManager - Target URL: "https://demo.nopcommerce.com/register?returnUrl=%2F"
[INFO ] 2023-06-14 08:40:09.420 [TestNG-test=Test-1] ReportManager - Initial URL: "data:,"
[INFO ] 2023-06-14 08:40:11.565 [TestNG-test=Test-1] ReportManager - Navigate to url "https://demo.nopcommerce.com/register?returnUrl=%2F".
[INFO ] 2023-06-14 08:40:11.826 [TestNG-test=Test-1] ReportManager - Get text "Register" from "By.className: page-title".
[INFO ] 2023-06-14 08:40:11.826 [TestNG-test=Test-1] ReportManager - Expected "Register", and actual "Register"
[INFO ] 2023-06-14 08:40:20.395 [TestNG-test=Test-1] ReportManager - Assertion "ValidateElementAttribute" PASSED. Expected "Value Should be 'Register' for the 'text' attribute, element locator 'By.className: page-title'" and Actual "Register". Comparison Type "CONTAINS". Validation Type "POSITIVE".
[INFO ] 2023-06-14 08:40:20.423 [TestNG-test=Test-1] ReportManager - Successfully created attachment 'Screenshot - 1686724812149_registerWithValidEmailAndPw_ValidateElementAttribute_passed'
[INFO ] 2023-06-14 08:40:20.427 [TestNG-test=Test-1] ReportManager - File Action "DoesFileExist" successfully performed. With the following test data "File Path: "src/test/resources/testDataFiles/ChangePasswordTestData.json"".
[INFO ] 2023-06-14 08:40:20.428 [TestNG-test=Test-1] ReportManager - File Action "GetAbsolutePath" successfully performed. With the following test data "Relative Folder Path: "src/test/resources/testDataFiles/ChangePasswordTestData.json"".
[INFO ] 2023-06-14 08:40:20.452 [TestNG-test=Test-1] ReportManager - File Action "DoesFileExist" successfully performed. With the following test data "File Path: "src/test/resources/testDataFiles/ChangePasswordTestData.json"".
[INFO ] 2023-06-14 08:40:20.453 [TestNG-test=Test-1] ReportManager - File Action "GetAbsolutePath" successfully performed. With the following test data "Relative Folder Path: "src/test/resources/testDataFiles/ChangePasswordTestData.json"".
[INFO ] 2023-06-14 08:40:20.479 [TestNG-test=Test-1] ReportManager - File Action "DoesFileExist" successfully performed. With the following test data "File Path: "src/test/resources/testDataFiles/ChangePasswordTestData.json"".
[INFO ] 2023-06-14 08:40:20.480 [TestNG-test=Test-1] ReportManager - File Action "GetAbsolutePath" successfully performed. With the following test data "Relative Folder Path: "src/test/resources/testDataFiles/ChangePasswordTestData.json"".
[INFO ] 2023-06-14 08:40:20.700 [TestNG-test=Test-1] ReportManager - Type "John" into "First name:".
[INFO ] 2023-06-14 08:40:20.976 [TestNG-test=Test-1] ReportManager - Type "Doe" into "Last name:".
[INFO ] 2023-06-14 08:40:21.130 [TestNG-test=Test-1] ReportManager - Type "johndoe_14062023083948404@gmail.com" into "Email:".
[INFO ] 2023-06-14 08:40:21.271 [TestNG-test=Test-1] ReportManager - Type "tester123" into "Password:".
[INFO ] 2023-06-14 08:40:21.398 [TestNG-test=Test-1] ReportManager - Type "tester123" into "Confirm password:".
[INFO ] 2023-06-14 08:40:21.584 [TestNG-test=Test-1] ReportManager - Moved the mouse to the middle of the element.
[INFO ] 2023-06-14 08:40:21.665 [TestNG-test=Test-1] ReportManager - Click "REGISTER".
[INFO ] 2023-06-14 08:40:21.667 [TestNG-test=Test-1] ReportManager - File Action "DoesFileExist" successfully performed. With the following test data "File Path: "src/test/resources/testDataFiles/ChangePasswordTestData.json"".
[INFO ] 2023-06-14 08:40:21.668 [TestNG-test=Test-1] ReportManager - File Action "GetAbsolutePath" successfully performed. With the following test data "Relative Folder Path: "src/test/resources/testDataFiles/ChangePasswordTestData.json"".
[INFO ] 2023-06-14 08:40:22.902 [TestNG-test=Test-1] ReportManager - Get text "Your registration completed" from "By.className: result".
[INFO ] 2023-06-14 08:40:22.903 [TestNG-test=Test-1] ReportManager - Expected "Your registration completed", and actual "Your registration completed"
[INFO ] 2023-06-14 08:40:23.365 [TestNG-test=Test-1] ReportManager - Assertion "ValidateElementAttribute" PASSED. Expected "Value Should be 'Your registration completed' for the 'text' attribute, element locator 'By.className: result'" and Actual "Your registration completed". Comparison Type "CONTAINS". Validation Type "POSITIVE".
[INFO ] 2023-06-14 08:40:23.367 [TestNG-test=Test-1] ReportManager - Successfully created attachment 'Screenshot - 1686724823137_registerWithValidEmailAndPw_ValidateElementAttribute_passed'
[INFO ] 2023-06-14 08:40:23.546 [TestNG-test=Test-1] ReportManager - Moved the mouse to the middle of the element.
[INFO ] 2023-06-14 08:40:23.582 [TestNG-test=Test-1] ReportManager - Click "CONTINUE".
[INFO ] 2023-06-14 08:40:23.589 [TestNG-test=Test-1] ReportManager - Successfully created attachment 'SHAFT Engine Logs - Current Method log: setUp'
[INFO ] 2023-06-14 08:40:23.592 [TestNG-test=Test-1] ReportManager - Successfully created attachment 'SHAFT Engine Logs - Current Method log: registerWithValidEmailAndPw'
[INFO ] 2023-06-14 08:40:23.622 [TestNG-test=Test-2] ReportManager - 
------------------------------------------------------------------------------------------------------------------------------------------------
                                                Starting execution of set up configuration method                                                
                                                        'tests.ChangePasswordTest.setUp'                                                        
------------------------------------------------------------------------------------------------------------------------------------------------

[INFO ] 2023-06-14 08:40:23.626 [TestNG-test=Test-2] ReportManager - Setting "targetOperatingSystem" property with "WINDOWS".
[INFO ] 2023-06-14 08:40:23.627 [TestNG-test=Test-2] ReportManager - File Action "DoesFileExist" successfully performed. With the following test data "File Path: "target/downloadedFiles/"".
[INFO ] 2023-06-14 08:40:23.628 [TestNG-test=Test-2] ReportManager - File Action "GetAbsolutePath" successfully performed. With the following test data "Relative Folder Path: "src/test/resources/testDataFiles/target/downloadedFiles/"".
[INFO ] 2023-06-14 08:40:23.629 [TestNG-test=Test-2] ReportManager - File Action "DoesFileExist" successfully performed. With the following test data "File Path: "target/downloadedFiles/"".
[INFO ] 2023-06-14 08:40:23.630 [TestNG-test=Test-2] ReportManager - File Action "GetAbsolutePath" successfully performed. With the following test data "Relative Folder Path: "src/test/resources/testDataFiles/target/downloadedFiles/"".
[INFO ] 2023-06-14 08:40:23.630 [TestNG-test=Test-2] ReportManager - Attempting to run locally on: "WINDOWS | Chrome".
[INFO ] 2023-06-14 08:40:23.631 [TestNG-test=Test-2] ReportManager - Identifying OS/Driver combination and selecting the correct driver version automatically. Please note that if a new driver executable will be downloaded it may take some time...
[DEBUG] 2023-06-14 08:40:23.647 [TestNG-test=Test-2] ResolutionCache - Resolution chrome=114 in cache (valid until 09:39:50 14/06/2023 EET)
[DEBUG] 2023-06-14 08:40:23.648 [TestNG-test=Test-2] ResolutionCache - Resolution chrome114=114.0.5735.90 in cache (valid until 15:37:05 14/06/2023 EET)
[INFO ] 2023-06-14 08:40:23.648 [TestNG-test=Test-2] WebDriverManager - Using chromedriver 114.0.5735.90 (resolved driver for Chrome 114)
[DEBUG] 2023-06-14 08:40:23.656 [TestNG-test=Test-2] WebDriverManager - Driver chromedriver 114.0.5735.90 found in cache
[INFO ] 2023-06-14 08:40:23.660 [TestNG-test=Test-2] WebDriverManager - Exporting webdriver.chrome.driver as C:\Users\usama\.cache\selenium\chromedriver\win32\114.0.5735.90\chromedriver.exe
[WARN ] 2023-06-14 08:40:23.847 [Exec Stream Pumper] ReportManager - Starting ChromeDriver 114.0.5735.90 (386bc09e8f4f2e025eddae123f36f6263096ae49-refs/branch-heads/5735@{#1052}) on port 30759
[WARN ] 2023-06-14 08:40:23.848 [Exec Stream Pumper] ReportManager - Only local connections are allowed.
[WARN ] 2023-06-14 08:40:23.848 [Exec Stream Pumper] ReportManager - Please see https://chromedriver.chromium.org/security-considerations for suggestions on keeping ChromeDriver safe.
[WARN ] 2023-06-14 08:40:23.855 [Exec Stream Pumper] ReportManager - ChromeDriver was started successfully.
[WARN ] 2023-06-14 08:40:26.208 [TestNG-test=Test-2] ReportManager - Jun 14, 2023 8:40:26 AM org.openqa.selenium.devtools.CdpVersionFinder findNearestMatch
[WARN ] 2023-06-14 08:40:26.208 [TestNG-test=Test-2] ReportManager - WARNING: Unable to find an exact match for CDP version 114, so returning the closest version found: 112
[INFO ] 2023-06-14 08:40:26.213 [TestNG-test=Test-2] ReportManager - Successfully Opened: "WINDOWS | Chrome".
[INFO ] 2023-06-14 08:40:26.214 [TestNG-test=Test-2] ReportManager - File Action "DoesFileExist" successfully performed. With the following test data "File Path: "ChangePasswordTestData.json"".
[INFO ] 2023-06-14 08:40:26.214 [TestNG-test=Test-2] ReportManager - File Action "DoesFileExist" successfully performed. With the following test data "File Path: "src/test/resources/testDataFiles/ChangePasswordTestData.json"".
[INFO ] 2023-06-14 08:40:26.215 [TestNG-test=Test-2] ReportManager - File Action "GetAbsolutePath" successfully performed. With the following test data "Relative Folder Path: "src/test/resources/testDataFiles/ChangePasswordTestData.json"".
[INFO ] 2023-06-14 08:40:26.216 [TestNG-test=Test-2] ReportManager - Successfully created attachment 'Test Data - JSON'
[ERROR] 2023-06-14 08:40:26.217 [TestNG-test=Test-2] AllureLifecycle - Could not update step: step with uuid cf808002-a332-4ba6-b4b6-9ef46931a566 not found
[INFO ] 2023-06-14 08:40:26.220 [TestNG-test=Test-2] ReportManager - 
------------------------------------------------------------------------------------------------------------------------------------------------
                                        Starting Execution: '2 out of 5' test cases in the current suite                                        
                                     Test Method: 'tests.ChangePasswordTest.loginWithValidEmailAndPassword'                                     
                                      Test Description: 'Validate Login with registered email and password'                                      
------------------------------------------------------------------------------------------------------------------------------------------------

[INFO ] 2023-06-14 08:40:26.244 [TestNG-test=Test-2] ReportManager - Target URL: "https://demo.nopcommerce.com/login"
[INFO ] 2023-06-14 08:40:26.266 [TestNG-test=Test-2] ReportManager - Initial URL: "data:,"
[INFO ] 2023-06-14 08:40:30.297 [TestNG-test=Test-2] ReportManager - Navigate to url "https://demo.nopcommerce.com/login".
[INFO ] 2023-06-14 08:40:30.298 [TestNG-test=Test-2] ReportManager - File Action "DoesFileExist" successfully performed. With the following test data "File Path: "src/test/resources/testDataFiles/ChangePasswordTestData.json"".
[INFO ] 2023-06-14 08:40:30.299 [TestNG-test=Test-2] ReportManager - File Action "GetAbsolutePath" successfully performed. With the following test data "Relative Folder Path: "src/test/resources/testDataFiles/ChangePasswordTestData.json"".
[INFO ] 2023-06-14 08:40:30.576 [TestNG-test=Test-2] ReportManager - Type "johndoe_14062023083948404@gmail.com" into "Email:".
[INFO ] 2023-06-14 08:40:30.722 [TestNG-test=Test-2] ReportManager - Type "tester123" into "Password:".
[INFO ] 2023-06-14 08:40:30.902 [TestNG-test=Test-2] ReportManager - Moved the mouse to the middle of the element.
[INFO ] 2023-06-14 08:40:31.035 [TestNG-test=Test-2] ReportManager - Click "LOG IN".
[ERROR] 2023-06-14 08:40:31.381 [TestNG-test=Test-2] ReportManager - org.openqa.selenium.NoSuchWindowException: no such window: target window already closed
from unknown error: web view not found
  (Session info: chrome=114.0.5735.133)
Build info: version: '4.9.0', revision: 'd7057100a6'
System info: os.name: 'Windows 10', os.arch: 'amd64', os.version: '10.0', java.version: '20.0.1'
Driver info: org.openqa.selenium.chrome.ChromeDriver
Command: [b19049ad6bb79bcf69f75d4971aaadf5, executeScript {script=return document.readyState, args=[]}]
Capabilities {acceptInsecureCerts: true, browserName: chrome, browserVersion: 114.0.5735.133, chrome: {chromedriverVersion: 114.0.5735.90 (386bc09e8f4f..., userDataDir: C:\Users\usama\AppData\Loca...}, goog:chromeOptions: {debuggerAddress: localhost:61362}, networkConnectionEnabled: false, pageLoadStrategy: none, platformName: WINDOWS, proxy: Proxy(), se:cdp: ws://localhost:61362/devtoo..., se:cdpVersion: 114.0.5735.133, setWindowRect: true, strictFileInteractability: false, timeouts: {implicit: 0, pageLoad: 60000, script: 30000}, unhandledPromptBehavior: accept and notify, webauthn:extension:credBlob: true, webauthn:extension:largeBlob: true, webauthn:extension:minPinLength: true, webauthn:extension:prf: true, webauthn:virtualAuthenticators: true}
Session ID: b19049ad6bb79bcf69f75d4971aaadf5
 java.base/jdk.internal.reflect.DirectConstructorHandleAccessor.newInstance(DirectConstructorHandleAccessor.java:67)
 java.base/java.lang.reflect.Constructor.newInstanceWithCaller(Constructor.java:500)
 java.base/java.lang.reflect.Constructor.newInstance(Constructor.java:484)
 org.openqa.selenium.remote.codec.w3c.W3CHttpResponseCodec.createException(W3CHttpResponseCodec.java:200)
 org.openqa.selenium.remote.codec.w3c.W3CHttpResponseCodec.decode(W3CHttpResponseCodec.java:133)
 org.openqa.selenium.remote.codec.w3c.W3CHttpResponseCodec.decode(W3CHttpResponseCodec.java:53)
 org.openqa.selenium.remote.HttpCommandExecutor.execute(HttpCommandExecutor.java:193)
 org.openqa.selenium.remote.service.DriverCommandExecutor.invokeExecute(DriverCommandExecutor.java:183)
 org.openqa.selenium.remote.service.DriverCommandExecutor.execute(DriverCommandExecutor.java:158)
 org.openqa.selenium.remote.RemoteWebDriver.execute(RemoteWebDriver.java:543)
 org.openqa.selenium.remote.RemoteWebDriver.executeScript(RemoteWebDriver.java:480)
 com.shaft.gui.browser.internal.JavaScriptWaitManager.waitForJSLoadIfDefined(JavaScriptWaitManager.java:127)
 com.shaft.gui.browser.internal.JavaScriptWaitManager.waitForLazyLoading(JavaScriptWaitManager.java:44)
 com.shaft.validation.internal.ValidationsExecutor.perform(ValidationsExecutor.java:138)
 tests.ChangePasswordTest.loginWithValidEmailAndPassword(ChangePasswordTest.java:49)
 java.base/jdk.internal.reflect.DirectMethodHandleAccessor.invoke(DirectMethodHandleAccessor.java:104)
 java.base/java.lang.reflect.Method.invoke(Method.java:578)
 org.testng.internal.invokers.MethodInvocationHelper.invokeMethod(MethodInvocationHelper.java:139)
 org.testng.internal.invokers.TestInvoker.invokeMethod(TestInvoker.java:664)
 org.testng.internal.invokers.TestInvoker.invokeTestMethod(TestInvoker.java:227)
 org.testng.internal.invokers.MethodRunner.runInSequence(MethodRunner.java:50)
 org.testng.internal.invokers.TestInvoker$MethodInvocationAgent.invoke(TestInvoker.java:957)
 org.testng.internal.invokers.TestInvoker.invokeTestMethods(TestInvoker.java:200)
 org.testng.internal.invokers.TestMethodWorker.invokeTestMethods(TestMethodWorker.java:148)
 org.testng.internal.invokers.TestMethodWorker.run(TestMethodWorker.java:128)
 java.base/java.util.concurrent.ThreadPoolExecutor.runWorker(ThreadPoolExecutor.java:1144)
 java.base/java.util.concurrent.ThreadPoolExecutor$Worker.run(ThreadPoolExecutor.java:642)
 java.base/java.lang.Thread.run(Thread.java:1623)
[INFO ] 2023-06-14 08:40:31.383 [TestNG-test=Test-2] ReportManager - Attempting to getAttribute "hidden" from elementLocator "By.className: ico-account".
[INFO ] 2023-06-14 08:40:31.402 [TestNG-test=Test-2] ReportManager - Failed to Get attribute from "By.className: ico-account".
[ERROR] 2023-06-14 08:40:31.406 [TestNG-test=Test-2] ReportManager - org.openqa.selenium.NoSuchWindowException: no such window: target window already closed
from unknown error: web view not found
  (Session info: chrome=114.0.5735.133)
Build info: version: '4.9.0', revision: 'd7057100a6'
System info: os.name: 'Windows 10', os.arch: 'amd64', os.version: '10.0', java.version: '20.0.1'
Driver info: org.openqa.selenium.chrome.ChromeDriver
Command: [b19049ad6bb79bcf69f75d4971aaadf5, screenshot {}]
Capabilities {acceptInsecureCerts: true, browserName: chrome, browserVersion: 114.0.5735.133, chrome: {chromedriverVersion: 114.0.5735.90 (386bc09e8f4f..., userDataDir: C:\Users\usama\AppData\Loca...}, goog:chromeOptions: {debuggerAddress: localhost:61362}, networkConnectionEnabled: false, pageLoadStrategy: none, platformName: WINDOWS, proxy: Proxy(), se:cdp: ws://localhost:61362/devtoo..., se:cdpVersion: 114.0.5735.133, setWindowRect: true, strictFileInteractability: false, timeouts: {implicit: 0, pageLoad: 60000, script: 30000}, unhandledPromptBehavior: accept and notify, webauthn:extension:credBlob: true, webauthn:extension:largeBlob: true, webauthn:extension:minPinLength: true, webauthn:extension:prf: true, webauthn:virtualAuthenticators: true}
Session ID: b19049ad6bb79bcf69f75d4971aaadf5
 java.base/jdk.internal.reflect.DirectConstructorHandleAccessor.newInstance(DirectConstructorHandleAccessor.java:67)
 java.base/java.lang.reflect.Constructor.newInstanceWithCaller(Constructor.java:500)
 java.base/java.lang.reflect.Constructor.newInstance(Constructor.java:484)
 org.openqa.selenium.remote.codec.w3c.W3CHttpResponseCodec.createException(W3CHttpResponseCodec.java:200)
 org.openqa.selenium.remote.codec.w3c.W3CHttpResponseCodec.decode(W3CHttpResponseCodec.java:133)
 org.openqa.selenium.remote.codec.w3c.W3CHttpResponseCodec.decode(W3CHttpResponseCodec.java:53)
 org.openqa.selenium.remote.HttpCommandExecutor.execute(HttpCommandExecutor.java:193)
 org.openqa.selenium.remote.service.DriverCommandExecutor.invokeExecute(DriverCommandExecutor.java:183)
 org.openqa.selenium.remote.service.DriverCommandExecutor.execute(DriverCommandExecutor.java:158)
 org.openqa.selenium.remote.RemoteWebDriver.execute(RemoteWebDriver.java:543)
 org.openqa.selenium.remote.RemoteWebDriver.execute(RemoteWebDriver.java:598)
 org.openqa.selenium.remote.RemoteWebDriver.execute(RemoteWebDriver.java:602)
 org.openqa.selenium.remote.RemoteWebDriver.getScreenshotAs(RemoteWebDriver.java:318)
 com.shaft.gui.internal.image.ScreenshotManager.takeViewportScreenshot(ScreenshotManager.java:236)
 com.shaft.gui.internal.image.ScreenshotManager.takeFullPageScreenshot(ScreenshotManager.java:243)
 com.shaft.gui.internal.image.ScreenshotManager.takeScreenshot(ScreenshotManager.java:427)
 com.shaft.gui.internal.image.ScreenshotManager.internalCaptureScreenShot(ScreenshotManager.java:373)
 com.shaft.gui.internal.image.ScreenshotManager.captureScreenShot(ScreenshotManager.java:124)
 com.shaft.validation.internal.ValidationsHelper.reportValidationState(ValidationsHelper.java:612)
 com.shaft.validation.internal.ValidationsHelper.fail(ValidationsHelper.java:395)
 com.shaft.validation.internal.ValidationsHelper.validateElementAttribute(ValidationsHelper.java:164)
 com.shaft.validation.internal.ValidationsExecutor.perform(ValidationsExecutor.java:149)
 tests.ChangePasswordTest.loginWithValidEmailAndPassword(ChangePasswordTest.java:49)
 java.base/jdk.internal.reflect.DirectMethodHandleAccessor.invoke(DirectMethodHandleAccessor.java:104)
 java.base/java.lang.reflect.Method.invoke(Method.java:578)
 org.testng.internal.invokers.MethodInvocationHelper.invokeMethod(MethodInvocationHelper.java:139)
 org.testng.internal.invokers.TestInvoker.invokeMethod(TestInvoker.java:664)
 org.testng.internal.invokers.TestInvoker.invokeTestMethod(TestInvoker.java:227)
 org.testng.internal.invokers.MethodRunner.runInSequence(MethodRunner.java:50)
 org.testng.internal.invokers.TestInvoker$MethodInvocationAgent.invoke(TestInvoker.java:957)
 org.testng.internal.invokers.TestInvoker.invokeTestMethods(TestInvoker.java:200)
 org.testng.internal.invokers.TestMethodWorker.invokeTestMethods(TestMethodWorker.java:148)
 org.testng.internal.invokers.TestMethodWorker.run(TestMethodWorker.java:128)
 java.base/java.util.concurrent.ThreadPoolExecutor.runWorker(ThreadPoolExecutor.java:1144)
 java.base/java.util.concurrent.ThreadPoolExecutor$Worker.run(ThreadPoolExecutor.java:642)
 java.base/java.lang.Thread.run(Thread.java:1623)
[ERROR] 2023-06-14 08:40:31.413 [TestNG-test=Test-2] ReportManager - org.openqa.selenium.NoSuchWindowException: no such window: target window already closed
from unknown error: web view not found
  (Session info: chrome=114.0.5735.133)
Build info: version: '4.9.0', revision: 'd7057100a6'
System info: os.name: 'Windows 10', os.arch: 'amd64', os.version: '10.0', java.version: '20.0.1'
Driver info: org.openqa.selenium.chrome.ChromeDriver
Command: [b19049ad6bb79bcf69f75d4971aaadf5, screenshot {}]
Capabilities {acceptInsecureCerts: true, browserName: chrome, browserVersion: 114.0.5735.133, chrome: {chromedriverVersion: 114.0.5735.90 (386bc09e8f4f..., userDataDir: C:\Users\usama\AppData\Loca...}, goog:chromeOptions: {debuggerAddress: localhost:61362}, networkConnectionEnabled: false, pageLoadStrategy: none, platformName: WINDOWS, proxy: Proxy(), se:cdp: ws://localhost:61362/devtoo..., se:cdpVersion: 114.0.5735.133, setWindowRect: true, strictFileInteractability: false, timeouts: {implicit: 0, pageLoad: 60000, script: 30000}, unhandledPromptBehavior: accept and notify, webauthn:extension:credBlob: true, webauthn:extension:largeBlob: true, webauthn:extension:minPinLength: true, webauthn:extension:prf: true, webauthn:virtualAuthenticators: true}
Session ID: b19049ad6bb79bcf69f75d4971aaadf5
 java.base/jdk.internal.reflect.DirectConstructorHandleAccessor.newInstance(DirectConstructorHandleAccessor.java:67)
 java.base/java.lang.reflect.Constructor.newInstanceWithCaller(Constructor.java:500)
 java.base/java.lang.reflect.Constructor.newInstance(Constructor.java:484)
 org.openqa.selenium.remote.codec.w3c.W3CHttpResponseCodec.createException(W3CHttpResponseCodec.java:200)
 org.openqa.selenium.remote.codec.w3c.W3CHttpResponseCodec.decode(W3CHttpResponseCodec.java:133)
 org.openqa.selenium.remote.codec.w3c.W3CHttpResponseCodec.decode(W3CHttpResponseCodec.java:53)
 org.openqa.selenium.remote.HttpCommandExecutor.execute(HttpCommandExecutor.java:193)
 org.openqa.selenium.remote.service.DriverCommandExecutor.invokeExecute(DriverCommandExecutor.java:183)
 org.openqa.selenium.remote.service.DriverCommandExecutor.execute(DriverCommandExecutor.java:158)
 org.openqa.selenium.remote.RemoteWebDriver.execute(RemoteWebDriver.java:543)
 org.openqa.selenium.remote.RemoteWebDriver.execute(RemoteWebDriver.java:598)
 org.openqa.selenium.remote.RemoteWebDriver.execute(RemoteWebDriver.java:602)
 org.openqa.selenium.remote.RemoteWebDriver.getScreenshotAs(RemoteWebDriver.java:318)
 com.shaft.gui.internal.image.ScreenshotManager.takeViewportScreenshot(ScreenshotManager.java:236)
 com.shaft.gui.internal.image.ScreenshotManager.takeFullPageScreenshot(ScreenshotManager.java:263)
 com.shaft.gui.internal.image.ScreenshotManager.takeScreenshot(ScreenshotManager.java:427)
 com.shaft.gui.internal.image.ScreenshotManager.internalCaptureScreenShot(ScreenshotManager.java:373)
 com.shaft.gui.internal.image.ScreenshotManager.captureScreenShot(ScreenshotManager.java:124)
 com.shaft.validation.internal.ValidationsHelper.reportValidationState(ValidationsHelper.java:612)
 com.shaft.validation.internal.ValidationsHelper.fail(ValidationsHelper.java:395)
 com.shaft.validation.internal.ValidationsHelper.validateElementAttribute(ValidationsHelper.java:164)
 com.shaft.validation.internal.ValidationsExecutor.perform(ValidationsExecutor.java:149)
 tests.ChangePasswordTest.loginWithValidEmailAndPassword(ChangePasswordTest.java:49)
 java.base/jdk.internal.reflect.DirectMethodHandleAccessor.invoke(DirectMethodHandleAccessor.java:104)
 java.base/java.lang.reflect.Method.invoke(Method.java:578)
 org.testng.internal.invokers.MethodInvocationHelper.invokeMethod(MethodInvocationHelper.java:139)
 org.testng.internal.invokers.TestInvoker.invokeMethod(TestInvoker.java:664)
 org.testng.internal.invokers.TestInvoker.invokeTestMethod(TestInvoker.java:227)
 org.testng.internal.invokers.MethodRunner.runInSequence(MethodRunner.java:50)
 org.testng.internal.invokers.TestInvoker$MethodInvocationAgent.invoke(TestInvoker.java:957)
 org.testng.internal.invokers.TestInvoker.invokeTestMethods(TestInvoker.java:200)
 org.testng.internal.invokers.TestMethodWorker.invokeTestMethods(TestMethodWorker.java:148)
 org.testng.internal.invokers.TestMethodWorker.run(TestMethodWorker.java:128)
 java.base/java.util.concurrent.ThreadPoolExecutor.runWorker(ThreadPoolExecutor.java:1144)
 java.base/java.util.concurrent.ThreadPoolExecutor$Worker.run(ThreadPoolExecutor.java:642)
 java.base/java.lang.Thread.run(Thread.java:1623)
[ERROR] 2023-06-14 08:40:31.416 [TestNG-test=Test-2] ReportManager - org.openqa.selenium.NoSuchWindowException: no such window: target window already closed
from unknown error: web view not found
  (Session info: chrome=114.0.5735.133)
Build info: version: '4.9.0', revision: 'd7057100a6'
System info: os.name: 'Windows 10', os.arch: 'amd64', os.version: '10.0', java.version: '20.0.1'
Driver info: org.openqa.selenium.chrome.ChromeDriver
Command: [b19049ad6bb79bcf69f75d4971aaadf5, screenshot {}]
Capabilities {acceptInsecureCerts: true, browserName: chrome, browserVersion: 114.0.5735.133, chrome: {chromedriverVersion: 114.0.5735.90 (386bc09e8f4f..., userDataDir: C:\Users\usama\AppData\Loca...}, goog:chromeOptions: {debuggerAddress: localhost:61362}, networkConnectionEnabled: false, pageLoadStrategy: none, platformName: WINDOWS, proxy: Proxy(), se:cdp: ws://localhost:61362/devtoo..., se:cdpVersion: 114.0.5735.133, setWindowRect: true, strictFileInteractability: false, timeouts: {implicit: 0, pageLoad: 60000, script: 30000}, unhandledPromptBehavior: accept and notify, webauthn:extension:credBlob: true, webauthn:extension:largeBlob: true, webauthn:extension:minPinLength: true, webauthn:extension:prf: true, webauthn:virtualAuthenticators: true}
Session ID: b19049ad6bb79bcf69f75d4971aaadf5
 java.base/jdk.internal.reflect.DirectConstructorHandleAccessor.newInstance(DirectConstructorHandleAccessor.java:67)
 java.base/java.lang.reflect.Constructor.newInstanceWithCaller(Constructor.java:500)
 java.base/java.lang.reflect.Constructor.newInstance(Constructor.java:484)
 org.openqa.selenium.remote.codec.w3c.W3CHttpResponseCodec.createException(W3CHttpResponseCodec.java:200)
 org.openqa.selenium.remote.codec.w3c.W3CHttpResponseCodec.decode(W3CHttpResponseCodec.java:133)
 org.openqa.selenium.remote.codec.w3c.W3CHttpResponseCodec.decode(W3CHttpResponseCodec.java:53)
 org.openqa.selenium.remote.HttpCommandExecutor.execute(HttpCommandExecutor.java:193)
 org.openqa.selenium.remote.service.DriverCommandExecutor.invokeExecute(DriverCommandExecutor.java:183)
 org.openqa.selenium.remote.service.DriverCommandExecutor.execute(DriverCommandExecutor.java:158)
 org.openqa.selenium.remote.RemoteWebDriver.execute(RemoteWebDriver.java:543)
 org.openqa.selenium.remote.RemoteWebDriver.execute(RemoteWebDriver.java:598)
 org.openqa.selenium.remote.RemoteWebDriver.execute(RemoteWebDriver.java:602)
 org.openqa.selenium.remote.RemoteWebDriver.getScreenshotAs(RemoteWebDriver.java:318)
 com.shaft.gui.internal.image.ScreenshotManager.takeViewportScreenshot(ScreenshotManager.java:236)
 com.shaft.gui.internal.image.ScreenshotManager.takeScreenshot(ScreenshotManager.java:435)
 com.shaft.gui.internal.image.ScreenshotManager.takeScreenshot(ScreenshotManager.java:431)
 com.shaft.gui.internal.image.ScreenshotManager.internalCaptureScreenShot(ScreenshotManager.java:373)
 com.shaft.gui.internal.image.ScreenshotManager.captureScreenShot(ScreenshotManager.java:124)
 com.shaft.validation.internal.ValidationsHelper.reportValidationState(ValidationsHelper.java:612)
 com.shaft.validation.internal.ValidationsHelper.fail(ValidationsHelper.java:395)
 com.shaft.validation.internal.ValidationsHelper.validateElementAttribute(ValidationsHelper.java:164)
 com.shaft.validation.internal.ValidationsExecutor.perform(ValidationsExecutor.java:149)
 tests.ChangePasswordTest.loginWithValidEmailAndPassword(ChangePasswordTest.java:49)
 java.base/jdk.internal.reflect.DirectMethodHandleAccessor.invoke(DirectMethodHandleAccessor.java:104)
 java.base/java.lang.reflect.Method.invoke(Method.java:578)
 org.testng.internal.invokers.MethodInvocationHelper.invokeMethod(MethodInvocationHelper.java:139)
 org.testng.internal.invokers.TestInvoker.invokeMethod(TestInvoker.java:664)
 org.testng.internal.invokers.TestInvoker.invokeTestMethod(TestInvoker.java:227)
 org.testng.internal.invokers.MethodRunner.runInSequence(MethodRunner.java:50)
 org.testng.internal.invokers.TestInvoker$MethodInvocationAgent.invoke(TestInvoker.java:957)
 org.testng.internal.invokers.TestInvoker.invokeTestMethods(TestInvoker.java:200)
 org.testng.internal.invokers.TestMethodWorker.invokeTestMethods(TestMethodWorker.java:148)
 org.testng.internal.invokers.TestMethodWorker.run(TestMethodWorker.java:128)
 java.base/java.util.concurrent.ThreadPoolExecutor.runWorker(ThreadPoolExecutor.java:1144)
 java.base/java.util.concurrent.ThreadPoolExecutor$Worker.run(ThreadPoolExecutor.java:642)
 java.base/java.lang.Thread.run(Thread.java:1623)
[INFO ] 2023-06-14 08:40:31.417 [TestNG-test=Test-2] ReportManager - Assertion "ValidateElementAttribute" FAILED. Expected "Value Should be 'null' for the 'hidden' attribute, element locator 'By.className: ico-account'" and Actual "Failed to read the desired element attribute". Comparison Type "EQUALS". Validation Type "POSITIVE".
[INFO ] 2023-06-14 08:40:31.419 [TestNG-test=Test-2] ReportManager - Successfully created attachment 'Validation Test Data - Failure Reason'
[INFO ] 2023-06-14 08:40:31.422 [TestNG-test=Test-2] ReportManager - Successfully created attachment 'Validations helper - Get  stack  trace - Exception Stacktrace'
[ERROR] 2023-06-14 08:40:31.422 [TestNG-test=Test-2] AllureLifecycle - Could not update step: step with uuid f367d8a5-1173-42ad-bc01-75b5a903ee93 not found
[INFO ] 2023-06-14 08:40:31.471 [TestNG-test=Test-2] ReportManager - Successfully created attachment 'SHAFT Engine Logs - Current Method log: setUp'
[INFO ] 2023-06-14 08:40:31.473 [TestNG-test=Test-2] ReportManager - Successfully created attachment 'SHAFT Engine Logs - Current Method log: loginWithValidEmailAndPassword'
[INFO ] 2023-06-14 08:40:31.727 [TestNG-test=Test-2] ReportManager - 
------------------------------------------------------------------------------------------------------------------------------------------------
                                        Starting Execution: '3 out of 5' test cases in the current suite                                        
                                   Test Method: 'tests.ChangePasswordTest.VerifyChangingPasswordSuccessfully'                                   
                                       Test Description: 'Validate changing account password to a new one'                                       
------------------------------------------------------------------------------------------------------------------------------------------------

[INFO ] 2023-06-14 08:40:31.731 [TestNG-test=Test-2] ReportManager - Successfully created attachment 'SHAFT Engine Logs - Current Method log: VerifyChangingPasswordSuccessfully'
[INFO ] 2023-06-14 08:40:31.878 [TestNG-test=Test-2] ReportManager - 
------------------------------------------------------------------------------------------------------------------------------------------------
                                              Starting execution of tear down configuration method                                              
                                                       'tests.ChangePasswordTest.tearDown'                                                       
------------------------------------------------------------------------------------------------------------------------------------------------

[WARN ] 2023-06-14 08:40:35.897 [Exec Stream Pumper] ReportManager - [1686724835.897][WARNING]: Timed out connecting to Chrome, retrying...
[WARN ] 2023-06-14 08:40:43.982 [Exec Stream Pumper] ReportManager - [1686724843.982][WARNING]: Timed out connecting to Chrome, retrying...
[INFO ] 2023-06-14 08:40:48.196 [TestNG-test=Test-2] ReportManager - Successfully Closed Driver.
[INFO ] 2023-06-14 08:40:48.197 [TestNG-test=Test-2] ReportManager - Driver is already closed.
[INFO ] 2023-06-14 08:40:48.198 [TestNG-test=Test-2] ReportManager - 
------------------------------------------------------------------------------------------------------------------------------------------------
                                                Starting execution of set up configuration method                                                
                                                             'tests.LoginTest.setUp'                                                             
------------------------------------------------------------------------------------------------------------------------------------------------

[INFO ] 2023-06-14 08:40:48.201 [TestNG-test=Test-2] ReportManager - Setting "targetOperatingSystem" property with "WINDOWS".
[INFO ] 2023-06-14 08:40:48.203 [TestNG-test=Test-2] ReportManager - File Action "DoesFileExist" successfully performed. With the following test data "File Path: "target/downloadedFiles/"".
[INFO ] 2023-06-14 08:40:48.203 [TestNG-test=Test-2] ReportManager - File Action "GetAbsolutePath" successfully performed. With the following test data "Relative Folder Path: "src/test/resources/testDataFiles/target/downloadedFiles/"".
[INFO ] 2023-06-14 08:40:48.204 [TestNG-test=Test-2] ReportManager - File Action "DoesFileExist" successfully performed. With the following test data "File Path: "target/downloadedFiles/"".
[INFO ] 2023-06-14 08:40:48.205 [TestNG-test=Test-2] ReportManager - File Action "GetAbsolutePath" successfully performed. With the following test data "Relative Folder Path: "src/test/resources/testDataFiles/target/downloadedFiles/"".
[INFO ] 2023-06-14 08:40:48.206 [TestNG-test=Test-2] ReportManager - Attempting to run locally on: "WINDOWS | Chrome".
[INFO ] 2023-06-14 08:40:48.206 [TestNG-test=Test-2] ReportManager - Identifying OS/Driver combination and selecting the correct driver version automatically. Please note that if a new driver executable will be downloaded it may take some time...
[DEBUG] 2023-06-14 08:40:48.220 [TestNG-test=Test-2] ResolutionCache - Resolution chrome=114 in cache (valid until 09:39:50 14/06/2023 EET)
[DEBUG] 2023-06-14 08:40:48.221 [TestNG-test=Test-2] ResolutionCache - Resolution chrome114=114.0.5735.90 in cache (valid until 15:37:05 14/06/2023 EET)
[INFO ] 2023-06-14 08:40:48.221 [TestNG-test=Test-2] WebDriverManager - Using chromedriver 114.0.5735.90 (resolved driver for Chrome 114)
[DEBUG] 2023-06-14 08:40:48.228 [TestNG-test=Test-2] WebDriverManager - Driver chromedriver 114.0.5735.90 found in cache
[INFO ] 2023-06-14 08:40:48.228 [TestNG-test=Test-2] WebDriverManager - Exporting webdriver.chrome.driver as C:\Users\usama\.cache\selenium\chromedriver\win32\114.0.5735.90\chromedriver.exe
[WARN ] 2023-06-14 08:40:48.368 [Exec Stream Pumper] ReportManager - Starting ChromeDriver 114.0.5735.90 (386bc09e8f4f2e025eddae123f36f6263096ae49-refs/branch-heads/5735@{#1052}) on port 31441
[WARN ] 2023-06-14 08:40:48.369 [Exec Stream Pumper] ReportManager - Only local connections are allowed.
[WARN ] 2023-06-14 08:40:48.369 [Exec Stream Pumper] ReportManager - Please see https://chromedriver.chromium.org/security-considerations for suggestions on keeping ChromeDriver safe.
[WARN ] 2023-06-14 08:40:48.376 [Exec Stream Pumper] ReportManager - ChromeDriver was started successfully.
[WARN ] 2023-06-14 08:40:49.237 [TestNG-test=Test-2] ReportManager - Jun 14, 2023 8:40:49 AM org.openqa.selenium.devtools.CdpVersionFinder findNearestMatch
[WARN ] 2023-06-14 08:40:49.237 [TestNG-test=Test-2] ReportManager - WARNING: Unable to find an exact match for CDP version 114, so returning the closest version found: 112
[INFO ] 2023-06-14 08:40:49.238 [TestNG-test=Test-2] ReportManager - Successfully Opened: "WINDOWS | Chrome".
[INFO ] 2023-06-14 08:40:49.239 [TestNG-test=Test-2] ReportManager - File Action "DoesFileExist" successfully performed. With the following test data "File Path: "LoginTestData.json"".
[INFO ] 2023-06-14 08:40:49.241 [TestNG-test=Test-2] ReportManager - File Action "DoesFileExist" successfully performed. With the following test data "File Path: "src/test/resources/testDataFiles/LoginTestData.json"".
[INFO ] 2023-06-14 08:40:49.242 [TestNG-test=Test-2] ReportManager - File Action "GetAbsolutePath" successfully performed. With the following test data "Relative Folder Path: "src/test/resources/testDataFiles/LoginTestData.json"".
[INFO ] 2023-06-14 08:40:49.244 [TestNG-test=Test-2] ReportManager - Successfully created attachment 'Test Data - JSON'
[ERROR] 2023-06-14 08:40:49.244 [TestNG-test=Test-2] AllureLifecycle - Could not update step: step with uuid 29eb6a48-35ac-4d30-98f9-cca0a69419f3 not found
[INFO ] 2023-06-14 08:40:49.247 [TestNG-test=Test-2] ReportManager - 
------------------------------------------------------------------------------------------------------------------------------------------------
                                        Starting Execution: '4 out of 5' test cases in the current suite                                        
                                           Test Method: 'tests.LoginTest.registerWithValidEmailAndPw'                                           
                                  Test Description: 'Validate registering a user with valid email and password'                                  
------------------------------------------------------------------------------------------------------------------------------------------------

[INFO ] 2023-06-14 08:40:49.248 [TestNG-test=Test-2] ReportManager - File Action "DoesFileExist" successfully performed. With the following test data "File Path: "src/test/resources/testDataFiles/LoginTestData.json"".
[INFO ] 2023-06-14 08:40:49.248 [TestNG-test=Test-2] ReportManager - File Action "GetAbsolutePath" successfully performed. With the following test data "Relative Folder Path: "src/test/resources/testDataFiles/LoginTestData.json"".
[INFO ] 2023-06-14 08:40:49.268 [TestNG-test=Test-2] ReportManager - File Action "DoesFileExist" successfully performed. With the following test data "File Path: "src/test/resources/testDataFiles/LoginTestData.json"".
[INFO ] 2023-06-14 08:40:49.268 [TestNG-test=Test-2] ReportManager - File Action "GetAbsolutePath" successfully performed. With the following test data "Relative Folder Path: "src/test/resources/testDataFiles/LoginTestData.json"".
[INFO ] 2023-06-14 08:40:49.301 [TestNG-test=Test-2] ReportManager - Target URL: "https://demo.nopcommerce.com/register?returnUrl=%2F"
[INFO ] 2023-06-14 08:40:49.322 [TestNG-test=Test-2] ReportManager - Initial URL: "data:,"
[ERROR] 2023-06-14 08:40:50.647 [TestNG-test=Test-2] ReportManager - org.openqa.selenium.NoSuchWindowException: no such window: target window already closed
from unknown error: web view not found
  (Session info: chrome=114.0.5735.133)
Build info: version: '4.9.0', revision: 'd7057100a6'
System info: os.name: 'Windows 10', os.arch: 'amd64', os.version: '10.0', java.version: '20.0.1'
Driver info: org.openqa.selenium.chrome.ChromeDriver
Command: [38b2d3237c04ec736e9f3b64e82d4378, executeScript {script=return document.readyState, args=[]}]
Capabilities {acceptInsecureCerts: true, browserName: chrome, browserVersion: 114.0.5735.133, chrome: {chromedriverVersion: 114.0.5735.90 (386bc09e8f4f..., userDataDir: C:\Users\usama\AppData\Loca...}, goog:chromeOptions: {debuggerAddress: localhost:61392}, networkConnectionEnabled: false, pageLoadStrategy: none, platformName: WINDOWS, proxy: Proxy(), se:cdp: ws://localhost:61392/devtoo..., se:cdpVersion: 114.0.5735.133, setWindowRect: true, strictFileInteractability: false, timeouts: {implicit: 0, pageLoad: 60000, script: 30000}, unhandledPromptBehavior: accept and notify, webauthn:extension:credBlob: true, webauthn:extension:largeBlob: true, webauthn:extension:minPinLength: true, webauthn:extension:prf: true, webauthn:virtualAuthenticators: true}
Session ID: 38b2d3237c04ec736e9f3b64e82d4378
 java.base/jdk.internal.reflect.DirectConstructorHandleAccessor.newInstance(DirectConstructorHandleAccessor.java:67)
 java.base/java.lang.reflect.Constructor.newInstanceWithCaller(Constructor.java:500)
 java.base/java.lang.reflect.Constructor.newInstance(Constructor.java:484)
 org.openqa.selenium.remote.codec.w3c.W3CHttpResponseCodec.createException(W3CHttpResponseCodec.java:200)
 org.openqa.selenium.remote.codec.w3c.W3CHttpResponseCodec.decode(W3CHttpResponseCodec.java:133)
 org.openqa.selenium.remote.codec.w3c.W3CHttpResponseCodec.decode(W3CHttpResponseCodec.java:53)
 org.openqa.selenium.remote.HttpCommandExecutor.execute(HttpCommandExecutor.java:193)
 org.openqa.selenium.remote.service.DriverCommandExecutor.invokeExecute(DriverCommandExecutor.java:183)
 org.openqa.selenium.remote.service.DriverCommandExecutor.execute(DriverCommandExecutor.java:158)
 org.openqa.selenium.remote.RemoteWebDriver.execute(RemoteWebDriver.java:543)
 org.openqa.selenium.remote.RemoteWebDriver.executeScript(RemoteWebDriver.java:480)
 com.shaft.gui.browser.internal.JavaScriptWaitManager.waitForJSLoadIfDefined(JavaScriptWaitManager.java:127)
 com.shaft.gui.browser.internal.JavaScriptWaitManager.waitForLazyLoading(JavaScriptWaitManager.java:44)
 com.shaft.gui.browser.internal.FluentBrowserActions.navigateToURL(FluentBrowserActions.java:306)
 com.shaft.gui.browser.internal.FluentBrowserActions.navigateToURL(FluentBrowserActions.java:239)
 pages.RegisterPage.openRegisterPage(RegisterPage.java:33)
 tests.LoginTest.registerWithValidEmailAndPw(LoginTest.java:33)
 java.base/jdk.internal.reflect.DirectMethodHandleAccessor.invoke(DirectMethodHandleAccessor.java:104)
 java.base/java.lang.reflect.Method.invoke(Method.java:578)
 org.testng.internal.invokers.MethodInvocationHelper.invokeMethod(MethodInvocationHelper.java:139)
 org.testng.internal.invokers.TestInvoker.invokeMethod(TestInvoker.java:664)
 org.testng.internal.invokers.TestInvoker.invokeTestMethod(TestInvoker.java:227)
 org.testng.internal.invokers.MethodRunner.runInSequence(MethodRunner.java:50)
 org.testng.internal.invokers.TestInvoker$MethodInvocationAgent.invoke(TestInvoker.java:957)
 org.testng.internal.invokers.TestInvoker.invokeTestMethods(TestInvoker.java:200)
 org.testng.internal.invokers.TestMethodWorker.invokeTestMethods(TestMethodWorker.java:148)
 org.testng.internal.invokers.TestMethodWorker.run(TestMethodWorker.java:128)
 java.base/java.util.concurrent.ThreadPoolExecutor.runWorker(ThreadPoolExecutor.java:1144)
 java.base/java.util.concurrent.ThreadPoolExecutor$Worker.run(ThreadPoolExecutor.java:642)
 java.base/java.lang.Thread.run(Thread.java:1623)
[INFO ] 2023-06-14 08:40:50.648 [TestNG-test=Test-2] ReportManager - Navigate to url "https://demo.nopcommerce.com/register?returnUrl=%2F".
[ERROR] 2023-06-14 08:40:50.654 [TestNG-test=Test-2] ReportManager - org.openqa.selenium.NoSuchWindowException: no such window: target window already closed
from unknown error: web view not found
  (Session info: chrome=114.0.5735.133)
Build info: version: '4.9.0', revision: 'd7057100a6'
System info: os.name: 'Windows 10', os.arch: 'amd64', os.version: '10.0', java.version: '20.0.1'
Driver info: org.openqa.selenium.chrome.ChromeDriver
Command: [38b2d3237c04ec736e9f3b64e82d4378, executeScript {script=return typeof jQuery != 'undefined', args=[]}]
Capabilities {acceptInsecureCerts: true, browserName: chrome, browserVersion: 114.0.5735.133, chrome: {chromedriverVersion: 114.0.5735.90 (386bc09e8f4f..., userDataDir: C:\Users\usama\AppData\Loca...}, goog:chromeOptions: {debuggerAddress: localhost:61392}, networkConnectionEnabled: false, pageLoadStrategy: none, platformName: WINDOWS, proxy: Proxy(), se:cdp: ws://localhost:61392/devtoo..., se:cdpVersion: 114.0.5735.133, setWindowRect: true, strictFileInteractability: false, timeouts: {implicit: 0, pageLoad: 60000, script: 30000}, unhandledPromptBehavior: accept and notify, webauthn:extension:credBlob: true, webauthn:extension:largeBlob: true, webauthn:extension:minPinLength: true, webauthn:extension:prf: true, webauthn:virtualAuthenticators: true}
Session ID: 38b2d3237c04ec736e9f3b64e82d4378
 java.base/jdk.internal.reflect.DirectConstructorHandleAccessor.newInstance(DirectConstructorHandleAccessor.java:67)
 java.base/java.lang.reflect.Constructor.newInstanceWithCaller(Constructor.java:500)
 java.base/java.lang.reflect.Constructor.newInstance(Constructor.java:484)
 org.openqa.selenium.remote.codec.w3c.W3CHttpResponseCodec.createException(W3CHttpResponseCodec.java:200)
 org.openqa.selenium.remote.codec.w3c.W3CHttpResponseCodec.decode(W3CHttpResponseCodec.java:133)
 org.openqa.selenium.remote.codec.w3c.W3CHttpResponseCodec.decode(W3CHttpResponseCodec.java:53)
 org.openqa.selenium.remote.HttpCommandExecutor.execute(HttpCommandExecutor.java:193)
 org.openqa.selenium.remote.service.DriverCommandExecutor.invokeExecute(DriverCommandExecutor.java:183)
 org.openqa.selenium.remote.service.DriverCommandExecutor.execute(DriverCommandExecutor.java:158)
 org.openqa.selenium.remote.RemoteWebDriver.execute(RemoteWebDriver.java:543)
 org.openqa.selenium.remote.RemoteWebDriver.executeScript(RemoteWebDriver.java:480)
 com.shaft.gui.browser.internal.JavaScriptWaitManager.waitForJQueryLoadIfDefined(JavaScriptWaitManager.java:59)
 com.shaft.gui.browser.internal.JavaScriptWaitManager.waitForLazyLoading(JavaScriptWaitManager.java:42)
 com.shaft.validation.internal.ValidationsExecutor.perform(ValidationsExecutor.java:138)
 tests.LoginTest.registerWithValidEmailAndPw(LoginTest.java:34)
 java.base/jdk.internal.reflect.DirectMethodHandleAccessor.invoke(DirectMethodHandleAccessor.java:104)
 java.base/java.lang.reflect.Method.invoke(Method.java:578)
 org.testng.internal.invokers.MethodInvocationHelper.invokeMethod(MethodInvocationHelper.java:139)
 org.testng.internal.invokers.TestInvoker.invokeMethod(TestInvoker.java:664)
 org.testng.internal.invokers.TestInvoker.invokeTestMethod(TestInvoker.java:227)
 org.testng.internal.invokers.MethodRunner.runInSequence(MethodRunner.java:50)
 org.testng.internal.invokers.TestInvoker$MethodInvocationAgent.invoke(TestInvoker.java:957)
 org.testng.internal.invokers.TestInvoker.invokeTestMethods(TestInvoker.java:200)
 org.testng.internal.invokers.TestMethodWorker.invokeTestMethods(TestMethodWorker.java:148)
 org.testng.internal.invokers.TestMethodWorker.run(TestMethodWorker.java:128)
 java.base/java.util.concurrent.ThreadPoolExecutor.runWorker(ThreadPoolExecutor.java:1144)
 java.base/java.util.concurrent.ThreadPoolExecutor$Worker.run(ThreadPoolExecutor.java:642)
 java.base/java.lang.Thread.run(Thread.java:1623)
[INFO ] 2023-06-14 08:40:50.664 [TestNG-test=Test-2] ReportManager - Failed to Get text from "By.className: page-title".
[ERROR] 2023-06-14 08:40:50.667 [TestNG-test=Test-2] ReportManager - org.openqa.selenium.NoSuchWindowException: no such window: target window already closed
from unknown error: web view not found
  (Session info: chrome=114.0.5735.133)
Build info: version: '4.9.0', revision: 'd7057100a6'
System info: os.name: 'Windows 10', os.arch: 'amd64', os.version: '10.0', java.version: '20.0.1'
Driver info: org.openqa.selenium.chrome.ChromeDriver
Command: [38b2d3237c04ec736e9f3b64e82d4378, screenshot {}]
Capabilities {acceptInsecureCerts: true, browserName: chrome, browserVersion: 114.0.5735.133, chrome: {chromedriverVersion: 114.0.5735.90 (386bc09e8f4f..., userDataDir: C:\Users\usama\AppData\Loca...}, goog:chromeOptions: {debuggerAddress: localhost:61392}, networkConnectionEnabled: false, pageLoadStrategy: none, platformName: WINDOWS, proxy: Proxy(), se:cdp: ws://localhost:61392/devtoo..., se:cdpVersion: 114.0.5735.133, setWindowRect: true, strictFileInteractability: false, timeouts: {implicit: 0, pageLoad: 60000, script: 30000}, unhandledPromptBehavior: accept and notify, webauthn:extension:credBlob: true, webauthn:extension:largeBlob: true, webauthn:extension:minPinLength: true, webauthn:extension:prf: true, webauthn:virtualAuthenticators: true}
Session ID: 38b2d3237c04ec736e9f3b64e82d4378
 java.base/jdk.internal.reflect.DirectConstructorHandleAccessor.newInstance(DirectConstructorHandleAccessor.java:67)
 java.base/java.lang.reflect.Constructor.newInstanceWithCaller(Constructor.java:500)
 java.base/java.lang.reflect.Constructor.newInstance(Constructor.java:484)
 org.openqa.selenium.remote.codec.w3c.W3CHttpResponseCodec.createException(W3CHttpResponseCodec.java:200)
 org.openqa.selenium.remote.codec.w3c.W3CHttpResponseCodec.decode(W3CHttpResponseCodec.java:133)
 org.openqa.selenium.remote.codec.w3c.W3CHttpResponseCodec.decode(W3CHttpResponseCodec.java:53)
 org.openqa.selenium.remote.HttpCommandExecutor.execute(HttpCommandExecutor.java:193)
 org.openqa.selenium.remote.service.DriverCommandExecutor.invokeExecute(DriverCommandExecutor.java:183)
 org.openqa.selenium.remote.service.DriverCommandExecutor.execute(DriverCommandExecutor.java:158)
 org.openqa.selenium.remote.RemoteWebDriver.execute(RemoteWebDriver.java:543)
 org.openqa.selenium.remote.RemoteWebDriver.execute(RemoteWebDriver.java:598)
 org.openqa.selenium.remote.RemoteWebDriver.execute(RemoteWebDriver.java:602)
 org.openqa.selenium.remote.RemoteWebDriver.getScreenshotAs(RemoteWebDriver.java:318)
 com.shaft.gui.internal.image.ScreenshotManager.takeViewportScreenshot(ScreenshotManager.java:236)
 com.shaft.gui.internal.image.ScreenshotManager.takeScreenshot(ScreenshotManager.java:435)
 com.shaft.gui.internal.image.ScreenshotManager.internalCaptureScreenShot(ScreenshotManager.java:373)
 com.shaft.gui.internal.image.ScreenshotManager.captureScreenShot(ScreenshotManager.java:124)
 com.shaft.validation.internal.ValidationsHelper.reportValidationState(ValidationsHelper.java:612)
 com.shaft.validation.internal.ValidationsHelper.fail(ValidationsHelper.java:395)
 com.shaft.validation.internal.ValidationsHelper.validateElementAttribute(ValidationsHelper.java:164)
 com.shaft.validation.internal.ValidationsExecutor.perform(ValidationsExecutor.java:149)
 tests.LoginTest.registerWithValidEmailAndPw(LoginTest.java:34)
 java.base/jdk.internal.reflect.DirectMethodHandleAccessor.invoke(DirectMethodHandleAccessor.java:104)
 java.base/java.lang.reflect.Method.invoke(Method.java:578)
 org.testng.internal.invokers.MethodInvocationHelper.invokeMethod(MethodInvocationHelper.java:139)
 org.testng.internal.invokers.TestInvoker.invokeMethod(TestInvoker.java:664)
 org.testng.internal.invokers.TestInvoker.invokeTestMethod(TestInvoker.java:227)
 org.testng.internal.invokers.MethodRunner.runInSequence(MethodRunner.java:50)
 org.testng.internal.invokers.TestInvoker$MethodInvocationAgent.invoke(TestInvoker.java:957)
 org.testng.internal.invokers.TestInvoker.invokeTestMethods(TestInvoker.java:200)
 org.testng.internal.invokers.TestMethodWorker.invokeTestMethods(TestMethodWorker.java:148)
 org.testng.internal.invokers.TestMethodWorker.run(TestMethodWorker.java:128)
 java.base/java.util.concurrent.ThreadPoolExecutor.runWorker(ThreadPoolExecutor.java:1144)
 java.base/java.util.concurrent.ThreadPoolExecutor$Worker.run(ThreadPoolExecutor.java:642)
 java.base/java.lang.Thread.run(Thread.java:1623)
[INFO ] 2023-06-14 08:40:50.667 [TestNG-test=Test-2] ReportManager - Assertion "ValidateElementAttribute" FAILED. Expected "Value Should be 'Register' for the 'text' attribute, element locator 'By.className: page-title'" and Actual "Failed to read the desired element attribute". Comparison Type "CONTAINS". Validation Type "POSITIVE".
[INFO ] 2023-06-14 08:40:50.669 [TestNG-test=Test-2] ReportManager - Successfully created attachment 'Validation Test Data - Failure Reason'
[INFO ] 2023-06-14 08:40:50.670 [TestNG-test=Test-2] ReportManager - Successfully created attachment 'Validations helper - Get  stack  trace - Exception Stacktrace'
[ERROR] 2023-06-14 08:40:50.670 [TestNG-test=Test-2] AllureLifecycle - Could not update step: step with uuid 0d0e57b4-b4ca-4004-b425-226502203e94 not found
[INFO ] 2023-06-14 08:40:50.770 [TestNG-test=Test-2] ReportManager - Successfully created attachment 'SHAFT Engine Logs - Current Method log: setUp'
[INFO ] 2023-06-14 08:40:50.774 [TestNG-test=Test-2] ReportManager - Successfully created attachment 'SHAFT Engine Logs - Current Method log: registerWithValidEmailAndPw'
[INFO ] 2023-06-14 08:40:50.787 [TestNG-test=Test-2] ReportManager - 
------------------------------------------------------------------------------------------------------------------------------------------------
                                        Starting Execution: '5 out of 5' test cases in the current suite                                        
                                          Test Method: 'tests.LoginTest.loginWithValidEmailAndPassword'                                          
                                      Test Description: 'Validate Login with registered email and password'                                      
------------------------------------------------------------------------------------------------------------------------------------------------

[INFO ] 2023-06-14 08:40:50.788 [TestNG-test=Test-2] ReportManager - Successfully created attachment 'SHAFT Engine Logs - Current Method log: loginWithValidEmailAndPassword'
[INFO ] 2023-06-14 08:40:50.793 [TestNG-test=Test-2] ReportManager - 
------------------------------------------------------------------------------------------------------------------------------------------------
                                              Starting execution of tear down configuration method                                              
                                                           'tests.LoginTest.tearDown'                                                           
------------------------------------------------------------------------------------------------------------------------------------------------

[WARN ] 2023-06-14 08:40:54.842 [Exec Stream Pumper] ReportManager - [1686724854.842][WARNING]: Timed out connecting to Chrome, retrying...
[WARN ] 2023-06-14 08:41:02.927 [Exec Stream Pumper] ReportManager - [1686724862.927][WARNING]: Timed out connecting to Chrome, retrying...
[INFO ] 2023-06-14 08:41:07.101 [TestNG-test=Test-2] ReportManager - Successfully Closed Driver.
[INFO ] 2023-06-14 08:41:07.101 [TestNG-test=Test-2] ReportManager - Driver is already closed.
[INFO ] 2023-06-14 08:41:07.171 [main] ReportManager - 
------------------------------------------------------------------------------------------------------------------------------------------------
                                            Starting execution of suite teardown configuration method                                            
                                        'com.shaft.listeners.internal.ConfigurationHelper.suiteTeardown'                                        
------------------------------------------------------------------------------------------------------------------------------------------------

[INFO ] 2023-06-14 08:41:07.171 [main] ReportManager - Successfully created attachment 'SHAFT Engine Logs - Execution log'
[INFO ] 2023-06-14 08:41:07.172 [main] ReportManager - File Action "DoesFileExist" successfully performed. With the following test data "File Path: "target/logs/log4j.log"".
[INFO ] 2023-06-14 08:41:07.172 [main] ReportManager - File Action "GetAbsolutePath" successfully performed. With the following test data "Relative Folder Path: "target/logs/log4j.log"".
