
------------------------------------------------------------------------------------------------------------------------------------------------
                                        Starting Execution: '6 out of 15' test cases in the current suite                                        
                                     Test Method: 'tests.ChangePasswordTest.loginWithValidEmailAndPassword'                                     
                                      Test Description: 'Validate Login with registered email and password'                                      
------------------------------------------------------------------------------------------------------------------------------------------------

[ReportManager] Target URL: "https://demo.nopcommerce.com/login" @11-06-2023 09:42:02.0865 AM
[ReportManager] java.lang.NullPointerException: Cannot invoke "org.openqa.selenium.JavascriptExecutor.executeScript(String, Object[])" because the return value of "java.lang.ThreadLocal.get()" is null
 com.shaft.gui.browser.internal.FluentBrowserActions.navigateToURL(FluentBrowserActions.java:278)
 com.shaft.gui.browser.internal.FluentBrowserActions.navigateToURL(FluentBrowserActions.java:239)
 pages.LoginPage.openLoginPage(LoginPage.java:25)
 tests.ChangePasswordTest.loginWithValidEmailAndPassword(ChangePasswordTest.java:48)
 java.base/jdk.internal.reflect.DirectMethodHandleAccessor.invoke(DirectMethodHandleAccessor.java:104)
 java.base/java.lang.reflect.Method.invoke(Method.java:578)
 org.testng.internal.invokers.MethodInvocationHelper.invokeMethod(MethodInvocationHelper.java:139)
 org.testng.internal.invokers.TestInvoker.invokeMethod(TestInvoker.java:664)
 org.testng.internal.invokers.TestInvoker.invokeTestMethod(TestInvoker.java:227)
 org.testng.internal.invokers.MethodRunner.runInSequence(MethodRunner.java:50)
 org.testng.internal.invokers.TestInvoker$MethodInvocationAgent.invoke(TestInvoker.java:957)
 org.testng.internal.invokers.TestInvoker.invokeTestMethods(TestInvoker.java:200)
 org.testng.internal.invokers.TestMethodWorker.invokeTestMethods(TestMethodWorker.java:148)
 org.testng.internal.invokers.TestMethodWorker.run(TestMethodWorker.java:128)
 java.base/java.util.concurrent.ThreadPoolExecutor.runWorker(ThreadPoolExecutor.java:1144)
 java.base/java.util.concurrent.ThreadPoolExecutor$Worker.run(ThreadPoolExecutor.java:642)
 java.base/java.lang.Thread.run(Thread.java:1623) @11-06-2023 09:42:02.0866 AM
[ReportManager] Navigate to url failed "https://demo.nopcommerce.com/login". @11-06-2023 09:42:02.0867 AM
[ReportManager] Successfully created attachment 'Browser Action Exception - Navigate to url - Stacktrace' @11-06-2023 09:42:02.0882 AM
[ReportManager] Navigate to url failed "https://demo.nopcommerce.com/login". Root cause: "java.lang.NullPointerException: Cannot invoke "org.openqa.selenium.WebDriver.getCurrentUrl()" because the return value of "java.lang.ThreadLocal.get()" is null" @11-06-2023 09:42:02.0943 AM
[ReportManager] Successfully created attachment 'Database actions - Get  stack  trace - Exception Stacktrace' @11-06-2023 09:42:02.0944 AM