
------------------------------------------------------------------------------------------------------------------------------------------------
                                       Starting Execution: '15 out of 15' test cases in the current suite                                       
                                     Test Method: 'tests.ProductReviewTest.addProductReviewByRegisteredUser'                                     
                                     Test Description: 'Verify adding product review for a registered user'                                     
------------------------------------------------------------------------------------------------------------------------------------------------

[ReportManager] Expected condition failed: waiting for com.shaft.gui.element.internal.ElementActionsHelper$$Lambda$1055/0x000000080162b7b0@506558a7 (tried for 60 second(s) with 100 milliseconds interval) || no such element: Unable to locate element: {"method":"xpath","selector":"//div[@class = 'product-review-links']/a[contains(text(),'your review')]"} @11-06-2023 09:44:58.0600 AM
[ReportManager] org.openqa.selenium.TimeoutException: java.net.http.HttpTimeoutException: request timed out
Build info: version: '4.9.0', revision: 'd7057100a6'
System info: os.name: 'Windows 10', os.arch: 'amd64', os.version: '10.0', java.version: '20'
Driver info: org.openqa.selenium.chrome.ChromeDriver
Command: [0494a837ba14c48a8b7f2b9a6e78c3a8, executeCdpCommand {cmd=Page.captureScreenshot, params={fromSurface=true, optimizeForSpeed=true, captureBeyondViewport=true, clip={width=1920, x=0, y=0, scale=1, height=3151}}}]
Capabilities {acceptInsecureCerts: true, browserName: chrome, browserVersion: 114.0.5735.110, chrome: {chromedriverVersion: 114.0.5735.90 (386bc09e8f4f..., userDataDir: C:\Users\usama\AppData\Loca...}, goog:chromeOptions: {debuggerAddress: localhost:56818}, networkConnectionEnabled: false, pageLoadStrategy: none, platformName: WINDOWS, proxy: Proxy(), se:cdp: ws://localhost:56818/devtoo..., se:cdpVersion: 114.0.5735.110, setWindowRect: true, strictFileInteractability: false, timeouts: {implicit: 0, pageLoad: 60000, script: 30000}, unhandledPromptBehavior: accept and notify, webauthn:extension:credBlob: true, webauthn:extension:largeBlob: true, webauthn:extension:minPinLength: true, webauthn:extension:prf: true, webauthn:virtualAuthenticators: true}
Session ID: 0494a837ba14c48a8b7f2b9a6e78c3a8
 org.openqa.selenium.remote.http.jdk.JdkHttpClient.execute(JdkHttpClient.java:328)
 org.openqa.selenium.remote.HttpCommandExecutor.execute(HttpCommandExecutor.java:190)
 org.openqa.selenium.remote.service.DriverCommandExecutor.invokeExecute(DriverCommandExecutor.java:183)
 org.openqa.selenium.remote.service.DriverCommandExecutor.execute(DriverCommandExecutor.java:158)
 org.openqa.selenium.remote.RemoteWebDriver.execute(RemoteWebDriver.java:543)
 org.openqa.selenium.remote.RemoteWebDriver.execute(RemoteWebDriver.java:598)
 org.openqa.selenium.remote.RemoteExecuteMethod.execute(RemoteExecuteMethod.java:40)
 org.openqa.selenium.chromium.AddHasCdp$1.executeCdpCommand(AddHasCdp.java:58)
 org.openqa.selenium.chromium.ChromiumDriver.executeCdpCommand(ChromiumDriver.java:212)
 com.shaft.gui.internal.image.ScreenshotHelper.makeFullScreenshot(ScreenshotHelper.java:47)
 com.shaft.gui.internal.image.ScreenshotManager.takeFullPageScreenshot(ScreenshotManager.java:259)
 com.shaft.gui.internal.image.ScreenshotManager.takeScreenshot(ScreenshotManager.java:427)
 com.shaft.gui.internal.image.ScreenshotManager.internalCaptureScreenShot(ScreenshotManager.java:373)
 com.shaft.gui.internal.image.ScreenshotManager.captureScreenShot(ScreenshotManager.java:124)
 com.shaft.gui.element.internal.ElementActionsHelper.takeScreenshot(ElementActionsHelper.java:590)
 com.shaft.gui.element.internal.ElementActionsHelper.createReportAttachments(ElementActionsHelper.java:1015)
 com.shaft.gui.element.internal.ElementActionsHelper.reportActionResult(ElementActionsHelper.java:1053)
 com.shaft.gui.element.internal.ElementActionsHelper.failAction(ElementActionsHelper.java:950)
 com.shaft.gui.element.internal.ElementActionsHelper.failAction(ElementActionsHelper.java:887)
 com.shaft.gui.element.internal.FluentElementActions.click(FluentElementActions.java:178)
 pages.ProductDetailsPage.openProductReviewsPage(ProductDetailsPage.java:43)
 tests.ProductReviewTest.addProductReviewByRegisteredUser(ProductReviewTest.java:66)
 java.base/jdk.internal.reflect.DirectMethodHandleAccessor.invoke(DirectMethodHandleAccessor.java:104)
 java.base/java.lang.reflect.Method.invoke(Method.java:578)
 org.testng.internal.invokers.MethodInvocationHelper.invokeMethod(MethodInvocationHelper.java:139)
 org.testng.internal.invokers.TestInvoker.invokeMethod(TestInvoker.java:664)
 org.testng.internal.invokers.TestInvoker.invokeTestMethod(TestInvoker.java:227)
 org.testng.internal.invokers.MethodRunner.runInSequence(MethodRunner.java:50)
 org.testng.internal.invokers.TestInvoker$MethodInvocationAgent.invoke(TestInvoker.java:957)
 org.testng.internal.invokers.TestInvoker.invokeTestMethods(TestInvoker.java:200)
 org.testng.internal.invokers.TestMethodWorker.invokeTestMethods(TestMethodWorker.java:148)
 org.testng.internal.invokers.TestMethodWorker.run(TestMethodWorker.java:128)
 java.base/java.util.concurrent.ThreadPoolExecutor.runWorker(ThreadPoolExecutor.java:1144)
 java.base/java.util.concurrent.ThreadPoolExecutor$Worker.run(ThreadPoolExecutor.java:642)
 java.base/java.lang.Thread.run(Thread.java:1623)

Caused by: java.net.http.HttpTimeoutException: request timed out
 java.net.http/jdk.internal.net.http.HttpClientImpl.send(HttpClientImpl.java:894)
 java.net.http/jdk.internal.net.http.HttpClientFacade.send(HttpClientFacade.java:133)
 org.openqa.selenium.remote.http.jdk.JdkHttpClient.execute(JdkHttpClient.java:299)
 org.openqa.selenium.remote.HttpCommandExecutor.execute(HttpCommandExecutor.java:190)
 org.openqa.selenium.remote.service.DriverCommandExecutor.invokeExecute(DriverCommandExecutor.java:183)
 org.openqa.selenium.remote.service.DriverCommandExecutor.execute(DriverCommandExecutor.java:158)
 org.openqa.selenium.remote.RemoteWebDriver.execute(RemoteWebDriver.java:543)
 org.openqa.selenium.remote.RemoteWebDriver.execute(RemoteWebDriver.java:598)
 org.openqa.selenium.remote.RemoteExecuteMethod.execute(RemoteExecuteMethod.java:40)
 org.openqa.selenium.chromium.AddHasCdp$1.executeCdpCommand(AddHasCdp.java:58)
 org.openqa.selenium.chromium.ChromiumDriver.executeCdpCommand(ChromiumDriver.java:212)
 com.shaft.gui.internal.image.ScreenshotHelper.makeFullScreenshot(ScreenshotHelper.java:47)
 com.shaft.gui.internal.image.ScreenshotManager.takeFullPageScreenshot(ScreenshotManager.java:259)
 com.shaft.gui.internal.image.ScreenshotManager.takeScreenshot(ScreenshotManager.java:427)
 com.shaft.gui.internal.image.ScreenshotManager.internalCaptureScreenShot(ScreenshotManager.java:373)
 com.shaft.gui.internal.image.ScreenshotManager.captureScreenShot(ScreenshotManager.java:124)
 com.shaft.gui.element.internal.ElementActionsHelper.takeScreenshot(ElementActionsHelper.java:590)
 com.shaft.gui.element.internal.ElementActionsHelper.createReportAttachments(ElementActionsHelper.java:1015)
 com.shaft.gui.element.internal.ElementActionsHelper.reportActionResult(ElementActionsHelper.java:1053)
 com.shaft.gui.element.internal.ElementActionsHelper.failAction(ElementActionsHelper.java:950)
 com.shaft.gui.element.internal.ElementActionsHelper.failAction(ElementActionsHelper.java:887)
 com.shaft.gui.element.internal.FluentElementActions.click(FluentElementActions.java:178)
 pages.ProductDetailsPage.openProductReviewsPage(ProductDetailsPage.java:43)
 tests.ProductReviewTest.addProductReviewByRegisteredUser(ProductReviewTest.java:66)
 java.base/jdk.internal.reflect.DirectMethodHandleAccessor.invoke(DirectMethodHandleAccessor.java:104)
 java.base/java.lang.reflect.Method.invoke(Method.java:578)
 org.testng.internal.invokers.MethodInvocationHelper.invokeMethod(MethodInvocationHelper.java:139)
 org.testng.internal.invokers.TestInvoker.invokeMethod(TestInvoker.java:664)
 org.testng.internal.invokers.TestInvoker.invokeTestMethod(TestInvoker.java:227)
 org.testng.internal.invokers.MethodRunner.runInSequence(MethodRunner.java:50)
 org.testng.internal.invokers.TestInvoker$MethodInvocationAgent.invoke(TestInvoker.java:957)
 org.testng.internal.invokers.TestInvoker.invokeTestMethods(TestInvoker.java:200)
 org.testng.internal.invokers.TestMethodWorker.invokeTestMethods(TestMethodWorker.java:148)
 org.testng.internal.invokers.TestMethodWorker.run(TestMethodWorker.java:128)
 java.base/java.util.concurrent.ThreadPoolExecutor.runWorker(ThreadPoolExecutor.java:1144)
 java.base/java.util.concurrent.ThreadPoolExecutor$Worker.run(ThreadPoolExecutor.java:642)
 java.base/java.lang.Thread.run(Thread.java:1623) @11-06-2023 09:47:58.0626 AM
[ReportManager] org.openqa.selenium.TimeoutException: java.net.http.HttpTimeoutException: request timed out
Build info: version: '4.9.0', revision: 'd7057100a6'
System info: os.name: 'Windows 10', os.arch: 'amd64', os.version: '10.0', java.version: '20'
Driver info: org.openqa.selenium.chrome.ChromeDriver
Command: [0494a837ba14c48a8b7f2b9a6e78c3a8, screenshot {}]
Capabilities {acceptInsecureCerts: true, browserName: chrome, browserVersion: 114.0.5735.110, chrome: {chromedriverVersion: 114.0.5735.90 (386bc09e8f4f..., userDataDir: C:\Users\usama\AppData\Loca...}, goog:chromeOptions: {debuggerAddress: localhost:56818}, networkConnectionEnabled: false, pageLoadStrategy: none, platformName: WINDOWS, proxy: Proxy(), se:cdp: ws://localhost:56818/devtoo..., se:cdpVersion: 114.0.5735.110, setWindowRect: true, strictFileInteractability: false, timeouts: {implicit: 0, pageLoad: 60000, script: 30000}, unhandledPromptBehavior: accept and notify, webauthn:extension:credBlob: true, webauthn:extension:largeBlob: true, webauthn:extension:minPinLength: true, webauthn:extension:prf: true, webauthn:virtualAuthenticators: true}
Session ID: 0494a837ba14c48a8b7f2b9a6e78c3a8
 org.openqa.selenium.remote.http.jdk.JdkHttpClient.execute(JdkHttpClient.java:328)
 org.openqa.selenium.remote.HttpCommandExecutor.execute(HttpCommandExecutor.java:190)
 org.openqa.selenium.remote.service.DriverCommandExecutor.invokeExecute(DriverCommandExecutor.java:183)
 org.openqa.selenium.remote.service.DriverCommandExecutor.execute(DriverCommandExecutor.java:158)
 org.openqa.selenium.remote.RemoteWebDriver.execute(RemoteWebDriver.java:543)
 org.openqa.selenium.remote.RemoteWebDriver.execute(RemoteWebDriver.java:598)
 org.openqa.selenium.remote.RemoteWebDriver.execute(RemoteWebDriver.java:602)
 org.openqa.selenium.remote.RemoteWebDriver.getScreenshotAs(RemoteWebDriver.java:318)
 com.shaft.gui.internal.image.ScreenshotManager.takeViewportScreenshot(ScreenshotManager.java:236)
 com.shaft.gui.internal.image.ScreenshotManager.takeFullPageScreenshot(ScreenshotManager.java:263)
 com.shaft.gui.internal.image.ScreenshotManager.takeScreenshot(ScreenshotManager.java:427)
 com.shaft.gui.internal.image.ScreenshotManager.internalCaptureScreenShot(ScreenshotManager.java:373)
 com.shaft.gui.internal.image.ScreenshotManager.captureScreenShot(ScreenshotManager.java:124)
 com.shaft.gui.element.internal.ElementActionsHelper.takeScreenshot(ElementActionsHelper.java:590)
 com.shaft.gui.element.internal.ElementActionsHelper.createReportAttachments(ElementActionsHelper.java:1015)
 com.shaft.gui.element.internal.ElementActionsHelper.reportActionResult(ElementActionsHelper.java:1053)
 com.shaft.gui.element.internal.ElementActionsHelper.failAction(ElementActionsHelper.java:950)
 com.shaft.gui.element.internal.ElementActionsHelper.failAction(ElementActionsHelper.java:887)
 com.shaft.gui.element.internal.FluentElementActions.click(FluentElementActions.java:178)
 pages.ProductDetailsPage.openProductReviewsPage(ProductDetailsPage.java:43)
 tests.ProductReviewTest.addProductReviewByRegisteredUser(ProductReviewTest.java:66)
 java.base/jdk.internal.reflect.DirectMethodHandleAccessor.invoke(DirectMethodHandleAccessor.java:104)
 java.base/java.lang.reflect.Method.invoke(Method.java:578)
 org.testng.internal.invokers.MethodInvocationHelper.invokeMethod(MethodInvocationHelper.java:139)
 org.testng.internal.invokers.TestInvoker.invokeMethod(TestInvoker.java:664)
 org.testng.internal.invokers.TestInvoker.invokeTestMethod(TestInvoker.java:227)
 org.testng.internal.invokers.MethodRunner.runInSequence(MethodRunner.java:50)
 org.testng.internal.invokers.TestInvoker$MethodInvocationAgent.invoke(TestInvoker.java:957)
 org.testng.internal.invokers.TestInvoker.invokeTestMethods(TestInvoker.java:200)
 org.testng.internal.invokers.TestMethodWorker.invokeTestMethods(TestMethodWorker.java:148)
 org.testng.internal.invokers.TestMethodWorker.run(TestMethodWorker.java:128)
 java.base/java.util.concurrent.ThreadPoolExecutor.runWorker(ThreadPoolExecutor.java:1144)
 java.base/java.util.concurrent.ThreadPoolExecutor$Worker.run(ThreadPoolExecutor.java:642)
 java.base/java.lang.Thread.run(Thread.java:1623)

Caused by: java.net.http.HttpTimeoutException: request timed out
 java.net.http/jdk.internal.net.http.HttpClientImpl.send(HttpClientImpl.java:894)
 java.net.http/jdk.internal.net.http.HttpClientFacade.send(HttpClientFacade.java:133)
 org.openqa.selenium.remote.http.jdk.JdkHttpClient.execute(JdkHttpClient.java:299)
 org.openqa.selenium.remote.HttpCommandExecutor.execute(HttpCommandExecutor.java:190)
 org.openqa.selenium.remote.service.DriverCommandExecutor.invokeExecute(DriverCommandExecutor.java:183)
 org.openqa.selenium.remote.service.DriverCommandExecutor.execute(DriverCommandExecutor.java:158)
 org.openqa.selenium.remote.RemoteWebDriver.execute(RemoteWebDriver.java:543)
 org.openqa.selenium.remote.RemoteWebDriver.execute(RemoteWebDriver.java:598)
 org.openqa.selenium.remote.RemoteWebDriver.execute(RemoteWebDriver.java:602)
 org.openqa.selenium.remote.RemoteWebDriver.getScreenshotAs(RemoteWebDriver.java:318)
 com.shaft.gui.internal.image.ScreenshotManager.takeViewportScreenshot(ScreenshotManager.java:236)
 com.shaft.gui.internal.image.ScreenshotManager.takeFullPageScreenshot(ScreenshotManager.java:263)
 com.shaft.gui.internal.image.ScreenshotManager.takeScreenshot(ScreenshotManager.java:427)
 com.shaft.gui.internal.image.ScreenshotManager.internalCaptureScreenShot(ScreenshotManager.java:373)
 com.shaft.gui.internal.image.ScreenshotManager.captureScreenShot(ScreenshotManager.java:124)
 com.shaft.gui.element.internal.ElementActionsHelper.takeScreenshot(ElementActionsHelper.java:590)
 com.shaft.gui.element.internal.ElementActionsHelper.createReportAttachments(ElementActionsHelper.java:1015)
 com.shaft.gui.element.internal.ElementActionsHelper.reportActionResult(ElementActionsHelper.java:1053)
 com.shaft.gui.element.internal.ElementActionsHelper.failAction(ElementActionsHelper.java:950)
 com.shaft.gui.element.internal.ElementActionsHelper.failAction(ElementActionsHelper.java:887)
 com.shaft.gui.element.internal.FluentElementActions.click(FluentElementActions.java:178)
 pages.ProductDetailsPage.openProductReviewsPage(ProductDetailsPage.java:43)
 tests.ProductReviewTest.addProductReviewByRegisteredUser(ProductReviewTest.java:66)
 java.base/jdk.internal.reflect.DirectMethodHandleAccessor.invoke(DirectMethodHandleAccessor.java:104)
 java.base/java.lang.reflect.Method.invoke(Method.java:578)
 org.testng.internal.invokers.MethodInvocationHelper.invokeMethod(MethodInvocationHelper.java:139)
 org.testng.internal.invokers.TestInvoker.invokeMethod(TestInvoker.java:664)
 org.testng.internal.invokers.TestInvoker.invokeTestMethod(TestInvoker.java:227)
 org.testng.internal.invokers.MethodRunner.runInSequence(MethodRunner.java:50)
 org.testng.internal.invokers.TestInvoker$MethodInvocationAgent.invoke(TestInvoker.java:957)
 org.testng.internal.invokers.TestInvoker.invokeTestMethods(TestInvoker.java:200)
 org.testng.internal.invokers.TestMethodWorker.invokeTestMethods(TestMethodWorker.java:148)
 org.testng.internal.invokers.TestMethodWorker.run(TestMethodWorker.java:128)
 java.base/java.util.concurrent.ThreadPoolExecutor.runWorker(ThreadPoolExecutor.java:1144)
 java.base/java.util.concurrent.ThreadPoolExecutor$Worker.run(ThreadPoolExecutor.java:642)
 java.base/java.lang.Thread.run(Thread.java:1623) @11-06-2023 09:50:58.0629 AM
[ReportManager] org.openqa.selenium.TimeoutException: java.net.http.HttpTimeoutException: request timed out
Build info: version: '4.9.0', revision: 'd7057100a6'
System info: os.name: 'Windows 10', os.arch: 'amd64', os.version: '10.0', java.version: '20'
Driver info: org.openqa.selenium.chrome.ChromeDriver
Command: [0494a837ba14c48a8b7f2b9a6e78c3a8, screenshot {}]
Capabilities {acceptInsecureCerts: true, browserName: chrome, browserVersion: 114.0.5735.110, chrome: {chromedriverVersion: 114.0.5735.90 (386bc09e8f4f..., userDataDir: C:\Users\usama\AppData\Loca...}, goog:chromeOptions: {debuggerAddress: localhost:56818}, networkConnectionEnabled: false, pageLoadStrategy: none, platformName: WINDOWS, proxy: Proxy(), se:cdp: ws://localhost:56818/devtoo..., se:cdpVersion: 114.0.5735.110, setWindowRect: true, strictFileInteractability: false, timeouts: {implicit: 0, pageLoad: 60000, script: 30000}, unhandledPromptBehavior: accept and notify, webauthn:extension:credBlob: true, webauthn:extension:largeBlob: true, webauthn:extension:minPinLength: true, webauthn:extension:prf: true, webauthn:virtualAuthenticators: true}
Session ID: 0494a837ba14c48a8b7f2b9a6e78c3a8
 org.openqa.selenium.remote.http.jdk.JdkHttpClient.execute(JdkHttpClient.java:328)
 org.openqa.selenium.remote.HttpCommandExecutor.execute(HttpCommandExecutor.java:190)
 org.openqa.selenium.remote.service.DriverCommandExecutor.invokeExecute(DriverCommandExecutor.java:183)
 org.openqa.selenium.remote.service.DriverCommandExecutor.execute(DriverCommandExecutor.java:158)
 org.openqa.selenium.remote.RemoteWebDriver.execute(RemoteWebDriver.java:543)
 org.openqa.selenium.remote.RemoteWebDriver.execute(RemoteWebDriver.java:598)
 org.openqa.selenium.remote.RemoteWebDriver.execute(RemoteWebDriver.java:602)
 org.openqa.selenium.remote.RemoteWebDriver.getScreenshotAs(RemoteWebDriver.java:318)
 com.shaft.gui.internal.image.ScreenshotManager.takeViewportScreenshot(ScreenshotManager.java:236)
 com.shaft.gui.internal.image.ScreenshotManager.takeScreenshot(ScreenshotManager.java:435)
 com.shaft.gui.internal.image.ScreenshotManager.takeScreenshot(ScreenshotManager.java:431)
 com.shaft.gui.internal.image.ScreenshotManager.internalCaptureScreenShot(ScreenshotManager.java:373)
 com.shaft.gui.internal.image.ScreenshotManager.captureScreenShot(ScreenshotManager.java:124)
 com.shaft.gui.element.internal.ElementActionsHelper.takeScreenshot(ElementActionsHelper.java:590)
 com.shaft.gui.element.internal.ElementActionsHelper.createReportAttachments(ElementActionsHelper.java:1015)
 com.shaft.gui.element.internal.ElementActionsHelper.reportActionResult(ElementActionsHelper.java:1053)
 com.shaft.gui.element.internal.ElementActionsHelper.failAction(ElementActionsHelper.java:950)
 com.shaft.gui.element.internal.ElementActionsHelper.failAction(ElementActionsHelper.java:887)
 com.shaft.gui.element.internal.FluentElementActions.click(FluentElementActions.java:178)
 pages.ProductDetailsPage.openProductReviewsPage(ProductDetailsPage.java:43)
 tests.ProductReviewTest.addProductReviewByRegisteredUser(ProductReviewTest.java:66)
 java.base/jdk.internal.reflect.DirectMethodHandleAccessor.invoke(DirectMethodHandleAccessor.java:104)
 java.base/java.lang.reflect.Method.invoke(Method.java:578)
 org.testng.internal.invokers.MethodInvocationHelper.invokeMethod(MethodInvocationHelper.java:139)
 org.testng.internal.invokers.TestInvoker.invokeMethod(TestInvoker.java:664)
 org.testng.internal.invokers.TestInvoker.invokeTestMethod(TestInvoker.java:227)
 org.testng.internal.invokers.MethodRunner.runInSequence(MethodRunner.java:50)
 org.testng.internal.invokers.TestInvoker$MethodInvocationAgent.invoke(TestInvoker.java:957)
 org.testng.internal.invokers.TestInvoker.invokeTestMethods(TestInvoker.java:200)
 org.testng.internal.invokers.TestMethodWorker.invokeTestMethods(TestMethodWorker.java:148)
 org.testng.internal.invokers.TestMethodWorker.run(TestMethodWorker.java:128)
 java.base/java.util.concurrent.ThreadPoolExecutor.runWorker(ThreadPoolExecutor.java:1144)
 java.base/java.util.concurrent.ThreadPoolExecutor$Worker.run(ThreadPoolExecutor.java:642)
 java.base/java.lang.Thread.run(Thread.java:1623)

Caused by: java.net.http.HttpTimeoutException: request timed out
 java.net.http/jdk.internal.net.http.HttpClientImpl.send(HttpClientImpl.java:894)
 java.net.http/jdk.internal.net.http.HttpClientFacade.send(HttpClientFacade.java:133)
 org.openqa.selenium.remote.http.jdk.JdkHttpClient.execute(JdkHttpClient.java:299)
 org.openqa.selenium.remote.HttpCommandExecutor.execute(HttpCommandExecutor.java:190)
 org.openqa.selenium.remote.service.DriverCommandExecutor.invokeExecute(DriverCommandExecutor.java:183)
 org.openqa.selenium.remote.service.DriverCommandExecutor.execute(DriverCommandExecutor.java:158)
 org.openqa.selenium.remote.RemoteWebDriver.execute(RemoteWebDriver.java:543)
 org.openqa.selenium.remote.RemoteWebDriver.execute(RemoteWebDriver.java:598)
 org.openqa.selenium.remote.RemoteWebDriver.execute(RemoteWebDriver.java:602)
 org.openqa.selenium.remote.RemoteWebDriver.getScreenshotAs(RemoteWebDriver.java:318)
 com.shaft.gui.internal.image.ScreenshotManager.takeViewportScreenshot(ScreenshotManager.java:236)
 com.shaft.gui.internal.image.ScreenshotManager.takeScreenshot(ScreenshotManager.java:435)
 com.shaft.gui.internal.image.ScreenshotManager.takeScreenshot(ScreenshotManager.java:431)
 com.shaft.gui.internal.image.ScreenshotManager.internalCaptureScreenShot(ScreenshotManager.java:373)
 com.shaft.gui.internal.image.ScreenshotManager.captureScreenShot(ScreenshotManager.java:124)
 com.shaft.gui.element.internal.ElementActionsHelper.takeScreenshot(ElementActionsHelper.java:590)
 com.shaft.gui.element.internal.ElementActionsHelper.createReportAttachments(ElementActionsHelper.java:1015)
 com.shaft.gui.element.internal.ElementActionsHelper.reportActionResult(ElementActionsHelper.java:1053)
 com.shaft.gui.element.internal.ElementActionsHelper.failAction(ElementActionsHelper.java:950)
 com.shaft.gui.element.internal.ElementActionsHelper.failAction(ElementActionsHelper.java:887)
 com.shaft.gui.element.internal.FluentElementActions.click(FluentElementActions.java:178)
 pages.ProductDetailsPage.openProductReviewsPage(ProductDetailsPage.java:43)
 tests.ProductReviewTest.addProductReviewByRegisteredUser(ProductReviewTest.java:66)
 java.base/jdk.internal.reflect.DirectMethodHandleAccessor.invoke(DirectMethodHandleAccessor.java:104)
 java.base/java.lang.reflect.Method.invoke(Method.java:578)
 org.testng.internal.invokers.MethodInvocationHelper.invokeMethod(MethodInvocationHelper.java:139)
 org.testng.internal.invokers.TestInvoker.invokeMethod(TestInvoker.java:664)
 org.testng.internal.invokers.TestInvoker.invokeTestMethod(TestInvoker.java:227)
 org.testng.internal.invokers.MethodRunner.runInSequence(MethodRunner.java:50)
 org.testng.internal.invokers.TestInvoker$MethodInvocationAgent.invoke(TestInvoker.java:957)
 org.testng.internal.invokers.TestInvoker.invokeTestMethods(TestInvoker.java:200)
 org.testng.internal.invokers.TestMethodWorker.invokeTestMethods(TestMethodWorker.java:148)
 org.testng.internal.invokers.TestMethodWorker.run(TestMethodWorker.java:128)
 java.base/java.util.concurrent.ThreadPoolExecutor.runWorker(ThreadPoolExecutor.java:1144)
 java.base/java.util.concurrent.ThreadPoolExecutor$Worker.run(ThreadPoolExecutor.java:642)
 java.base/java.lang.Thread.run(Thread.java:1623) @11-06-2023 09:53:58.0642 AM
[ReportManager] Failed to Click "By.xpath: //div[@class = 'product-review-links']/a[contains(text(),'your review')]". Root cause: "org.openqa.selenium.NoSuchElementException: no such element: Unable to locate element: {"method":"xpath","selector":"//div[@class = 'product-review-links']/a[contains(text(),'your review')]"}" @11-06-2023 09:53:58.0643 AM
[ReportManager] Successfully created attachment 'Element Action Exception - Click - Stacktrace' @11-06-2023 09:53:58.0646 AM