java.lang.AssertionError: Failed to identify unique element using this locator "By.id: add-to-wishlist-button-4" Root cause: "org.openqa.selenium.NoSuchElementException: no such element: Unable to locate element: {"method":"css selector","selector":"#add\-to\-wishlist\-button\-4"}"
 org.testng.Assert.fail(Assert.java:99)
 com.shaft.tools.io.internal.FailureReporter.fail(FailureReporter.java:34)
 com.shaft.gui.element.internal.ElementActionsHelper.identifyUniqueElement(ElementActionsHelper.java:796)
 com.shaft.gui.element.internal.ElementActionsHelper.performActionAgainstUniqueElementIgnoringVisibility(ElementActionsHelper.java:776)
 com.shaft.gui.element.internal.FluentElementActions.click(FluentElementActions.java:176)
 pages.ProductDetailsPage.addProductToWishList(ProductDetailsPage.java:35)
 tests.WishListTest.verifyAddingProductToWishlist(WishListTest.java:41)
 java.base/jdk.internal.reflect.DirectMethodHandleAccessor.invoke(DirectMethodHandleAccessor.java:104)
 java.base/java.lang.reflect.Method.invoke(Method.java:578)
 org.testng.internal.invokers.MethodInvocationHelper.invokeMethod(MethodInvocationHelper.java:139)
 org.testng.internal.invokers.TestInvoker.invokeMethod(TestInvoker.java:664)
 org.testng.internal.invokers.TestInvoker.invokeTestMethod(TestInvoker.java:227)
 org.testng.internal.invokers.MethodRunner.runInSequence(MethodRunner.java:50)
 org.testng.internal.invokers.TestInvoker$MethodInvocationAgent.invoke(TestInvoker.java:957)
 org.testng.internal.invokers.TestInvoker.invokeTestMethods(TestInvoker.java:200)
 org.testng.internal.invokers.TestMethodWorker.invokeTestMethods(TestMethodWorker.java:148)
 org.testng.internal.invokers.TestMethodWorker.run(TestMethodWorker.java:128)
 java.base/java.util.concurrent.ThreadPoolExecutor.runWorker(ThreadPoolExecutor.java:1144)
 java.base/java.util.concurrent.ThreadPoolExecutor$Worker.run(ThreadPoolExecutor.java:642)
 java.base/java.lang.Thread.run(Thread.java:1623)

Caused by: org.openqa.selenium.TimeoutException: Expected condition failed: waiting for com.shaft.gui.element.internal.ElementActionsHelper$$Lambda$1053/0x000000080163cb68@b8ed597 (tried for 60 second(s) with 100 milliseconds interval)
 org.openqa.selenium.support.ui.FluentWait.timeoutException(FluentWait.java:263)
 org.openqa.selenium.support.ui.FluentWait.until(FluentWait.java:231)
 com.shaft.gui.element.internal.ElementActionsHelper.waitForElementPresence(ElementActionsHelper.java:158)
 com.shaft.gui.element.internal.ElementActionsHelper.getMatchingElementsInformation(ElementActionsHelper.java:826)
 com.shaft.gui.element.internal.ElementActionsHelper.identifyUniqueElement(ElementActionsHelper.java:789)
 com.shaft.gui.element.internal.ElementActionsHelper.performActionAgainstUniqueElementIgnoringVisibility(ElementActionsHelper.java:776)
 com.shaft.gui.element.internal.FluentElementActions.click(FluentElementActions.java:176)
 pages.ProductDetailsPage.addProductToWishList(ProductDetailsPage.java:35)
 tests.WishListTest.verifyAddingProductToWishlist(WishListTest.java:41)
 java.base/jdk.internal.reflect.DirectMethodHandleAccessor.invoke(DirectMethodHandleAccessor.java:104)
 java.base/java.lang.reflect.Method.invoke(Method.java:578)
 org.testng.internal.invokers.MethodInvocationHelper.invokeMethod(MethodInvocationHelper.java:139)
 org.testng.internal.invokers.TestInvoker.invokeMethod(TestInvoker.java:664)
 org.testng.internal.invokers.TestInvoker.invokeTestMethod(TestInvoker.java:227)
 org.testng.internal.invokers.MethodRunner.runInSequence(MethodRunner.java:50)
 org.testng.internal.invokers.TestInvoker$MethodInvocationAgent.invoke(TestInvoker.java:957)
 org.testng.internal.invokers.TestInvoker.invokeTestMethods(TestInvoker.java:200)
 org.testng.internal.invokers.TestMethodWorker.invokeTestMethods(TestMethodWorker.java:148)
 org.testng.internal.invokers.TestMethodWorker.run(TestMethodWorker.java:128)
 java.base/java.util.concurrent.ThreadPoolExecutor.runWorker(ThreadPoolExecutor.java:1144)
 java.base/java.util.concurrent.ThreadPoolExecutor$Worker.run(ThreadPoolExecutor.java:642)
 java.base/java.lang.Thread.run(Thread.java:1623)

Caused by: org.openqa.selenium.NoSuchElementException: no such element: Unable to locate element: {"method":"css selector","selector":"#add\-to\-wishlist\-button\-4"}
  (Session info: chrome=114.0.5735.110)
For documentation on this error, please visit: https://selenium.dev/exceptions/#no_such_element
Build info: version: '4.9.0', revision: 'd7057100a6'
System info: os.name: 'Windows 10', os.arch: 'amd64', os.version: '10.0', java.version: '20'
Driver info: org.openqa.selenium.chrome.ChromeDriver
Command: [ee9e6658ed6b835cadf0157205ab6498, findElement {using=id, value=add-to-wishlist-button-4}]
Capabilities {acceptInsecureCerts: true, browserName: chrome, browserVersion: 114.0.5735.110, chrome: {chromedriverVersion: 114.0.5735.90 (386bc09e8f4f..., userDataDir: C:\Users\usama\AppData\Loca...}, goog:chromeOptions: {debuggerAddress: localhost:56661}, networkConnectionEnabled: false, pageLoadStrategy: none, platformName: WINDOWS, proxy: Proxy(), se:cdp: ws://localhost:56661/devtoo..., se:cdpVersion: 114.0.5735.110, setWindowRect: true, strictFileInteractability: false, timeouts: {implicit: 0, pageLoad: 60000, script: 30000}, unhandledPromptBehavior: accept and notify, webauthn:extension:credBlob: true, webauthn:extension:largeBlob: true, webauthn:extension:minPinLength: true, webauthn:extension:prf: true, webauthn:virtualAuthenticators: true}
Session ID: ee9e6658ed6b835cadf0157205ab6498
 java.base/jdk.internal.reflect.DirectConstructorHandleAccessor.newInstance(DirectConstructorHandleAccessor.java:67)
 java.base/java.lang.reflect.Constructor.newInstanceWithCaller(Constructor.java:500)
 java.base/java.lang.reflect.Constructor.newInstance(Constructor.java:484)
 org.openqa.selenium.remote.codec.w3c.W3CHttpResponseCodec.createException(W3CHttpResponseCodec.java:200)
 org.openqa.selenium.remote.codec.w3c.W3CHttpResponseCodec.decode(W3CHttpResponseCodec.java:133)
 org.openqa.selenium.remote.codec.w3c.W3CHttpResponseCodec.decode(W3CHttpResponseCodec.java:53)
 org.openqa.selenium.remote.HttpCommandExecutor.execute(HttpCommandExecutor.java:193)
 org.openqa.selenium.remote.service.DriverCommandExecutor.invokeExecute(DriverCommandExecutor.java:183)
 org.openqa.selenium.remote.service.DriverCommandExecutor.execute(DriverCommandExecutor.java:158)
 org.openqa.selenium.remote.RemoteWebDriver.execute(RemoteWebDriver.java:543)
 org.openqa.selenium.remote.ElementLocation$ElementFinder$2.findElement(ElementLocation.java:162)
 org.openqa.selenium.remote.ElementLocation.findElement(ElementLocation.java:60)
 org.openqa.selenium.remote.RemoteWebDriver.findElement(RemoteWebDriver.java:352)
 org.openqa.selenium.remote.RemoteWebDriver.findElement(RemoteWebDriver.java:344)
 com.shaft.gui.element.internal.ElementActionsHelper.lambda$waitForElementPresence$0(ElementActionsHelper.java:170)
 org.openqa.selenium.support.ui.FluentWait.until(FluentWait.java:208)
 com.shaft.gui.element.internal.ElementActionsHelper.waitForElementPresence(ElementActionsHelper.java:158)
 com.shaft.gui.element.internal.ElementActionsHelper.getMatchingElementsInformation(ElementActionsHelper.java:826)
 com.shaft.gui.element.internal.ElementActionsHelper.identifyUniqueElement(ElementActionsHelper.java:789)
 com.shaft.gui.element.internal.ElementActionsHelper.performActionAgainstUniqueElementIgnoringVisibility(ElementActionsHelper.java:776)
 com.shaft.gui.element.internal.FluentElementActions.click(FluentElementActions.java:176)
 pages.ProductDetailsPage.addProductToWishList(ProductDetailsPage.java:35)
 tests.WishListTest.verifyAddingProductToWishlist(WishListTest.java:41)
 java.base/jdk.internal.reflect.DirectMethodHandleAccessor.invoke(DirectMethodHandleAccessor.java:104)
 java.base/java.lang.reflect.Method.invoke(Method.java:578)
 org.testng.internal.invokers.MethodInvocationHelper.invokeMethod(MethodInvocationHelper.java:139)
 org.testng.internal.invokers.TestInvoker.invokeMethod(TestInvoker.java:664)
 org.testng.internal.invokers.TestInvoker.invokeTestMethod(TestInvoker.java:227)
 org.testng.internal.invokers.MethodRunner.runInSequence(MethodRunner.java:50)
 org.testng.internal.invokers.TestInvoker$MethodInvocationAgent.invoke(TestInvoker.java:957)
 org.testng.internal.invokers.TestInvoker.invokeTestMethods(TestInvoker.java:200)
 org.testng.internal.invokers.TestMethodWorker.invokeTestMethods(TestMethodWorker.java:148)
 org.testng.internal.invokers.TestMethodWorker.run(TestMethodWorker.java:128)
 java.base/java.util.concurrent.ThreadPoolExecutor.runWorker(ThreadPoolExecutor.java:1144)
 java.base/java.util.concurrent.ThreadPoolExecutor$Worker.run(ThreadPoolExecutor.java:642)
 java.base/java.lang.Thread.run(Thread.java:1623)
