[INFO ] 2023-06-11 09:41:12.937 [main] ReportManager - 
------------------------------------------------------------------------------------------------------------------------------------------------
                                                      Powered by SHAFT Engine v7.2.20230527                                                      
------------------------------------------------------------------------------------------------------------------------------------------------

[INFO ] 2023-06-11 09:41:13.244 [main] ReportManager - 
------------------------------------------------------------------------------------------------------------------------------------------------
                                                      Powered by SHAFT Engine v7.2.20230527                                                      
------------------------------------------------------------------------------------------------------------------------------------------------

[ERROR] 2023-06-11 09:41:13.614 [main] ReportManager - java.lang.UnsatisfiedLinkError: Can't load library: C:\Users\usama\AppData\Local\Temp\opencv_openpnp11908643898040563081\nu\pattern\opencv\windows\x86_64\opencv_java470.dll
 java.base/java.lang.ClassLoader.loadLibrary(ClassLoader.java:2408)
 java.base/java.lang.Runtime.load0(Runtime.java:817)
 java.base/java.lang.System.load(System.java:2015)
 nu.pattern.OpenCV$LocalLoader.<init>(OpenCV.java:330)
 nu.pattern.OpenCV$LocalLoader.<init>(OpenCV.java:326)
 nu.pattern.OpenCV$LocalLoader$Holder.<clinit>(OpenCV.java:336)
 nu.pattern.OpenCV$LocalLoader.getInstance(OpenCV.java:340)
 nu.pattern.OpenCV.loadLocally(OpenCV.java:323)
 com.shaft.gui.internal.image.ImageProcessingActions.loadOpenCV(ImageProcessingActions.java:585)
 com.shaft.listeners.TestNGListener.engineSetup(TestNGListener.java:92)
 com.shaft.listeners.TestNGListener.onExecutionStart(TestNGListener.java:107)
 org.testng.TestNG.runExecutionListeners(TestNG.java:1128)
 org.testng.TestNG.run(TestNG.java:1077)
 com.intellij.rt.testng.IDEARemoteTestNG.run(IDEARemoteTestNG.java:66)
 com.intellij.rt.testng.RemoteTestNGStarter.main(RemoteTestNGStarter.java:105)
[INFO ] 2023-06-11 09:41:13.614 [main] ReportManager - Failed to load OpenCV "opencv_java470". Try installing the binaries manually https://opencv.org/releases/, switching element highlighting to JavaScript...
[INFO ] 2023-06-11 09:41:13.617 [main] ReportManager - Setting "screenshotParams_highlightMethod" property with "JavaScript".
[INFO ] 2023-06-11 09:41:13.619 [main] ReportManager - Folder "execution-summary" was not found, it may have already been deleted.
[INFO ] 2023-06-11 09:41:13.619 [main] ReportManager - Initializing Allure Reporting Environment...
[INFO ] 2023-06-11 09:41:13.738 [main] ReportManager - Initializing Extent Reporting Environment...
[INFO ] 2023-06-11 09:41:14.297 [main] Utils - [TestNG] Running:
  C:\Users\usama\IdeaProjects\NopCommerce-Shaft\src\test\resources\TestSuits\NopCommerce.xml

[INFO ] 2023-06-11 09:41:14.323 [main] ReportManager - 
------------------------------------------------------------------------------------------------------------------------------------------------
                                             Starting execution of suite setup configuration method                                             
                                          'com.shaft.listeners.internal.ConfigurationHelper.suiteSetup'                                          
------------------------------------------------------------------------------------------------------------------------------------------------

[INFO ] 2023-06-11 09:41:14.360 [main] ReportManager - Initializing Important Links...
[INFO ] 2023-06-11 09:41:14.368 [main] ReportManager - Initializing Properties...
[INFO ] 2023-06-11 09:41:14.479 [TestNG-test=NopCommerce - GUI-1] ReportManager - 
------------------------------------------------------------------------------------------------------------------------------------------------
                                             Starting execution of class set up configuration method                                             
                                                       'tests.RegisterUserTest.classSetUp'                                                       
------------------------------------------------------------------------------------------------------------------------------------------------

[INFO ] 2023-06-11 09:41:14.484 [TestNG-test=NopCommerce - GUI-1] ReportManager - File Action "DoesFileExist" successfully performed. With the following test data "File Path: "RegisterUserTestData.json"".
[INFO ] 2023-06-11 09:41:14.485 [TestNG-test=NopCommerce - GUI-1] ReportManager - File Action "DoesFileExist" successfully performed. With the following test data "File Path: "src/test/resources/testDataFiles/RegisterUserTestData.json"".
[INFO ] 2023-06-11 09:41:14.486 [TestNG-test=NopCommerce - GUI-1] ReportManager - File Action "GetAbsolutePath" successfully performed. With the following test data "Relative Folder Path: "src/test/resources/testDataFiles/RegisterUserTestData.json"".
[INFO ] 2023-06-11 09:41:14.490 [TestNG-test=NopCommerce - GUI-1] ReportManager - Successfully created attachment 'Test Data - JSON'
[ERROR] 2023-06-11 09:41:14.492 [TestNG-test=NopCommerce - GUI-1] AllureLifecycle - Could not update step: step with uuid ddf3551c-3429-4643-af6b-44d87667db00 not found
[INFO ] 2023-06-11 09:41:14.502 [TestNG-test=NopCommerce - GUI-1] ReportManager - 
------------------------------------------------------------------------------------------------------------------------------------------------
                                             Starting execution of method setup configuration method                                             
                                                      'tests.RegisterUserTest.methodSetup'                                                      
------------------------------------------------------------------------------------------------------------------------------------------------

[INFO ] 2023-06-11 09:41:14.517 [TestNG-test=NopCommerce - GUI-1] ReportManager - Setting "targetOperatingSystem" property with "WINDOWS".
[INFO ] 2023-06-11 09:41:14.519 [TestNG-test=NopCommerce - GUI-1] ReportManager - File Action "DoesFileExist" successfully performed. With the following test data "File Path: "target/downloadedFiles/"".
[INFO ] 2023-06-11 09:41:14.520 [TestNG-test=NopCommerce - GUI-1] ReportManager - File Action "GetAbsolutePath" successfully performed. With the following test data "Relative Folder Path: "src/test/resources/testDataFiles/target/downloadedFiles/"".
[INFO ] 2023-06-11 09:41:14.525 [TestNG-test=NopCommerce - GUI-1] ReportManager - File Action "DoesFileExist" successfully performed. With the following test data "File Path: "target/downloadedFiles/"".
[INFO ] 2023-06-11 09:41:14.526 [TestNG-test=NopCommerce - GUI-1] ReportManager - File Action "GetAbsolutePath" successfully performed. With the following test data "Relative Folder Path: "src/test/resources/testDataFiles/target/downloadedFiles/"".
[INFO ] 2023-06-11 09:41:14.532 [TestNG-test=NopCommerce - GUI-1] ReportManager - Attempting to run locally on: "WINDOWS | Chrome".
[INFO ] 2023-06-11 09:41:14.533 [TestNG-test=NopCommerce - GUI-1] ReportManager - Identifying OS/Driver combination and selecting the correct driver version automatically. Please note that if a new driver executable will be downloaded it may take some time...
[DEBUG] 2023-06-11 09:41:14.842 [TestNG-test=NopCommerce - GUI-1] ResolutionCache - Resolution chrome=114 in cache (valid until 10:35:51 11/06/2023 EET)
[DEBUG] 2023-06-11 09:41:14.843 [TestNG-test=NopCommerce - GUI-1] ResolutionCache - Resolution chrome114=114.0.5735.90 in cache (valid until 08:23:04 12/06/2023 EET)
[INFO ] 2023-06-11 09:41:14.844 [TestNG-test=NopCommerce - GUI-1] WebDriverManager - Using chromedriver 114.0.5735.90 (resolved driver for Chrome 114)
[DEBUG] 2023-06-11 09:41:14.856 [TestNG-test=NopCommerce - GUI-1] WebDriverManager - Driver chromedriver 114.0.5735.90 found in cache
[INFO ] 2023-06-11 09:41:14.857 [TestNG-test=NopCommerce - GUI-1] WebDriverManager - Exporting webdriver.chrome.driver as C:\Users\usama\.cache\selenium\chromedriver\win32\114.0.5735.90\chromedriver.exe
[WARN ] 2023-06-11 09:41:15.549 [Exec Stream Pumper] ReportManager - Starting ChromeDriver 114.0.5735.90 (386bc09e8f4f2e025eddae123f36f6263096ae49-refs/branch-heads/5735@{#1052}) on port 17885
[WARN ] 2023-06-11 09:41:15.549 [Exec Stream Pumper] ReportManager - Only local connections are allowed.
[WARN ] 2023-06-11 09:41:15.549 [Exec Stream Pumper] ReportManager - Please see https://chromedriver.chromium.org/security-considerations for suggestions on keeping ChromeDriver safe.
[WARN ] 2023-06-11 09:41:15.559 [Exec Stream Pumper] ReportManager - ChromeDriver was started successfully.
[WARN ] 2023-06-11 09:41:16.706 [TestNG-test=NopCommerce - GUI-1] ReportManager - Jun 11, 2023 9:41:16 AM org.openqa.selenium.devtools.CdpVersionFinder findNearestMatch
[WARN ] 2023-06-11 09:41:16.706 [TestNG-test=NopCommerce - GUI-1] ReportManager - WARNING: Unable to find an exact match for CDP version 114, so returning the closest version found: 112
[INFO ] 2023-06-11 09:41:16.715 [TestNG-test=NopCommerce - GUI-1] ReportManager - Successfully Opened: "WINDOWS | Chrome".
[INFO ] 2023-06-11 09:41:16.809 [TestNG-test=NopCommerce - GUI-1] ReportManager - 
------------------------------------------------------------------------------------------------------------------------------------------------
                                        Starting Execution: '1 out of 15' test cases in the current suite                                        
                                        Test Method: 'tests.RegisterUserTest.registerWithValidEmailAndPw'                                        
                                  Test Description: 'Validate registering a user with valid email and password'                                  
------------------------------------------------------------------------------------------------------------------------------------------------

[INFO ] 2023-06-11 09:41:16.817 [TestNG-test=NopCommerce - GUI-1] ReportManager - File Action "DoesFileExist" successfully performed. With the following test data "File Path: "src/test/resources/testDataFiles/RegisterUserTestData.json"".
[INFO ] 2023-06-11 09:41:16.818 [TestNG-test=NopCommerce - GUI-1] ReportManager - File Action "GetAbsolutePath" successfully performed. With the following test data "Relative Folder Path: "src/test/resources/testDataFiles/RegisterUserTestData.json"".
[INFO ] 2023-06-11 09:41:18.120 [TestNG-test=NopCommerce - GUI-1] ReportManager - File Action "DoesFileExist" successfully performed. With the following test data "File Path: "src/test/resources/testDataFiles/RegisterUserTestData.json"".
[INFO ] 2023-06-11 09:41:18.120 [TestNG-test=NopCommerce - GUI-1] ReportManager - File Action "GetAbsolutePath" successfully performed. With the following test data "Relative Folder Path: "src/test/resources/testDataFiles/RegisterUserTestData.json"".
[INFO ] 2023-06-11 09:41:18.178 [TestNG-test=NopCommerce - GUI-1] ReportManager - Target URL: "https://demo.nopcommerce.com/register?returnUrl=%2F"
[INFO ] 2023-06-11 09:41:18.204 [TestNG-test=NopCommerce - GUI-1] ReportManager - Initial URL: "data:,"
[INFO ] 2023-06-11 09:41:18.750 [main] ReportManager - Loaded OpenCV "opencv_java470".
[INFO ] 2023-06-11 09:41:18.751 [main] ReportManager - Folder "execution-summary" was not found, it may have already been deleted.
[INFO ] 2023-06-11 09:41:18.752 [main] ReportManager - Initializing Allure Reporting Environment...
[INFO ] 2023-06-11 09:41:18.865 [main] ReportManager - Initializing Extent Reporting Environment...
[INFO ] 2023-06-11 09:41:19.268 [main] Utils - [TestNG] Running:
  C:\Users\usama\IdeaProjects\NopCommerce-Shaft\src\test\resources\TestSuits\NopCommerce.xml

[INFO ] 2023-06-11 09:41:19.292 [main] ReportManager - 
------------------------------------------------------------------------------------------------------------------------------------------------
                                             Starting execution of suite setup configuration method                                             
                                          'com.shaft.listeners.internal.ConfigurationHelper.suiteSetup'                                          
------------------------------------------------------------------------------------------------------------------------------------------------

[INFO ] 2023-06-11 09:41:19.327 [main] ReportManager - Initializing Important Links...
[INFO ] 2023-06-11 09:41:19.334 [main] ReportManager - Initializing Properties...
[INFO ] 2023-06-11 09:41:19.400 [TestNG-test=NopCommerce - GUI-1] ReportManager - 
------------------------------------------------------------------------------------------------------------------------------------------------
                                             Starting execution of class set up configuration method                                             
                                                       'tests.RegisterUserTest.classSetUp'                                                       
------------------------------------------------------------------------------------------------------------------------------------------------

[INFO ] 2023-06-11 09:41:19.403 [TestNG-test=NopCommerce - GUI-1] ReportManager - File Action "DoesFileExist" successfully performed. With the following test data "File Path: "RegisterUserTestData.json"".
[INFO ] 2023-06-11 09:41:19.404 [TestNG-test=NopCommerce - GUI-1] ReportManager - File Action "DoesFileExist" successfully performed. With the following test data "File Path: "src/test/resources/testDataFiles/RegisterUserTestData.json"".
[INFO ] 2023-06-11 09:41:19.405 [TestNG-test=NopCommerce - GUI-1] ReportManager - File Action "GetAbsolutePath" successfully performed. With the following test data "Relative Folder Path: "src/test/resources/testDataFiles/RegisterUserTestData.json"".
[INFO ] 2023-06-11 09:41:19.410 [TestNG-test=NopCommerce - GUI-1] ReportManager - Successfully created attachment 'Test Data - JSON'
[ERROR] 2023-06-11 09:41:19.412 [TestNG-test=NopCommerce - GUI-1] AllureLifecycle - Could not update step: step with uuid 4fdc8cb6-2aef-4f31-823b-a64047119526 not found
[INFO ] 2023-06-11 09:41:19.420 [TestNG-test=NopCommerce - GUI-1] ReportManager - 
------------------------------------------------------------------------------------------------------------------------------------------------
                                             Starting execution of method setup configuration method                                             
                                                      'tests.RegisterUserTest.methodSetup'                                                      
------------------------------------------------------------------------------------------------------------------------------------------------

[INFO ] 2023-06-11 09:41:19.433 [TestNG-test=NopCommerce - GUI-1] ReportManager - Setting "targetOperatingSystem" property with "WINDOWS".
[INFO ] 2023-06-11 09:41:19.435 [TestNG-test=NopCommerce - GUI-1] ReportManager - File Action "DoesFileExist" successfully performed. With the following test data "File Path: "target/downloadedFiles/"".
[INFO ] 2023-06-11 09:41:19.436 [TestNG-test=NopCommerce - GUI-1] ReportManager - File Action "GetAbsolutePath" successfully performed. With the following test data "Relative Folder Path: "src/test/resources/testDataFiles/target/downloadedFiles/"".
[INFO ] 2023-06-11 09:41:19.440 [TestNG-test=NopCommerce - GUI-1] ReportManager - File Action "DoesFileExist" successfully performed. With the following test data "File Path: "target/downloadedFiles/"".
[INFO ] 2023-06-11 09:41:19.441 [TestNG-test=NopCommerce - GUI-1] ReportManager - File Action "GetAbsolutePath" successfully performed. With the following test data "Relative Folder Path: "src/test/resources/testDataFiles/target/downloadedFiles/"".
[INFO ] 2023-06-11 09:41:19.446 [TestNG-test=NopCommerce - GUI-1] ReportManager - Attempting to run locally on: "WINDOWS | Chrome".
[INFO ] 2023-06-11 09:41:19.446 [TestNG-test=NopCommerce - GUI-1] ReportManager - Identifying OS/Driver combination and selecting the correct driver version automatically. Please note that if a new driver executable will be downloaded it may take some time...
[DEBUG] 2023-06-11 09:41:19.896 [TestNG-test=NopCommerce - GUI-1] ResolutionCache - Resolution chrome=114 in cache (valid until 10:35:51 11/06/2023 EET)
[DEBUG] 2023-06-11 09:41:19.897 [TestNG-test=NopCommerce - GUI-1] ResolutionCache - Resolution chrome114=114.0.5735.90 in cache (valid until 08:23:04 12/06/2023 EET)
[INFO ] 2023-06-11 09:41:19.898 [TestNG-test=NopCommerce - GUI-1] WebDriverManager - Using chromedriver 114.0.5735.90 (resolved driver for Chrome 114)
[DEBUG] 2023-06-11 09:41:19.912 [TestNG-test=NopCommerce - GUI-1] WebDriverManager - Driver chromedriver 114.0.5735.90 found in cache
[INFO ] 2023-06-11 09:41:19.913 [TestNG-test=NopCommerce - GUI-1] WebDriverManager - Exporting webdriver.chrome.driver as C:\Users\usama\.cache\selenium\chromedriver\win32\114.0.5735.90\chromedriver.exe
[INFO ] 2023-06-11 09:41:20.295 [TestNG-test=NopCommerce - GUI-1] ReportManager - Navigate to url "https://demo.nopcommerce.com/register?returnUrl=%2F".
[WARN ] 2023-06-11 09:41:20.403 [Exec Stream Pumper] ReportManager - Starting ChromeDriver 114.0.5735.90 (386bc09e8f4f2e025eddae123f36f6263096ae49-refs/branch-heads/5735@{#1052}) on port 9769
[WARN ] 2023-06-11 09:41:20.404 [Exec Stream Pumper] ReportManager - Only local connections are allowed.
[WARN ] 2023-06-11 09:41:20.404 [Exec Stream Pumper] ReportManager - Please see https://chromedriver.chromium.org/security-considerations for suggestions on keeping ChromeDriver safe.
[WARN ] 2023-06-11 09:41:20.425 [Exec Stream Pumper] ReportManager - ChromeDriver was started successfully.
[INFO ] 2023-06-11 09:41:20.495 [TestNG-test=NopCommerce - GUI-1] ReportManager - Get text "Register" from "By.className: page-title".
[INFO ] 2023-06-11 09:41:20.497 [TestNG-test=NopCommerce - GUI-1] ReportManager - Expected "Register", and actual "Register"
[ERROR] 2023-06-11 09:41:20.521 [TestNG-test=NopCommerce - GUI-1] ReportManager - java.lang.UnsatisfiedLinkError: 'long org.opencv.core.Mat.n_Mat()'
 org.opencv.core.Mat.n_Mat(Native Method)
 org.opencv.core.Mat.<init>(Mat.java:23)
 org.opencv.core.MatOfByte.<init>(MatOfByte.java:12)
 com.shaft.gui.internal.image.ScreenshotManager.internalCaptureScreenShot(ScreenshotManager.java:338)
 com.shaft.gui.internal.image.ScreenshotManager.captureScreenShot(ScreenshotManager.java:151)
 com.shaft.validation.internal.ValidationsHelper.reportValidationState(ValidationsHelper.java:609)
 com.shaft.validation.internal.ValidationsHelper.pass(ValidationsHelper.java:373)
 com.shaft.validation.internal.ValidationsHelper.reportValidationResultOfElementAttribute(ValidationsHelper.java:488)
 com.shaft.validation.internal.ValidationsHelper.validateElementAttribute(ValidationsHelper.java:178)
 com.shaft.validation.internal.ValidationsExecutor.perform(ValidationsExecutor.java:149)
 tests.RegisterUserTest.registerWithValidEmailAndPw(RegisterUserTest.java:30)
 java.base/jdk.internal.reflect.DirectMethodHandleAccessor.invoke(DirectMethodHandleAccessor.java:104)
 java.base/java.lang.reflect.Method.invoke(Method.java:578)
 org.testng.internal.invokers.MethodInvocationHelper.invokeMethod(MethodInvocationHelper.java:139)
 org.testng.internal.invokers.TestInvoker.invokeMethod(TestInvoker.java:664)
 org.testng.internal.invokers.TestInvoker.invokeTestMethod(TestInvoker.java:227)
 org.testng.internal.invokers.MethodRunner.runInSequence(MethodRunner.java:50)
 org.testng.internal.invokers.TestInvoker$MethodInvocationAgent.invoke(TestInvoker.java:957)
 org.testng.internal.invokers.TestInvoker.invokeTestMethods(TestInvoker.java:200)
 org.testng.internal.invokers.TestMethodWorker.invokeTestMethods(TestMethodWorker.java:148)
 org.testng.internal.invokers.TestMethodWorker.run(TestMethodWorker.java:128)
 java.base/java.util.concurrent.ThreadPoolExecutor.runWorker(ThreadPoolExecutor.java:1144)
 java.base/java.util.concurrent.ThreadPoolExecutor$Worker.run(ThreadPoolExecutor.java:642)
 java.base/java.lang.Thread.run(Thread.java:1623)
[INFO ] 2023-06-11 09:41:20.521 [TestNG-test=NopCommerce - GUI-1] ReportManager - Caught an UnsatisfiedLinkError, switching element highlighting method to JavaScript instead of AI.
[WARN ] 2023-06-11 09:41:22.003 [TestNG-test=NopCommerce - GUI-1] ReportManager - Jun 11, 2023 9:41:22 AM org.openqa.selenium.devtools.CdpVersionFinder findNearestMatch
[WARN ] 2023-06-11 09:41:22.004 [TestNG-test=NopCommerce - GUI-1] ReportManager - WARNING: Unable to find an exact match for CDP version 114, so returning the closest version found: 112
[INFO ] 2023-06-11 09:41:22.013 [TestNG-test=NopCommerce - GUI-1] ReportManager - Successfully Opened: "WINDOWS | Chrome".
[INFO ] 2023-06-11 09:41:22.505 [TestNG-test=NopCommerce - GUI-1] ReportManager - 
------------------------------------------------------------------------------------------------------------------------------------------------
                                        Starting Execution: '1 out of 15' test cases in the current suite                                        
                                        Test Method: 'tests.RegisterUserTest.registerWithValidEmailAndPw'                                        
                                  Test Description: 'Validate registering a user with valid email and password'                                  
------------------------------------------------------------------------------------------------------------------------------------------------

[INFO ] 2023-06-11 09:41:22.512 [TestNG-test=NopCommerce - GUI-1] ReportManager - File Action "DoesFileExist" successfully performed. With the following test data "File Path: "src/test/resources/testDataFiles/RegisterUserTestData.json"".
[INFO ] 2023-06-11 09:41:22.512 [TestNG-test=NopCommerce - GUI-1] ReportManager - File Action "GetAbsolutePath" successfully performed. With the following test data "Relative Folder Path: "src/test/resources/testDataFiles/RegisterUserTestData.json"".
[INFO ] 2023-06-11 09:41:23.067 [TestNG-test=NopCommerce - GUI-1] ReportManager - Assertion "ValidateElementAttribute" PASSED. Expected "Value Should be 'Register' for the 'text' attribute, element locator 'By.className: page-title'" and Actual "Register". Comparison Type "CONTAINS". Validation Type "POSITIVE".
[INFO ] 2023-06-11 09:41:23.079 [TestNG-test=NopCommerce - GUI-1] ReportManager - Successfully created attachment 'Screenshot - 1686469281011_registerWithValidEmailAndPw_ValidateElementAttribute_passed'
[INFO ] 2023-06-11 09:41:23.081 [TestNG-test=NopCommerce - GUI-1] ReportManager - File Action "DoesFileExist" successfully performed. With the following test data "File Path: "src/test/resources/testDataFiles/RegisterUserTestData.json"".
[INFO ] 2023-06-11 09:41:23.082 [TestNG-test=NopCommerce - GUI-1] ReportManager - File Action "GetAbsolutePath" successfully performed. With the following test data "Relative Folder Path: "src/test/resources/testDataFiles/RegisterUserTestData.json"".
[INFO ] 2023-06-11 09:41:23.206 [TestNG-test=NopCommerce - GUI-1] ReportManager - File Action "DoesFileExist" successfully performed. With the following test data "File Path: "src/test/resources/testDataFiles/RegisterUserTestData.json"".
[INFO ] 2023-06-11 09:41:23.217 [TestNG-test=NopCommerce - GUI-1] ReportManager - File Action "GetAbsolutePath" successfully performed. With the following test data "Relative Folder Path: "src/test/resources/testDataFiles/RegisterUserTestData.json"".
[INFO ] 2023-06-11 09:41:23.285 [TestNG-test=NopCommerce - GUI-1] ReportManager - File Action "DoesFileExist" successfully performed. With the following test data "File Path: "src/test/resources/testDataFiles/RegisterUserTestData.json"".
[INFO ] 2023-06-11 09:41:23.285 [TestNG-test=NopCommerce - GUI-1] ReportManager - File Action "GetAbsolutePath" successfully performed. With the following test data "Relative Folder Path: "src/test/resources/testDataFiles/RegisterUserTestData.json"".
[INFO ] 2023-06-11 09:41:23.502 [TestNG-test=NopCommerce - GUI-1] ReportManager - Type "John" into "First name:".
[INFO ] 2023-06-11 09:41:23.788 [TestNG-test=NopCommerce - GUI-1] ReportManager - Type "Doe" into "Last name:".
[INFO ] 2023-06-11 09:41:23.911 [TestNG-test=NopCommerce - GUI-1] ReportManager - File Action "DoesFileExist" successfully performed. With the following test data "File Path: "src/test/resources/testDataFiles/RegisterUserTestData.json"".
[INFO ] 2023-06-11 09:41:23.912 [TestNG-test=NopCommerce - GUI-1] ReportManager - File Action "GetAbsolutePath" successfully performed. With the following test data "Relative Folder Path: "src/test/resources/testDataFiles/RegisterUserTestData.json"".
[INFO ] 2023-06-11 09:41:24.041 [TestNG-test=NopCommerce - GUI-1] ReportManager - Target URL: "https://demo.nopcommerce.com/register?returnUrl=%2F"
[INFO ] 2023-06-11 09:41:24.077 [TestNG-test=NopCommerce - GUI-1] ReportManager - Initial URL: "data:,"
[INFO ] 2023-06-11 09:41:24.191 [TestNG-test=NopCommerce - GUI-1] ReportManager - Type "johndoe_11062023094114144@gmail.com" into "Email:".
[INFO ] 2023-06-11 09:41:24.346 [TestNG-test=NopCommerce - GUI-1] ReportManager - Type "tester123" into "Password:".
[INFO ] 2023-06-11 09:41:24.518 [TestNG-test=NopCommerce - GUI-1] ReportManager - Type "tester123" into "Confirm password:".
[INFO ] 2023-06-11 09:41:24.727 [TestNG-test=NopCommerce - GUI-1] ReportManager - Moved the mouse to the middle of the element.
[INFO ] 2023-06-11 09:41:24.834 [TestNG-test=NopCommerce - GUI-1] ReportManager - Click "REGISTER".
[INFO ] 2023-06-11 09:41:24.835 [TestNG-test=NopCommerce - GUI-1] ReportManager - File Action "DoesFileExist" successfully performed. With the following test data "File Path: "src/test/resources/testDataFiles/RegisterUserTestData.json"".
[INFO ] 2023-06-11 09:41:24.835 [TestNG-test=NopCommerce - GUI-1] ReportManager - File Action "GetAbsolutePath" successfully performed. With the following test data "Relative Folder Path: "src/test/resources/testDataFiles/RegisterUserTestData.json"".
[INFO ] 2023-06-11 09:41:25.747 [TestNG-test=NopCommerce - GUI-1] ReportManager - Get text "Your registration completed" from "By.className: result".
[INFO ] 2023-06-11 09:41:25.749 [TestNG-test=NopCommerce - GUI-1] ReportManager - Expected "Your registration completed", and actual "Your registration completed"
[ERROR] 2023-06-11 09:41:25.751 [TestNG-test=NopCommerce - GUI-1] ReportManager - java.lang.UnsatisfiedLinkError: 'long org.opencv.core.Mat.n_Mat()'
 org.opencv.core.Mat.n_Mat(Native Method)
 org.opencv.core.Mat.<init>(Mat.java:23)
 org.opencv.core.MatOfByte.<init>(MatOfByte.java:12)
 com.shaft.gui.internal.image.ScreenshotManager.internalCaptureScreenShot(ScreenshotManager.java:338)
 com.shaft.gui.internal.image.ScreenshotManager.captureScreenShot(ScreenshotManager.java:151)
 com.shaft.validation.internal.ValidationsHelper.reportValidationState(ValidationsHelper.java:609)
 com.shaft.validation.internal.ValidationsHelper.pass(ValidationsHelper.java:373)
 com.shaft.validation.internal.ValidationsHelper.reportValidationResultOfElementAttribute(ValidationsHelper.java:488)
 com.shaft.validation.internal.ValidationsHelper.validateElementAttribute(ValidationsHelper.java:178)
 com.shaft.validation.internal.ValidationsExecutor.perform(ValidationsExecutor.java:149)
 tests.RegisterUserTest.registerWithValidEmailAndPw(RegisterUserTest.java:32)
 java.base/jdk.internal.reflect.DirectMethodHandleAccessor.invoke(DirectMethodHandleAccessor.java:104)
 java.base/java.lang.reflect.Method.invoke(Method.java:578)
 org.testng.internal.invokers.MethodInvocationHelper.invokeMethod(MethodInvocationHelper.java:139)
 org.testng.internal.invokers.TestInvoker.invokeMethod(TestInvoker.java:664)
 org.testng.internal.invokers.TestInvoker.invokeTestMethod(TestInvoker.java:227)
 org.testng.internal.invokers.MethodRunner.runInSequence(MethodRunner.java:50)
 org.testng.internal.invokers.TestInvoker$MethodInvocationAgent.invoke(TestInvoker.java:957)
 org.testng.internal.invokers.TestInvoker.invokeTestMethods(TestInvoker.java:200)
 org.testng.internal.invokers.TestMethodWorker.invokeTestMethods(TestMethodWorker.java:148)
 org.testng.internal.invokers.TestMethodWorker.run(TestMethodWorker.java:128)
 java.base/java.util.concurrent.ThreadPoolExecutor.runWorker(ThreadPoolExecutor.java:1144)
 java.base/java.util.concurrent.ThreadPoolExecutor$Worker.run(ThreadPoolExecutor.java:642)
 java.base/java.lang.Thread.run(Thread.java:1623)
[INFO ] 2023-06-11 09:41:25.751 [TestNG-test=NopCommerce - GUI-1] ReportManager - Caught an UnsatisfiedLinkError, switching element highlighting method to JavaScript instead of AI.
[INFO ] 2023-06-11 09:41:26.193 [TestNG-test=NopCommerce - GUI-1] ReportManager - Navigate to url "https://demo.nopcommerce.com/register?returnUrl=%2F".
[INFO ] 2023-06-11 09:41:26.314 [TestNG-test=NopCommerce - GUI-1] ReportManager - Get text "Register" from "By.className: page-title".
[INFO ] 2023-06-11 09:41:26.315 [TestNG-test=NopCommerce - GUI-1] ReportManager - Expected "Register", and actual "Register"
[INFO ] 2023-06-11 09:41:26.381 [TestNG-test=NopCommerce - GUI-1] ReportManager - Assertion "ValidateElementAttribute" PASSED. Expected "Value Should be 'Your registration completed' for the 'text' attribute, element locator 'By.className: result'" and Actual "Your registration completed". Comparison Type "CONTAINS". Validation Type "POSITIVE".
[INFO ] 2023-06-11 09:41:26.384 [TestNG-test=NopCommerce - GUI-1] ReportManager - Successfully created attachment 'Screenshot - 1686469286021_registerWithValidEmailAndPw_ValidateElementAttribute_passed'
[INFO ] 2023-06-11 09:41:26.655 [TestNG-test=NopCommerce - GUI-1] ReportManager - Moved the mouse to the middle of the element.
[INFO ] 2023-06-11 09:41:26.693 [TestNG-test=NopCommerce - GUI-1] ReportManager - Click "CONTINUE".
[INFO ] 2023-06-11 09:41:26.700 [TestNG-test=NopCommerce - GUI-1] ReportManager - Successfully created attachment 'SHAFT Engine Logs - Current Method log: methodSetup'
[INFO ] 2023-06-11 09:41:26.802 [TestNG-test=NopCommerce - GUI-1] ReportManager - Successfully created attachment 'SHAFT Engine Logs - Current Method log: registerWithValidEmailAndPw'
[INFO ] 2023-06-11 09:41:26.878 [TestNG-test=NopCommerce - GUI-1] ReportManager - 
------------------------------------------------------------------------------------------------------------------------------------------------
                                           Starting execution of method tear down configuration method                                           
                                                     'tests.RegisterUserTest.methodTearDown'                                                     
------------------------------------------------------------------------------------------------------------------------------------------------

[INFO ] 2023-06-11 09:41:27.749 [TestNG-test=NopCommerce - GUI-1] ReportManager - Assertion "ValidateElementAttribute" PASSED. Expected "Value Should be 'Register' for the 'text' attribute, element locator 'By.className: page-title'" and Actual "Register". Comparison Type "CONTAINS". Validation Type "POSITIVE".
[INFO ] 2023-06-11 09:41:27.757 [TestNG-test=NopCommerce - GUI-1] ReportManager - Successfully created attachment 'Screenshot - 1686469286609_registerWithValidEmailAndPw_ValidateElementAttribute_passed'
[INFO ] 2023-06-11 09:41:27.759 [TestNG-test=NopCommerce - GUI-1] ReportManager - File Action "DoesFileExist" successfully performed. With the following test data "File Path: "src/test/resources/testDataFiles/RegisterUserTestData.json"".
[INFO ] 2023-06-11 09:41:27.759 [TestNG-test=NopCommerce - GUI-1] ReportManager - File Action "GetAbsolutePath" successfully performed. With the following test data "Relative Folder Path: "src/test/resources/testDataFiles/RegisterUserTestData.json"".
[INFO ] 2023-06-11 09:41:27.778 [TestNG-test=NopCommerce - GUI-1] ReportManager - File Action "DoesFileExist" successfully performed. With the following test data "File Path: "src/test/resources/testDataFiles/RegisterUserTestData.json"".
[INFO ] 2023-06-11 09:41:27.778 [TestNG-test=NopCommerce - GUI-1] ReportManager - File Action "GetAbsolutePath" successfully performed. With the following test data "Relative Folder Path: "src/test/resources/testDataFiles/RegisterUserTestData.json"".
[INFO ] 2023-06-11 09:41:27.798 [TestNG-test=NopCommerce - GUI-1] ReportManager - File Action "DoesFileExist" successfully performed. With the following test data "File Path: "src/test/resources/testDataFiles/RegisterUserTestData.json"".
[INFO ] 2023-06-11 09:41:27.798 [TestNG-test=NopCommerce - GUI-1] ReportManager - File Action "GetAbsolutePath" successfully performed. With the following test data "Relative Folder Path: "src/test/resources/testDataFiles/RegisterUserTestData.json"".
[INFO ] 2023-06-11 09:41:27.947 [TestNG-test=NopCommerce - GUI-1] ReportManager - Type "John" into "First name:".
[INFO ] 2023-06-11 09:41:28.101 [TestNG-test=NopCommerce - GUI-1] ReportManager - Type "Doe" into "Last name:".
[INFO ] 2023-06-11 09:41:28.240 [TestNG-test=NopCommerce - GUI-1] ReportManager - Type "johndoe_11062023094119180@gmail.com" into "Email:".
[INFO ] 2023-06-11 09:41:28.405 [TestNG-test=NopCommerce - GUI-1] ReportManager - Type "tester123" into "Password:".
[INFO ] 2023-06-11 09:41:28.510 [TestNG-test=NopCommerce - GUI-1] ReportManager - Successfully Closed Driver.
[INFO ] 2023-06-11 09:41:28.511 [TestNG-test=NopCommerce - GUI-1] ReportManager - Driver is already closed.
[ERROR] 2023-06-11 09:41:28.514 [TestNG-test=NopCommerce - GUI-1] AllureLifecycle - Could not add attachment: no test is running
[INFO ] 2023-06-11 09:41:28.515 [TestNG-test=NopCommerce - GUI-1] ReportManager - Successfully created attachment 'SHAFT Engine Logs - Current Method log: methodTearDown'
[INFO ] 2023-06-11 09:41:28.518 [TestNG-test=NopCommerce - GUI-2] ReportManager - 
------------------------------------------------------------------------------------------------------------------------------------------------
                                             Starting execution of method setup configuration method                                             
                                                      'tests.RegisterUserTest.methodSetup'                                                      
------------------------------------------------------------------------------------------------------------------------------------------------

[INFO ] 2023-06-11 09:41:28.522 [TestNG-test=NopCommerce - GUI-2] ReportManager - Setting "targetOperatingSystem" property with "WINDOWS".
[INFO ] 2023-06-11 09:41:28.525 [TestNG-test=NopCommerce - GUI-2] ReportManager - File Action "DoesFileExist" successfully performed. With the following test data "File Path: "target/downloadedFiles/"".
[INFO ] 2023-06-11 09:41:28.526 [TestNG-test=NopCommerce - GUI-2] ReportManager - File Action "GetAbsolutePath" successfully performed. With the following test data "Relative Folder Path: "src/test/resources/testDataFiles/target/downloadedFiles/"".
[INFO ] 2023-06-11 09:41:28.528 [TestNG-test=NopCommerce - GUI-2] ReportManager - File Action "DoesFileExist" successfully performed. With the following test data "File Path: "target/downloadedFiles/"".
[INFO ] 2023-06-11 09:41:28.529 [TestNG-test=NopCommerce - GUI-2] ReportManager - File Action "GetAbsolutePath" successfully performed. With the following test data "Relative Folder Path: "src/test/resources/testDataFiles/target/downloadedFiles/"".
[INFO ] 2023-06-11 09:41:28.530 [TestNG-test=NopCommerce - GUI-2] ReportManager - Attempting to run locally on: "WINDOWS | Chrome".
[INFO ] 2023-06-11 09:41:28.530 [TestNG-test=NopCommerce - GUI-2] ReportManager - Identifying OS/Driver combination and selecting the correct driver version automatically. Please note that if a new driver executable will be downloaded it may take some time...
[DEBUG] 2023-06-11 09:41:28.547 [TestNG-test=NopCommerce - GUI-2] ResolutionCache - Resolution chrome=114 in cache (valid until 10:35:51 11/06/2023 EET)
[DEBUG] 2023-06-11 09:41:28.548 [TestNG-test=NopCommerce - GUI-2] ResolutionCache - Resolution chrome114=114.0.5735.90 in cache (valid until 08:23:04 12/06/2023 EET)
[INFO ] 2023-06-11 09:41:28.548 [TestNG-test=NopCommerce - GUI-2] WebDriverManager - Using chromedriver 114.0.5735.90 (resolved driver for Chrome 114)
[INFO ] 2023-06-11 09:41:28.557 [TestNG-test=NopCommerce - GUI-1] ReportManager - Type "tester123" into "Confirm password:".
[DEBUG] 2023-06-11 09:41:28.564 [TestNG-test=NopCommerce - GUI-2] WebDriverManager - Driver chromedriver 114.0.5735.90 found in cache
[INFO ] 2023-06-11 09:41:28.565 [TestNG-test=NopCommerce - GUI-2] WebDriverManager - Exporting webdriver.chrome.driver as C:\Users\usama\.cache\selenium\chromedriver\win32\114.0.5735.90\chromedriver.exe
[INFO ] 2023-06-11 09:41:28.746 [TestNG-test=NopCommerce - GUI-1] ReportManager - Moved the mouse to the middle of the element.
[WARN ] 2023-06-11 09:41:28.778 [Exec Stream Pumper] ReportManager - Starting ChromeDriver 114.0.5735.90 (386bc09e8f4f2e025eddae123f36f6263096ae49-refs/branch-heads/5735@{#1052}) on port 22743
[WARN ] 2023-06-11 09:41:28.779 [Exec Stream Pumper] ReportManager - Only local connections are allowed.
[WARN ] 2023-06-11 09:41:28.779 [Exec Stream Pumper] ReportManager - Please see https://chromedriver.chromium.org/security-considerations for suggestions on keeping ChromeDriver safe.
[WARN ] 2023-06-11 09:41:28.792 [Exec Stream Pumper] ReportManager - ChromeDriver was started successfully.
[INFO ] 2023-06-11 09:41:28.814 [TestNG-test=NopCommerce - GUI-1] ReportManager - Click "REGISTER".
[INFO ] 2023-06-11 09:41:28.815 [TestNG-test=NopCommerce - GUI-1] ReportManager - File Action "DoesFileExist" successfully performed. With the following test data "File Path: "src/test/resources/testDataFiles/RegisterUserTestData.json"".
[INFO ] 2023-06-11 09:41:28.816 [TestNG-test=NopCommerce - GUI-1] ReportManager - File Action "GetAbsolutePath" successfully performed. With the following test data "Relative Folder Path: "src/test/resources/testDataFiles/RegisterUserTestData.json"".
[WARN ] 2023-06-11 09:41:29.914 [TestNG-test=NopCommerce - GUI-2] ReportManager - Jun 11, 2023 9:41:29 AM org.openqa.selenium.devtools.CdpVersionFinder findNearestMatch
[WARN ] 2023-06-11 09:41:29.915 [TestNG-test=NopCommerce - GUI-2] ReportManager - WARNING: Unable to find an exact match for CDP version 114, so returning the closest version found: 112
[INFO ] 2023-06-11 09:41:29.916 [TestNG-test=NopCommerce - GUI-2] ReportManager - Successfully Opened: "WINDOWS | Chrome".
[INFO ] 2023-06-11 09:41:29.921 [TestNG-test=NopCommerce - GUI-2] ReportManager - 
------------------------------------------------------------------------------------------------------------------------------------------------
                                        Starting Execution: '2 out of 15' test cases in the current suite                                        
                                      Test Method: 'tests.RegisterUserTest.registerWithExistingEmailAndPw'                                      
                                     Test Description: 'Validate registering with already registered email'                                     
------------------------------------------------------------------------------------------------------------------------------------------------

[INFO ] 2023-06-11 09:41:29.936 [TestNG-test=NopCommerce - GUI-2] ReportManager - Target URL: "https://demo.nopcommerce.com/register?returnUrl=%2F"
[INFO ] 2023-06-11 09:41:29.958 [TestNG-test=NopCommerce - GUI-2] ReportManager - Initial URL: "data:,"
[INFO ] 2023-06-11 09:41:30.183 [TestNG-test=NopCommerce - GUI-1] ReportManager - Get text "Your registration completed" from "By.className: result".
[INFO ] 2023-06-11 09:41:30.183 [TestNG-test=NopCommerce - GUI-1] ReportManager - Expected "Your registration completed", and actual "Your registration completed"
[INFO ] 2023-06-11 09:41:30.864 [TestNG-test=NopCommerce - GUI-1] ReportManager - Assertion "ValidateElementAttribute" PASSED. Expected "Value Should be 'Your registration completed' for the 'text' attribute, element locator 'By.className: result'" and Actual "Your registration completed". Comparison Type "CONTAINS". Validation Type "POSITIVE".
[INFO ] 2023-06-11 09:41:30.867 [TestNG-test=NopCommerce - GUI-1] ReportManager - Successfully created attachment 'Screenshot - 1686469290353_registerWithValidEmailAndPw_ValidateElementAttribute_passed'
[INFO ] 2023-06-11 09:41:31.044 [TestNG-test=NopCommerce - GUI-1] ReportManager - Moved the mouse to the middle of the element.
[INFO ] 2023-06-11 09:41:31.100 [TestNG-test=NopCommerce - GUI-1] ReportManager - Click "CONTINUE".
[INFO ] 2023-06-11 09:41:31.144 [TestNG-test=NopCommerce - GUI-1] ReportManager - Successfully created attachment 'SHAFT Engine Logs - Current Method log: methodSetup'
[INFO ] 2023-06-11 09:41:31.146 [TestNG-test=NopCommerce - GUI-1] ReportManager - Successfully created attachment 'SHAFT Engine Logs - Current Method log: registerWithValidEmailAndPw'
[INFO ] 2023-06-11 09:41:31.156 [TestNG-test=NopCommerce - GUI-1] ReportManager - 
------------------------------------------------------------------------------------------------------------------------------------------------
                                           Starting execution of method tear down configuration method                                           
                                                     'tests.RegisterUserTest.methodTearDown'                                                     
------------------------------------------------------------------------------------------------------------------------------------------------

[INFO ] 2023-06-11 09:41:32.842 [TestNG-test=NopCommerce - GUI-2] ReportManager - Navigate to url "https://demo.nopcommerce.com/register?returnUrl=%2F".
[INFO ] 2023-06-11 09:41:32.843 [TestNG-test=NopCommerce - GUI-2] ReportManager - File Action "DoesFileExist" successfully performed. With the following test data "File Path: "src/test/resources/testDataFiles/RegisterUserTestData.json"".
[INFO ] 2023-06-11 09:41:32.843 [TestNG-test=NopCommerce - GUI-2] ReportManager - File Action "GetAbsolutePath" successfully performed. With the following test data "Relative Folder Path: "src/test/resources/testDataFiles/RegisterUserTestData.json"".
[INFO ] 2023-06-11 09:41:32.864 [TestNG-test=NopCommerce - GUI-2] ReportManager - File Action "DoesFileExist" successfully performed. With the following test data "File Path: "src/test/resources/testDataFiles/RegisterUserTestData.json"".
[INFO ] 2023-06-11 09:41:32.864 [TestNG-test=NopCommerce - GUI-2] ReportManager - File Action "GetAbsolutePath" successfully performed. With the following test data "Relative Folder Path: "src/test/resources/testDataFiles/RegisterUserTestData.json"".
[INFO ] 2023-06-11 09:41:32.887 [TestNG-test=NopCommerce - GUI-2] ReportManager - File Action "DoesFileExist" successfully performed. With the following test data "File Path: "src/test/resources/testDataFiles/RegisterUserTestData.json"".
[INFO ] 2023-06-11 09:41:32.887 [TestNG-test=NopCommerce - GUI-2] ReportManager - File Action "GetAbsolutePath" successfully performed. With the following test data "Relative Folder Path: "src/test/resources/testDataFiles/RegisterUserTestData.json"".
[INFO ] 2023-06-11 09:41:33.066 [TestNG-test=NopCommerce - GUI-2] ReportManager - Type "John" into "First name:".
[INFO ] 2023-06-11 09:41:33.202 [TestNG-test=NopCommerce - GUI-2] ReportManager - Type "Doe" into "Last name:".
[INFO ] 2023-06-11 09:41:33.345 [TestNG-test=NopCommerce - GUI-2] ReportManager - Type "johndoe_11062023094114144@gmail.com" into "Email:".
[INFO ] 2023-06-11 09:41:33.480 [TestNG-test=NopCommerce - GUI-2] ReportManager - Type "tester123" into "Password:".
[INFO ] 2023-06-11 09:41:33.503 [TestNG-test=NopCommerce - GUI-1] ReportManager - Successfully Closed Driver.
[INFO ] 2023-06-11 09:41:33.503 [TestNG-test=NopCommerce - GUI-1] ReportManager - Driver is already closed.
[ERROR] 2023-06-11 09:41:33.506 [TestNG-test=NopCommerce - GUI-1] AllureLifecycle - Could not add attachment: no test is running
[INFO ] 2023-06-11 09:41:33.507 [TestNG-test=NopCommerce - GUI-1] ReportManager - Successfully created attachment 'SHAFT Engine Logs - Current Method log: methodTearDown'
[INFO ] 2023-06-11 09:41:33.511 [TestNG-test=NopCommerce - GUI-2] ReportManager - 
------------------------------------------------------------------------------------------------------------------------------------------------
                                             Starting execution of method setup configuration method                                             
                                                      'tests.RegisterUserTest.methodSetup'                                                      
------------------------------------------------------------------------------------------------------------------------------------------------

[INFO ] 2023-06-11 09:41:33.514 [TestNG-test=NopCommerce - GUI-2] ReportManager - Setting "targetOperatingSystem" property with "WINDOWS".
[INFO ] 2023-06-11 09:41:33.515 [TestNG-test=NopCommerce - GUI-2] ReportManager - File Action "DoesFileExist" successfully performed. With the following test data "File Path: "target/downloadedFiles/"".
[INFO ] 2023-06-11 09:41:33.515 [TestNG-test=NopCommerce - GUI-2] ReportManager - File Action "GetAbsolutePath" successfully performed. With the following test data "Relative Folder Path: "src/test/resources/testDataFiles/target/downloadedFiles/"".
[INFO ] 2023-06-11 09:41:33.516 [TestNG-test=NopCommerce - GUI-2] ReportManager - File Action "DoesFileExist" successfully performed. With the following test data "File Path: "target/downloadedFiles/"".
[INFO ] 2023-06-11 09:41:33.517 [TestNG-test=NopCommerce - GUI-2] ReportManager - File Action "GetAbsolutePath" successfully performed. With the following test data "Relative Folder Path: "src/test/resources/testDataFiles/target/downloadedFiles/"".
[INFO ] 2023-06-11 09:41:33.518 [TestNG-test=NopCommerce - GUI-2] ReportManager - Attempting to run locally on: "WINDOWS | Chrome".
[INFO ] 2023-06-11 09:41:33.518 [TestNG-test=NopCommerce - GUI-2] ReportManager - Identifying OS/Driver combination and selecting the correct driver version automatically. Please note that if a new driver executable will be downloaded it may take some time...
[DEBUG] 2023-06-11 09:41:33.530 [TestNG-test=NopCommerce - GUI-2] ResolutionCache - Resolution chrome=114 in cache (valid until 10:35:51 11/06/2023 EET)
[DEBUG] 2023-06-11 09:41:33.531 [TestNG-test=NopCommerce - GUI-2] ResolutionCache - Resolution chrome114=114.0.5735.90 in cache (valid until 08:23:04 12/06/2023 EET)
[INFO ] 2023-06-11 09:41:33.531 [TestNG-test=NopCommerce - GUI-2] WebDriverManager - Using chromedriver 114.0.5735.90 (resolved driver for Chrome 114)
[DEBUG] 2023-06-11 09:41:33.543 [TestNG-test=NopCommerce - GUI-2] WebDriverManager - Driver chromedriver 114.0.5735.90 found in cache
[INFO ] 2023-06-11 09:41:33.544 [TestNG-test=NopCommerce - GUI-2] WebDriverManager - Exporting webdriver.chrome.driver as C:\Users\usama\.cache\selenium\chromedriver\win32\114.0.5735.90\chromedriver.exe
[WARN ] 2023-06-11 09:41:33.611 [Exec Stream Pumper] ReportManager - Starting ChromeDriver 114.0.5735.90 (386bc09e8f4f2e025eddae123f36f6263096ae49-refs/branch-heads/5735@{#1052}) on port 30749
[WARN ] 2023-06-11 09:41:33.611 [Exec Stream Pumper] ReportManager - Only local connections are allowed.
[WARN ] 2023-06-11 09:41:33.611 [Exec Stream Pumper] ReportManager - Please see https://chromedriver.chromium.org/security-considerations for suggestions on keeping ChromeDriver safe.
[WARN ] 2023-06-11 09:41:33.624 [Exec Stream Pumper] ReportManager - ChromeDriver was started successfully.
[INFO ] 2023-06-11 09:41:33.634 [TestNG-test=NopCommerce - GUI-2] ReportManager - Type "tester123" into "Confirm password:".
[INFO ] 2023-06-11 09:41:33.833 [TestNG-test=NopCommerce - GUI-2] ReportManager - Moved the mouse to the middle of the element.
[INFO ] 2023-06-11 09:41:33.887 [TestNG-test=NopCommerce - GUI-2] ReportManager - Click "REGISTER".
[INFO ] 2023-06-11 09:41:33.889 [TestNG-test=NopCommerce - GUI-2] ReportManager - File Action "DoesFileExist" successfully performed. With the following test data "File Path: "src/test/resources/testDataFiles/RegisterUserTestData.json"".
[INFO ] 2023-06-11 09:41:33.890 [TestNG-test=NopCommerce - GUI-2] ReportManager - File Action "GetAbsolutePath" successfully performed. With the following test data "Relative Folder Path: "src/test/resources/testDataFiles/RegisterUserTestData.json"".
[WARN ] 2023-06-11 09:41:34.525 [TestNG-test=NopCommerce - GUI-2] ReportManager - Jun 11, 2023 9:41:34 AM org.openqa.selenium.devtools.CdpVersionFinder findNearestMatch
[WARN ] 2023-06-11 09:41:34.525 [TestNG-test=NopCommerce - GUI-2] ReportManager - WARNING: Unable to find an exact match for CDP version 114, so returning the closest version found: 112
[INFO ] 2023-06-11 09:41:34.527 [TestNG-test=NopCommerce - GUI-2] ReportManager - Successfully Opened: "WINDOWS | Chrome".
[INFO ] 2023-06-11 09:41:34.892 [TestNG-test=NopCommerce - GUI-2] ReportManager - Get text "The specified email already exists" from "By.className: validation-summary-errors".
[INFO ] 2023-06-11 09:41:34.892 [TestNG-test=NopCommerce - GUI-2] ReportManager - Expected "email already exists", and actual "The specified email already exists"
[ERROR] 2023-06-11 09:41:34.893 [TestNG-test=NopCommerce - GUI-2] ReportManager - java.lang.UnsatisfiedLinkError: 'long org.opencv.core.Mat.n_Mat()'
 org.opencv.core.Mat.n_Mat(Native Method)
 org.opencv.core.Mat.<init>(Mat.java:23)
 org.opencv.core.MatOfByte.<init>(MatOfByte.java:12)
 com.shaft.gui.internal.image.ScreenshotManager.internalCaptureScreenShot(ScreenshotManager.java:338)
 com.shaft.gui.internal.image.ScreenshotManager.captureScreenShot(ScreenshotManager.java:151)
 com.shaft.validation.internal.ValidationsHelper.reportValidationState(ValidationsHelper.java:609)
 com.shaft.validation.internal.ValidationsHelper.pass(ValidationsHelper.java:373)
 com.shaft.validation.internal.ValidationsHelper.reportValidationResultOfElementAttribute(ValidationsHelper.java:488)
 com.shaft.validation.internal.ValidationsHelper.validateElementAttribute(ValidationsHelper.java:178)
 com.shaft.validation.internal.ValidationsExecutor.perform(ValidationsExecutor.java:149)
 tests.RegisterUserTest.registerWithExistingEmailAndPw(RegisterUserTest.java:43)
 java.base/jdk.internal.reflect.DirectMethodHandleAccessor.invoke(DirectMethodHandleAccessor.java:104)
 java.base/java.lang.reflect.Method.invoke(Method.java:578)
 org.testng.internal.invokers.MethodInvocationHelper.invokeMethod(MethodInvocationHelper.java:139)
 org.testng.internal.invokers.TestInvoker.invokeMethod(TestInvoker.java:664)
 org.testng.internal.invokers.TestInvoker.invokeTestMethod(TestInvoker.java:227)
 org.testng.internal.invokers.MethodRunner.runInSequence(MethodRunner.java:50)
 org.testng.internal.invokers.TestInvoker$MethodInvocationAgent.invoke(TestInvoker.java:957)
 org.testng.internal.invokers.TestInvoker.invokeTestMethods(TestInvoker.java:200)
 org.testng.internal.invokers.TestMethodWorker.invokeTestMethods(TestMethodWorker.java:148)
 org.testng.internal.invokers.TestMethodWorker.run(TestMethodWorker.java:128)
 java.base/java.util.concurrent.ThreadPoolExecutor.runWorker(ThreadPoolExecutor.java:1144)
 java.base/java.util.concurrent.ThreadPoolExecutor$Worker.run(ThreadPoolExecutor.java:642)
 java.base/java.lang.Thread.run(Thread.java:1623)
[INFO ] 2023-06-11 09:41:34.893 [TestNG-test=NopCommerce - GUI-2] ReportManager - Caught an UnsatisfiedLinkError, switching element highlighting method to JavaScript instead of AI.
[INFO ] 2023-06-11 09:41:34.942 [TestNG-test=NopCommerce - GUI-2] ReportManager - 
------------------------------------------------------------------------------------------------------------------------------------------------
                                        Starting Execution: '2 out of 15' test cases in the current suite                                        
                                      Test Method: 'tests.RegisterUserTest.registerWithExistingEmailAndPw'                                      
                                     Test Description: 'Validate registering with already registered email'                                     
------------------------------------------------------------------------------------------------------------------------------------------------

[INFO ] 2023-06-11 09:41:34.973 [TestNG-test=NopCommerce - GUI-2] ReportManager - Target URL: "https://demo.nopcommerce.com/register?returnUrl=%2F"
[INFO ] 2023-06-11 09:41:35.060 [TestNG-test=NopCommerce - GUI-2] ReportManager - Initial URL: "data:,"
[INFO ] 2023-06-11 09:41:36.246 [TestNG-test=NopCommerce - GUI-2] ReportManager - Assertion "ValidateElementAttribute" PASSED. Expected "Value Should be 'email already exists' for the 'text' attribute, element locator 'By.className: validation-summary-errors'" and Actual "The specified email already exists". Comparison Type "CONTAINS". Validation Type "POSITIVE".
[INFO ] 2023-06-11 09:41:36.253 [TestNG-test=NopCommerce - GUI-2] ReportManager - Successfully created attachment 'Screenshot - 1686469295337_registerWithExistingEmailAndPw_ValidateElementAttribute_passed'
[INFO ] 2023-06-11 09:41:36.255 [TestNG-test=NopCommerce - GUI-2] ReportManager - Successfully created attachment 'SHAFT Engine Logs - Current Method log: methodSetup'
[INFO ] 2023-06-11 09:41:36.257 [TestNG-test=NopCommerce - GUI-2] ReportManager - Successfully created attachment 'SHAFT Engine Logs - Current Method log: registerWithExistingEmailAndPw'
[INFO ] 2023-06-11 09:41:36.266 [TestNG-test=NopCommerce - GUI-2] ReportManager - 
------------------------------------------------------------------------------------------------------------------------------------------------
                                           Starting execution of method tear down configuration method                                           
                                                     'tests.RegisterUserTest.methodTearDown'                                                     
------------------------------------------------------------------------------------------------------------------------------------------------

[INFO ] 2023-06-11 09:41:37.771 [TestNG-test=NopCommerce - GUI-2] ReportManager - Successfully Closed Driver.
[INFO ] 2023-06-11 09:41:37.772 [TestNG-test=NopCommerce - GUI-2] ReportManager - Driver is already closed.
[ERROR] 2023-06-11 09:41:37.779 [TestNG-test=NopCommerce - GUI-2] AllureLifecycle - Could not add attachment: no test is running
[INFO ] 2023-06-11 09:41:37.781 [TestNG-test=NopCommerce - GUI-2] ReportManager - Successfully created attachment 'SHAFT Engine Logs - Current Method log: methodTearDown'
[INFO ] 2023-06-11 09:41:37.786 [TestNG-test=NopCommerce - GUI-3] ReportManager - 
------------------------------------------------------------------------------------------------------------------------------------------------
                                                Starting execution of set up configuration method                                                
                                                             'tests.LoginTest.setUp'                                                             
------------------------------------------------------------------------------------------------------------------------------------------------

[INFO ] 2023-06-11 09:41:37.796 [TestNG-test=NopCommerce - GUI-3] ReportManager - Setting "targetOperatingSystem" property with "WINDOWS".
[INFO ] 2023-06-11 09:41:37.800 [TestNG-test=NopCommerce - GUI-3] ReportManager - File Action "DoesFileExist" successfully performed. With the following test data "File Path: "target/downloadedFiles/"".
[INFO ] 2023-06-11 09:41:37.801 [TestNG-test=NopCommerce - GUI-3] ReportManager - File Action "GetAbsolutePath" successfully performed. With the following test data "Relative Folder Path: "src/test/resources/testDataFiles/target/downloadedFiles/"".
[INFO ] 2023-06-11 09:41:37.803 [TestNG-test=NopCommerce - GUI-3] ReportManager - File Action "DoesFileExist" successfully performed. With the following test data "File Path: "target/downloadedFiles/"".
[INFO ] 2023-06-11 09:41:37.804 [TestNG-test=NopCommerce - GUI-3] ReportManager - File Action "GetAbsolutePath" successfully performed. With the following test data "Relative Folder Path: "src/test/resources/testDataFiles/target/downloadedFiles/"".
[INFO ] 2023-06-11 09:41:37.807 [TestNG-test=NopCommerce - GUI-3] ReportManager - Attempting to run locally on: "WINDOWS | Chrome".
[INFO ] 2023-06-11 09:41:37.809 [TestNG-test=NopCommerce - GUI-3] ReportManager - Identifying OS/Driver combination and selecting the correct driver version automatically. Please note that if a new driver executable will be downloaded it may take some time...
[DEBUG] 2023-06-11 09:41:37.818 [TestNG-test=NopCommerce - GUI-3] ResolutionCache - Resolution chrome=114 in cache (valid until 10:35:51 11/06/2023 EET)
[DEBUG] 2023-06-11 09:41:37.818 [TestNG-test=NopCommerce - GUI-3] ResolutionCache - Resolution chrome114=114.0.5735.90 in cache (valid until 08:23:04 12/06/2023 EET)
[INFO ] 2023-06-11 09:41:37.818 [TestNG-test=NopCommerce - GUI-3] WebDriverManager - Using chromedriver 114.0.5735.90 (resolved driver for Chrome 114)
[DEBUG] 2023-06-11 09:41:37.825 [TestNG-test=NopCommerce - GUI-3] WebDriverManager - Driver chromedriver 114.0.5735.90 found in cache
[INFO ] 2023-06-11 09:41:37.825 [TestNG-test=NopCommerce - GUI-3] WebDriverManager - Exporting webdriver.chrome.driver as C:\Users\usama\.cache\selenium\chromedriver\win32\114.0.5735.90\chromedriver.exe
[WARN ] 2023-06-11 09:41:37.871 [Exec Stream Pumper] ReportManager - Starting ChromeDriver 114.0.5735.90 (386bc09e8f4f2e025eddae123f36f6263096ae49-refs/branch-heads/5735@{#1052}) on port 5327
[WARN ] 2023-06-11 09:41:37.872 [Exec Stream Pumper] ReportManager - Only local connections are allowed.
[WARN ] 2023-06-11 09:41:37.872 [Exec Stream Pumper] ReportManager - Please see https://chromedriver.chromium.org/security-considerations for suggestions on keeping ChromeDriver safe.
[WARN ] 2023-06-11 09:41:37.880 [Exec Stream Pumper] ReportManager - ChromeDriver was started successfully.
[INFO ] 2023-06-11 09:41:38.372 [TestNG-test=NopCommerce - GUI-2] ReportManager - Navigate to url "https://demo.nopcommerce.com/register?returnUrl=%2F".
[INFO ] 2023-06-11 09:41:38.377 [TestNG-test=NopCommerce - GUI-2] ReportManager - File Action "DoesFileExist" successfully performed. With the following test data "File Path: "src/test/resources/testDataFiles/RegisterUserTestData.json"".
[INFO ] 2023-06-11 09:41:38.379 [TestNG-test=NopCommerce - GUI-2] ReportManager - File Action "GetAbsolutePath" successfully performed. With the following test data "Relative Folder Path: "src/test/resources/testDataFiles/RegisterUserTestData.json"".
[INFO ] 2023-06-11 09:41:38.414 [TestNG-test=NopCommerce - GUI-2] ReportManager - File Action "DoesFileExist" successfully performed. With the following test data "File Path: "src/test/resources/testDataFiles/RegisterUserTestData.json"".
[INFO ] 2023-06-11 09:41:38.415 [TestNG-test=NopCommerce - GUI-2] ReportManager - File Action "GetAbsolutePath" successfully performed. With the following test data "Relative Folder Path: "src/test/resources/testDataFiles/RegisterUserTestData.json"".
[INFO ] 2023-06-11 09:41:38.438 [TestNG-test=NopCommerce - GUI-2] ReportManager - File Action "DoesFileExist" successfully performed. With the following test data "File Path: "src/test/resources/testDataFiles/RegisterUserTestData.json"".
[INFO ] 2023-06-11 09:41:38.438 [TestNG-test=NopCommerce - GUI-2] ReportManager - File Action "GetAbsolutePath" successfully performed. With the following test data "Relative Folder Path: "src/test/resources/testDataFiles/RegisterUserTestData.json"".
[INFO ] 2023-06-11 09:41:38.600 [TestNG-test=NopCommerce - GUI-2] ReportManager - Type "John" into "First name:".
[WARN ] 2023-06-11 09:41:38.661 [TestNG-test=NopCommerce - GUI-3] ReportManager - Jun 11, 2023 9:41:38 AM org.openqa.selenium.devtools.CdpVersionFinder findNearestMatch
[WARN ] 2023-06-11 09:41:38.662 [TestNG-test=NopCommerce - GUI-3] ReportManager - WARNING: Unable to find an exact match for CDP version 114, so returning the closest version found: 112
[INFO ] 2023-06-11 09:41:38.663 [TestNG-test=NopCommerce - GUI-3] ReportManager - Successfully Opened: "WINDOWS | Chrome".
[INFO ] 2023-06-11 09:41:38.666 [TestNG-test=NopCommerce - GUI-3] ReportManager - File Action "DoesFileExist" successfully performed. With the following test data "File Path: "LoginTestData.json"".
[INFO ] 2023-06-11 09:41:38.666 [TestNG-test=NopCommerce - GUI-3] ReportManager - File Action "DoesFileExist" successfully performed. With the following test data "File Path: "src/test/resources/testDataFiles/LoginTestData.json"".
[INFO ] 2023-06-11 09:41:38.667 [TestNG-test=NopCommerce - GUI-3] ReportManager - File Action "GetAbsolutePath" successfully performed. With the following test data "Relative Folder Path: "src/test/resources/testDataFiles/LoginTestData.json"".
[INFO ] 2023-06-11 09:41:38.669 [TestNG-test=NopCommerce - GUI-3] ReportManager - Successfully created attachment 'Test Data - JSON'
[ERROR] 2023-06-11 09:41:38.669 [TestNG-test=NopCommerce - GUI-3] AllureLifecycle - Could not update step: step with uuid fab1619e-e9e5-448d-8b22-5bd1fa9bf4e1 not found
[INFO ] 2023-06-11 09:41:38.671 [TestNG-test=NopCommerce - GUI-3] ReportManager - 
------------------------------------------------------------------------------------------------------------------------------------------------
                                        Starting Execution: '3 out of 15' test cases in the current suite                                        
                                           Test Method: 'tests.LoginTest.registerWithValidEmailAndPw'                                           
                                  Test Description: 'Validate registering a user with valid email and password'                                  
------------------------------------------------------------------------------------------------------------------------------------------------

[INFO ] 2023-06-11 09:41:38.672 [TestNG-test=NopCommerce - GUI-3] ReportManager - File Action "DoesFileExist" successfully performed. With the following test data "File Path: "src/test/resources/testDataFiles/LoginTestData.json"".
[INFO ] 2023-06-11 09:41:38.673 [TestNG-test=NopCommerce - GUI-3] ReportManager - File Action "GetAbsolutePath" successfully performed. With the following test data "Relative Folder Path: "src/test/resources/testDataFiles/LoginTestData.json"".
[INFO ] 2023-06-11 09:41:38.696 [TestNG-test=NopCommerce - GUI-3] ReportManager - File Action "DoesFileExist" successfully performed. With the following test data "File Path: "src/test/resources/testDataFiles/LoginTestData.json"".
[INFO ] 2023-06-11 09:41:38.697 [TestNG-test=NopCommerce - GUI-3] ReportManager - File Action "GetAbsolutePath" successfully performed. With the following test data "Relative Folder Path: "src/test/resources/testDataFiles/LoginTestData.json"".
[INFO ] 2023-06-11 09:41:38.734 [TestNG-test=NopCommerce - GUI-2] ReportManager - Type "Doe" into "Last name:".
[INFO ] 2023-06-11 09:41:38.747 [TestNG-test=NopCommerce - GUI-3] ReportManager - Target URL: "https://demo.nopcommerce.com/register?returnUrl=%2F"
[INFO ] 2023-06-11 09:41:38.770 [TestNG-test=NopCommerce - GUI-3] ReportManager - Initial URL: "data:,"
[INFO ] 2023-06-11 09:41:38.916 [TestNG-test=NopCommerce - GUI-2] ReportManager - Type "johndoe_11062023094119180@gmail.com" into "Email:".
[INFO ] 2023-06-11 09:41:39.030 [TestNG-test=NopCommerce - GUI-2] ReportManager - Type "tester123" into "Password:".
[INFO ] 2023-06-11 09:41:39.149 [TestNG-test=NopCommerce - GUI-2] ReportManager - Type "tester123" into "Confirm password:".
[INFO ] 2023-06-11 09:41:39.321 [TestNG-test=NopCommerce - GUI-2] ReportManager - Moved the mouse to the middle of the element.
[INFO ] 2023-06-11 09:41:39.390 [TestNG-test=NopCommerce - GUI-2] ReportManager - Click "REGISTER".
[INFO ] 2023-06-11 09:41:39.391 [TestNG-test=NopCommerce - GUI-2] ReportManager - File Action "DoesFileExist" successfully performed. With the following test data "File Path: "src/test/resources/testDataFiles/RegisterUserTestData.json"".
[INFO ] 2023-06-11 09:41:39.391 [TestNG-test=NopCommerce - GUI-2] ReportManager - File Action "GetAbsolutePath" successfully performed. With the following test data "Relative Folder Path: "src/test/resources/testDataFiles/RegisterUserTestData.json"".
[INFO ] 2023-06-11 09:41:40.411 [TestNG-test=NopCommerce - GUI-2] ReportManager - Get text "The specified email already exists" from "By.className: validation-summary-errors".
[INFO ] 2023-06-11 09:41:40.411 [TestNG-test=NopCommerce - GUI-2] ReportManager - Expected "email already exists", and actual "The specified email already exists"
[INFO ] 2023-06-11 09:41:41.449 [TestNG-test=NopCommerce - GUI-2] ReportManager - Assertion "ValidateElementAttribute" PASSED. Expected "Value Should be 'email already exists' for the 'text' attribute, element locator 'By.className: validation-summary-errors'" and Actual "The specified email already exists". Comparison Type "CONTAINS". Validation Type "POSITIVE".
[INFO ] 2023-06-11 09:41:41.451 [TestNG-test=NopCommerce - GUI-2] ReportManager - Successfully created attachment 'Screenshot - 1686469300675_registerWithExistingEmailAndPw_ValidateElementAttribute_passed'
[INFO ] 2023-06-11 09:41:41.455 [TestNG-test=NopCommerce - GUI-2] ReportManager - Successfully created attachment 'SHAFT Engine Logs - Current Method log: methodSetup'
[INFO ] 2023-06-11 09:41:41.478 [TestNG-test=NopCommerce - GUI-2] ReportManager - Successfully created attachment 'SHAFT Engine Logs - Current Method log: registerWithExistingEmailAndPw'
[INFO ] 2023-06-11 09:41:41.484 [TestNG-test=NopCommerce - GUI-2] ReportManager - 
------------------------------------------------------------------------------------------------------------------------------------------------
                                           Starting execution of method tear down configuration method                                           
                                                     'tests.RegisterUserTest.methodTearDown'                                                     
------------------------------------------------------------------------------------------------------------------------------------------------

[INFO ] 2023-06-11 09:41:41.863 [TestNG-test=NopCommerce - GUI-3] ReportManager - Navigate to url "https://demo.nopcommerce.com/register?returnUrl=%2F".
[INFO ] 2023-06-11 09:41:41.948 [TestNG-test=NopCommerce - GUI-3] ReportManager - Get text "Register" from "By.className: page-title".
[INFO ] 2023-06-11 09:41:41.948 [TestNG-test=NopCommerce - GUI-3] ReportManager - Expected "Register", and actual "Register"
[ERROR] 2023-06-11 09:41:41.949 [TestNG-test=NopCommerce - GUI-3] ReportManager - java.lang.UnsatisfiedLinkError: 'long org.opencv.core.Mat.n_Mat()'
 org.opencv.core.Mat.n_Mat(Native Method)
 org.opencv.core.Mat.<init>(Mat.java:23)
 org.opencv.core.MatOfByte.<init>(MatOfByte.java:12)
 com.shaft.gui.internal.image.ScreenshotManager.internalCaptureScreenShot(ScreenshotManager.java:338)
 com.shaft.gui.internal.image.ScreenshotManager.captureScreenShot(ScreenshotManager.java:151)
 com.shaft.validation.internal.ValidationsHelper.reportValidationState(ValidationsHelper.java:609)
 com.shaft.validation.internal.ValidationsHelper.pass(ValidationsHelper.java:373)
 com.shaft.validation.internal.ValidationsHelper.reportValidationResultOfElementAttribute(ValidationsHelper.java:488)
 com.shaft.validation.internal.ValidationsHelper.validateElementAttribute(ValidationsHelper.java:178)
 com.shaft.validation.internal.ValidationsExecutor.perform(ValidationsExecutor.java:149)
 tests.LoginTest.registerWithValidEmailAndPw(LoginTest.java:37)
 java.base/jdk.internal.reflect.DirectMethodHandleAccessor.invoke(DirectMethodHandleAccessor.java:104)
 java.base/java.lang.reflect.Method.invoke(Method.java:578)
 org.testng.internal.invokers.MethodInvocationHelper.invokeMethod(MethodInvocationHelper.java:139)
 org.testng.internal.invokers.TestInvoker.invokeMethod(TestInvoker.java:664)
 org.testng.internal.invokers.TestInvoker.invokeTestMethod(TestInvoker.java:227)
 org.testng.internal.invokers.MethodRunner.runInSequence(MethodRunner.java:50)
 org.testng.internal.invokers.TestInvoker$MethodInvocationAgent.invoke(TestInvoker.java:957)
 org.testng.internal.invokers.TestInvoker.invokeTestMethods(TestInvoker.java:200)
 org.testng.internal.invokers.TestMethodWorker.invokeTestMethods(TestMethodWorker.java:148)
 org.testng.internal.invokers.TestMethodWorker.run(TestMethodWorker.java:128)
 java.base/java.util.concurrent.ThreadPoolExecutor.runWorker(ThreadPoolExecutor.java:1144)
 java.base/java.util.concurrent.ThreadPoolExecutor$Worker.run(ThreadPoolExecutor.java:642)
 java.base/java.lang.Thread.run(Thread.java:1623)
[INFO ] 2023-06-11 09:41:41.949 [TestNG-test=NopCommerce - GUI-3] ReportManager - Caught an UnsatisfiedLinkError, switching element highlighting method to JavaScript instead of AI.
[INFO ] 2023-06-11 09:41:42.734 [TestNG-test=NopCommerce - GUI-3] ReportManager - Assertion "ValidateElementAttribute" PASSED. Expected "Value Should be 'Register' for the 'text' attribute, element locator 'By.className: page-title'" and Actual "Register". Comparison Type "CONTAINS". Validation Type "POSITIVE".
[INFO ] 2023-06-11 09:41:42.736 [TestNG-test=NopCommerce - GUI-3] ReportManager - Successfully created attachment 'Screenshot - 1686469302198_registerWithValidEmailAndPw_ValidateElementAttribute_passed'
[INFO ] 2023-06-11 09:41:42.736 [TestNG-test=NopCommerce - GUI-3] ReportManager - File Action "DoesFileExist" successfully performed. With the following test data "File Path: "src/test/resources/testDataFiles/LoginTestData.json"".
[INFO ] 2023-06-11 09:41:42.737 [TestNG-test=NopCommerce - GUI-3] ReportManager - File Action "GetAbsolutePath" successfully performed. With the following test data "Relative Folder Path: "src/test/resources/testDataFiles/LoginTestData.json"".
[INFO ] 2023-06-11 09:41:42.759 [TestNG-test=NopCommerce - GUI-3] ReportManager - File Action "DoesFileExist" successfully performed. With the following test data "File Path: "src/test/resources/testDataFiles/LoginTestData.json"".
[INFO ] 2023-06-11 09:41:42.759 [TestNG-test=NopCommerce - GUI-3] ReportManager - File Action "GetAbsolutePath" successfully performed. With the following test data "Relative Folder Path: "src/test/resources/testDataFiles/LoginTestData.json"".
[INFO ] 2023-06-11 09:41:42.782 [TestNG-test=NopCommerce - GUI-3] ReportManager - File Action "DoesFileExist" successfully performed. With the following test data "File Path: "src/test/resources/testDataFiles/LoginTestData.json"".
[INFO ] 2023-06-11 09:41:42.783 [TestNG-test=NopCommerce - GUI-3] ReportManager - File Action "GetAbsolutePath" successfully performed. With the following test data "Relative Folder Path: "src/test/resources/testDataFiles/LoginTestData.json"".
[INFO ] 2023-06-11 09:41:42.869 [TestNG-test=NopCommerce - GUI-2] ReportManager - Successfully Closed Driver.
[INFO ] 2023-06-11 09:41:42.869 [TestNG-test=NopCommerce - GUI-2] ReportManager - Driver is already closed.
[ERROR] 2023-06-11 09:41:42.871 [TestNG-test=NopCommerce - GUI-2] AllureLifecycle - Could not add attachment: no test is running
[INFO ] 2023-06-11 09:41:42.887 [TestNG-test=NopCommerce - GUI-2] ReportManager - Successfully created attachment 'SHAFT Engine Logs - Current Method log: methodTearDown'
[INFO ] 2023-06-11 09:41:42.889 [TestNG-test=NopCommerce - GUI-3] ReportManager - 
------------------------------------------------------------------------------------------------------------------------------------------------
                                                Starting execution of set up configuration method                                                
                                                             'tests.LoginTest.setUp'                                                             
------------------------------------------------------------------------------------------------------------------------------------------------

[INFO ] 2023-06-11 09:41:42.892 [TestNG-test=NopCommerce - GUI-3] ReportManager - Setting "targetOperatingSystem" property with "WINDOWS".
[INFO ] 2023-06-11 09:41:42.894 [TestNG-test=NopCommerce - GUI-3] ReportManager - File Action "DoesFileExist" successfully performed. With the following test data "File Path: "target/downloadedFiles/"".
[INFO ] 2023-06-11 09:41:42.895 [TestNG-test=NopCommerce - GUI-3] ReportManager - File Action "GetAbsolutePath" successfully performed. With the following test data "Relative Folder Path: "src/test/resources/testDataFiles/target/downloadedFiles/"".
[INFO ] 2023-06-11 09:41:42.895 [TestNG-test=NopCommerce - GUI-3] ReportManager - File Action "DoesFileExist" successfully performed. With the following test data "File Path: "target/downloadedFiles/"".
[INFO ] 2023-06-11 09:41:42.896 [TestNG-test=NopCommerce - GUI-3] ReportManager - File Action "GetAbsolutePath" successfully performed. With the following test data "Relative Folder Path: "src/test/resources/testDataFiles/target/downloadedFiles/"".
[INFO ] 2023-06-11 09:41:42.897 [TestNG-test=NopCommerce - GUI-3] ReportManager - Attempting to run locally on: "WINDOWS | Chrome".
[INFO ] 2023-06-11 09:41:42.897 [TestNG-test=NopCommerce - GUI-3] ReportManager - Identifying OS/Driver combination and selecting the correct driver version automatically. Please note that if a new driver executable will be downloaded it may take some time...
[DEBUG] 2023-06-11 09:41:42.908 [TestNG-test=NopCommerce - GUI-3] ResolutionCache - Resolution chrome=114 in cache (valid until 10:35:51 11/06/2023 EET)
[DEBUG] 2023-06-11 09:41:42.908 [TestNG-test=NopCommerce - GUI-3] ResolutionCache - Resolution chrome114=114.0.5735.90 in cache (valid until 08:23:04 12/06/2023 EET)
[INFO ] 2023-06-11 09:41:42.908 [TestNG-test=NopCommerce - GUI-3] WebDriverManager - Using chromedriver 114.0.5735.90 (resolved driver for Chrome 114)
[DEBUG] 2023-06-11 09:41:42.915 [TestNG-test=NopCommerce - GUI-3] WebDriverManager - Driver chromedriver 114.0.5735.90 found in cache
[INFO ] 2023-06-11 09:41:42.916 [TestNG-test=NopCommerce - GUI-3] WebDriverManager - Exporting webdriver.chrome.driver as C:\Users\usama\.cache\selenium\chromedriver\win32\114.0.5735.90\chromedriver.exe
[INFO ] 2023-06-11 09:41:42.955 [TestNG-test=NopCommerce - GUI-3] ReportManager - Type "John" into "First name:".
[WARN ] 2023-06-11 09:41:42.981 [Exec Stream Pumper] ReportManager - Starting ChromeDriver 114.0.5735.90 (386bc09e8f4f2e025eddae123f36f6263096ae49-refs/branch-heads/5735@{#1052}) on port 1913
[WARN ] 2023-06-11 09:41:42.981 [Exec Stream Pumper] ReportManager - Only local connections are allowed.
[WARN ] 2023-06-11 09:41:42.981 [Exec Stream Pumper] ReportManager - Please see https://chromedriver.chromium.org/security-considerations for suggestions on keeping ChromeDriver safe.
[WARN ] 2023-06-11 09:41:42.988 [Exec Stream Pumper] ReportManager - ChromeDriver was started successfully.
[INFO ] 2023-06-11 09:41:43.086 [TestNG-test=NopCommerce - GUI-3] ReportManager - Type "Doe" into "Last name:".
[INFO ] 2023-06-11 09:41:43.239 [TestNG-test=NopCommerce - GUI-3] ReportManager - Type "johndoe_11062023094114251@gmail.com" into "Email:".
[INFO ] 2023-06-11 09:41:43.603 [TestNG-test=NopCommerce - GUI-3] ReportManager - Type "tester123" into "Password:".
[WARN ] 2023-06-11 09:41:43.678 [TestNG-test=NopCommerce - GUI-3] ReportManager - Jun 11, 2023 9:41:43 AM org.openqa.selenium.devtools.CdpVersionFinder findNearestMatch
[WARN ] 2023-06-11 09:41:43.678 [TestNG-test=NopCommerce - GUI-3] ReportManager - WARNING: Unable to find an exact match for CDP version 114, so returning the closest version found: 112
[INFO ] 2023-06-11 09:41:43.680 [TestNG-test=NopCommerce - GUI-3] ReportManager - Successfully Opened: "WINDOWS | Chrome".
[INFO ] 2023-06-11 09:41:43.682 [TestNG-test=NopCommerce - GUI-3] ReportManager - File Action "DoesFileExist" successfully performed. With the following test data "File Path: "LoginTestData.json"".
[INFO ] 2023-06-11 09:41:43.682 [TestNG-test=NopCommerce - GUI-3] ReportManager - File Action "DoesFileExist" successfully performed. With the following test data "File Path: "src/test/resources/testDataFiles/LoginTestData.json"".
[INFO ] 2023-06-11 09:41:43.683 [TestNG-test=NopCommerce - GUI-3] ReportManager - File Action "GetAbsolutePath" successfully performed. With the following test data "Relative Folder Path: "src/test/resources/testDataFiles/LoginTestData.json"".
[INFO ] 2023-06-11 09:41:43.685 [TestNG-test=NopCommerce - GUI-3] ReportManager - Successfully created attachment 'Test Data - JSON'
[ERROR] 2023-06-11 09:41:43.685 [TestNG-test=NopCommerce - GUI-3] AllureLifecycle - Could not update step: step with uuid 955ad797-e782-4a8c-bd0b-96a27d013640 not found
[INFO ] 2023-06-11 09:41:43.687 [TestNG-test=NopCommerce - GUI-3] ReportManager - 
------------------------------------------------------------------------------------------------------------------------------------------------
                                        Starting Execution: '3 out of 15' test cases in the current suite                                        
                                           Test Method: 'tests.LoginTest.registerWithValidEmailAndPw'                                           
                                  Test Description: 'Validate registering a user with valid email and password'                                  
------------------------------------------------------------------------------------------------------------------------------------------------

[INFO ] 2023-06-11 09:41:43.688 [TestNG-test=NopCommerce - GUI-3] ReportManager - File Action "DoesFileExist" successfully performed. With the following test data "File Path: "src/test/resources/testDataFiles/LoginTestData.json"".
[INFO ] 2023-06-11 09:41:43.688 [TestNG-test=NopCommerce - GUI-3] ReportManager - File Action "GetAbsolutePath" successfully performed. With the following test data "Relative Folder Path: "src/test/resources/testDataFiles/LoginTestData.json"".
[INFO ] 2023-06-11 09:41:43.715 [TestNG-test=NopCommerce - GUI-3] ReportManager - File Action "DoesFileExist" successfully performed. With the following test data "File Path: "src/test/resources/testDataFiles/LoginTestData.json"".
[INFO ] 2023-06-11 09:41:43.715 [TestNG-test=NopCommerce - GUI-3] ReportManager - File Action "GetAbsolutePath" successfully performed. With the following test data "Relative Folder Path: "src/test/resources/testDataFiles/LoginTestData.json"".
[INFO ] 2023-06-11 09:41:43.746 [TestNG-test=NopCommerce - GUI-3] ReportManager - Type "tester123" into "Confirm password:".
[INFO ] 2023-06-11 09:41:43.767 [TestNG-test=NopCommerce - GUI-3] ReportManager - Target URL: "https://demo.nopcommerce.com/register?returnUrl=%2F"
[INFO ] 2023-06-11 09:41:43.788 [TestNG-test=NopCommerce - GUI-3] ReportManager - Initial URL: "data:,"
[INFO ] 2023-06-11 09:41:43.995 [TestNG-test=NopCommerce - GUI-3] ReportManager - Moved the mouse to the middle of the element.
[INFO ] 2023-06-11 09:41:44.044 [TestNG-test=NopCommerce - GUI-3] ReportManager - Click "REGISTER".
[INFO ] 2023-06-11 09:41:44.045 [TestNG-test=NopCommerce - GUI-3] ReportManager - File Action "DoesFileExist" successfully performed. With the following test data "File Path: "src/test/resources/testDataFiles/LoginTestData.json"".
[INFO ] 2023-06-11 09:41:44.046 [TestNG-test=NopCommerce - GUI-3] ReportManager - File Action "GetAbsolutePath" successfully performed. With the following test data "Relative Folder Path: "src/test/resources/testDataFiles/LoginTestData.json"".
[INFO ] 2023-06-11 09:41:45.443 [TestNG-test=NopCommerce - GUI-3] ReportManager - Get text "Your registration completed" from "By.className: result".
[INFO ] 2023-06-11 09:41:45.443 [TestNG-test=NopCommerce - GUI-3] ReportManager - Expected "Your registration completed", and actual "Your registration completed"
[ERROR] 2023-06-11 09:41:45.443 [TestNG-test=NopCommerce - GUI-3] ReportManager - java.lang.UnsatisfiedLinkError: 'long org.opencv.core.Mat.n_Mat()'
 org.opencv.core.Mat.n_Mat(Native Method)
 org.opencv.core.Mat.<init>(Mat.java:23)
 org.opencv.core.MatOfByte.<init>(MatOfByte.java:12)
 com.shaft.gui.internal.image.ScreenshotManager.internalCaptureScreenShot(ScreenshotManager.java:338)
 com.shaft.gui.internal.image.ScreenshotManager.captureScreenShot(ScreenshotManager.java:151)
 com.shaft.validation.internal.ValidationsHelper.reportValidationState(ValidationsHelper.java:609)
 com.shaft.validation.internal.ValidationsHelper.pass(ValidationsHelper.java:373)
 com.shaft.validation.internal.ValidationsHelper.reportValidationResultOfElementAttribute(ValidationsHelper.java:488)
 com.shaft.validation.internal.ValidationsHelper.validateElementAttribute(ValidationsHelper.java:178)
 com.shaft.validation.internal.ValidationsExecutor.perform(ValidationsExecutor.java:149)
 tests.LoginTest.registerWithValidEmailAndPw(LoginTest.java:39)
 java.base/jdk.internal.reflect.DirectMethodHandleAccessor.invoke(DirectMethodHandleAccessor.java:104)
 java.base/java.lang.reflect.Method.invoke(Method.java:578)
 org.testng.internal.invokers.MethodInvocationHelper.invokeMethod(MethodInvocationHelper.java:139)
 org.testng.internal.invokers.TestInvoker.invokeMethod(TestInvoker.java:664)
 org.testng.internal.invokers.TestInvoker.invokeTestMethod(TestInvoker.java:227)
 org.testng.internal.invokers.MethodRunner.runInSequence(MethodRunner.java:50)
 org.testng.internal.invokers.TestInvoker$MethodInvocationAgent.invoke(TestInvoker.java:957)
 org.testng.internal.invokers.TestInvoker.invokeTestMethods(TestInvoker.java:200)
 org.testng.internal.invokers.TestMethodWorker.invokeTestMethods(TestMethodWorker.java:148)
 org.testng.internal.invokers.TestMethodWorker.run(TestMethodWorker.java:128)
 java.base/java.util.concurrent.ThreadPoolExecutor.runWorker(ThreadPoolExecutor.java:1144)
 java.base/java.util.concurrent.ThreadPoolExecutor$Worker.run(ThreadPoolExecutor.java:642)
 java.base/java.lang.Thread.run(Thread.java:1623)
[INFO ] 2023-06-11 09:41:45.443 [TestNG-test=NopCommerce - GUI-3] ReportManager - Caught an UnsatisfiedLinkError, switching element highlighting method to JavaScript instead of AI.
[INFO ] 2023-06-11 09:41:46.056 [TestNG-test=NopCommerce - GUI-3] ReportManager - Assertion "ValidateElementAttribute" PASSED. Expected "Value Should be 'Your registration completed' for the 'text' attribute, element locator 'By.className: result'" and Actual "Your registration completed". Comparison Type "CONTAINS". Validation Type "POSITIVE".
[INFO ] 2023-06-11 09:41:46.059 [TestNG-test=NopCommerce - GUI-3] ReportManager - Successfully created attachment 'Screenshot - 1686469305659_registerWithValidEmailAndPw_ValidateElementAttribute_passed'
[INFO ] 2023-06-11 09:41:46.245 [TestNG-test=NopCommerce - GUI-3] ReportManager - Moved the mouse to the middle of the element.
[INFO ] 2023-06-11 09:41:46.317 [TestNG-test=NopCommerce - GUI-3] ReportManager - Click "CONTINUE".
[INFO ] 2023-06-11 09:41:46.319 [TestNG-test=NopCommerce - GUI-3] ReportManager - Successfully created attachment 'SHAFT Engine Logs - Current Method log: registerWithValidEmailAndPw'
[INFO ] 2023-06-11 09:41:46.334 [TestNG-test=NopCommerce - GUI-3] ReportManager - 
------------------------------------------------------------------------------------------------------------------------------------------------
                                        Starting Execution: '4 out of 15' test cases in the current suite                                        
                                          Test Method: 'tests.LoginTest.loginWithValidEmailAndPassword'                                          
                                      Test Description: 'Validate Login with registered email and password'                                      
------------------------------------------------------------------------------------------------------------------------------------------------

[INFO ] 2023-06-11 09:41:46.753 [TestNG-test=NopCommerce - GUI-3] ReportManager - Navigate to url "https://demo.nopcommerce.com/register?returnUrl=%2F".
[INFO ] 2023-06-11 09:41:47.039 [TestNG-test=NopCommerce - GUI-3] ReportManager - Get text "Register" from "By.className: page-title".
[INFO ] 2023-06-11 09:41:47.039 [TestNG-test=NopCommerce - GUI-3] ReportManager - Expected "Register", and actual "Register"
[INFO ] 2023-06-11 09:41:47.288 [TestNG-test=NopCommerce - GUI-3] ReportManager - Target URL: "https://demo.nopcommerce.com/login"
[INFO ] 2023-06-11 09:41:47.317 [TestNG-test=NopCommerce - GUI-3] ReportManager - Initial URL: "https://demo.nopcommerce.com"
[INFO ] 2023-06-11 09:41:48.006 [TestNG-test=NopCommerce - GUI-3] ReportManager - Navigate to url "https://demo.nopcommerce.com/login".
[INFO ] 2023-06-11 09:41:48.007 [TestNG-test=NopCommerce - GUI-3] ReportManager - File Action "DoesFileExist" successfully performed. With the following test data "File Path: "src/test/resources/testDataFiles/LoginTestData.json"".
[INFO ] 2023-06-11 09:41:48.007 [TestNG-test=NopCommerce - GUI-3] ReportManager - File Action "GetAbsolutePath" successfully performed. With the following test data "Relative Folder Path: "src/test/resources/testDataFiles/LoginTestData.json"".
[INFO ] 2023-06-11 09:41:48.057 [TestNG-test=NopCommerce - GUI-3] ReportManager - Assertion "ValidateElementAttribute" PASSED. Expected "Value Should be 'Register' for the 'text' attribute, element locator 'By.className: page-title'" and Actual "Register". Comparison Type "CONTAINS". Validation Type "POSITIVE".
[INFO ] 2023-06-11 09:41:48.060 [TestNG-test=NopCommerce - GUI-3] ReportManager - Successfully created attachment 'Screenshot - 1686469307317_registerWithValidEmailAndPw_ValidateElementAttribute_passed'
[INFO ] 2023-06-11 09:41:48.061 [TestNG-test=NopCommerce - GUI-3] ReportManager - File Action "DoesFileExist" successfully performed. With the following test data "File Path: "src/test/resources/testDataFiles/LoginTestData.json"".
[INFO ] 2023-06-11 09:41:48.061 [TestNG-test=NopCommerce - GUI-3] ReportManager - File Action "GetAbsolutePath" successfully performed. With the following test data "Relative Folder Path: "src/test/resources/testDataFiles/LoginTestData.json"".
[INFO ] 2023-06-11 09:41:48.085 [TestNG-test=NopCommerce - GUI-3] ReportManager - File Action "DoesFileExist" successfully performed. With the following test data "File Path: "src/test/resources/testDataFiles/LoginTestData.json"".
[INFO ] 2023-06-11 09:41:48.085 [TestNG-test=NopCommerce - GUI-3] ReportManager - File Action "GetAbsolutePath" successfully performed. With the following test data "Relative Folder Path: "src/test/resources/testDataFiles/LoginTestData.json"".
[INFO ] 2023-06-11 09:41:48.110 [TestNG-test=NopCommerce - GUI-3] ReportManager - File Action "DoesFileExist" successfully performed. With the following test data "File Path: "src/test/resources/testDataFiles/LoginTestData.json"".
[INFO ] 2023-06-11 09:41:48.110 [TestNG-test=NopCommerce - GUI-3] ReportManager - File Action "GetAbsolutePath" successfully performed. With the following test data "Relative Folder Path: "src/test/resources/testDataFiles/LoginTestData.json"".
[INFO ] 2023-06-11 09:41:48.196 [TestNG-test=NopCommerce - GUI-3] ReportManager - Type "johndoe_11062023094114251@gmail.com" into "Email:".
[INFO ] 2023-06-11 09:41:48.306 [TestNG-test=NopCommerce - GUI-3] ReportManager - Type "John" into "First name:".
[INFO ] 2023-06-11 09:41:48.355 [TestNG-test=NopCommerce - GUI-3] ReportManager - Type "tester123" into "Password:".
[INFO ] 2023-06-11 09:41:48.442 [TestNG-test=NopCommerce - GUI-3] ReportManager - Type "Doe" into "Last name:".
[INFO ] 2023-06-11 09:41:48.531 [TestNG-test=NopCommerce - GUI-3] ReportManager - Moved the mouse to the middle of the element.
[INFO ] 2023-06-11 09:41:48.570 [TestNG-test=NopCommerce - GUI-3] ReportManager - Click "LOG IN".
[INFO ] 2023-06-11 09:41:48.636 [TestNG-test=NopCommerce - GUI-3] ReportManager - Type "johndoe_11062023094119223@gmail.com" into "Email:".
[INFO ] 2023-06-11 09:41:48.884 [TestNG-test=NopCommerce - GUI-3] ReportManager - Type "tester123" into "Password:".
[INFO ] 2023-06-11 09:41:49.017 [TestNG-test=NopCommerce - GUI-3] ReportManager - Type "tester123" into "Confirm password:".
[INFO ] 2023-06-11 09:41:49.215 [TestNG-test=NopCommerce - GUI-3] ReportManager - Moved the mouse to the middle of the element.
[INFO ] 2023-06-11 09:41:49.314 [TestNG-test=NopCommerce - GUI-3] ReportManager - Click "REGISTER".
[INFO ] 2023-06-11 09:41:49.315 [TestNG-test=NopCommerce - GUI-3] ReportManager - File Action "DoesFileExist" successfully performed. With the following test data "File Path: "src/test/resources/testDataFiles/LoginTestData.json"".
[INFO ] 2023-06-11 09:41:49.315 [TestNG-test=NopCommerce - GUI-3] ReportManager - File Action "GetAbsolutePath" successfully performed. With the following test data "Relative Folder Path: "src/test/resources/testDataFiles/LoginTestData.json"".
[INFO ] 2023-06-11 09:41:49.366 [TestNG-test=NopCommerce - GUI-3] ReportManager - Attempting to getAttribute "hidden" from elementLocator "By.className: ico-account".
[INFO ] 2023-06-11 09:41:49.421 [TestNG-test=NopCommerce - GUI-3] ReportManager - Get attribute from "My account".
[INFO ] 2023-06-11 09:41:49.421 [TestNG-test=NopCommerce - GUI-3] ReportManager - Expected "null", and actual "null"
[ERROR] 2023-06-11 09:41:49.427 [TestNG-test=NopCommerce - GUI-3] ReportManager - java.lang.UnsatisfiedLinkError: 'long org.opencv.core.Mat.n_Mat()'
 org.opencv.core.Mat.n_Mat(Native Method)
 org.opencv.core.Mat.<init>(Mat.java:23)
 org.opencv.core.MatOfByte.<init>(MatOfByte.java:12)
 com.shaft.gui.internal.image.ScreenshotManager.internalCaptureScreenShot(ScreenshotManager.java:338)
 com.shaft.gui.internal.image.ScreenshotManager.captureScreenShot(ScreenshotManager.java:151)
 com.shaft.validation.internal.ValidationsHelper.reportValidationState(ValidationsHelper.java:609)
 com.shaft.validation.internal.ValidationsHelper.pass(ValidationsHelper.java:373)
 com.shaft.validation.internal.ValidationsHelper.reportValidationResultOfElementAttribute(ValidationsHelper.java:488)
 com.shaft.validation.internal.ValidationsHelper.validateElementAttribute(ValidationsHelper.java:178)
 com.shaft.validation.internal.ValidationsExecutor.perform(ValidationsExecutor.java:149)
 tests.LoginTest.loginWithValidEmailAndPassword(LoginTest.java:49)
 java.base/jdk.internal.reflect.DirectMethodHandleAccessor.invoke(DirectMethodHandleAccessor.java:104)
 java.base/java.lang.reflect.Method.invoke(Method.java:578)
 org.testng.internal.invokers.MethodInvocationHelper.invokeMethod(MethodInvocationHelper.java:139)
 org.testng.internal.invokers.TestInvoker.invokeMethod(TestInvoker.java:664)
 org.testng.internal.invokers.TestInvoker.invokeTestMethod(TestInvoker.java:227)
 org.testng.internal.invokers.MethodRunner.runInSequence(MethodRunner.java:50)
 org.testng.internal.invokers.TestInvoker$MethodInvocationAgent.invoke(TestInvoker.java:957)
 org.testng.internal.invokers.TestInvoker.invokeTestMethods(TestInvoker.java:200)
 org.testng.internal.invokers.TestMethodWorker.invokeTestMethods(TestMethodWorker.java:148)
 org.testng.internal.invokers.TestMethodWorker.run(TestMethodWorker.java:128)
 java.base/java.util.concurrent.ThreadPoolExecutor.runWorker(ThreadPoolExecutor.java:1144)
 java.base/java.util.concurrent.ThreadPoolExecutor$Worker.run(ThreadPoolExecutor.java:642)
 java.base/java.lang.Thread.run(Thread.java:1623)
[INFO ] 2023-06-11 09:41:49.427 [TestNG-test=NopCommerce - GUI-3] ReportManager - Caught an UnsatisfiedLinkError, switching element highlighting method to JavaScript instead of AI.
[INFO ] 2023-06-11 09:41:50.742 [TestNG-test=NopCommerce - GUI-3] ReportManager - Assertion "ValidateElementAttribute" PASSED. Expected "Value Should be 'null' for the 'hidden' attribute, element locator 'By.className: ico-account'" and Actual "null". Comparison Type "EQUALS". Validation Type "POSITIVE".
[INFO ] 2023-06-11 09:41:50.750 [TestNG-test=NopCommerce - GUI-3] ReportManager - Successfully created attachment 'Screenshot - 1686469309883_loginWithValidEmailAndPassword_ValidateElementAttribute_passed'
[INFO ] 2023-06-11 09:41:50.752 [TestNG-test=NopCommerce - GUI-3] ReportManager - Successfully created attachment 'SHAFT Engine Logs - Current Method log: loginWithValidEmailAndPassword'
[INFO ] 2023-06-11 09:41:50.805 [TestNG-test=NopCommerce - GUI-3] ReportManager - 
------------------------------------------------------------------------------------------------------------------------------------------------
                                              Starting execution of tear down configuration method                                              
                                                           'tests.LoginTest.tearDown'                                                           
------------------------------------------------------------------------------------------------------------------------------------------------

[INFO ] 2023-06-11 09:41:50.968 [TestNG-test=NopCommerce - GUI-3] ReportManager - Get text "Your registration completed" from "By.className: result".
[INFO ] 2023-06-11 09:41:50.968 [TestNG-test=NopCommerce - GUI-3] ReportManager - Expected "Your registration completed", and actual "Your registration completed"
[INFO ] 2023-06-11 09:41:51.601 [TestNG-test=NopCommerce - GUI-3] ReportManager - Assertion "ValidateElementAttribute" PASSED. Expected "Value Should be 'Your registration completed' for the 'text' attribute, element locator 'By.className: result'" and Actual "Your registration completed". Comparison Type "CONTAINS". Validation Type "POSITIVE".
[INFO ] 2023-06-11 09:41:51.603 [TestNG-test=NopCommerce - GUI-3] ReportManager - Successfully created attachment 'Screenshot - 1686469311169_registerWithValidEmailAndPw_ValidateElementAttribute_passed'
[INFO ] 2023-06-11 09:41:51.784 [TestNG-test=NopCommerce - GUI-3] ReportManager - Moved the mouse to the middle of the element.
[INFO ] 2023-06-11 09:41:51.843 [TestNG-test=NopCommerce - GUI-3] ReportManager - Click "CONTINUE".
[INFO ] 2023-06-11 09:41:51.847 [TestNG-test=NopCommerce - GUI-3] ReportManager - Successfully created attachment 'SHAFT Engine Logs - Current Method log: registerWithValidEmailAndPw'
[INFO ] 2023-06-11 09:41:51.865 [TestNG-test=NopCommerce - GUI-3] ReportManager - 
------------------------------------------------------------------------------------------------------------------------------------------------
                                        Starting Execution: '4 out of 15' test cases in the current suite                                        
                                          Test Method: 'tests.LoginTest.loginWithValidEmailAndPassword'                                          
                                      Test Description: 'Validate Login with registered email and password'                                      
------------------------------------------------------------------------------------------------------------------------------------------------

[INFO ] 2023-06-11 09:41:52.203 [TestNG-test=NopCommerce - GUI-3] ReportManager - Successfully Closed Driver.
[INFO ] 2023-06-11 09:41:52.204 [TestNG-test=NopCommerce - GUI-3] ReportManager - Driver is already closed.
[INFO ] 2023-06-11 09:41:52.206 [TestNG-test=NopCommerce - GUI-3] ReportManager - 
------------------------------------------------------------------------------------------------------------------------------------------------
                                                Starting execution of set up configuration method                                                
                                                        'tests.ChangePasswordTest.setUp'                                                        
------------------------------------------------------------------------------------------------------------------------------------------------

[INFO ] 2023-06-11 09:41:52.208 [TestNG-test=NopCommerce - GUI-3] ReportManager - Setting "targetOperatingSystem" property with "WINDOWS".
[INFO ] 2023-06-11 09:41:52.210 [TestNG-test=NopCommerce - GUI-3] ReportManager - File Action "DoesFileExist" successfully performed. With the following test data "File Path: "target/downloadedFiles/"".
[INFO ] 2023-06-11 09:41:52.211 [TestNG-test=NopCommerce - GUI-3] ReportManager - File Action "GetAbsolutePath" successfully performed. With the following test data "Relative Folder Path: "src/test/resources/testDataFiles/target/downloadedFiles/"".
[INFO ] 2023-06-11 09:41:52.213 [TestNG-test=NopCommerce - GUI-3] ReportManager - File Action "DoesFileExist" successfully performed. With the following test data "File Path: "target/downloadedFiles/"".
[INFO ] 2023-06-11 09:41:52.213 [TestNG-test=NopCommerce - GUI-3] ReportManager - File Action "GetAbsolutePath" successfully performed. With the following test data "Relative Folder Path: "src/test/resources/testDataFiles/target/downloadedFiles/"".
[INFO ] 2023-06-11 09:41:52.214 [TestNG-test=NopCommerce - GUI-3] ReportManager - Attempting to run locally on: "WINDOWS | Chrome".
[INFO ] 2023-06-11 09:41:52.214 [TestNG-test=NopCommerce - GUI-3] ReportManager - Identifying OS/Driver combination and selecting the correct driver version automatically. Please note that if a new driver executable will be downloaded it may take some time...
[DEBUG] 2023-06-11 09:41:52.222 [TestNG-test=NopCommerce - GUI-3] ResolutionCache - Resolution chrome=114 in cache (valid until 10:35:51 11/06/2023 EET)
[DEBUG] 2023-06-11 09:41:52.222 [TestNG-test=NopCommerce - GUI-3] ResolutionCache - Resolution chrome114=114.0.5735.90 in cache (valid until 08:23:04 12/06/2023 EET)
[INFO ] 2023-06-11 09:41:52.222 [TestNG-test=NopCommerce - GUI-3] WebDriverManager - Using chromedriver 114.0.5735.90 (resolved driver for Chrome 114)
[DEBUG] 2023-06-11 09:41:52.228 [TestNG-test=NopCommerce - GUI-3] WebDriverManager - Driver chromedriver 114.0.5735.90 found in cache
[INFO ] 2023-06-11 09:41:52.228 [TestNG-test=NopCommerce - GUI-3] WebDriverManager - Exporting webdriver.chrome.driver as C:\Users\usama\.cache\selenium\chromedriver\win32\114.0.5735.90\chromedriver.exe
[WARN ] 2023-06-11 09:41:52.449 [Exec Stream Pumper] ReportManager - Starting ChromeDriver 114.0.5735.90 (386bc09e8f4f2e025eddae123f36f6263096ae49-refs/branch-heads/5735@{#1052}) on port 6371
[WARN ] 2023-06-11 09:41:52.449 [Exec Stream Pumper] ReportManager - Only local connections are allowed.
[WARN ] 2023-06-11 09:41:52.449 [Exec Stream Pumper] ReportManager - Please see https://chromedriver.chromium.org/security-considerations for suggestions on keeping ChromeDriver safe.
[WARN ] 2023-06-11 09:41:52.457 [Exec Stream Pumper] ReportManager - ChromeDriver was started successfully.
[WARN ] 2023-06-11 09:41:54.138 [TestNG-test=NopCommerce - GUI-3] ReportManager - Jun 11, 2023 9:41:54 AM org.openqa.selenium.devtools.CdpVersionFinder findNearestMatch
[WARN ] 2023-06-11 09:41:54.138 [TestNG-test=NopCommerce - GUI-3] ReportManager - WARNING: Unable to find an exact match for CDP version 114, so returning the closest version found: 112
[INFO ] 2023-06-11 09:41:54.139 [TestNG-test=NopCommerce - GUI-3] ReportManager - Successfully Opened: "WINDOWS | Chrome".
[INFO ] 2023-06-11 09:41:54.141 [TestNG-test=NopCommerce - GUI-3] ReportManager - File Action "DoesFileExist" successfully performed. With the following test data "File Path: "ChangePasswordTestData.json"".
[INFO ] 2023-06-11 09:41:54.141 [TestNG-test=NopCommerce - GUI-3] ReportManager - File Action "DoesFileExist" successfully performed. With the following test data "File Path: "src/test/resources/testDataFiles/ChangePasswordTestData.json"".
[INFO ] 2023-06-11 09:41:54.142 [TestNG-test=NopCommerce - GUI-3] ReportManager - File Action "GetAbsolutePath" successfully performed. With the following test data "Relative Folder Path: "src/test/resources/testDataFiles/ChangePasswordTestData.json"".
[INFO ] 2023-06-11 09:41:54.143 [TestNG-test=NopCommerce - GUI-3] ReportManager - Successfully created attachment 'Test Data - JSON'
[ERROR] 2023-06-11 09:41:54.143 [TestNG-test=NopCommerce - GUI-3] AllureLifecycle - Could not update step: step with uuid 3195a980-da24-4f90-a86a-5d47e58d9b33 not found
[INFO ] 2023-06-11 09:41:54.146 [TestNG-test=NopCommerce - GUI-3] ReportManager - 
------------------------------------------------------------------------------------------------------------------------------------------------
                                        Starting Execution: '5 out of 15' test cases in the current suite                                        
                                       Test Method: 'tests.ChangePasswordTest.registerWithValidEmailAndPw'                                       
                                  Test Description: 'Validate registering a user with valid email and password'                                  
------------------------------------------------------------------------------------------------------------------------------------------------

[INFO ] 2023-06-11 09:41:54.146 [TestNG-test=NopCommerce - GUI-3] ReportManager - File Action "DoesFileExist" successfully performed. With the following test data "File Path: "src/test/resources/testDataFiles/ChangePasswordTestData.json"".
[INFO ] 2023-06-11 09:41:54.146 [TestNG-test=NopCommerce - GUI-3] ReportManager - File Action "GetAbsolutePath" successfully performed. With the following test data "Relative Folder Path: "src/test/resources/testDataFiles/ChangePasswordTestData.json"".
[INFO ] 2023-06-11 09:41:54.165 [TestNG-test=NopCommerce - GUI-3] ReportManager - File Action "DoesFileExist" successfully performed. With the following test data "File Path: "src/test/resources/testDataFiles/ChangePasswordTestData.json"".
[INFO ] 2023-06-11 09:41:54.165 [TestNG-test=NopCommerce - GUI-3] ReportManager - File Action "GetAbsolutePath" successfully performed. With the following test data "Relative Folder Path: "src/test/resources/testDataFiles/ChangePasswordTestData.json"".
[INFO ] 2023-06-11 09:41:54.201 [TestNG-test=NopCommerce - GUI-3] ReportManager - Target URL: "https://demo.nopcommerce.com/register?returnUrl=%2F"
[INFO ] 2023-06-11 09:41:54.224 [TestNG-test=NopCommerce - GUI-3] ReportManager - Initial URL: "data:,"
[INFO ] 2023-06-11 09:41:54.341 [TestNG-test=NopCommerce - GUI-3] ReportManager - Target URL: "https://demo.nopcommerce.com/login"
[INFO ] 2023-06-11 09:41:54.360 [TestNG-test=NopCommerce - GUI-3] ReportManager - Initial URL: "https://demo.nopcommerce.com"
[INFO ] 2023-06-11 09:41:55.017 [TestNG-test=NopCommerce - GUI-3] ReportManager - Navigate to url "https://demo.nopcommerce.com/login".
[INFO ] 2023-06-11 09:41:55.017 [TestNG-test=NopCommerce - GUI-3] ReportManager - File Action "DoesFileExist" successfully performed. With the following test data "File Path: "src/test/resources/testDataFiles/LoginTestData.json"".
[INFO ] 2023-06-11 09:41:55.018 [TestNG-test=NopCommerce - GUI-3] ReportManager - File Action "GetAbsolutePath" successfully performed. With the following test data "Relative Folder Path: "src/test/resources/testDataFiles/LoginTestData.json"".
[INFO ] 2023-06-11 09:41:55.150 [TestNG-test=NopCommerce - GUI-3] ReportManager - Type "johndoe_11062023094119223@gmail.com" into "Email:".
[INFO ] 2023-06-11 09:41:55.250 [TestNG-test=NopCommerce - GUI-3] ReportManager - Type "tester123" into "Password:".
[INFO ] 2023-06-11 09:41:55.430 [TestNG-test=NopCommerce - GUI-3] ReportManager - Moved the mouse to the middle of the element.
[INFO ] 2023-06-11 09:41:55.467 [TestNG-test=NopCommerce - GUI-3] ReportManager - Click "LOG IN".
[INFO ] 2023-06-11 09:41:56.148 [TestNG-test=NopCommerce - GUI-3] ReportManager - Attempting to getAttribute "hidden" from elementLocator "By.className: ico-account".
[INFO ] 2023-06-11 09:41:56.202 [TestNG-test=NopCommerce - GUI-3] ReportManager - Get attribute from "My account".
[INFO ] 2023-06-11 09:41:56.202 [TestNG-test=NopCommerce - GUI-3] ReportManager - Expected "null", and actual "null"
[INFO ] 2023-06-11 09:41:57.340 [TestNG-test=NopCommerce - GUI-3] ReportManager - Assertion "ValidateElementAttribute" PASSED. Expected "Value Should be 'null' for the 'hidden' attribute, element locator 'By.className: ico-account'" and Actual "null". Comparison Type "EQUALS". Validation Type "POSITIVE".
[INFO ] 2023-06-11 09:41:57.347 [TestNG-test=NopCommerce - GUI-3] ReportManager - Successfully created attachment 'Screenshot - 1686469316530_loginWithValidEmailAndPassword_ValidateElementAttribute_passed'
[INFO ] 2023-06-11 09:41:57.349 [TestNG-test=NopCommerce - GUI-3] ReportManager - Successfully created attachment 'SHAFT Engine Logs - Current Method log: loginWithValidEmailAndPassword'
[INFO ] 2023-06-11 09:41:57.351 [TestNG-test=NopCommerce - GUI-3] ReportManager - 
------------------------------------------------------------------------------------------------------------------------------------------------
                                              Starting execution of tear down configuration method                                              
                                                           'tests.LoginTest.tearDown'                                                           
------------------------------------------------------------------------------------------------------------------------------------------------

[INFO ] 2023-06-11 09:41:59.230 [TestNG-test=NopCommerce - GUI-3] ReportManager - Navigate to url "https://demo.nopcommerce.com/register?returnUrl=%2F".
[INFO ] 2023-06-11 09:41:59.347 [TestNG-test=NopCommerce - GUI-3] ReportManager - Get text "Register" from "By.className: page-title".
[INFO ] 2023-06-11 09:41:59.347 [TestNG-test=NopCommerce - GUI-3] ReportManager - Expected "Register", and actual "Register"
[ERROR] 2023-06-11 09:41:59.348 [TestNG-test=NopCommerce - GUI-3] ReportManager - java.lang.UnsatisfiedLinkError: 'long org.opencv.core.Mat.n_Mat()'
 org.opencv.core.Mat.n_Mat(Native Method)
 org.opencv.core.Mat.<init>(Mat.java:23)
 org.opencv.core.MatOfByte.<init>(MatOfByte.java:12)
 com.shaft.gui.internal.image.ScreenshotManager.internalCaptureScreenShot(ScreenshotManager.java:338)
 com.shaft.gui.internal.image.ScreenshotManager.captureScreenShot(ScreenshotManager.java:151)
 com.shaft.validation.internal.ValidationsHelper.reportValidationState(ValidationsHelper.java:609)
 com.shaft.validation.internal.ValidationsHelper.pass(ValidationsHelper.java:373)
 com.shaft.validation.internal.ValidationsHelper.reportValidationResultOfElementAttribute(ValidationsHelper.java:488)
 com.shaft.validation.internal.ValidationsHelper.validateElementAttribute(ValidationsHelper.java:178)
 com.shaft.validation.internal.ValidationsExecutor.perform(ValidationsExecutor.java:149)
 tests.ChangePasswordTest.registerWithValidEmailAndPw(ChangePasswordTest.java:38)
 java.base/jdk.internal.reflect.DirectMethodHandleAccessor.invoke(DirectMethodHandleAccessor.java:104)
 java.base/java.lang.reflect.Method.invoke(Method.java:578)
 org.testng.internal.invokers.MethodInvocationHelper.invokeMethod(MethodInvocationHelper.java:139)
 org.testng.internal.invokers.TestInvoker.invokeMethod(TestInvoker.java:664)
 org.testng.internal.invokers.TestInvoker.invokeTestMethod(TestInvoker.java:227)
 org.testng.internal.invokers.MethodRunner.runInSequence(MethodRunner.java:50)
 org.testng.internal.invokers.TestInvoker$MethodInvocationAgent.invoke(TestInvoker.java:957)
 org.testng.internal.invokers.TestInvoker.invokeTestMethods(TestInvoker.java:200)
 org.testng.internal.invokers.TestMethodWorker.invokeTestMethods(TestMethodWorker.java:148)
 org.testng.internal.invokers.TestMethodWorker.run(TestMethodWorker.java:128)
 java.base/java.util.concurrent.ThreadPoolExecutor.runWorker(ThreadPoolExecutor.java:1144)
 java.base/java.util.concurrent.ThreadPoolExecutor$Worker.run(ThreadPoolExecutor.java:642)
 java.base/java.lang.Thread.run(Thread.java:1623)
[INFO ] 2023-06-11 09:41:59.348 [TestNG-test=NopCommerce - GUI-3] ReportManager - Caught an UnsatisfiedLinkError, switching element highlighting method to JavaScript instead of AI.
[INFO ] 2023-06-11 09:41:59.898 [TestNG-test=NopCommerce - GUI-3] ReportManager - Successfully Closed Driver.
[INFO ] 2023-06-11 09:41:59.899 [TestNG-test=NopCommerce - GUI-3] ReportManager - Driver is already closed.
[INFO ] 2023-06-11 09:41:59.901 [TestNG-test=NopCommerce - GUI-3] ReportManager - 
------------------------------------------------------------------------------------------------------------------------------------------------
                                                Starting execution of set up configuration method                                                
                                                        'tests.ChangePasswordTest.setUp'                                                        
------------------------------------------------------------------------------------------------------------------------------------------------

[INFO ] 2023-06-11 09:41:59.908 [TestNG-test=NopCommerce - GUI-3] ReportManager - Setting "targetOperatingSystem" property with "WINDOWS".
[INFO ] 2023-06-11 09:41:59.910 [TestNG-test=NopCommerce - GUI-3] ReportManager - File Action "DoesFileExist" successfully performed. With the following test data "File Path: "target/downloadedFiles/"".
[INFO ] 2023-06-11 09:41:59.910 [TestNG-test=NopCommerce - GUI-3] ReportManager - File Action "GetAbsolutePath" successfully performed. With the following test data "Relative Folder Path: "src/test/resources/testDataFiles/target/downloadedFiles/"".
[INFO ] 2023-06-11 09:41:59.912 [TestNG-test=NopCommerce - GUI-3] ReportManager - File Action "DoesFileExist" successfully performed. With the following test data "File Path: "target/downloadedFiles/"".
[INFO ] 2023-06-11 09:41:59.912 [TestNG-test=NopCommerce - GUI-3] ReportManager - File Action "GetAbsolutePath" successfully performed. With the following test data "Relative Folder Path: "src/test/resources/testDataFiles/target/downloadedFiles/"".
[INFO ] 2023-06-11 09:41:59.914 [TestNG-test=NopCommerce - GUI-3] ReportManager - Attempting to run locally on: "WINDOWS | Chrome".
[INFO ] 2023-06-11 09:41:59.914 [TestNG-test=NopCommerce - GUI-3] ReportManager - Identifying OS/Driver combination and selecting the correct driver version automatically. Please note that if a new driver executable will be downloaded it may take some time...
[DEBUG] 2023-06-11 09:41:59.930 [TestNG-test=NopCommerce - GUI-3] ResolutionCache - Resolution chrome=114 in cache (valid until 10:35:51 11/06/2023 EET)
[DEBUG] 2023-06-11 09:41:59.931 [TestNG-test=NopCommerce - GUI-3] ResolutionCache - Resolution chrome114=114.0.5735.90 in cache (valid until 08:23:04 12/06/2023 EET)
[INFO ] 2023-06-11 09:41:59.931 [TestNG-test=NopCommerce - GUI-3] WebDriverManager - Using chromedriver 114.0.5735.90 (resolved driver for Chrome 114)
[DEBUG] 2023-06-11 09:41:59.938 [TestNG-test=NopCommerce - GUI-3] WebDriverManager - Driver chromedriver 114.0.5735.90 found in cache
[INFO ] 2023-06-11 09:41:59.939 [TestNG-test=NopCommerce - GUI-3] WebDriverManager - Exporting webdriver.chrome.driver as C:\Users\usama\.cache\selenium\chromedriver\win32\114.0.5735.90\chromedriver.exe
[WARN ] 2023-06-11 09:41:59.996 [Exec Stream Pumper] ReportManager - Starting ChromeDriver 114.0.5735.90 (386bc09e8f4f2e025eddae123f36f6263096ae49-refs/branch-heads/5735@{#1052}) on port 11821
[WARN ] 2023-06-11 09:41:59.996 [Exec Stream Pumper] ReportManager - Only local connections are allowed.
[WARN ] 2023-06-11 09:41:59.996 [Exec Stream Pumper] ReportManager - Please see https://chromedriver.chromium.org/security-considerations for suggestions on keeping ChromeDriver safe.
[WARN ] 2023-06-11 09:42:00.003 [Exec Stream Pumper] ReportManager - ChromeDriver was started successfully.
[INFO ] 2023-06-11 09:42:00.025 [TestNG-test=NopCommerce - GUI-3] ReportManager - Assertion "ValidateElementAttribute" PASSED. Expected "Value Should be 'Register' for the 'text' attribute, element locator 'By.className: page-title'" and Actual "Register". Comparison Type "CONTAINS". Validation Type "POSITIVE".
[INFO ] 2023-06-11 09:42:00.031 [TestNG-test=NopCommerce - GUI-3] ReportManager - Successfully created attachment 'Screenshot - 1686469319649_registerWithValidEmailAndPw_ValidateElementAttribute_passed'
[INFO ] 2023-06-11 09:42:00.031 [TestNG-test=NopCommerce - GUI-3] ReportManager - File Action "DoesFileExist" successfully performed. With the following test data "File Path: "src/test/resources/testDataFiles/ChangePasswordTestData.json"".
[INFO ] 2023-06-11 09:42:00.032 [TestNG-test=NopCommerce - GUI-3] ReportManager - File Action "GetAbsolutePath" successfully performed. With the following test data "Relative Folder Path: "src/test/resources/testDataFiles/ChangePasswordTestData.json"".
[INFO ] 2023-06-11 09:42:00.053 [TestNG-test=NopCommerce - GUI-3] ReportManager - File Action "DoesFileExist" successfully performed. With the following test data "File Path: "src/test/resources/testDataFiles/ChangePasswordTestData.json"".
[INFO ] 2023-06-11 09:42:00.054 [TestNG-test=NopCommerce - GUI-3] ReportManager - File Action "GetAbsolutePath" successfully performed. With the following test data "Relative Folder Path: "src/test/resources/testDataFiles/ChangePasswordTestData.json"".
[INFO ] 2023-06-11 09:42:00.075 [TestNG-test=NopCommerce - GUI-3] ReportManager - File Action "DoesFileExist" successfully performed. With the following test data "File Path: "src/test/resources/testDataFiles/ChangePasswordTestData.json"".
[INFO ] 2023-06-11 09:42:00.075 [TestNG-test=NopCommerce - GUI-3] ReportManager - File Action "GetAbsolutePath" successfully performed. With the following test data "Relative Folder Path: "src/test/resources/testDataFiles/ChangePasswordTestData.json"".
[INFO ] 2023-06-11 09:42:00.318 [TestNG-test=NopCommerce - GUI-3] ReportManager - Type "John" into "First name:".
[INFO ] 2023-06-11 09:42:00.579 [TestNG-test=NopCommerce - GUI-3] ReportManager - Type "Doe" into "Last name:".
[INFO ] 2023-06-11 09:42:00.715 [TestNG-test=NopCommerce - GUI-3] ReportManager - Type "johndoe_11062023094114255@gmail.com" into "Email:".
[INFO ] 2023-06-11 09:42:00.830 [TestNG-test=NopCommerce - GUI-3] ReportManager - Type "tester123" into "Password:".
[WARN ] 2023-06-11 09:42:00.927 [TestNG-test=NopCommerce - GUI-3] ReportManager - Jun 11, 2023 9:42:00 AM org.openqa.selenium.devtools.CdpVersionFinder findNearestMatch
[WARN ] 2023-06-11 09:42:00.927 [TestNG-test=NopCommerce - GUI-3] ReportManager - WARNING: Unable to find an exact match for CDP version 114, so returning the closest version found: 112
[INFO ] 2023-06-11 09:42:00.929 [TestNG-test=NopCommerce - GUI-3] ReportManager - Successfully Opened: "WINDOWS | Chrome".
[INFO ] 2023-06-11 09:42:00.931 [TestNG-test=NopCommerce - GUI-3] ReportManager - File Action "DoesFileExist" successfully performed. With the following test data "File Path: "ChangePasswordTestData.json"".
[INFO ] 2023-06-11 09:42:00.931 [TestNG-test=NopCommerce - GUI-3] ReportManager - File Action "DoesFileExist" successfully performed. With the following test data "File Path: "src/test/resources/testDataFiles/ChangePasswordTestData.json"".
[INFO ] 2023-06-11 09:42:00.931 [TestNG-test=NopCommerce - GUI-3] ReportManager - File Action "GetAbsolutePath" successfully performed. With the following test data "Relative Folder Path: "src/test/resources/testDataFiles/ChangePasswordTestData.json"".
[INFO ] 2023-06-11 09:42:00.951 [TestNG-test=NopCommerce - GUI-3] ReportManager - Type "tester123" into "Confirm password:".
[INFO ] 2023-06-11 09:42:01.115 [TestNG-test=NopCommerce - GUI-3] ReportManager - Moved the mouse to the middle of the element.
[INFO ] 2023-06-11 09:42:01.122 [TestNG-test=NopCommerce - GUI-3] ReportManager - Successfully created attachment 'Test Data - JSON'
[ERROR] 2023-06-11 09:42:01.123 [TestNG-test=NopCommerce - GUI-3] AllureLifecycle - Could not update step: step with uuid d183dfc4-b0d9-4675-8209-61ad5fb6c1b0 not found
[INFO ] 2023-06-11 09:42:01.130 [TestNG-test=NopCommerce - GUI-3] ReportManager - 
------------------------------------------------------------------------------------------------------------------------------------------------
                                        Starting Execution: '5 out of 15' test cases in the current suite                                        
                                       Test Method: 'tests.ChangePasswordTest.registerWithValidEmailAndPw'                                       
                                  Test Description: 'Validate registering a user with valid email and password'                                  
------------------------------------------------------------------------------------------------------------------------------------------------

[INFO ] 2023-06-11 09:42:01.132 [TestNG-test=NopCommerce - GUI-3] ReportManager - File Action "DoesFileExist" successfully performed. With the following test data "File Path: "src/test/resources/testDataFiles/ChangePasswordTestData.json"".
[INFO ] 2023-06-11 09:42:01.133 [TestNG-test=NopCommerce - GUI-3] ReportManager - File Action "GetAbsolutePath" successfully performed. With the following test data "Relative Folder Path: "src/test/resources/testDataFiles/ChangePasswordTestData.json"".
[INFO ] 2023-06-11 09:42:01.169 [TestNG-test=NopCommerce - GUI-3] ReportManager - File Action "DoesFileExist" successfully performed. With the following test data "File Path: "src/test/resources/testDataFiles/ChangePasswordTestData.json"".
[INFO ] 2023-06-11 09:42:01.170 [TestNG-test=NopCommerce - GUI-3] ReportManager - File Action "GetAbsolutePath" successfully performed. With the following test data "Relative Folder Path: "src/test/resources/testDataFiles/ChangePasswordTestData.json"".
[INFO ] 2023-06-11 09:42:01.194 [TestNG-test=NopCommerce - GUI-3] ReportManager - Click "REGISTER".
[INFO ] 2023-06-11 09:42:01.196 [TestNG-test=NopCommerce - GUI-3] ReportManager - File Action "DoesFileExist" successfully performed. With the following test data "File Path: "src/test/resources/testDataFiles/ChangePasswordTestData.json"".
[INFO ] 2023-06-11 09:42:01.197 [TestNG-test=NopCommerce - GUI-3] ReportManager - File Action "GetAbsolutePath" successfully performed. With the following test data "Relative Folder Path: "src/test/resources/testDataFiles/ChangePasswordTestData.json"".
[INFO ] 2023-06-11 09:42:01.235 [TestNG-test=NopCommerce - GUI-3] ReportManager - Target URL: "https://demo.nopcommerce.com/register?returnUrl=%2F"
[INFO ] 2023-06-11 09:42:01.250 [TestNG-test=NopCommerce - GUI-3] ReportManager - Initial URL: "data:,"
[INFO ] 2023-06-11 09:42:02.082 [TestNG-test=NopCommerce - GUI-3] ReportManager - Get text "Your registration completed" from "By.className: result".
[INFO ] 2023-06-11 09:42:02.083 [TestNG-test=NopCommerce - GUI-3] ReportManager - Expected "Your registration completed", and actual "Your registration completed"
[ERROR] 2023-06-11 09:42:02.083 [TestNG-test=NopCommerce - GUI-3] ReportManager - java.lang.UnsatisfiedLinkError: 'long org.opencv.core.Mat.n_Mat()'
 org.opencv.core.Mat.n_Mat(Native Method)
 org.opencv.core.Mat.<init>(Mat.java:23)
 org.opencv.core.MatOfByte.<init>(MatOfByte.java:12)
 com.shaft.gui.internal.image.ScreenshotManager.internalCaptureScreenShot(ScreenshotManager.java:338)
 com.shaft.gui.internal.image.ScreenshotManager.captureScreenShot(ScreenshotManager.java:151)
 com.shaft.validation.internal.ValidationsHelper.reportValidationState(ValidationsHelper.java:609)
 com.shaft.validation.internal.ValidationsHelper.pass(ValidationsHelper.java:373)
 com.shaft.validation.internal.ValidationsHelper.reportValidationResultOfElementAttribute(ValidationsHelper.java:488)
 com.shaft.validation.internal.ValidationsHelper.validateElementAttribute(ValidationsHelper.java:178)
 com.shaft.validation.internal.ValidationsExecutor.perform(ValidationsExecutor.java:149)
 tests.ChangePasswordTest.registerWithValidEmailAndPw(ChangePasswordTest.java:40)
 java.base/jdk.internal.reflect.DirectMethodHandleAccessor.invoke(DirectMethodHandleAccessor.java:104)
 java.base/java.lang.reflect.Method.invoke(Method.java:578)
 org.testng.internal.invokers.MethodInvocationHelper.invokeMethod(MethodInvocationHelper.java:139)
 org.testng.internal.invokers.TestInvoker.invokeMethod(TestInvoker.java:664)
 org.testng.internal.invokers.TestInvoker.invokeTestMethod(TestInvoker.java:227)
 org.testng.internal.invokers.MethodRunner.runInSequence(MethodRunner.java:50)
 org.testng.internal.invokers.TestInvoker$MethodInvocationAgent.invoke(TestInvoker.java:957)
 org.testng.internal.invokers.TestInvoker.invokeTestMethods(TestInvoker.java:200)
 org.testng.internal.invokers.TestMethodWorker.invokeTestMethods(TestMethodWorker.java:148)
 org.testng.internal.invokers.TestMethodWorker.run(TestMethodWorker.java:128)
 java.base/java.util.concurrent.ThreadPoolExecutor.runWorker(ThreadPoolExecutor.java:1144)
 java.base/java.util.concurrent.ThreadPoolExecutor$Worker.run(ThreadPoolExecutor.java:642)
 java.base/java.lang.Thread.run(Thread.java:1623)
[INFO ] 2023-06-11 09:42:02.083 [TestNG-test=NopCommerce - GUI-3] ReportManager - Caught an UnsatisfiedLinkError, switching element highlighting method to JavaScript instead of AI.
[INFO ] 2023-06-11 09:42:02.574 [TestNG-test=NopCommerce - GUI-3] ReportManager - Assertion "ValidateElementAttribute" PASSED. Expected "Value Should be 'Your registration completed' for the 'text' attribute, element locator 'By.className: result'" and Actual "Your registration completed". Comparison Type "CONTAINS". Validation Type "POSITIVE".
[INFO ] 2023-06-11 09:42:02.580 [TestNG-test=NopCommerce - GUI-3] ReportManager - Successfully created attachment 'Screenshot - 1686469322337_registerWithValidEmailAndPw_ValidateElementAttribute_passed'
[INFO ] 2023-06-11 09:42:02.767 [TestNG-test=NopCommerce - GUI-3] ReportManager - Moved the mouse to the middle of the element.
[INFO ] 2023-06-11 09:42:02.828 [TestNG-test=NopCommerce - GUI-3] ReportManager - Click "CONTINUE".
[INFO ] 2023-06-11 09:42:02.854 [TestNG-test=NopCommerce - GUI-3] ReportManager - Successfully created attachment 'SHAFT Engine Logs - Current Method log: registerWithValidEmailAndPw'
[INFO ] 2023-06-11 09:42:02.864 [TestNG-test=NopCommerce - GUI-1] ReportManager - 
------------------------------------------------------------------------------------------------------------------------------------------------
                                        Starting Execution: '6 out of 15' test cases in the current suite                                        
                                     Test Method: 'tests.ChangePasswordTest.loginWithValidEmailAndPassword'                                     
                                      Test Description: 'Validate Login with registered email and password'                                      
------------------------------------------------------------------------------------------------------------------------------------------------

[INFO ] 2023-06-11 09:42:02.865 [TestNG-test=NopCommerce - GUI-1] ReportManager - Target URL: "https://demo.nopcommerce.com/login"
[ERROR] 2023-06-11 09:42:02.866 [TestNG-test=NopCommerce - GUI-1] ReportManager - java.lang.NullPointerException: Cannot invoke "org.openqa.selenium.JavascriptExecutor.executeScript(String, Object[])" because the return value of "java.lang.ThreadLocal.get()" is null
 com.shaft.gui.browser.internal.FluentBrowserActions.navigateToURL(FluentBrowserActions.java:278)
 com.shaft.gui.browser.internal.FluentBrowserActions.navigateToURL(FluentBrowserActions.java:239)
 pages.LoginPage.openLoginPage(LoginPage.java:25)
 tests.ChangePasswordTest.loginWithValidEmailAndPassword(ChangePasswordTest.java:48)
 java.base/jdk.internal.reflect.DirectMethodHandleAccessor.invoke(DirectMethodHandleAccessor.java:104)
 java.base/java.lang.reflect.Method.invoke(Method.java:578)
 org.testng.internal.invokers.MethodInvocationHelper.invokeMethod(MethodInvocationHelper.java:139)
 org.testng.internal.invokers.TestInvoker.invokeMethod(TestInvoker.java:664)
 org.testng.internal.invokers.TestInvoker.invokeTestMethod(TestInvoker.java:227)
 org.testng.internal.invokers.MethodRunner.runInSequence(MethodRunner.java:50)
 org.testng.internal.invokers.TestInvoker$MethodInvocationAgent.invoke(TestInvoker.java:957)
 org.testng.internal.invokers.TestInvoker.invokeTestMethods(TestInvoker.java:200)
 org.testng.internal.invokers.TestMethodWorker.invokeTestMethods(TestMethodWorker.java:148)
 org.testng.internal.invokers.TestMethodWorker.run(TestMethodWorker.java:128)
 java.base/java.util.concurrent.ThreadPoolExecutor.runWorker(ThreadPoolExecutor.java:1144)
 java.base/java.util.concurrent.ThreadPoolExecutor$Worker.run(ThreadPoolExecutor.java:642)
 java.base/java.lang.Thread.run(Thread.java:1623)
[INFO ] 2023-06-11 09:42:02.882 [TestNG-test=NopCommerce - GUI-1] ReportManager - Successfully created attachment 'Browser Action Exception - Navigate to url - Stacktrace'
[ERROR] 2023-06-11 09:42:02.882 [TestNG-test=NopCommerce - GUI-1] AllureLifecycle - Could not update step: step with uuid 7dc975eb-132f-4f22-8cb1-eb4cd11e0876 not found
[INFO ] 2023-06-11 09:42:02.944 [TestNG-test=NopCommerce - GUI-1] ReportManager - Successfully created attachment 'Database actions - Get  stack  trace - Exception Stacktrace'
[ERROR] 2023-06-11 09:42:02.944 [TestNG-test=NopCommerce - GUI-1] AllureLifecycle - Could not update step: step with uuid 7dc975eb-132f-4f22-8cb1-eb4cd11e0876 not found
[INFO ] 2023-06-11 09:42:02.950 [TestNG-test=NopCommerce - GUI-1] ReportManager - Successfully created attachment 'SHAFT Engine Logs - Current Method log: loginWithValidEmailAndPassword'
[INFO ] 2023-06-11 09:42:02.961 [TestNG-test=NopCommerce - GUI-2] ReportManager - 
------------------------------------------------------------------------------------------------------------------------------------------------
                                        Starting Execution: '7 out of 15' test cases in the current suite                                        
                                   Test Method: 'tests.ChangePasswordTest.VerifyChangingPasswordSuccessfully'                                   
                                       Test Description: 'Validate changing account password to a new one'                                       
------------------------------------------------------------------------------------------------------------------------------------------------

[INFO ] 2023-06-11 09:42:02.963 [TestNG-test=NopCommerce - GUI-2] ReportManager - Successfully created attachment 'SHAFT Engine Logs - Current Method log: VerifyChangingPasswordSuccessfully'
[INFO ] 2023-06-11 09:42:02.965 [TestNG-test=NopCommerce - GUI-2] ReportManager - 
------------------------------------------------------------------------------------------------------------------------------------------------
                                              Starting execution of tear down configuration method                                              
                                                       'tests.ChangePasswordTest.tearDown'                                                       
------------------------------------------------------------------------------------------------------------------------------------------------

[INFO ] 2023-06-11 09:42:02.966 [TestNG-test=NopCommerce - GUI-2] ReportManager - Driver is already closed.
[INFO ] 2023-06-11 09:42:02.967 [TestNG-test=NopCommerce - GUI-2] ReportManager - 
------------------------------------------------------------------------------------------------------------------------------------------------
                                                Starting execution of set up configuration method                                                
                                                            'tests.SearchTest.setUp'                                                            
------------------------------------------------------------------------------------------------------------------------------------------------

[INFO ] 2023-06-11 09:42:02.977 [TestNG-test=NopCommerce - GUI-2] ReportManager - Setting "targetOperatingSystem" property with "WINDOWS".
[INFO ] 2023-06-11 09:42:02.979 [TestNG-test=NopCommerce - GUI-2] ReportManager - File Action "DoesFileExist" successfully performed. With the following test data "File Path: "target/downloadedFiles/"".
[INFO ] 2023-06-11 09:42:02.979 [TestNG-test=NopCommerce - GUI-2] ReportManager - File Action "GetAbsolutePath" successfully performed. With the following test data "Relative Folder Path: "src/test/resources/testDataFiles/target/downloadedFiles/"".
[INFO ] 2023-06-11 09:42:02.981 [TestNG-test=NopCommerce - GUI-2] ReportManager - File Action "DoesFileExist" successfully performed. With the following test data "File Path: "target/downloadedFiles/"".
[INFO ] 2023-06-11 09:42:02.982 [TestNG-test=NopCommerce - GUI-2] ReportManager - File Action "GetAbsolutePath" successfully performed. With the following test data "Relative Folder Path: "src/test/resources/testDataFiles/target/downloadedFiles/"".
[INFO ] 2023-06-11 09:42:02.982 [TestNG-test=NopCommerce - GUI-2] ReportManager - Attempting to run locally on: "WINDOWS | Chrome".
[INFO ] 2023-06-11 09:42:02.983 [TestNG-test=NopCommerce - GUI-2] ReportManager - Identifying OS/Driver combination and selecting the correct driver version automatically. Please note that if a new driver executable will be downloaded it may take some time...
[DEBUG] 2023-06-11 09:42:02.993 [TestNG-test=NopCommerce - GUI-2] ResolutionCache - Resolution chrome=114 in cache (valid until 10:35:51 11/06/2023 EET)
[DEBUG] 2023-06-11 09:42:02.994 [TestNG-test=NopCommerce - GUI-2] ResolutionCache - Resolution chrome114=114.0.5735.90 in cache (valid until 08:23:04 12/06/2023 EET)
[INFO ] 2023-06-11 09:42:02.994 [TestNG-test=NopCommerce - GUI-2] WebDriverManager - Using chromedriver 114.0.5735.90 (resolved driver for Chrome 114)
[DEBUG] 2023-06-11 09:42:03.010 [TestNG-test=NopCommerce - GUI-2] WebDriverManager - Driver chromedriver 114.0.5735.90 found in cache
[INFO ] 2023-06-11 09:42:03.010 [TestNG-test=NopCommerce - GUI-2] WebDriverManager - Exporting webdriver.chrome.driver as C:\Users\usama\.cache\selenium\chromedriver\win32\114.0.5735.90\chromedriver.exe
[WARN ] 2023-06-11 09:42:03.085 [Exec Stream Pumper] ReportManager - Starting ChromeDriver 114.0.5735.90 (386bc09e8f4f2e025eddae123f36f6263096ae49-refs/branch-heads/5735@{#1052}) on port 3393
[WARN ] 2023-06-11 09:42:03.085 [Exec Stream Pumper] ReportManager - Only local connections are allowed.
[WARN ] 2023-06-11 09:42:03.085 [Exec Stream Pumper] ReportManager - Please see https://chromedriver.chromium.org/security-considerations for suggestions on keeping ChromeDriver safe.
[WARN ] 2023-06-11 09:42:03.092 [Exec Stream Pumper] ReportManager - ChromeDriver was started successfully.
[INFO ] 2023-06-11 09:42:03.987 [TestNG-test=NopCommerce - GUI-3] ReportManager - Navigate to url "https://demo.nopcommerce.com/register?returnUrl=%2F".
[INFO ] 2023-06-11 09:42:04.082 [TestNG-test=NopCommerce - GUI-3] ReportManager - Get text "Register" from "By.className: page-title".
[INFO ] 2023-06-11 09:42:04.082 [TestNG-test=NopCommerce - GUI-3] ReportManager - Expected "Register", and actual "Register"
[INFO ] 2023-06-11 09:42:05.196 [TestNG-test=NopCommerce - GUI-3] ReportManager - Assertion "ValidateElementAttribute" PASSED. Expected "Value Should be 'Register' for the 'text' attribute, element locator 'By.className: page-title'" and Actual "Register". Comparison Type "CONTAINS". Validation Type "POSITIVE".
[INFO ] 2023-06-11 09:42:05.202 [TestNG-test=NopCommerce - GUI-3] ReportManager - Successfully created attachment 'Screenshot - 1686469324302_registerWithValidEmailAndPw_ValidateElementAttribute_passed'
[INFO ] 2023-06-11 09:42:05.203 [TestNG-test=NopCommerce - GUI-3] ReportManager - File Action "DoesFileExist" successfully performed. With the following test data "File Path: "src/test/resources/testDataFiles/ChangePasswordTestData.json"".
[INFO ] 2023-06-11 09:42:05.204 [TestNG-test=NopCommerce - GUI-3] ReportManager - File Action "GetAbsolutePath" successfully performed. With the following test data "Relative Folder Path: "src/test/resources/testDataFiles/ChangePasswordTestData.json"".
[WARN ] 2023-06-11 09:42:05.217 [TestNG-test=NopCommerce - GUI-2] ReportManager - Jun 11, 2023 9:42:05 AM org.openqa.selenium.devtools.CdpVersionFinder findNearestMatch
[WARN ] 2023-06-11 09:42:05.217 [TestNG-test=NopCommerce - GUI-2] ReportManager - WARNING: Unable to find an exact match for CDP version 114, so returning the closest version found: 112
[INFO ] 2023-06-11 09:42:05.220 [TestNG-test=NopCommerce - GUI-2] ReportManager - Successfully Opened: "WINDOWS | Chrome".
[INFO ] 2023-06-11 09:42:05.222 [TestNG-test=NopCommerce - GUI-2] ReportManager - File Action "DoesFileExist" successfully performed. With the following test data "File Path: "SearchTestData.json"".
[INFO ] 2023-06-11 09:42:05.224 [TestNG-test=NopCommerce - GUI-2] ReportManager - File Action "DoesFileExist" successfully performed. With the following test data "File Path: "src/test/resources/testDataFiles/SearchTestData.json"".
[INFO ] 2023-06-11 09:42:05.224 [TestNG-test=NopCommerce - GUI-2] ReportManager - File Action "GetAbsolutePath" successfully performed. With the following test data "Relative Folder Path: "src/test/resources/testDataFiles/SearchTestData.json"".
[INFO ] 2023-06-11 09:42:05.256 [TestNG-test=NopCommerce - GUI-3] ReportManager - File Action "DoesFileExist" successfully performed. With the following test data "File Path: "src/test/resources/testDataFiles/ChangePasswordTestData.json"".
[INFO ] 2023-06-11 09:42:05.256 [TestNG-test=NopCommerce - GUI-3] ReportManager - File Action "GetAbsolutePath" successfully performed. With the following test data "Relative Folder Path: "src/test/resources/testDataFiles/ChangePasswordTestData.json"".
[INFO ] 2023-06-11 09:42:05.277 [TestNG-test=NopCommerce - GUI-3] ReportManager - File Action "DoesFileExist" successfully performed. With the following test data "File Path: "src/test/resources/testDataFiles/ChangePasswordTestData.json"".
[INFO ] 2023-06-11 09:42:05.277 [TestNG-test=NopCommerce - GUI-3] ReportManager - File Action "GetAbsolutePath" successfully performed. With the following test data "Relative Folder Path: "src/test/resources/testDataFiles/ChangePasswordTestData.json"".
[INFO ] 2023-06-11 09:42:05.430 [TestNG-test=NopCommerce - GUI-3] ReportManager - Type "John" into "First name:".
[INFO ] 2023-06-11 09:42:05.478 [TestNG-test=NopCommerce - GUI-2] ReportManager - Successfully created attachment 'Test Data - JSON'
[ERROR] 2023-06-11 09:42:05.481 [TestNG-test=NopCommerce - GUI-2] AllureLifecycle - Could not update step: step with uuid 8bc41eb8-ed29-446a-b674-44ea0b761b45 not found
[INFO ] 2023-06-11 09:42:05.498 [TestNG-test=NopCommerce - GUI-2] ReportManager - Target URL: "https://demo.nopcommerce.com/"
[INFO ] 2023-06-11 09:42:05.522 [TestNG-test=NopCommerce - GUI-2] ReportManager - Initial URL: "data:,"
[INFO ] 2023-06-11 09:42:05.605 [TestNG-test=NopCommerce - GUI-3] ReportManager - Type "Doe" into "Last name:".
[INFO ] 2023-06-11 09:42:05.743 [TestNG-test=NopCommerce - GUI-3] ReportManager - Type "johndoe_11062023094119228@gmail.com" into "Email:".
[INFO ] 2023-06-11 09:42:05.854 [TestNG-test=NopCommerce - GUI-3] ReportManager - Type "tester123" into "Password:".
[INFO ] 2023-06-11 09:42:05.967 [TestNG-test=NopCommerce - GUI-3] ReportManager - Type "tester123" into "Confirm password:".
[INFO ] 2023-06-11 09:42:06.140 [TestNG-test=NopCommerce - GUI-3] ReportManager - Moved the mouse to the middle of the element.
[INFO ] 2023-06-11 09:42:06.220 [TestNG-test=NopCommerce - GUI-3] ReportManager - Click "REGISTER".
[INFO ] 2023-06-11 09:42:06.221 [TestNG-test=NopCommerce - GUI-3] ReportManager - File Action "DoesFileExist" successfully performed. With the following test data "File Path: "src/test/resources/testDataFiles/ChangePasswordTestData.json"".
[INFO ] 2023-06-11 09:42:06.221 [TestNG-test=NopCommerce - GUI-3] ReportManager - File Action "GetAbsolutePath" successfully performed. With the following test data "Relative Folder Path: "src/test/resources/testDataFiles/ChangePasswordTestData.json"".
[INFO ] 2023-06-11 09:42:07.481 [TestNG-test=NopCommerce - GUI-3] ReportManager - Get text "Your registration completed" from "By.className: result".
[INFO ] 2023-06-11 09:42:07.481 [TestNG-test=NopCommerce - GUI-3] ReportManager - Expected "Your registration completed", and actual "Your registration completed"
[INFO ] 2023-06-11 09:42:07.949 [TestNG-test=NopCommerce - GUI-3] ReportManager - Assertion "ValidateElementAttribute" PASSED. Expected "Value Should be 'Your registration completed' for the 'text' attribute, element locator 'By.className: result'" and Actual "Your registration completed". Comparison Type "CONTAINS". Validation Type "POSITIVE".
[INFO ] 2023-06-11 09:42:07.951 [TestNG-test=NopCommerce - GUI-3] ReportManager - Successfully created attachment 'Screenshot - 1686469327718_registerWithValidEmailAndPw_ValidateElementAttribute_passed'
[INFO ] 2023-06-11 09:42:08.143 [TestNG-test=NopCommerce - GUI-3] ReportManager - Moved the mouse to the middle of the element.
[INFO ] 2023-06-11 09:42:08.220 [TestNG-test=NopCommerce - GUI-3] ReportManager - Click "CONTINUE".
[INFO ] 2023-06-11 09:42:08.223 [TestNG-test=NopCommerce - GUI-3] ReportManager - Successfully created attachment 'SHAFT Engine Logs - Current Method log: registerWithValidEmailAndPw'
[INFO ] 2023-06-11 09:42:08.227 [TestNG-test=NopCommerce - GUI-3] ReportManager - 
------------------------------------------------------------------------------------------------------------------------------------------------
                                        Starting Execution: '6 out of 15' test cases in the current suite                                        
                                     Test Method: 'tests.ChangePasswordTest.loginWithValidEmailAndPassword'                                     
                                      Test Description: 'Validate Login with registered email and password'                                      
------------------------------------------------------------------------------------------------------------------------------------------------

[INFO ] 2023-06-11 09:42:10.568 [TestNG-test=NopCommerce - GUI-2] ReportManager - Navigate to url "https://demo.nopcommerce.com/".
[INFO ] 2023-06-11 09:42:10.572 [TestNG-test=NopCommerce - GUI-2] ReportManager - 
------------------------------------------------------------------------------------------------------------------------------------------------
                                        Starting Execution: '8 out of 15' test cases in the current suite                                        
                                             Test Method: 'tests.SearchTest.searchForProductByName'                                             
                             Test Description: 'Verify Searching for specific product and viewing it's product page'                             
------------------------------------------------------------------------------------------------------------------------------------------------

[INFO ] 2023-06-11 09:42:10.573 [TestNG-test=NopCommerce - GUI-2] ReportManager - File Action "DoesFileExist" successfully performed. With the following test data "File Path: "src/test/resources/testDataFiles/SearchTestData.json"".
[INFO ] 2023-06-11 09:42:10.573 [TestNG-test=NopCommerce - GUI-2] ReportManager - File Action "GetAbsolutePath" successfully performed. With the following test data "Relative Folder Path: "src/test/resources/testDataFiles/SearchTestData.json"".
[INFO ] 2023-06-11 09:42:10.750 [TestNG-test=NopCommerce - GUI-2] ReportManager - Type "MacBook" into "Search store".
[INFO ] 2023-06-11 09:42:10.752 [TestNG-test=NopCommerce - GUI-3] ReportManager - Target URL: "https://demo.nopcommerce.com/login"
[INFO ] 2023-06-11 09:42:10.773 [TestNG-test=NopCommerce - GUI-3] ReportManager - Initial URL: "https://demo.nopcommerce.com"
[INFO ] 2023-06-11 09:42:10.931 [TestNG-test=NopCommerce - GUI-2] ReportManager - Moved the mouse to the middle of the element.
[INFO ] 2023-06-11 09:42:10.999 [TestNG-test=NopCommerce - GUI-2] ReportManager - Click "SEARCH".
[INFO ] 2023-06-11 09:42:11.348 [TestNG-test=NopCommerce - GUI-3] ReportManager - Navigate to url "https://demo.nopcommerce.com/login".
[INFO ] 2023-06-11 09:42:11.350 [TestNG-test=NopCommerce - GUI-3] ReportManager - File Action "DoesFileExist" successfully performed. With the following test data "File Path: "src/test/resources/testDataFiles/ChangePasswordTestData.json"".
[INFO ] 2023-06-11 09:42:11.350 [TestNG-test=NopCommerce - GUI-3] ReportManager - File Action "GetAbsolutePath" successfully performed. With the following test data "Relative Folder Path: "src/test/resources/testDataFiles/ChangePasswordTestData.json"".
[INFO ] 2023-06-11 09:42:11.505 [TestNG-test=NopCommerce - GUI-3] ReportManager - Type "johndoe_11062023094119228@gmail.com" into "Email:".
[INFO ] 2023-06-11 09:42:11.630 [TestNG-test=NopCommerce - GUI-3] ReportManager - Type "tester123" into "Password:".
[INFO ] 2023-06-11 09:42:11.802 [TestNG-test=NopCommerce - GUI-3] ReportManager - Moved the mouse to the middle of the element.
[INFO ] 2023-06-11 09:42:11.845 [TestNG-test=NopCommerce - GUI-3] ReportManager - Click "LOG IN".
[INFO ] 2023-06-11 09:42:12.513 [TestNG-test=NopCommerce - GUI-3] ReportManager - Attempting to getAttribute "hidden" from elementLocator "By.className: ico-account".
[INFO ] 2023-06-11 09:42:12.544 [TestNG-test=NopCommerce - GUI-2] ReportManager - Moved the mouse to the middle of the element.
[INFO ] 2023-06-11 09:42:12.570 [TestNG-test=NopCommerce - GUI-3] ReportManager - Get attribute from "My account".
[INFO ] 2023-06-11 09:42:12.570 [TestNG-test=NopCommerce - GUI-3] ReportManager - Expected "null", and actual "null"
[INFO ] 2023-06-11 09:42:12.587 [TestNG-test=NopCommerce - GUI-2] ReportManager - Click "Apple MacBook Pro 13-inch".
[INFO ] 2023-06-11 09:42:12.736 [TestNG-test=NopCommerce - GUI-2] ReportManager - Successfully created attachment 'SHAFT Engine Logs - Current Method log: searchForProductByName'
[INFO ] 2023-06-11 09:42:12.758 [TestNG-test=NopCommerce - GUI-2] ReportManager - 
------------------------------------------------------------------------------------------------------------------------------------------------
                                              Starting execution of tear dowm configuration method                                              
                                                           'tests.SearchTest.tearDowm'                                                           
------------------------------------------------------------------------------------------------------------------------------------------------

[INFO ] 2023-06-11 09:42:13.749 [TestNG-test=NopCommerce - GUI-3] ReportManager - Assertion "ValidateElementAttribute" PASSED. Expected "Value Should be 'null' for the 'hidden' attribute, element locator 'By.className: ico-account'" and Actual "null". Comparison Type "EQUALS". Validation Type "POSITIVE".
[INFO ] 2023-06-11 09:42:13.754 [TestNG-test=NopCommerce - GUI-3] ReportManager - Successfully created attachment 'Screenshot - 1686469332920_loginWithValidEmailAndPassword_ValidateElementAttribute_passed'
[INFO ] 2023-06-11 09:42:13.762 [TestNG-test=NopCommerce - GUI-3] ReportManager - Successfully created attachment 'SHAFT Engine Logs - Current Method log: loginWithValidEmailAndPassword'
[INFO ] 2023-06-11 09:42:13.766 [TestNG-test=NopCommerce - GUI-3] ReportManager - 
------------------------------------------------------------------------------------------------------------------------------------------------
                                        Starting Execution: '7 out of 15' test cases in the current suite                                        
                                   Test Method: 'tests.ChangePasswordTest.VerifyChangingPasswordSuccessfully'                                   
                                       Test Description: 'Validate changing account password to a new one'                                       
------------------------------------------------------------------------------------------------------------------------------------------------

[INFO ] 2023-06-11 09:42:13.783 [TestNG-test=NopCommerce - GUI-3] ReportManager - Target URL: "https://demo.nopcommerce.com/customer\changepassword"
[INFO ] 2023-06-11 09:42:13.800 [TestNG-test=NopCommerce - GUI-3] ReportManager - Initial URL: "https://demo.nopcommerce.com"
[INFO ] 2023-06-11 09:42:14.167 [TestNG-test=NopCommerce - GUI-3] ReportManager - Navigate to url "https://demo.nopcommerce.com/customer\changepassword".
[INFO ] 2023-06-11 09:42:14.168 [TestNG-test=NopCommerce - GUI-3] ReportManager - File Action "DoesFileExist" successfully performed. With the following test data "File Path: "src/test/resources/testDataFiles/ChangePasswordTestData.json"".
[INFO ] 2023-06-11 09:42:14.168 [TestNG-test=NopCommerce - GUI-3] ReportManager - File Action "GetAbsolutePath" successfully performed. With the following test data "Relative Folder Path: "src/test/resources/testDataFiles/ChangePasswordTestData.json"".
[INFO ] 2023-06-11 09:42:14.190 [TestNG-test=NopCommerce - GUI-3] ReportManager - File Action "DoesFileExist" successfully performed. With the following test data "File Path: "src/test/resources/testDataFiles/ChangePasswordTestData.json"".
[INFO ] 2023-06-11 09:42:14.191 [TestNG-test=NopCommerce - GUI-3] ReportManager - File Action "GetAbsolutePath" successfully performed. With the following test data "Relative Folder Path: "src/test/resources/testDataFiles/ChangePasswordTestData.json"".
[INFO ] 2023-06-11 09:42:14.209 [TestNG-test=NopCommerce - GUI-3] ReportManager - File Action "DoesFileExist" successfully performed. With the following test data "File Path: "src/test/resources/testDataFiles/ChangePasswordTestData.json"".
[INFO ] 2023-06-11 09:42:14.209 [TestNG-test=NopCommerce - GUI-3] ReportManager - File Action "GetAbsolutePath" successfully performed. With the following test data "Relative Folder Path: "src/test/resources/testDataFiles/ChangePasswordTestData.json"".
[INFO ] 2023-06-11 09:42:14.335 [TestNG-test=NopCommerce - GUI-3] ReportManager - Type "tester123" into "Old password:".
[INFO ] 2023-06-11 09:42:14.463 [TestNG-test=NopCommerce - GUI-3] ReportManager - Type "tester1234" into "New password:".
[INFO ] 2023-06-11 09:42:14.577 [TestNG-test=NopCommerce - GUI-2] ReportManager - Successfully Closed Driver.
[INFO ] 2023-06-11 09:42:14.578 [TestNG-test=NopCommerce - GUI-2] ReportManager - Driver is already closed.
[INFO ] 2023-06-11 09:42:14.579 [TestNG-test=NopCommerce - GUI-2] ReportManager - 
------------------------------------------------------------------------------------------------------------------------------------------------
                                                Starting execution of set up configuration method                                                
                                                           'tests.WishListTest.setUp'                                                           
------------------------------------------------------------------------------------------------------------------------------------------------

[INFO ] 2023-06-11 09:42:14.584 [TestNG-test=NopCommerce - GUI-2] ReportManager - Setting "targetOperatingSystem" property with "WINDOWS".
[INFO ] 2023-06-11 09:42:14.587 [TestNG-test=NopCommerce - GUI-2] ReportManager - File Action "DoesFileExist" successfully performed. With the following test data "File Path: "target/downloadedFiles/"".
[INFO ] 2023-06-11 09:42:14.588 [TestNG-test=NopCommerce - GUI-2] ReportManager - File Action "GetAbsolutePath" successfully performed. With the following test data "Relative Folder Path: "src/test/resources/testDataFiles/target/downloadedFiles/"".
[INFO ] 2023-06-11 09:42:14.590 [TestNG-test=NopCommerce - GUI-2] ReportManager - File Action "DoesFileExist" successfully performed. With the following test data "File Path: "target/downloadedFiles/"".
[INFO ] 2023-06-11 09:42:14.591 [TestNG-test=NopCommerce - GUI-2] ReportManager - File Action "GetAbsolutePath" successfully performed. With the following test data "Relative Folder Path: "src/test/resources/testDataFiles/target/downloadedFiles/"".
[INFO ] 2023-06-11 09:42:14.595 [TestNG-test=NopCommerce - GUI-2] ReportManager - Attempting to run locally on: "WINDOWS | Chrome".
[INFO ] 2023-06-11 09:42:14.595 [TestNG-test=NopCommerce - GUI-2] ReportManager - Identifying OS/Driver combination and selecting the correct driver version automatically. Please note that if a new driver executable will be downloaded it may take some time...
[INFO ] 2023-06-11 09:42:14.607 [TestNG-test=NopCommerce - GUI-3] ReportManager - Type "tester1234" into "Confirm password:".
[DEBUG] 2023-06-11 09:42:14.608 [TestNG-test=NopCommerce - GUI-2] ResolutionCache - Resolution chrome=114 in cache (valid until 10:35:51 11/06/2023 EET)
[DEBUG] 2023-06-11 09:42:14.609 [TestNG-test=NopCommerce - GUI-2] ResolutionCache - Resolution chrome114=114.0.5735.90 in cache (valid until 08:23:04 12/06/2023 EET)
[INFO ] 2023-06-11 09:42:14.609 [TestNG-test=NopCommerce - GUI-2] WebDriverManager - Using chromedriver 114.0.5735.90 (resolved driver for Chrome 114)
[DEBUG] 2023-06-11 09:42:14.617 [TestNG-test=NopCommerce - GUI-2] WebDriverManager - Driver chromedriver 114.0.5735.90 found in cache
[INFO ] 2023-06-11 09:42:14.619 [TestNG-test=NopCommerce - GUI-2] WebDriverManager - Exporting webdriver.chrome.driver as C:\Users\usama\.cache\selenium\chromedriver\win32\114.0.5735.90\chromedriver.exe
[INFO ] 2023-06-11 09:42:14.777 [TestNG-test=NopCommerce - GUI-3] ReportManager - Moved the mouse to the middle of the element.
[WARN ] 2023-06-11 09:42:14.807 [Exec Stream Pumper] ReportManager - Starting ChromeDriver 114.0.5735.90 (386bc09e8f4f2e025eddae123f36f6263096ae49-refs/branch-heads/5735@{#1052}) on port 17149
[WARN ] 2023-06-11 09:42:14.807 [Exec Stream Pumper] ReportManager - Only local connections are allowed.
[WARN ] 2023-06-11 09:42:14.808 [Exec Stream Pumper] ReportManager - Please see https://chromedriver.chromium.org/security-considerations for suggestions on keeping ChromeDriver safe.
[WARN ] 2023-06-11 09:42:14.818 [Exec Stream Pumper] ReportManager - ChromeDriver was started successfully.
[INFO ] 2023-06-11 09:42:14.830 [TestNG-test=NopCommerce - GUI-3] ReportManager - Click "CHANGE PASSWORD".
[INFO ] 2023-06-11 09:42:14.830 [TestNG-test=NopCommerce - GUI-3] ReportManager - File Action "DoesFileExist" successfully performed. With the following test data "File Path: "src/test/resources/testDataFiles/ChangePasswordTestData.json"".
[INFO ] 2023-06-11 09:42:14.830 [TestNG-test=NopCommerce - GUI-3] ReportManager - File Action "GetAbsolutePath" successfully performed. With the following test data "Relative Folder Path: "src/test/resources/testDataFiles/ChangePasswordTestData.json"".
[INFO ] 2023-06-11 09:42:14.852 [TestNG-test=NopCommerce - GUI-3] ReportManager - Successfully created attachment 'SHAFT Engine Logs - Current Method log: VerifyChangingPasswordSuccessfully'
[INFO ] 2023-06-11 09:42:14.854 [TestNG-test=NopCommerce - GUI-3] ReportManager - 
------------------------------------------------------------------------------------------------------------------------------------------------
                                              Starting execution of tear down configuration method                                              
                                                       'tests.ChangePasswordTest.tearDown'                                                       
------------------------------------------------------------------------------------------------------------------------------------------------

[WARN ] 2023-06-11 09:42:16.048 [TestNG-test=NopCommerce - GUI-2] ReportManager - Jun 11, 2023 9:42:16 AM org.openqa.selenium.devtools.CdpVersionFinder findNearestMatch
[WARN ] 2023-06-11 09:42:16.049 [TestNG-test=NopCommerce - GUI-2] ReportManager - WARNING: Unable to find an exact match for CDP version 114, so returning the closest version found: 112
[INFO ] 2023-06-11 09:42:16.050 [TestNG-test=NopCommerce - GUI-2] ReportManager - Successfully Opened: "WINDOWS | Chrome".
[INFO ] 2023-06-11 09:42:16.052 [TestNG-test=NopCommerce - GUI-2] ReportManager - File Action "DoesFileExist" successfully performed. With the following test data "File Path: "WishListTestData.json"".
[INFO ] 2023-06-11 09:42:16.053 [TestNG-test=NopCommerce - GUI-2] ReportManager - File Action "DoesFileExist" successfully performed. With the following test data "File Path: "src/test/resources/testDataFiles/WishListTestData.json"".
[INFO ] 2023-06-11 09:42:16.053 [TestNG-test=NopCommerce - GUI-2] ReportManager - File Action "GetAbsolutePath" successfully performed. With the following test data "Relative Folder Path: "src/test/resources/testDataFiles/WishListTestData.json"".
[INFO ] 2023-06-11 09:42:16.224 [TestNG-test=NopCommerce - GUI-2] ReportManager - Successfully created attachment 'Test Data - JSON'
[ERROR] 2023-06-11 09:42:16.224 [TestNG-test=NopCommerce - GUI-2] AllureLifecycle - Could not update step: step with uuid 5c4b0f1e-31c2-4db0-9309-eb78b5e92bb1 not found
[INFO ] 2023-06-11 09:42:16.239 [TestNG-test=NopCommerce - GUI-2] ReportManager - Target URL: "https://demo.nopcommerce.com/"
[INFO ] 2023-06-11 09:42:16.258 [TestNG-test=NopCommerce - GUI-2] ReportManager - Initial URL: "data:,"
[INFO ] 2023-06-11 09:42:19.425 [TestNG-test=NopCommerce - GUI-2] ReportManager - Navigate to url "https://demo.nopcommerce.com/".
[INFO ] 2023-06-11 09:42:19.429 [TestNG-test=NopCommerce - GUI-2] ReportManager - 
------------------------------------------------------------------------------------------------------------------------------------------------
                                        Starting Execution: '9 out of 15' test cases in the current suite                                        
                                            Test Method: 'tests.WishListTest.searchForProductByName'                                            
                             Test Description: 'Verify Searching for specific product and viewing it's product page'                             
------------------------------------------------------------------------------------------------------------------------------------------------

[INFO ] 2023-06-11 09:42:19.430 [TestNG-test=NopCommerce - GUI-2] ReportManager - File Action "DoesFileExist" successfully performed. With the following test data "File Path: "src/test/resources/testDataFiles/WishListTestData.json"".
[INFO ] 2023-06-11 09:42:19.430 [TestNG-test=NopCommerce - GUI-2] ReportManager - File Action "GetAbsolutePath" successfully performed. With the following test data "Relative Folder Path: "src/test/resources/testDataFiles/WishListTestData.json"".
[INFO ] 2023-06-11 09:42:19.600 [TestNG-test=NopCommerce - GUI-2] ReportManager - Type "MacBook" into "Search store".
[INFO ] 2023-06-11 09:42:19.768 [TestNG-test=NopCommerce - GUI-2] ReportManager - Moved the mouse to the middle of the element.
[INFO ] 2023-06-11 09:42:19.805 [TestNG-test=NopCommerce - GUI-2] ReportManager - Click "SEARCH".
[INFO ] 2023-06-11 09:42:20.165 [TestNG-test=NopCommerce - GUI-3] ReportManager - Successfully Closed Driver.
[INFO ] 2023-06-11 09:42:20.166 [TestNG-test=NopCommerce - GUI-3] ReportManager - Driver is already closed.
[INFO ] 2023-06-11 09:42:20.167 [TestNG-test=NopCommerce - GUI-3] ReportManager - 
------------------------------------------------------------------------------------------------------------------------------------------------
                                                Starting execution of set up configuration method                                                
                                                            'tests.SearchTest.setUp'                                                            
------------------------------------------------------------------------------------------------------------------------------------------------

[INFO ] 2023-06-11 09:42:20.169 [TestNG-test=NopCommerce - GUI-3] ReportManager - Setting "targetOperatingSystem" property with "WINDOWS".
[INFO ] 2023-06-11 09:42:20.169 [TestNG-test=NopCommerce - GUI-3] ReportManager - File Action "DoesFileExist" successfully performed. With the following test data "File Path: "target/downloadedFiles/"".
[INFO ] 2023-06-11 09:42:20.170 [TestNG-test=NopCommerce - GUI-3] ReportManager - File Action "GetAbsolutePath" successfully performed. With the following test data "Relative Folder Path: "src/test/resources/testDataFiles/target/downloadedFiles/"".
[INFO ] 2023-06-11 09:42:20.170 [TestNG-test=NopCommerce - GUI-3] ReportManager - File Action "DoesFileExist" successfully performed. With the following test data "File Path: "target/downloadedFiles/"".
[INFO ] 2023-06-11 09:42:20.171 [TestNG-test=NopCommerce - GUI-3] ReportManager - File Action "GetAbsolutePath" successfully performed. With the following test data "Relative Folder Path: "src/test/resources/testDataFiles/target/downloadedFiles/"".
[INFO ] 2023-06-11 09:42:20.171 [TestNG-test=NopCommerce - GUI-3] ReportManager - Attempting to run locally on: "WINDOWS | Chrome".
[INFO ] 2023-06-11 09:42:20.172 [TestNG-test=NopCommerce - GUI-3] ReportManager - Identifying OS/Driver combination and selecting the correct driver version automatically. Please note that if a new driver executable will be downloaded it may take some time...
[DEBUG] 2023-06-11 09:42:20.179 [TestNG-test=NopCommerce - GUI-3] ResolutionCache - Resolution chrome=114 in cache (valid until 10:35:51 11/06/2023 EET)
[DEBUG] 2023-06-11 09:42:20.180 [TestNG-test=NopCommerce - GUI-3] ResolutionCache - Resolution chrome114=114.0.5735.90 in cache (valid until 08:23:04 12/06/2023 EET)
[INFO ] 2023-06-11 09:42:20.180 [TestNG-test=NopCommerce - GUI-3] WebDriverManager - Using chromedriver 114.0.5735.90 (resolved driver for Chrome 114)
[DEBUG] 2023-06-11 09:42:20.186 [TestNG-test=NopCommerce - GUI-3] WebDriverManager - Driver chromedriver 114.0.5735.90 found in cache
[INFO ] 2023-06-11 09:42:20.186 [TestNG-test=NopCommerce - GUI-3] WebDriverManager - Exporting webdriver.chrome.driver as C:\Users\usama\.cache\selenium\chromedriver\win32\114.0.5735.90\chromedriver.exe
[WARN ] 2023-06-11 09:42:20.240 [Exec Stream Pumper] ReportManager - Starting ChromeDriver 114.0.5735.90 (386bc09e8f4f2e025eddae123f36f6263096ae49-refs/branch-heads/5735@{#1052}) on port 42599
[WARN ] 2023-06-11 09:42:20.240 [Exec Stream Pumper] ReportManager - Only local connections are allowed.
[WARN ] 2023-06-11 09:42:20.240 [Exec Stream Pumper] ReportManager - Please see https://chromedriver.chromium.org/security-considerations for suggestions on keeping ChromeDriver safe.
[WARN ] 2023-06-11 09:42:20.248 [Exec Stream Pumper] ReportManager - ChromeDriver was started successfully.
[INFO ] 2023-06-11 09:42:21.062 [TestNG-test=NopCommerce - GUI-2] ReportManager - Moved the mouse to the middle of the element.
[INFO ] 2023-06-11 09:42:21.127 [TestNG-test=NopCommerce - GUI-2] ReportManager - Click "Apple MacBook Pro 13-inch".
[INFO ] 2023-06-11 09:42:21.272 [TestNG-test=NopCommerce - GUI-2] ReportManager - Successfully created attachment 'SHAFT Engine Logs - Current Method log: searchForProductByName'
[INFO ] 2023-06-11 09:42:21.287 [TestNG-test=NopCommerce - GUI-3] ReportManager - 
------------------------------------------------------------------------------------------------------------------------------------------------
                                       Starting Execution: '10 out of 15' test cases in the current suite                                       
                                         Test Method: 'tests.WishListTest.verifyAddingProductToWishlist'                                         
                                           Test Description: 'Verify adding product for the wishlist'                                           
------------------------------------------------------------------------------------------------------------------------------------------------

[WARN ] 2023-06-11 09:42:21.296 [TestNG-test=NopCommerce - GUI-3] ReportManager - Jun 11, 2023 9:42:21 AM org.openqa.selenium.devtools.CdpVersionFinder findNearestMatch
[WARN ] 2023-06-11 09:42:21.296 [TestNG-test=NopCommerce - GUI-3] ReportManager - WARNING: Unable to find an exact match for CDP version 114, so returning the closest version found: 112
[INFO ] 2023-06-11 09:42:21.301 [TestNG-test=NopCommerce - GUI-3] ReportManager - Successfully Opened: "WINDOWS | Chrome".
[INFO ] 2023-06-11 09:42:21.303 [TestNG-test=NopCommerce - GUI-3] ReportManager - File Action "DoesFileExist" successfully performed. With the following test data "File Path: "SearchTestData.json"".
[INFO ] 2023-06-11 09:42:21.304 [TestNG-test=NopCommerce - GUI-3] ReportManager - File Action "DoesFileExist" successfully performed. With the following test data "File Path: "src/test/resources/testDataFiles/SearchTestData.json"".
[INFO ] 2023-06-11 09:42:21.305 [TestNG-test=NopCommerce - GUI-3] ReportManager - File Action "GetAbsolutePath" successfully performed. With the following test data "Relative Folder Path: "src/test/resources/testDataFiles/SearchTestData.json"".
[INFO ] 2023-06-11 09:42:21.310 [TestNG-test=NopCommerce - GUI-3] ReportManager - Successfully created attachment 'Test Data - JSON'
[ERROR] 2023-06-11 09:42:21.310 [TestNG-test=NopCommerce - GUI-3] AllureLifecycle - Could not update step: step with uuid a6017def-bbb3-4a74-8b87-d729f53d09b6 not found
[INFO ] 2023-06-11 09:42:21.345 [TestNG-test=NopCommerce - GUI-3] ReportManager - Target URL: "https://demo.nopcommerce.com/"
[INFO ] 2023-06-11 09:42:21.369 [TestNG-test=NopCommerce - GUI-3] ReportManager - Initial URL: "data:,"
[INFO ] 2023-06-11 09:42:26.600 [TestNG-test=NopCommerce - GUI-3] ReportManager - Navigate to url "https://demo.nopcommerce.com/".
[INFO ] 2023-06-11 09:42:26.611 [TestNG-test=NopCommerce - GUI-3] ReportManager - 
------------------------------------------------------------------------------------------------------------------------------------------------
                                        Starting Execution: '8 out of 15' test cases in the current suite                                        
                                             Test Method: 'tests.SearchTest.searchForProductByName'                                             
                             Test Description: 'Verify Searching for specific product and viewing it's product page'                             
------------------------------------------------------------------------------------------------------------------------------------------------

[INFO ] 2023-06-11 09:42:26.612 [TestNG-test=NopCommerce - GUI-3] ReportManager - File Action "DoesFileExist" successfully performed. With the following test data "File Path: "src/test/resources/testDataFiles/SearchTestData.json"".
[INFO ] 2023-06-11 09:42:26.613 [TestNG-test=NopCommerce - GUI-3] ReportManager - File Action "GetAbsolutePath" successfully performed. With the following test data "Relative Folder Path: "src/test/resources/testDataFiles/SearchTestData.json"".
[INFO ] 2023-06-11 09:42:27.529 [TestNG-test=NopCommerce - GUI-3] ReportManager - Type "MacBook" into "Search store".
[INFO ] 2023-06-11 09:42:27.708 [TestNG-test=NopCommerce - GUI-3] ReportManager - Moved the mouse to the middle of the element.
[INFO ] 2023-06-11 09:42:27.763 [TestNG-test=NopCommerce - GUI-3] ReportManager - Click "SEARCH".
[INFO ] 2023-06-11 09:42:28.902 [TestNG-test=NopCommerce - GUI-3] ReportManager - Moved the mouse to the middle of the element.
[INFO ] 2023-06-11 09:42:28.982 [TestNG-test=NopCommerce - GUI-3] ReportManager - Click "Apple MacBook Pro 13-inch".
[INFO ] 2023-06-11 09:42:28.985 [TestNG-test=NopCommerce - GUI-3] ReportManager - Successfully created attachment 'SHAFT Engine Logs - Current Method log: searchForProductByName'
[INFO ] 2023-06-11 09:42:29.006 [TestNG-test=NopCommerce - GUI-3] ReportManager - 
------------------------------------------------------------------------------------------------------------------------------------------------
                                              Starting execution of tear dowm configuration method                                              
                                                           'tests.SearchTest.tearDowm'                                                           
------------------------------------------------------------------------------------------------------------------------------------------------

[INFO ] 2023-06-11 09:42:31.252 [TestNG-test=NopCommerce - GUI-3] ReportManager - Successfully Closed Driver.
[INFO ] 2023-06-11 09:42:31.252 [TestNG-test=NopCommerce - GUI-3] ReportManager - Driver is already closed.
[INFO ] 2023-06-11 09:42:31.253 [TestNG-test=NopCommerce - GUI-3] ReportManager - 
------------------------------------------------------------------------------------------------------------------------------------------------
                                                Starting execution of set up configuration method                                                
                                                           'tests.WishListTest.setUp'                                                           
------------------------------------------------------------------------------------------------------------------------------------------------

[INFO ] 2023-06-11 09:42:31.255 [TestNG-test=NopCommerce - GUI-3] ReportManager - Setting "targetOperatingSystem" property with "WINDOWS".
[INFO ] 2023-06-11 09:42:31.256 [TestNG-test=NopCommerce - GUI-3] ReportManager - File Action "DoesFileExist" successfully performed. With the following test data "File Path: "target/downloadedFiles/"".
[INFO ] 2023-06-11 09:42:31.256 [TestNG-test=NopCommerce - GUI-3] ReportManager - File Action "GetAbsolutePath" successfully performed. With the following test data "Relative Folder Path: "src/test/resources/testDataFiles/target/downloadedFiles/"".
[INFO ] 2023-06-11 09:42:31.256 [TestNG-test=NopCommerce - GUI-3] ReportManager - File Action "DoesFileExist" successfully performed. With the following test data "File Path: "target/downloadedFiles/"".
[INFO ] 2023-06-11 09:42:31.257 [TestNG-test=NopCommerce - GUI-3] ReportManager - File Action "GetAbsolutePath" successfully performed. With the following test data "Relative Folder Path: "src/test/resources/testDataFiles/target/downloadedFiles/"".
[INFO ] 2023-06-11 09:42:31.259 [TestNG-test=NopCommerce - GUI-3] ReportManager - Attempting to run locally on: "WINDOWS | Chrome".
[INFO ] 2023-06-11 09:42:31.259 [TestNG-test=NopCommerce - GUI-3] ReportManager - Identifying OS/Driver combination and selecting the correct driver version automatically. Please note that if a new driver executable will be downloaded it may take some time...
[DEBUG] 2023-06-11 09:42:31.267 [TestNG-test=NopCommerce - GUI-3] ResolutionCache - Resolution chrome=114 in cache (valid until 10:35:51 11/06/2023 EET)
[DEBUG] 2023-06-11 09:42:31.267 [TestNG-test=NopCommerce - GUI-3] ResolutionCache - Resolution chrome114=114.0.5735.90 in cache (valid until 08:23:04 12/06/2023 EET)
[INFO ] 2023-06-11 09:42:31.267 [TestNG-test=NopCommerce - GUI-3] WebDriverManager - Using chromedriver 114.0.5735.90 (resolved driver for Chrome 114)
[DEBUG] 2023-06-11 09:42:31.273 [TestNG-test=NopCommerce - GUI-3] WebDriverManager - Driver chromedriver 114.0.5735.90 found in cache
[INFO ] 2023-06-11 09:42:31.274 [TestNG-test=NopCommerce - GUI-3] WebDriverManager - Exporting webdriver.chrome.driver as C:\Users\usama\.cache\selenium\chromedriver\win32\114.0.5735.90\chromedriver.exe
[WARN ] 2023-06-11 09:42:31.447 [Exec Stream Pumper] ReportManager - Starting ChromeDriver 114.0.5735.90 (386bc09e8f4f2e025eddae123f36f6263096ae49-refs/branch-heads/5735@{#1052}) on port 3668
[WARN ] 2023-06-11 09:42:31.447 [Exec Stream Pumper] ReportManager - Only local connections are allowed.
[WARN ] 2023-06-11 09:42:31.447 [Exec Stream Pumper] ReportManager - Please see https://chromedriver.chromium.org/security-considerations for suggestions on keeping ChromeDriver safe.
[WARN ] 2023-06-11 09:42:31.455 [Exec Stream Pumper] ReportManager - ChromeDriver was started successfully.
[WARN ] 2023-06-11 09:42:32.518 [TestNG-test=NopCommerce - GUI-3] ReportManager - Jun 11, 2023 9:42:32 AM org.openqa.selenium.devtools.CdpVersionFinder findNearestMatch
[WARN ] 2023-06-11 09:42:32.518 [TestNG-test=NopCommerce - GUI-3] ReportManager - WARNING: Unable to find an exact match for CDP version 114, so returning the closest version found: 112
[INFO ] 2023-06-11 09:42:32.519 [TestNG-test=NopCommerce - GUI-3] ReportManager - Successfully Opened: "WINDOWS | Chrome".
[INFO ] 2023-06-11 09:42:32.520 [TestNG-test=NopCommerce - GUI-3] ReportManager - File Action "DoesFileExist" successfully performed. With the following test data "File Path: "WishListTestData.json"".
[INFO ] 2023-06-11 09:42:32.521 [TestNG-test=NopCommerce - GUI-3] ReportManager - File Action "DoesFileExist" successfully performed. With the following test data "File Path: "src/test/resources/testDataFiles/WishListTestData.json"".
[INFO ] 2023-06-11 09:42:32.521 [TestNG-test=NopCommerce - GUI-3] ReportManager - File Action "GetAbsolutePath" successfully performed. With the following test data "Relative Folder Path: "src/test/resources/testDataFiles/WishListTestData.json"".
[INFO ] 2023-06-11 09:42:32.523 [TestNG-test=NopCommerce - GUI-3] ReportManager - Successfully created attachment 'Test Data - JSON'
[ERROR] 2023-06-11 09:42:32.524 [TestNG-test=NopCommerce - GUI-3] AllureLifecycle - Could not update step: step with uuid efd2f01a-73b7-4483-9d83-8cc5c5a38209 not found
[INFO ] 2023-06-11 09:42:32.541 [TestNG-test=NopCommerce - GUI-3] ReportManager - Target URL: "https://demo.nopcommerce.com/"
[INFO ] 2023-06-11 09:42:32.557 [TestNG-test=NopCommerce - GUI-3] ReportManager - Initial URL: "data:,"
[INFO ] 2023-06-11 09:42:35.667 [TestNG-test=NopCommerce - GUI-3] ReportManager - Navigate to url "https://demo.nopcommerce.com/".
[INFO ] 2023-06-11 09:42:35.671 [TestNG-test=NopCommerce - GUI-3] ReportManager - 
------------------------------------------------------------------------------------------------------------------------------------------------
                                        Starting Execution: '9 out of 15' test cases in the current suite                                        
                                            Test Method: 'tests.WishListTest.searchForProductByName'                                            
                             Test Description: 'Verify Searching for specific product and viewing it's product page'                             
------------------------------------------------------------------------------------------------------------------------------------------------

[INFO ] 2023-06-11 09:42:35.671 [TestNG-test=NopCommerce - GUI-3] ReportManager - File Action "DoesFileExist" successfully performed. With the following test data "File Path: "src/test/resources/testDataFiles/WishListTestData.json"".
[INFO ] 2023-06-11 09:42:35.671 [TestNG-test=NopCommerce - GUI-3] ReportManager - File Action "GetAbsolutePath" successfully performed. With the following test data "Relative Folder Path: "src/test/resources/testDataFiles/WishListTestData.json"".
[INFO ] 2023-06-11 09:42:35.813 [TestNG-test=NopCommerce - GUI-3] ReportManager - Type "MacBook" into "Search store".
[INFO ] 2023-06-11 09:42:35.988 [TestNG-test=NopCommerce - GUI-3] ReportManager - Moved the mouse to the middle of the element.
[INFO ] 2023-06-11 09:42:36.045 [TestNG-test=NopCommerce - GUI-3] ReportManager - Click "SEARCH".
[INFO ] 2023-06-11 09:42:37.128 [TestNG-test=NopCommerce - GUI-3] ReportManager - Moved the mouse to the middle of the element.
[INFO ] 2023-06-11 09:42:37.173 [TestNG-test=NopCommerce - GUI-3] ReportManager - Click "Apple MacBook Pro 13-inch".
[INFO ] 2023-06-11 09:42:37.175 [TestNG-test=NopCommerce - GUI-3] ReportManager - Successfully created attachment 'SHAFT Engine Logs - Current Method log: searchForProductByName'
[INFO ] 2023-06-11 09:42:37.181 [TestNG-test=NopCommerce - GUI-3] ReportManager - 
------------------------------------------------------------------------------------------------------------------------------------------------
                                       Starting Execution: '10 out of 15' test cases in the current suite                                       
                                         Test Method: 'tests.WishListTest.verifyAddingProductToWishlist'                                         
                                           Test Description: 'Verify adding product for the wishlist'                                           
------------------------------------------------------------------------------------------------------------------------------------------------

[INFO ] 2023-06-11 09:42:38.291 [TestNG-test=NopCommerce - GUI-3] ReportManager - Moved the mouse to the middle of the element.
[INFO ] 2023-06-11 09:42:38.370 [TestNG-test=NopCommerce - GUI-3] ReportManager - Click "Add to wishlist".
[INFO ] 2023-06-11 09:42:38.371 [TestNG-test=NopCommerce - GUI-3] ReportManager - File Action "DoesFileExist" successfully performed. With the following test data "File Path: "src/test/resources/testDataFiles/WishListTestData.json"".
[INFO ] 2023-06-11 09:42:38.371 [TestNG-test=NopCommerce - GUI-3] ReportManager - File Action "GetAbsolutePath" successfully performed. With the following test data "Relative Folder Path: "src/test/resources/testDataFiles/WishListTestData.json"".
[INFO ] 2023-06-11 09:42:38.995 [TestNG-test=NopCommerce - GUI-3] ReportManager - Get text "The product has been added to your wishlist" from "By.className: success".
[INFO ] 2023-06-11 09:42:38.995 [TestNG-test=NopCommerce - GUI-3] ReportManager - Expected "product has been added", and actual "The product has been added to your wishlist"
[INFO ] 2023-06-11 09:42:39.940 [TestNG-test=NopCommerce - GUI-3] ReportManager - Assertion "ValidateElementAttribute" PASSED. Expected "Value Should be 'product has been added' for the 'text' attribute, element locator 'By.className: success'" and Actual "The product has been added to your wishlist". Comparison Type "CONTAINS". Validation Type "POSITIVE".
[INFO ] 2023-06-11 09:42:39.945 [TestNG-test=NopCommerce - GUI-3] ReportManager - Successfully created attachment 'Screenshot - 1686469359318_verifyAddingProductToWishlist_ValidateElementAttribute_passed'
[INFO ] 2023-06-11 09:42:39.966 [TestNG-test=NopCommerce - GUI-3] ReportManager - Target URL: "https://demo.nopcommerce.com/wishlist"
[INFO ] 2023-06-11 09:42:39.987 [TestNG-test=NopCommerce - GUI-3] ReportManager - Initial URL: "https://demo.nopcommerce.com/apple-macbook-pro-13-inch"
[INFO ] 2023-06-11 09:42:40.980 [TestNG-test=NopCommerce - GUI-3] ReportManager - Navigate to url "https://demo.nopcommerce.com/wishlist".
[INFO ] 2023-06-11 09:42:40.980 [TestNG-test=NopCommerce - GUI-3] ReportManager - File Action "DoesFileExist" successfully performed. With the following test data "File Path: "src/test/resources/testDataFiles/WishListTestData.json"".
[INFO ] 2023-06-11 09:42:40.980 [TestNG-test=NopCommerce - GUI-3] ReportManager - File Action "GetAbsolutePath" successfully performed. With the following test data "Relative Folder Path: "src/test/resources/testDataFiles/WishListTestData.json"".
[INFO ] 2023-06-11 09:42:41.061 [TestNG-test=NopCommerce - GUI-3] ReportManager - Get text "Apple MacBook Pro 13-inch" from "Apple MacBook Pro 13-inch".
[INFO ] 2023-06-11 09:42:41.061 [TestNG-test=NopCommerce - GUI-3] ReportManager - Expected "MacBook", and actual "Apple MacBook Pro 13-inch"
[INFO ] 2023-06-11 09:42:41.518 [TestNG-test=NopCommerce - GUI-3] ReportManager - Assertion "ValidateElementAttribute" PASSED. Expected "Value Should be 'MacBook' for the 'text' attribute, element locator 'By.xpath: //a[@class = 'product-name' ] [contains(text() , 'MacBook')]'" and Actual "Apple MacBook Pro 13-inch". Comparison Type "CONTAINS". Validation Type "POSITIVE".
[INFO ] 2023-06-11 09:42:41.520 [TestNG-test=NopCommerce - GUI-3] ReportManager - Successfully created attachment 'Screenshot - 1686469361257_verifyAddingProductToWishlist_ValidateElementAttribute_passed'
[INFO ] 2023-06-11 09:42:41.521 [TestNG-test=NopCommerce - GUI-3] ReportManager - Successfully created attachment 'SHAFT Engine Logs - Current Method log: verifyAddingProductToWishlist'
[INFO ] 2023-06-11 09:42:41.526 [TestNG-test=NopCommerce - GUI-3] ReportManager - 
------------------------------------------------------------------------------------------------------------------------------------------------
                                       Starting Execution: '11 out of 15' test cases in the current suite                                       
                                       Test Method: 'tests.WishListTest.verifyDeletingProductFromWishList'                                       
                                    Test Description: 'Verify deleting product from wishlist after adding it'                                    
------------------------------------------------------------------------------------------------------------------------------------------------

[INFO ] 2023-06-11 09:42:41.706 [TestNG-test=NopCommerce - GUI-3] ReportManager - Moved the mouse to the middle of the element.
[INFO ] 2023-06-11 09:42:41.738 [TestNG-test=NopCommerce - GUI-3] ReportManager - Click "By.xpath: //a[@class = 'product-name' ] [contains(text() , 'MacBook')]/parent::td//following-sibling::td[@class = 'remove-from-cart']//button".
[INFO ] 2023-06-11 09:43:21.363 [TestNG-test=NopCommerce - GUI-3] ReportManager - Expected condition failed: waiting for com.shaft.gui.element.internal.ElementActionsHelper$$Lambda$1053/0x000000080163cb68@b8ed597 (tried for 60 second(s) with 100 milliseconds interval) || no such element: Unable to locate element: {"method":"css selector","selector":"#add\-to\-wishlist\-button\-4"}
[INFO ] 2023-06-11 09:43:22.423 [TestNG-test=NopCommerce - GUI-3] ReportManager - Successfully created attachment 'Screenshot - 1686469401719_verifyAddingProductToWishlist_Click_failed'
[ERROR] 2023-06-11 09:43:22.423 [TestNG-test=NopCommerce - GUI-3] AllureLifecycle - Could not update step: step with uuid 3f37ce79-a3ab-4379-a96e-de4389cb0289 not found
[INFO ] 2023-06-11 09:43:22.424 [TestNG-test=NopCommerce - GUI-3] ReportManager - Successfully created attachment 'Element Action Exception - Click - Stacktrace'
[ERROR] 2023-06-11 09:43:22.424 [TestNG-test=NopCommerce - GUI-3] AllureLifecycle - Could not update step: step with uuid 3f37ce79-a3ab-4379-a96e-de4389cb0289 not found
[INFO ] 2023-06-11 09:43:22.430 [TestNG-test=NopCommerce - GUI-3] ReportManager - Successfully created attachment 'SHAFT Engine Logs - Current Method log: verifyAddingProductToWishlist'
[INFO ] 2023-06-11 09:43:22.436 [TestNG-test=NopCommerce - GUI-3] ReportManager - 
------------------------------------------------------------------------------------------------------------------------------------------------
                                       Starting Execution: '11 out of 15' test cases in the current suite                                       
                                       Test Method: 'tests.WishListTest.verifyDeletingProductFromWishList'                                       
                                    Test Description: 'Verify deleting product from wishlist after adding it'                                    
------------------------------------------------------------------------------------------------------------------------------------------------

[INFO ] 2023-06-11 09:43:22.438 [TestNG-test=NopCommerce - GUI-3] ReportManager - Successfully created attachment 'SHAFT Engine Logs - Current Method log: verifyDeletingProductFromWishList'
[INFO ] 2023-06-11 09:43:22.440 [TestNG-test=NopCommerce - GUI-3] ReportManager - 
------------------------------------------------------------------------------------------------------------------------------------------------
                                              Starting execution of tear dowm configuration method                                              
                                                          'tests.WishListTest.tearDowm'                                                          
------------------------------------------------------------------------------------------------------------------------------------------------

[INFO ] 2023-06-11 09:43:22.866 [TestNG-test=NopCommerce - GUI-3] ReportManager - Successfully Closed Driver.
[INFO ] 2023-06-11 09:43:22.866 [TestNG-test=NopCommerce - GUI-3] ReportManager - Driver is already closed.
[INFO ] 2023-06-11 09:43:22.867 [TestNG-test=NopCommerce - GUI-3] ReportManager - 
------------------------------------------------------------------------------------------------------------------------------------------------
                                                Starting execution of set up configuration method                                                
                                                         'tests.ProductReviewTest.setUp'                                                         
------------------------------------------------------------------------------------------------------------------------------------------------

[INFO ] 2023-06-11 09:43:22.870 [TestNG-test=NopCommerce - GUI-3] ReportManager - Setting "targetOperatingSystem" property with "WINDOWS".
[INFO ] 2023-06-11 09:43:22.872 [TestNG-test=NopCommerce - GUI-3] ReportManager - File Action "DoesFileExist" successfully performed. With the following test data "File Path: "target/downloadedFiles/"".
[INFO ] 2023-06-11 09:43:22.872 [TestNG-test=NopCommerce - GUI-3] ReportManager - File Action "GetAbsolutePath" successfully performed. With the following test data "Relative Folder Path: "src/test/resources/testDataFiles/target/downloadedFiles/"".
[INFO ] 2023-06-11 09:43:22.873 [TestNG-test=NopCommerce - GUI-3] ReportManager - File Action "DoesFileExist" successfully performed. With the following test data "File Path: "target/downloadedFiles/"".
[INFO ] 2023-06-11 09:43:22.874 [TestNG-test=NopCommerce - GUI-3] ReportManager - File Action "GetAbsolutePath" successfully performed. With the following test data "Relative Folder Path: "src/test/resources/testDataFiles/target/downloadedFiles/"".
[INFO ] 2023-06-11 09:43:22.875 [TestNG-test=NopCommerce - GUI-3] ReportManager - Attempting to run locally on: "WINDOWS | Chrome".
[INFO ] 2023-06-11 09:43:22.875 [TestNG-test=NopCommerce - GUI-3] ReportManager - Identifying OS/Driver combination and selecting the correct driver version automatically. Please note that if a new driver executable will be downloaded it may take some time...
[DEBUG] 2023-06-11 09:43:22.881 [TestNG-test=NopCommerce - GUI-3] ResolutionCache - Resolution chrome=114 in cache (valid until 10:35:51 11/06/2023 EET)
[DEBUG] 2023-06-11 09:43:22.882 [TestNG-test=NopCommerce - GUI-3] ResolutionCache - Resolution chrome114=114.0.5735.90 in cache (valid until 08:23:04 12/06/2023 EET)
[INFO ] 2023-06-11 09:43:22.882 [TestNG-test=NopCommerce - GUI-3] WebDriverManager - Using chromedriver 114.0.5735.90 (resolved driver for Chrome 114)
[DEBUG] 2023-06-11 09:43:22.887 [TestNG-test=NopCommerce - GUI-3] WebDriverManager - Driver chromedriver 114.0.5735.90 found in cache
[INFO ] 2023-06-11 09:43:22.888 [TestNG-test=NopCommerce - GUI-3] WebDriverManager - Exporting webdriver.chrome.driver as C:\Users\usama\.cache\selenium\chromedriver\win32\114.0.5735.90\chromedriver.exe
[WARN ] 2023-06-11 09:43:22.956 [Exec Stream Pumper] ReportManager - Starting ChromeDriver 114.0.5735.90 (386bc09e8f4f2e025eddae123f36f6263096ae49-refs/branch-heads/5735@{#1052}) on port 48664
[WARN ] 2023-06-11 09:43:22.956 [Exec Stream Pumper] ReportManager - Only local connections are allowed.
[WARN ] 2023-06-11 09:43:22.956 [Exec Stream Pumper] ReportManager - Please see https://chromedriver.chromium.org/security-considerations for suggestions on keeping ChromeDriver safe.
[WARN ] 2023-06-11 09:43:22.965 [Exec Stream Pumper] ReportManager - ChromeDriver was started successfully.
[WARN ] 2023-06-11 09:43:23.835 [TestNG-test=NopCommerce - GUI-3] ReportManager - Jun 11, 2023 9:43:23 AM org.openqa.selenium.devtools.CdpVersionFinder findNearestMatch
[WARN ] 2023-06-11 09:43:23.835 [TestNG-test=NopCommerce - GUI-3] ReportManager - WARNING: Unable to find an exact match for CDP version 114, so returning the closest version found: 112
[INFO ] 2023-06-11 09:43:23.839 [TestNG-test=NopCommerce - GUI-3] ReportManager - Successfully Opened: "WINDOWS | Chrome".
[INFO ] 2023-06-11 09:43:23.840 [TestNG-test=NopCommerce - GUI-3] ReportManager - File Action "DoesFileExist" successfully performed. With the following test data "File Path: "ProductReviewTestData.json"".
[INFO ] 2023-06-11 09:43:23.841 [TestNG-test=NopCommerce - GUI-3] ReportManager - File Action "DoesFileExist" successfully performed. With the following test data "File Path: "src/test/resources/testDataFiles/ProductReviewTestData.json"".
[INFO ] 2023-06-11 09:43:23.841 [TestNG-test=NopCommerce - GUI-3] ReportManager - File Action "GetAbsolutePath" successfully performed. With the following test data "Relative Folder Path: "src/test/resources/testDataFiles/ProductReviewTestData.json"".
[INFO ] 2023-06-11 09:43:23.844 [TestNG-test=NopCommerce - GUI-3] ReportManager - Successfully created attachment 'Test Data - JSON'
[ERROR] 2023-06-11 09:43:23.844 [TestNG-test=NopCommerce - GUI-3] AllureLifecycle - Could not update step: step with uuid fa9ef726-26ae-431a-8354-c4539a149878 not found
[INFO ] 2023-06-11 09:43:23.878 [TestNG-test=NopCommerce - GUI-3] ReportManager - 
------------------------------------------------------------------------------------------------------------------------------------------------
                                       Starting Execution: '12 out of 15' test cases in the current suite                                       
                                       Test Method: 'tests.ProductReviewTest.registerWithValidEmailAndPw'                                       
                                  Test Description: 'Validate registering a user with valid email and password'                                  
------------------------------------------------------------------------------------------------------------------------------------------------

[INFO ] 2023-06-11 09:43:23.880 [TestNG-test=NopCommerce - GUI-3] ReportManager - File Action "DoesFileExist" successfully performed. With the following test data "File Path: "src/test/resources/testDataFiles/ProductReviewTestData.json"".
[INFO ] 2023-06-11 09:43:23.880 [TestNG-test=NopCommerce - GUI-3] ReportManager - File Action "GetAbsolutePath" successfully performed. With the following test data "Relative Folder Path: "src/test/resources/testDataFiles/ProductReviewTestData.json"".
[INFO ] 2023-06-11 09:43:23.931 [TestNG-test=NopCommerce - GUI-3] ReportManager - File Action "DoesFileExist" successfully performed. With the following test data "File Path: "src/test/resources/testDataFiles/ProductReviewTestData.json"".
[INFO ] 2023-06-11 09:43:23.931 [TestNG-test=NopCommerce - GUI-3] ReportManager - File Action "GetAbsolutePath" successfully performed. With the following test data "Relative Folder Path: "src/test/resources/testDataFiles/ProductReviewTestData.json"".
[INFO ] 2023-06-11 09:43:23.967 [TestNG-test=NopCommerce - GUI-3] ReportManager - Target URL: "https://demo.nopcommerce.com/register?returnUrl=%2F"
[INFO ] 2023-06-11 09:43:23.984 [TestNG-test=NopCommerce - GUI-3] ReportManager - Initial URL: "data:,"
[INFO ] 2023-06-11 09:43:27.180 [TestNG-test=NopCommerce - GUI-3] ReportManager - Navigate to url "https://demo.nopcommerce.com/register?returnUrl=%2F".
[INFO ] 2023-06-11 09:43:27.256 [TestNG-test=NopCommerce - GUI-3] ReportManager - Get text "Register" from "By.className: page-title".
[INFO ] 2023-06-11 09:43:27.256 [TestNG-test=NopCommerce - GUI-3] ReportManager - Expected "Register", and actual "Register"
[ERROR] 2023-06-11 09:43:27.256 [TestNG-test=NopCommerce - GUI-3] ReportManager - java.lang.UnsatisfiedLinkError: 'long org.opencv.core.Mat.n_Mat()'
 org.opencv.core.Mat.n_Mat(Native Method)
 org.opencv.core.Mat.<init>(Mat.java:23)
 org.opencv.core.MatOfByte.<init>(MatOfByte.java:12)
 com.shaft.gui.internal.image.ScreenshotManager.internalCaptureScreenShot(ScreenshotManager.java:338)
 com.shaft.gui.internal.image.ScreenshotManager.captureScreenShot(ScreenshotManager.java:151)
 com.shaft.validation.internal.ValidationsHelper.reportValidationState(ValidationsHelper.java:609)
 com.shaft.validation.internal.ValidationsHelper.pass(ValidationsHelper.java:373)
 com.shaft.validation.internal.ValidationsHelper.reportValidationResultOfElementAttribute(ValidationsHelper.java:488)
 com.shaft.validation.internal.ValidationsHelper.validateElementAttribute(ValidationsHelper.java:178)
 com.shaft.validation.internal.ValidationsExecutor.perform(ValidationsExecutor.java:149)
 tests.ProductReviewTest.registerWithValidEmailAndPw(ProductReviewTest.java:36)
 java.base/jdk.internal.reflect.DirectMethodHandleAccessor.invoke(DirectMethodHandleAccessor.java:104)
 java.base/java.lang.reflect.Method.invoke(Method.java:578)
 org.testng.internal.invokers.MethodInvocationHelper.invokeMethod(MethodInvocationHelper.java:139)
 org.testng.internal.invokers.TestInvoker.invokeMethod(TestInvoker.java:664)
 org.testng.internal.invokers.TestInvoker.invokeTestMethod(TestInvoker.java:227)
 org.testng.internal.invokers.MethodRunner.runInSequence(MethodRunner.java:50)
 org.testng.internal.invokers.TestInvoker$MethodInvocationAgent.invoke(TestInvoker.java:957)
 org.testng.internal.invokers.TestInvoker.invokeTestMethods(TestInvoker.java:200)
 org.testng.internal.invokers.TestMethodWorker.invokeTestMethods(TestMethodWorker.java:148)
 org.testng.internal.invokers.TestMethodWorker.run(TestMethodWorker.java:128)
 java.base/java.util.concurrent.ThreadPoolExecutor.runWorker(ThreadPoolExecutor.java:1144)
 java.base/java.util.concurrent.ThreadPoolExecutor$Worker.run(ThreadPoolExecutor.java:642)
 java.base/java.lang.Thread.run(Thread.java:1623)
[INFO ] 2023-06-11 09:43:27.256 [TestNG-test=NopCommerce - GUI-3] ReportManager - Caught an UnsatisfiedLinkError, switching element highlighting method to JavaScript instead of AI.
[INFO ] 2023-06-11 09:43:27.969 [TestNG-test=NopCommerce - GUI-3] ReportManager - Assertion "ValidateElementAttribute" PASSED. Expected "Value Should be 'Register' for the 'text' attribute, element locator 'By.className: page-title'" and Actual "Register". Comparison Type "CONTAINS". Validation Type "POSITIVE".
[INFO ] 2023-06-11 09:43:27.971 [TestNG-test=NopCommerce - GUI-3] ReportManager - Successfully created attachment 'Screenshot - 1686469407504_registerWithValidEmailAndPw_ValidateElementAttribute_passed'
[INFO ] 2023-06-11 09:43:27.972 [TestNG-test=NopCommerce - GUI-3] ReportManager - File Action "DoesFileExist" successfully performed. With the following test data "File Path: "src/test/resources/testDataFiles/ProductReviewTestData.json"".
[INFO ] 2023-06-11 09:43:27.972 [TestNG-test=NopCommerce - GUI-3] ReportManager - File Action "GetAbsolutePath" successfully performed. With the following test data "Relative Folder Path: "src/test/resources/testDataFiles/ProductReviewTestData.json"".
[INFO ] 2023-06-11 09:43:27.994 [TestNG-test=NopCommerce - GUI-3] ReportManager - File Action "DoesFileExist" successfully performed. With the following test data "File Path: "src/test/resources/testDataFiles/ProductReviewTestData.json"".
[INFO ] 2023-06-11 09:43:27.995 [TestNG-test=NopCommerce - GUI-3] ReportManager - File Action "GetAbsolutePath" successfully performed. With the following test data "Relative Folder Path: "src/test/resources/testDataFiles/ProductReviewTestData.json"".
[INFO ] 2023-06-11 09:43:28.019 [TestNG-test=NopCommerce - GUI-3] ReportManager - File Action "DoesFileExist" successfully performed. With the following test data "File Path: "src/test/resources/testDataFiles/ProductReviewTestData.json"".
[INFO ] 2023-06-11 09:43:28.020 [TestNG-test=NopCommerce - GUI-3] ReportManager - File Action "GetAbsolutePath" successfully performed. With the following test data "Relative Folder Path: "src/test/resources/testDataFiles/ProductReviewTestData.json"".
[INFO ] 2023-06-11 09:43:28.179 [TestNG-test=NopCommerce - GUI-3] ReportManager - Type "John" into "First name:".
[INFO ] 2023-06-11 09:43:28.314 [TestNG-test=NopCommerce - GUI-3] ReportManager - Type "Doe" into "Last name:".
[INFO ] 2023-06-11 09:43:28.453 [TestNG-test=NopCommerce - GUI-3] ReportManager - Type "johndoe_11062023094114268@gmail.com" into "Email:".
[INFO ] 2023-06-11 09:43:28.577 [TestNG-test=NopCommerce - GUI-3] ReportManager - Type "tester123" into "Password:".
[INFO ] 2023-06-11 09:43:28.688 [TestNG-test=NopCommerce - GUI-3] ReportManager - Type "tester123" into "Confirm password:".
[INFO ] 2023-06-11 09:43:28.871 [TestNG-test=NopCommerce - GUI-3] ReportManager - Moved the mouse to the middle of the element.
[INFO ] 2023-06-11 09:43:28.958 [TestNG-test=NopCommerce - GUI-3] ReportManager - Click "REGISTER".
[INFO ] 2023-06-11 09:43:28.958 [TestNG-test=NopCommerce - GUI-3] ReportManager - File Action "DoesFileExist" successfully performed. With the following test data "File Path: "src/test/resources/testDataFiles/ProductReviewTestData.json"".
[INFO ] 2023-06-11 09:43:28.959 [TestNG-test=NopCommerce - GUI-3] ReportManager - File Action "GetAbsolutePath" successfully performed. With the following test data "Relative Folder Path: "src/test/resources/testDataFiles/ProductReviewTestData.json"".
[INFO ] 2023-06-11 09:43:30.201 [TestNG-test=NopCommerce - GUI-3] ReportManager - Get text "Your registration completed" from "By.className: result".
[INFO ] 2023-06-11 09:43:30.201 [TestNG-test=NopCommerce - GUI-3] ReportManager - Expected "Your registration completed", and actual "Your registration completed"
[ERROR] 2023-06-11 09:43:30.201 [TestNG-test=NopCommerce - GUI-3] ReportManager - java.lang.UnsatisfiedLinkError: 'long org.opencv.core.Mat.n_Mat()'
 org.opencv.core.Mat.n_Mat(Native Method)
 org.opencv.core.Mat.<init>(Mat.java:23)
 org.opencv.core.MatOfByte.<init>(MatOfByte.java:12)
 com.shaft.gui.internal.image.ScreenshotManager.internalCaptureScreenShot(ScreenshotManager.java:338)
 com.shaft.gui.internal.image.ScreenshotManager.captureScreenShot(ScreenshotManager.java:151)
 com.shaft.validation.internal.ValidationsHelper.reportValidationState(ValidationsHelper.java:609)
 com.shaft.validation.internal.ValidationsHelper.pass(ValidationsHelper.java:373)
 com.shaft.validation.internal.ValidationsHelper.reportValidationResultOfElementAttribute(ValidationsHelper.java:488)
 com.shaft.validation.internal.ValidationsHelper.validateElementAttribute(ValidationsHelper.java:178)
 com.shaft.validation.internal.ValidationsExecutor.perform(ValidationsExecutor.java:149)
 tests.ProductReviewTest.registerWithValidEmailAndPw(ProductReviewTest.java:38)
 java.base/jdk.internal.reflect.DirectMethodHandleAccessor.invoke(DirectMethodHandleAccessor.java:104)
 java.base/java.lang.reflect.Method.invoke(Method.java:578)
 org.testng.internal.invokers.MethodInvocationHelper.invokeMethod(MethodInvocationHelper.java:139)
 org.testng.internal.invokers.TestInvoker.invokeMethod(TestInvoker.java:664)
 org.testng.internal.invokers.TestInvoker.invokeTestMethod(TestInvoker.java:227)
 org.testng.internal.invokers.MethodRunner.runInSequence(MethodRunner.java:50)
 org.testng.internal.invokers.TestInvoker$MethodInvocationAgent.invoke(TestInvoker.java:957)
 org.testng.internal.invokers.TestInvoker.invokeTestMethods(TestInvoker.java:200)
 org.testng.internal.invokers.TestMethodWorker.invokeTestMethods(TestMethodWorker.java:148)
 org.testng.internal.invokers.TestMethodWorker.run(TestMethodWorker.java:128)
 java.base/java.util.concurrent.ThreadPoolExecutor.runWorker(ThreadPoolExecutor.java:1144)
 java.base/java.util.concurrent.ThreadPoolExecutor$Worker.run(ThreadPoolExecutor.java:642)
 java.base/java.lang.Thread.run(Thread.java:1623)
[INFO ] 2023-06-11 09:43:30.201 [TestNG-test=NopCommerce - GUI-3] ReportManager - Caught an UnsatisfiedLinkError, switching element highlighting method to JavaScript instead of AI.
[INFO ] 2023-06-11 09:43:30.682 [TestNG-test=NopCommerce - GUI-3] ReportManager - Assertion "ValidateElementAttribute" PASSED. Expected "Value Should be 'Your registration completed' for the 'text' attribute, element locator 'By.className: result'" and Actual "Your registration completed". Comparison Type "CONTAINS". Validation Type "POSITIVE".
[INFO ] 2023-06-11 09:43:30.684 [TestNG-test=NopCommerce - GUI-3] ReportManager - Successfully created attachment 'Screenshot - 1686469410404_registerWithValidEmailAndPw_ValidateElementAttribute_passed'
[INFO ] 2023-06-11 09:43:30.864 [TestNG-test=NopCommerce - GUI-3] ReportManager - Moved the mouse to the middle of the element.
[INFO ] 2023-06-11 09:43:30.898 [TestNG-test=NopCommerce - GUI-3] ReportManager - Click "CONTINUE".
[INFO ] 2023-06-11 09:43:30.900 [TestNG-test=NopCommerce - GUI-3] ReportManager - Successfully created attachment 'SHAFT Engine Logs - Current Method log: registerWithValidEmailAndPw'
[INFO ] 2023-06-11 09:43:30.904 [TestNG-test=NopCommerce - GUI-3] ReportManager - 
------------------------------------------------------------------------------------------------------------------------------------------------
                                       Starting Execution: '13 out of 15' test cases in the current suite                                       
                                          Test Method: 'tests.ProductReviewTest.searchForProductByName'                                          
                             Test Description: 'Verify Searching for specific product and viewing it's product page'                             
------------------------------------------------------------------------------------------------------------------------------------------------

[INFO ] 2023-06-11 09:43:30.905 [TestNG-test=NopCommerce - GUI-3] ReportManager - File Action "DoesFileExist" successfully performed. With the following test data "File Path: "src/test/resources/testDataFiles/ProductReviewTestData.json"".
[INFO ] 2023-06-11 09:43:30.905 [TestNG-test=NopCommerce - GUI-3] ReportManager - File Action "GetAbsolutePath" successfully performed. With the following test data "Relative Folder Path: "src/test/resources/testDataFiles/ProductReviewTestData.json"".
[INFO ] 2023-06-11 09:43:32.393 [TestNG-test=NopCommerce - GUI-3] ReportManager - Type "MacBook" into "Search store".
[INFO ] 2023-06-11 09:43:32.564 [TestNG-test=NopCommerce - GUI-3] ReportManager - Moved the mouse to the middle of the element.
[INFO ] 2023-06-11 09:43:32.632 [TestNG-test=NopCommerce - GUI-3] ReportManager - Click "SEARCH".
[INFO ] 2023-06-11 09:43:33.735 [TestNG-test=NopCommerce - GUI-3] ReportManager - Moved the mouse to the middle of the element.
[INFO ] 2023-06-11 09:43:33.784 [TestNG-test=NopCommerce - GUI-3] ReportManager - Click "Apple MacBook Pro 13-inch".
[INFO ] 2023-06-11 09:43:33.797 [TestNG-test=NopCommerce - GUI-3] ReportManager - Successfully created attachment 'SHAFT Engine Logs - Current Method log: searchForProductByName'
[INFO ] 2023-06-11 09:43:34.093 [TestNG-test=NopCommerce - GUI-3] ReportManager - 
------------------------------------------------------------------------------------------------------------------------------------------------
                                       Starting Execution: '14 out of 15' test cases in the current suite                                       
                                      Test Method: 'tests.ProductReviewTest.loginWithValidEmailAndPassword'                                      
                                      Test Description: 'Validate Login with registered email and password'                                      
------------------------------------------------------------------------------------------------------------------------------------------------

[INFO ] 2023-06-11 09:43:35.175 [TestNG-test=NopCommerce - GUI-3] ReportManager - Target URL: "https://demo.nopcommerce.com/login"
[INFO ] 2023-06-11 09:43:35.203 [TestNG-test=NopCommerce - GUI-3] ReportManager - Initial URL: "https://demo.nopcommerce.com/apple-macbook-pro-13-inch"
[INFO ] 2023-06-11 09:43:35.752 [TestNG-test=NopCommerce - GUI-3] ReportManager - Navigate to url "https://demo.nopcommerce.com/login".
[INFO ] 2023-06-11 09:43:35.752 [TestNG-test=NopCommerce - GUI-3] ReportManager - File Action "DoesFileExist" successfully performed. With the following test data "File Path: "src/test/resources/testDataFiles/ProductReviewTestData.json"".
[INFO ] 2023-06-11 09:43:35.752 [TestNG-test=NopCommerce - GUI-3] ReportManager - File Action "GetAbsolutePath" successfully performed. With the following test data "Relative Folder Path: "src/test/resources/testDataFiles/ProductReviewTestData.json"".
[INFO ] 2023-06-11 09:43:35.902 [TestNG-test=NopCommerce - GUI-3] ReportManager - Type "johndoe_11062023094114268@gmail.com" into "Email:".
[INFO ] 2023-06-11 09:43:36.006 [TestNG-test=NopCommerce - GUI-3] ReportManager - Type "tester123" into "Password:".
[INFO ] 2023-06-11 09:43:36.187 [TestNG-test=NopCommerce - GUI-3] ReportManager - Moved the mouse to the middle of the element.
[INFO ] 2023-06-11 09:43:36.232 [TestNG-test=NopCommerce - GUI-3] ReportManager - Click "LOG IN".
[INFO ] 2023-06-11 09:43:36.903 [TestNG-test=NopCommerce - GUI-3] ReportManager - Attempting to getAttribute "hidden" from elementLocator "By.className: ico-account".
[INFO ] 2023-06-11 09:43:36.954 [TestNG-test=NopCommerce - GUI-3] ReportManager - Get attribute from "My account".
[INFO ] 2023-06-11 09:43:36.955 [TestNG-test=NopCommerce - GUI-3] ReportManager - Expected "null", and actual "null"
[ERROR] 2023-06-11 09:43:36.955 [TestNG-test=NopCommerce - GUI-3] ReportManager - java.lang.UnsatisfiedLinkError: 'long org.opencv.core.Mat.n_Mat()'
 org.opencv.core.Mat.n_Mat(Native Method)
 org.opencv.core.Mat.<init>(Mat.java:23)
 org.opencv.core.MatOfByte.<init>(MatOfByte.java:12)
 com.shaft.gui.internal.image.ScreenshotManager.internalCaptureScreenShot(ScreenshotManager.java:338)
 com.shaft.gui.internal.image.ScreenshotManager.captureScreenShot(ScreenshotManager.java:151)
 com.shaft.validation.internal.ValidationsHelper.reportValidationState(ValidationsHelper.java:609)
 com.shaft.validation.internal.ValidationsHelper.pass(ValidationsHelper.java:373)
 com.shaft.validation.internal.ValidationsHelper.reportValidationResultOfElementAttribute(ValidationsHelper.java:488)
 com.shaft.validation.internal.ValidationsHelper.validateElementAttribute(ValidationsHelper.java:178)
 com.shaft.validation.internal.ValidationsExecutor.perform(ValidationsExecutor.java:149)
 tests.ProductReviewTest.loginWithValidEmailAndPassword(ProductReviewTest.java:48)
 java.base/jdk.internal.reflect.DirectMethodHandleAccessor.invoke(DirectMethodHandleAccessor.java:104)
 java.base/java.lang.reflect.Method.invoke(Method.java:578)
 org.testng.internal.invokers.MethodInvocationHelper.invokeMethod(MethodInvocationHelper.java:139)
 org.testng.internal.invokers.TestInvoker.invokeMethod(TestInvoker.java:664)
 org.testng.internal.invokers.TestInvoker.invokeTestMethod(TestInvoker.java:227)
 org.testng.internal.invokers.MethodRunner.runInSequence(MethodRunner.java:50)
 org.testng.internal.invokers.TestInvoker$MethodInvocationAgent.invoke(TestInvoker.java:957)
 org.testng.internal.invokers.TestInvoker.invokeTestMethods(TestInvoker.java:200)
 org.testng.internal.invokers.TestMethodWorker.invokeTestMethods(TestMethodWorker.java:148)
 org.testng.internal.invokers.TestMethodWorker.run(TestMethodWorker.java:128)
 java.base/java.util.concurrent.ThreadPoolExecutor.runWorker(ThreadPoolExecutor.java:1144)
 java.base/java.util.concurrent.ThreadPoolExecutor$Worker.run(ThreadPoolExecutor.java:642)
 java.base/java.lang.Thread.run(Thread.java:1623)
[INFO ] 2023-06-11 09:43:36.955 [TestNG-test=NopCommerce - GUI-3] ReportManager - Caught an UnsatisfiedLinkError, switching element highlighting method to JavaScript instead of AI.
[INFO ] 2023-06-11 09:43:38.152 [TestNG-test=NopCommerce - GUI-3] ReportManager - Assertion "ValidateElementAttribute" PASSED. Expected "Value Should be 'null' for the 'hidden' attribute, element locator 'By.className: ico-account'" and Actual "null". Comparison Type "EQUALS". Validation Type "POSITIVE".
[INFO ] 2023-06-11 09:43:38.158 [TestNG-test=NopCommerce - GUI-3] ReportManager - Successfully created attachment 'Screenshot - 1686469417411_loginWithValidEmailAndPassword_ValidateElementAttribute_passed'
[INFO ] 2023-06-11 09:43:38.160 [TestNG-test=NopCommerce - GUI-3] ReportManager - Successfully created attachment 'SHAFT Engine Logs - Current Method log: loginWithValidEmailAndPassword'
[INFO ] 2023-06-11 09:43:38.164 [TestNG-test=NopCommerce - GUI-3] ReportManager - 
------------------------------------------------------------------------------------------------------------------------------------------------
                                       Starting Execution: '15 out of 15' test cases in the current suite                                       
                                     Test Method: 'tests.ProductReviewTest.addProductReviewByRegisteredUser'                                     
                                     Test Description: 'Verify adding product review for a registered user'                                     
------------------------------------------------------------------------------------------------------------------------------------------------

[INFO ] 2023-06-11 09:43:42.205 [TestNG-test=NopCommerce - GUI-3] ReportManager - Expected condition failed: waiting for com.shaft.gui.element.internal.ElementActionsHelper$$Lambda$1055/0x000000080162b7b0@3791a16c (tried for 60 second(s) with 100 milliseconds interval) || no such element: Unable to locate element: {"method":"xpath","selector":"//a[@class = 'product-name' ] [contains(text() , 'MacBook')]"}
[INFO ] 2023-06-11 09:43:42.617 [TestNG-test=NopCommerce - GUI-3] ReportManager - Assertion "ValidateElementExists" PASSED. Expected "Element Should not Exist, locator 'By.xpath: //a[@class = 'product-name' ] [contains(text() , 'MacBook')]'" and Actual "Element Doesn't Exists". Comparison Type "EQUALS". Validation Type "NEGATIVE".
[INFO ] 2023-06-11 09:43:42.619 [TestNG-test=NopCommerce - GUI-3] ReportManager - Successfully created attachment 'Screenshot - 1686469422304_verifyDeletingProductFromWishList_ValidateElementExists_passed'
[INFO ] 2023-06-11 09:43:42.623 [TestNG-test=NopCommerce - GUI-3] ReportManager - Successfully created attachment 'SHAFT Engine Logs - Current Method log: verifyDeletingProductFromWishList'
[INFO ] 2023-06-11 09:43:42.626 [TestNG-test=NopCommerce - GUI-3] ReportManager - 
------------------------------------------------------------------------------------------------------------------------------------------------
                                              Starting execution of tear dowm configuration method                                              
                                                          'tests.WishListTest.tearDowm'                                                          
------------------------------------------------------------------------------------------------------------------------------------------------

[INFO ] 2023-06-11 09:43:43.295 [TestNG-test=NopCommerce - GUI-3] ReportManager - Successfully Closed Driver.
[INFO ] 2023-06-11 09:43:43.295 [TestNG-test=NopCommerce - GUI-3] ReportManager - Driver is already closed.
[INFO ] 2023-06-11 09:43:43.296 [TestNG-test=NopCommerce - GUI-3] ReportManager - 
------------------------------------------------------------------------------------------------------------------------------------------------
                                                Starting execution of set up configuration method                                                
                                                         'tests.ProductReviewTest.setUp'                                                         
------------------------------------------------------------------------------------------------------------------------------------------------

[INFO ] 2023-06-11 09:43:43.299 [TestNG-test=NopCommerce - GUI-3] ReportManager - Setting "targetOperatingSystem" property with "WINDOWS".
[INFO ] 2023-06-11 09:43:43.299 [TestNG-test=NopCommerce - GUI-3] ReportManager - File Action "DoesFileExist" successfully performed. With the following test data "File Path: "target/downloadedFiles/"".
[INFO ] 2023-06-11 09:43:43.300 [TestNG-test=NopCommerce - GUI-3] ReportManager - File Action "GetAbsolutePath" successfully performed. With the following test data "Relative Folder Path: "src/test/resources/testDataFiles/target/downloadedFiles/"".
[INFO ] 2023-06-11 09:43:43.300 [TestNG-test=NopCommerce - GUI-3] ReportManager - File Action "DoesFileExist" successfully performed. With the following test data "File Path: "target/downloadedFiles/"".
[INFO ] 2023-06-11 09:43:43.301 [TestNG-test=NopCommerce - GUI-3] ReportManager - File Action "GetAbsolutePath" successfully performed. With the following test data "Relative Folder Path: "src/test/resources/testDataFiles/target/downloadedFiles/"".
[INFO ] 2023-06-11 09:43:43.301 [TestNG-test=NopCommerce - GUI-3] ReportManager - Attempting to run locally on: "WINDOWS | Chrome".
[INFO ] 2023-06-11 09:43:43.302 [TestNG-test=NopCommerce - GUI-3] ReportManager - Identifying OS/Driver combination and selecting the correct driver version automatically. Please note that if a new driver executable will be downloaded it may take some time...
[DEBUG] 2023-06-11 09:43:43.309 [TestNG-test=NopCommerce - GUI-3] ResolutionCache - Resolution chrome=114 in cache (valid until 10:35:51 11/06/2023 EET)
[DEBUG] 2023-06-11 09:43:43.309 [TestNG-test=NopCommerce - GUI-3] ResolutionCache - Resolution chrome114=114.0.5735.90 in cache (valid until 08:23:04 12/06/2023 EET)
[INFO ] 2023-06-11 09:43:43.309 [TestNG-test=NopCommerce - GUI-3] WebDriverManager - Using chromedriver 114.0.5735.90 (resolved driver for Chrome 114)
[DEBUG] 2023-06-11 09:43:43.315 [TestNG-test=NopCommerce - GUI-3] WebDriverManager - Driver chromedriver 114.0.5735.90 found in cache
[INFO ] 2023-06-11 09:43:43.315 [TestNG-test=NopCommerce - GUI-3] WebDriverManager - Exporting webdriver.chrome.driver as C:\Users\usama\.cache\selenium\chromedriver\win32\114.0.5735.90\chromedriver.exe
[WARN ] 2023-06-11 09:43:43.393 [Exec Stream Pumper] ReportManager - Starting ChromeDriver 114.0.5735.90 (386bc09e8f4f2e025eddae123f36f6263096ae49-refs/branch-heads/5735@{#1052}) on port 40944
[WARN ] 2023-06-11 09:43:43.393 [Exec Stream Pumper] ReportManager - Only local connections are allowed.
[WARN ] 2023-06-11 09:43:43.393 [Exec Stream Pumper] ReportManager - Please see https://chromedriver.chromium.org/security-considerations for suggestions on keeping ChromeDriver safe.
[WARN ] 2023-06-11 09:43:43.401 [Exec Stream Pumper] ReportManager - ChromeDriver was started successfully.
[WARN ] 2023-06-11 09:43:44.251 [TestNG-test=NopCommerce - GUI-3] ReportManager - Jun 11, 2023 9:43:44 AM org.openqa.selenium.devtools.CdpVersionFinder findNearestMatch
[WARN ] 2023-06-11 09:43:44.251 [TestNG-test=NopCommerce - GUI-3] ReportManager - WARNING: Unable to find an exact match for CDP version 114, so returning the closest version found: 112
[INFO ] 2023-06-11 09:43:44.254 [TestNG-test=NopCommerce - GUI-3] ReportManager - Successfully Opened: "WINDOWS | Chrome".
[INFO ] 2023-06-11 09:43:44.255 [TestNG-test=NopCommerce - GUI-3] ReportManager - File Action "DoesFileExist" successfully performed. With the following test data "File Path: "ProductReviewTestData.json"".
[INFO ] 2023-06-11 09:43:44.256 [TestNG-test=NopCommerce - GUI-3] ReportManager - File Action "DoesFileExist" successfully performed. With the following test data "File Path: "src/test/resources/testDataFiles/ProductReviewTestData.json"".
[INFO ] 2023-06-11 09:43:44.257 [TestNG-test=NopCommerce - GUI-3] ReportManager - File Action "GetAbsolutePath" successfully performed. With the following test data "Relative Folder Path: "src/test/resources/testDataFiles/ProductReviewTestData.json"".
[INFO ] 2023-06-11 09:43:44.267 [TestNG-test=NopCommerce - GUI-3] ReportManager - Successfully created attachment 'Test Data - JSON'
[ERROR] 2023-06-11 09:43:44.267 [TestNG-test=NopCommerce - GUI-3] AllureLifecycle - Could not update step: step with uuid 91de9143-d43f-49d8-bfc4-4038e353098d not found
[INFO ] 2023-06-11 09:43:44.276 [TestNG-test=NopCommerce - GUI-3] ReportManager - 
------------------------------------------------------------------------------------------------------------------------------------------------
                                       Starting Execution: '12 out of 15' test cases in the current suite                                       
                                       Test Method: 'tests.ProductReviewTest.registerWithValidEmailAndPw'                                       
                                  Test Description: 'Validate registering a user with valid email and password'                                  
------------------------------------------------------------------------------------------------------------------------------------------------

[INFO ] 2023-06-11 09:43:44.278 [TestNG-test=NopCommerce - GUI-3] ReportManager - File Action "DoesFileExist" successfully performed. With the following test data "File Path: "src/test/resources/testDataFiles/ProductReviewTestData.json"".
[INFO ] 2023-06-11 09:43:44.278 [TestNG-test=NopCommerce - GUI-3] ReportManager - File Action "GetAbsolutePath" successfully performed. With the following test data "Relative Folder Path: "src/test/resources/testDataFiles/ProductReviewTestData.json"".
[INFO ] 2023-06-11 09:43:44.317 [TestNG-test=NopCommerce - GUI-3] ReportManager - File Action "DoesFileExist" successfully performed. With the following test data "File Path: "src/test/resources/testDataFiles/ProductReviewTestData.json"".
[INFO ] 2023-06-11 09:43:44.318 [TestNG-test=NopCommerce - GUI-3] ReportManager - File Action "GetAbsolutePath" successfully performed. With the following test data "Relative Folder Path: "src/test/resources/testDataFiles/ProductReviewTestData.json"".
[INFO ] 2023-06-11 09:43:44.371 [TestNG-test=NopCommerce - GUI-3] ReportManager - Target URL: "https://demo.nopcommerce.com/register?returnUrl=%2F"
[INFO ] 2023-06-11 09:43:44.388 [TestNG-test=NopCommerce - GUI-3] ReportManager - Initial URL: "data:,"
[INFO ] 2023-06-11 09:43:48.310 [TestNG-test=NopCommerce - GUI-3] ReportManager - Navigate to url "https://demo.nopcommerce.com/register?returnUrl=%2F".
[INFO ] 2023-06-11 09:43:48.379 [TestNG-test=NopCommerce - GUI-3] ReportManager - Get text "Register" from "By.className: page-title".
[INFO ] 2023-06-11 09:43:48.380 [TestNG-test=NopCommerce - GUI-3] ReportManager - Expected "Register", and actual "Register"
[INFO ] 2023-06-11 09:43:48.975 [TestNG-test=NopCommerce - GUI-3] ReportManager - Assertion "ValidateElementAttribute" PASSED. Expected "Value Should be 'Register' for the 'text' attribute, element locator 'By.className: page-title'" and Actual "Register". Comparison Type "CONTAINS". Validation Type "POSITIVE".
[INFO ] 2023-06-11 09:43:48.977 [TestNG-test=NopCommerce - GUI-3] ReportManager - Successfully created attachment 'Screenshot - 1686469428580_registerWithValidEmailAndPw_ValidateElementAttribute_passed'
[INFO ] 2023-06-11 09:43:48.977 [TestNG-test=NopCommerce - GUI-3] ReportManager - File Action "DoesFileExist" successfully performed. With the following test data "File Path: "src/test/resources/testDataFiles/ProductReviewTestData.json"".
[INFO ] 2023-06-11 09:43:48.977 [TestNG-test=NopCommerce - GUI-3] ReportManager - File Action "GetAbsolutePath" successfully performed. With the following test data "Relative Folder Path: "src/test/resources/testDataFiles/ProductReviewTestData.json"".
[INFO ] 2023-06-11 09:43:48.993 [TestNG-test=NopCommerce - GUI-3] ReportManager - File Action "DoesFileExist" successfully performed. With the following test data "File Path: "src/test/resources/testDataFiles/ProductReviewTestData.json"".
[INFO ] 2023-06-11 09:43:48.993 [TestNG-test=NopCommerce - GUI-3] ReportManager - File Action "GetAbsolutePath" successfully performed. With the following test data "Relative Folder Path: "src/test/resources/testDataFiles/ProductReviewTestData.json"".
[INFO ] 2023-06-11 09:43:49.007 [TestNG-test=NopCommerce - GUI-3] ReportManager - File Action "DoesFileExist" successfully performed. With the following test data "File Path: "src/test/resources/testDataFiles/ProductReviewTestData.json"".
[INFO ] 2023-06-11 09:43:49.007 [TestNG-test=NopCommerce - GUI-3] ReportManager - File Action "GetAbsolutePath" successfully performed. With the following test data "Relative Folder Path: "src/test/resources/testDataFiles/ProductReviewTestData.json"".
[INFO ] 2023-06-11 09:43:49.154 [TestNG-test=NopCommerce - GUI-3] ReportManager - Type "John" into "First name:".
[INFO ] 2023-06-11 09:43:49.273 [TestNG-test=NopCommerce - GUI-3] ReportManager - Type "Doe" into "Last name:".
[INFO ] 2023-06-11 09:43:49.414 [TestNG-test=NopCommerce - GUI-3] ReportManager - Type "johndoe_11062023094119243@gmail.com" into "Email:".
[INFO ] 2023-06-11 09:43:49.530 [TestNG-test=NopCommerce - GUI-3] ReportManager - Type "tester123" into "Password:".
[INFO ] 2023-06-11 09:43:49.654 [TestNG-test=NopCommerce - GUI-3] ReportManager - Type "tester123" into "Confirm password:".
[INFO ] 2023-06-11 09:43:49.820 [TestNG-test=NopCommerce - GUI-3] ReportManager - Moved the mouse to the middle of the element.
[INFO ] 2023-06-11 09:43:49.873 [TestNG-test=NopCommerce - GUI-3] ReportManager - Click "REGISTER".
[INFO ] 2023-06-11 09:43:49.874 [TestNG-test=NopCommerce - GUI-3] ReportManager - File Action "DoesFileExist" successfully performed. With the following test data "File Path: "src/test/resources/testDataFiles/ProductReviewTestData.json"".
[INFO ] 2023-06-11 09:43:49.874 [TestNG-test=NopCommerce - GUI-3] ReportManager - File Action "GetAbsolutePath" successfully performed. With the following test data "Relative Folder Path: "src/test/resources/testDataFiles/ProductReviewTestData.json"".
[INFO ] 2023-06-11 09:43:51.161 [TestNG-test=NopCommerce - GUI-3] ReportManager - Get text "Your registration completed" from "By.className: result".
[INFO ] 2023-06-11 09:43:51.162 [TestNG-test=NopCommerce - GUI-3] ReportManager - Expected "Your registration completed", and actual "Your registration completed"
[INFO ] 2023-06-11 09:43:51.619 [TestNG-test=NopCommerce - GUI-3] ReportManager - Assertion "ValidateElementAttribute" PASSED. Expected "Value Should be 'Your registration completed' for the 'text' attribute, element locator 'By.className: result'" and Actual "Your registration completed". Comparison Type "CONTAINS". Validation Type "POSITIVE".
[INFO ] 2023-06-11 09:43:51.621 [TestNG-test=NopCommerce - GUI-3] ReportManager - Successfully created attachment 'Screenshot - 1686469431318_registerWithValidEmailAndPw_ValidateElementAttribute_passed'
[INFO ] 2023-06-11 09:43:51.791 [TestNG-test=NopCommerce - GUI-3] ReportManager - Moved the mouse to the middle of the element.
[INFO ] 2023-06-11 09:43:51.826 [TestNG-test=NopCommerce - GUI-3] ReportManager - Click "CONTINUE".
[INFO ] 2023-06-11 09:43:51.828 [TestNG-test=NopCommerce - GUI-3] ReportManager - Successfully created attachment 'SHAFT Engine Logs - Current Method log: registerWithValidEmailAndPw'
[INFO ] 2023-06-11 09:43:51.834 [TestNG-test=NopCommerce - GUI-3] ReportManager - 
------------------------------------------------------------------------------------------------------------------------------------------------
                                       Starting Execution: '13 out of 15' test cases in the current suite                                       
                                          Test Method: 'tests.ProductReviewTest.searchForProductByName'                                          
                             Test Description: 'Verify Searching for specific product and viewing it's product page'                             
------------------------------------------------------------------------------------------------------------------------------------------------

[INFO ] 2023-06-11 09:43:51.836 [TestNG-test=NopCommerce - GUI-3] ReportManager - File Action "DoesFileExist" successfully performed. With the following test data "File Path: "src/test/resources/testDataFiles/ProductReviewTestData.json"".
[INFO ] 2023-06-11 09:43:51.836 [TestNG-test=NopCommerce - GUI-3] ReportManager - File Action "GetAbsolutePath" successfully performed. With the following test data "Relative Folder Path: "src/test/resources/testDataFiles/ProductReviewTestData.json"".
[INFO ] 2023-06-11 09:43:52.805 [TestNG-test=NopCommerce - GUI-3] ReportManager - Type "MacBook" into "Search store".
[INFO ] 2023-06-11 09:43:52.977 [TestNG-test=NopCommerce - GUI-3] ReportManager - Moved the mouse to the middle of the element.
[INFO ] 2023-06-11 09:43:53.009 [TestNG-test=NopCommerce - GUI-3] ReportManager - Click "SEARCH".
[INFO ] 2023-06-11 09:43:54.121 [TestNG-test=NopCommerce - GUI-3] ReportManager - Moved the mouse to the middle of the element.
[INFO ] 2023-06-11 09:43:54.158 [TestNG-test=NopCommerce - GUI-3] ReportManager - Click "Apple MacBook Pro 13-inch".
[INFO ] 2023-06-11 09:43:54.161 [TestNG-test=NopCommerce - GUI-3] ReportManager - Successfully created attachment 'SHAFT Engine Logs - Current Method log: searchForProductByName'
[INFO ] 2023-06-11 09:43:54.166 [TestNG-test=NopCommerce - GUI-3] ReportManager - 
------------------------------------------------------------------------------------------------------------------------------------------------
                                       Starting Execution: '14 out of 15' test cases in the current suite                                       
                                      Test Method: 'tests.ProductReviewTest.loginWithValidEmailAndPassword'                                      
                                      Test Description: 'Validate Login with registered email and password'                                      
------------------------------------------------------------------------------------------------------------------------------------------------

[INFO ] 2023-06-11 09:43:55.573 [TestNG-test=NopCommerce - GUI-3] ReportManager - Target URL: "https://demo.nopcommerce.com/login"
[INFO ] 2023-06-11 09:43:55.589 [TestNG-test=NopCommerce - GUI-3] ReportManager - Initial URL: "https://demo.nopcommerce.com/apple-macbook-pro-13-inch"
[INFO ] 2023-06-11 09:43:56.122 [TestNG-test=NopCommerce - GUI-3] ReportManager - Navigate to url "https://demo.nopcommerce.com/login".
[INFO ] 2023-06-11 09:43:56.123 [TestNG-test=NopCommerce - GUI-3] ReportManager - File Action "DoesFileExist" successfully performed. With the following test data "File Path: "src/test/resources/testDataFiles/ProductReviewTestData.json"".
[INFO ] 2023-06-11 09:43:56.123 [TestNG-test=NopCommerce - GUI-3] ReportManager - File Action "GetAbsolutePath" successfully performed. With the following test data "Relative Folder Path: "src/test/resources/testDataFiles/ProductReviewTestData.json"".
[INFO ] 2023-06-11 09:43:56.273 [TestNG-test=NopCommerce - GUI-3] ReportManager - Type "johndoe_11062023094119243@gmail.com" into "Email:".
[INFO ] 2023-06-11 09:43:56.375 [TestNG-test=NopCommerce - GUI-3] ReportManager - Type "tester123" into "Password:".
[INFO ] 2023-06-11 09:43:56.549 [TestNG-test=NopCommerce - GUI-3] ReportManager - Moved the mouse to the middle of the element.
[INFO ] 2023-06-11 09:43:56.626 [TestNG-test=NopCommerce - GUI-3] ReportManager - Click "LOG IN".
[INFO ] 2023-06-11 09:43:57.369 [TestNG-test=NopCommerce - GUI-3] ReportManager - Attempting to getAttribute "hidden" from elementLocator "By.className: ico-account".
[INFO ] 2023-06-11 09:43:57.416 [TestNG-test=NopCommerce - GUI-3] ReportManager - Get attribute from "My account".
[INFO ] 2023-06-11 09:43:57.416 [TestNG-test=NopCommerce - GUI-3] ReportManager - Expected "null", and actual "null"
[INFO ] 2023-06-11 09:43:58.476 [TestNG-test=NopCommerce - GUI-3] ReportManager - Assertion "ValidateElementAttribute" PASSED. Expected "Value Should be 'null' for the 'hidden' attribute, element locator 'By.className: ico-account'" and Actual "null". Comparison Type "EQUALS". Validation Type "POSITIVE".
[INFO ] 2023-06-11 09:43:58.484 [TestNG-test=NopCommerce - GUI-3] ReportManager - Successfully created attachment 'Screenshot - 1686469437821_loginWithValidEmailAndPassword_ValidateElementAttribute_passed'
[INFO ] 2023-06-11 09:43:58.486 [TestNG-test=NopCommerce - GUI-3] ReportManager - Successfully created attachment 'SHAFT Engine Logs - Current Method log: loginWithValidEmailAndPassword'
[INFO ] 2023-06-11 09:43:58.490 [TestNG-test=NopCommerce - GUI-3] ReportManager - 
------------------------------------------------------------------------------------------------------------------------------------------------
                                       Starting Execution: '15 out of 15' test cases in the current suite                                       
                                     Test Method: 'tests.ProductReviewTest.addProductReviewByRegisteredUser'                                     
                                     Test Description: 'Verify adding product review for a registered user'                                     
------------------------------------------------------------------------------------------------------------------------------------------------

[INFO ] 2023-06-11 09:44:38.268 [TestNG-test=NopCommerce - GUI-3] ReportManager - Expected condition failed: waiting for com.shaft.gui.element.internal.ElementActionsHelper$$Lambda$1053/0x000000080163cb68@1053a15 (tried for 60 second(s) with 100 milliseconds interval) || no such element: Unable to locate element: {"method":"xpath","selector":"//div[@class = 'product-review-links']/a[contains(text(),'your review')]"}
[INFO ] 2023-06-11 09:44:39.111 [TestNG-test=NopCommerce - GUI-3] ReportManager - Successfully created attachment 'Screenshot - 1686469478537_addProductReviewByRegisteredUser_Click_failed'
[ERROR] 2023-06-11 09:44:39.111 [TestNG-test=NopCommerce - GUI-3] AllureLifecycle - Could not update step: step with uuid f3f1bb1f-9331-467d-9f2a-8d0bd1f41a61 not found
[INFO ] 2023-06-11 09:44:39.112 [TestNG-test=NopCommerce - GUI-3] ReportManager - Successfully created attachment 'Element Action Exception - Click - Stacktrace'
[ERROR] 2023-06-11 09:44:39.112 [TestNG-test=NopCommerce - GUI-3] AllureLifecycle - Could not update step: step with uuid f3f1bb1f-9331-467d-9f2a-8d0bd1f41a61 not found
[INFO ] 2023-06-11 09:44:39.114 [TestNG-test=NopCommerce - GUI-3] ReportManager - Successfully created attachment 'SHAFT Engine Logs - Current Method log: addProductReviewByRegisteredUser'
[INFO ] 2023-06-11 09:44:39.132 [TestNG-test=NopCommerce - GUI-3] ReportManager - 
------------------------------------------------------------------------------------------------------------------------------------------------
                                              Starting execution of tear down configuration method                                              
                                                       'tests.ProductReviewTest.tearDown'                                                       
------------------------------------------------------------------------------------------------------------------------------------------------

[INFO ] 2023-06-11 09:44:39.628 [TestNG-test=NopCommerce - GUI-3] ReportManager - Successfully Closed Driver.
[INFO ] 2023-06-11 09:44:39.629 [TestNG-test=NopCommerce - GUI-3] ReportManager - Driver is already closed.
[INFO ] 2023-06-11 09:44:39.654 [main] ReportManager - 
------------------------------------------------------------------------------------------------------------------------------------------------
                                            Starting execution of suite teardown configuration method                                            
                                        'com.shaft.listeners.internal.ConfigurationHelper.suiteTeardown'                                        
------------------------------------------------------------------------------------------------------------------------------------------------

[INFO ] 2023-06-11 09:44:39.655 [main] ReportManager - Successfully created attachment 'SHAFT Engine Logs - Execution log'
[INFO ] 2023-06-11 09:44:39.656 [main] ReportManager - File Action "DoesFileExist" successfully performed. With the following test data "File Path: "target/logs/log4j.log"".
[INFO ] 2023-06-11 09:44:39.656 [main] ReportManager - File Action "GetAbsolutePath" successfully performed. With the following test data "Relative Folder Path: "target/logs/log4j.log"".
