{"uuid":"c5795c93-d35d-4974-bea0-064abb077d00","historyId":"69e0e1adb4586ba243d225b107446fbd","fullName":"tests.ProductReviewTest.addProductReviewByRegisteredUser","labels":[{"name":"package","value":"tests.ProductReviewTest"},{"name":"testClass","value":"tests.ProductReviewTest"},{"name":"testMethod","value":"addProductReviewByRegisteredUser"},{"name":"parentSuite","value":"NopCommerce test"},{"name":"suite","value":"NopCommerce - GUI"},{"name":"subSuite","value":"tests.ProductReviewTest"},{"name":"host","value":"REDA"},{"name":"thread","value":"15836@REDA.TestNG-test=NopCommerce - GUI-3(79)"},{"name":"framework","value":"testng"},{"name":"language","value":"java"},{"name":"story","value":"Add product Review"},{"name":"severity","value":"critical"}],"links":[],"name":"Verify adding product review for a registered user","status":"failed","statusDetails":{"known":false,"muted":false,"flaky":false,"message":"Failed to Click \"By.xpath: //div[@class = 'product-review-links']/a[contains(text(),'your review')]\". Root cause: \"org.openqa.selenium.NoSuchElementException: no such element: Unable to locate element: {\"method\":\"xpath\",\"selector\":\"//div[@class = 'product-review-links']/a[contains(text(),'your review')]\"}\"","trace":"java.lang.AssertionError: Failed to Click \"By.xpath: //div[@class = 'product-review-links']/a[contains(text(),'your review')]\". Root cause: \"org.openqa.selenium.NoSuchElementException: no such element: Unable to locate element: {\"method\":\"xpath\",\"selector\":\"//div[@class = 'product-review-links']/a[contains(text(),'your review')]\"}\"\r\n\tat org.testng.Assert.fail(Assert.java:99)\r\n\tat com.shaft.gui.element.internal.ElementActionsHelper.failAction(ElementActionsHelper.java:956)\r\n\tat com.shaft.gui.element.internal.ElementActionsHelper.failAction(ElementActionsHelper.java:887)\r\n\tat com.shaft.gui.element.internal.FluentElementActions.click(FluentElementActions.java:178)\r\n\tat pages.ProductDetailsPage.openProductReviewsPage(ProductDetailsPage.java:43)\r\n\tat tests.ProductReviewTest.addProductReviewByRegisteredUser(ProductReviewTest.java:66)\r\n\tat java.base/jdk.internal.reflect.DirectMethodHandleAccessor.invoke(DirectMethodHandleAccessor.java:104)\r\n\tat java.base/java.lang.reflect.Method.invoke(Method.java:578)\r\n\tat org.testng.internal.invokers.MethodInvocationHelper.invokeMethod(MethodInvocationHelper.java:139)\r\n\tat org.testng.internal.invokers.TestInvoker.invokeMethod(TestInvoker.java:664)\r\n\tat org.testng.internal.invokers.TestInvoker.invokeTestMethod(TestInvoker.java:227)\r\n\tat org.testng.internal.invokers.MethodRunner.runInSequence(MethodRunner.java:50)\r\n\tat org.testng.internal.invokers.TestInvoker$MethodInvocationAgent.invoke(TestInvoker.java:957)\r\n\tat org.testng.internal.invokers.TestInvoker.invokeTestMethods(TestInvoker.java:200)\r\n\tat org.testng.internal.invokers.TestMethodWorker.invokeTestMethods(TestMethodWorker.java:148)\r\n\tat org.testng.internal.invokers.TestMethodWorker.run(TestMethodWorker.java:128)\r\n\tat java.base/java.util.concurrent.ThreadPoolExecutor.runWorker(ThreadPoolExecutor.java:1144)\r\n\tat java.base/java.util.concurrent.ThreadPoolExecutor$Worker.run(ThreadPoolExecutor.java:642)\r\n\tat java.base/java.lang.Thread.run(Thread.java:1623)\r\nCaused by: java.lang.AssertionError: Failed to identify unique element using this locator \"By.xpath: //div[@class = 'product-review-links']/a[contains(text(),'your review')]\" Root cause: \"org.openqa.selenium.NoSuchElementException: no such element: Unable to locate element: {\"method\":\"xpath\",\"selector\":\"//div[@class = 'product-review-links']/a[contains(text(),'your review')]\"}\"\r\n\tat org.testng.Assert.fail(Assert.java:99)\r\n\tat com.shaft.tools.io.internal.FailureReporter.fail(FailureReporter.java:34)\r\n\tat com.shaft.gui.element.internal.ElementActionsHelper.identifyUniqueElement(ElementActionsHelper.java:796)\r\n\tat com.shaft.gui.element.internal.ElementActionsHelper.performActionAgainstUniqueElementIgnoringVisibility(ElementActionsHelper.java:776)\r\n\tat com.shaft.gui.element.internal.FluentElementActions.click(FluentElementActions.java:176)\r\n\t... 15 more\r\nCaused by: org.openqa.selenium.TimeoutException: Expected condition failed: waiting for com.shaft.gui.element.internal.ElementActionsHelper$$Lambda$1055/0x000000080162b7b0@506558a7 (tried for 60 second(s) with 100 milliseconds interval)\r\n\tat org.openqa.selenium.support.ui.FluentWait.timeoutException(FluentWait.java:263)\r\n\tat org.openqa.selenium.support.ui.FluentWait.until(FluentWait.java:231)\r\n\tat com.shaft.gui.element.internal.ElementActionsHelper.waitForElementPresence(ElementActionsHelper.java:158)\r\n\tat com.shaft.gui.element.internal.ElementActionsHelper.getMatchingElementsInformation(ElementActionsHelper.java:826)\r\n\tat com.shaft.gui.element.internal.ElementActionsHelper.identifyUniqueElement(ElementActionsHelper.java:789)\r\n\t... 17 more\r\nCaused by: org.openqa.selenium.NoSuchElementException: no such element: Unable to locate element: {\"method\":\"xpath\",\"selector\":\"//div[@class = 'product-review-links']/a[contains(text(),'your review')]\"}\n  (Session info: chrome=114.0.5735.110)\nFor documentation on this error, please visit: https://selenium.dev/exceptions/#no_such_element\nBuild info: version: '4.9.0', revision: 'd7057100a6'\nSystem info: os.name: 'Windows 10', os.arch: 'amd64', os.version: '10.0', java.version: '20'\nDriver info: org.openqa.selenium.chrome.ChromeDriver\nCommand: [0494a837ba14c48a8b7f2b9a6e78c3a8, findElement {using=xpath, value=//div[@class = 'product-review-links']/a[contains(text(),'your review')]}]\nCapabilities {acceptInsecureCerts: true, browserName: chrome, browserVersion: 114.0.5735.110, chrome: {chromedriverVersion: 114.0.5735.90 (386bc09e8f4f..., userDataDir: C:\\Users\\usama\\AppData\\Loca...}, goog:chromeOptions: {debuggerAddress: localhost:56818}, networkConnectionEnabled: false, pageLoadStrategy: none, platformName: WINDOWS, proxy: Proxy(), se:cdp: ws://localhost:56818/devtoo..., se:cdpVersion: 114.0.5735.110, setWindowRect: true, strictFileInteractability: false, timeouts: {implicit: 0, pageLoad: 60000, script: 30000}, unhandledPromptBehavior: accept and notify, webauthn:extension:credBlob: true, webauthn:extension:largeBlob: true, webauthn:extension:minPinLength: true, webauthn:extension:prf: true, webauthn:virtualAuthenticators: true}\nSession ID: 0494a837ba14c48a8b7f2b9a6e78c3a8\r\n\tat java.base/jdk.internal.reflect.DirectConstructorHandleAccessor.newInstance(DirectConstructorHandleAccessor.java:67)\r\n\tat java.base/java.lang.reflect.Constructor.newInstanceWithCaller(Constructor.java:500)\r\n\tat java.base/java.lang.reflect.Constructor.newInstance(Constructor.java:484)\r\n\tat org.openqa.selenium.remote.codec.w3c.W3CHttpResponseCodec.createException(W3CHttpResponseCodec.java:200)\r\n\tat org.openqa.selenium.remote.codec.w3c.W3CHttpResponseCodec.decode(W3CHttpResponseCodec.java:133)\r\n\tat org.openqa.selenium.remote.codec.w3c.W3CHttpResponseCodec.decode(W3CHttpResponseCodec.java:53)\r\n\tat org.openqa.selenium.remote.HttpCommandExecutor.execute(HttpCommandExecutor.java:193)\r\n\tat org.openqa.selenium.remote.service.DriverCommandExecutor.invokeExecute(DriverCommandExecutor.java:183)\r\n\tat org.openqa.selenium.remote.service.DriverCommandExecutor.execute(DriverCommandExecutor.java:158)\r\n\tat org.openqa.selenium.remote.RemoteWebDriver.execute(RemoteWebDriver.java:543)\r\n\tat org.openqa.selenium.remote.ElementLocation$ElementFinder$2.findElement(ElementLocation.java:162)\r\n\tat org.openqa.selenium.remote.ElementLocation.findElement(ElementLocation.java:60)\r\n\tat org.openqa.selenium.remote.RemoteWebDriver.findElement(RemoteWebDriver.java:352)\r\n\tat org.openqa.selenium.remote.RemoteWebDriver.findElement(RemoteWebDriver.java:344)\r\n\tat com.shaft.gui.element.internal.ElementActionsHelper.lambda$waitForElementPresence$0(ElementActionsHelper.java:170)\r\n\tat org.openqa.selenium.support.ui.FluentWait.until(FluentWait.java:208)\r\n\t... 20 more\r\n"},"stage":"finished","steps":[],"attachments":[{"name":"Element Action Exception - Click - Stacktrace","source":"195bb65f-36c1-447e-a7d0-7c512ffbe7e7-attachment"},{"name":"SHAFT Engine Logs - Current Method log: addProductReviewByRegisteredUser","source":"70d21cf8-41bf-474e-bfab-e56ee55365da-attachment.txt","type":"text/plain"}],"parameters":[],"start":1686469438490,"stop":1686470038652}