{"uuid":"f367d8a5-1173-42ad-bc01-75b5a903ee93","historyId":"6eaed5e3ca18323bdb601a89d68c28ba","fullName":"tests.ChangePasswordTest.loginWithValidEmailAndPassword","labels":[{"name":"package","value":"tests.ChangePasswordTest"},{"name":"testClass","value":"tests.ChangePasswordTest"},{"name":"testMethod","value":"loginWithValidEmailAndPassword"},{"name":"parentSuite","value":"Suite"},{"name":"suite","value":"Test"},{"name":"subSuite","value":"tests.ChangePasswordTest"},{"name":"host","value":"REDA"},{"name":"thread","value":"8444@REDA.TestNG-test=Test-2(57)"},{"name":"framework","value":"testng"},{"name":"language","value":"java"},{"name":"story","value":"Login"},{"name":"severity","value":"critical"}],"links":[],"name":"Validate Login with registered email and password","status":"failed","statusDetails":{"known":false,"muted":false,"flaky":false,"message":"Assertion \"ValidateElementAttribute\" FAILED. Expected \"Value Should be 'null' for the 'hidden' attribute, element locator 'By.className: ico-account'\" and Actual \"Failed to read the desired element attribute\". Comparison Type \"EQUALS\". Validation Type \"POSITIVE\". Root cause: \"org.openqa.selenium.NoSuchWindowException: no such window: target window already closed\"","trace":"java.lang.AssertionError: Assertion \"ValidateElementAttribute\" FAILED. Expected \"Value Should be 'null' for the 'hidden' attribute, element locator 'By.className: ico-account'\" and Actual \"Failed to read the desired element attribute\". Comparison Type \"EQUALS\". Validation Type \"POSITIVE\". Root cause: \"org.openqa.selenium.NoSuchWindowException: no such window: target window already closed\"\r\n\tat org.testng.Assert.fail(Assert.java:99)\r\n\tat com.shaft.tools.io.internal.FailureReporter.fail(FailureReporter.java:34)\r\n\tat com.shaft.validation.internal.ValidationsHelper.reportValidationState(ValidationsHelper.java:655)\r\n\tat com.shaft.validation.internal.ValidationsHelper.fail(ValidationsHelper.java:395)\r\n\tat com.shaft.validation.internal.ValidationsHelper.validateElementAttribute(ValidationsHelper.java:164)\r\n\tat com.shaft.validation.internal.ValidationsExecutor.perform(ValidationsExecutor.java:149)\r\n\tat tests.ChangePasswordTest.loginWithValidEmailAndPassword(ChangePasswordTest.java:49)\r\n\tat java.base/jdk.internal.reflect.DirectMethodHandleAccessor.invoke(DirectMethodHandleAccessor.java:104)\r\n\tat java.base/java.lang.reflect.Method.invoke(Method.java:578)\r\n\tat org.testng.internal.invokers.MethodInvocationHelper.invokeMethod(MethodInvocationHelper.java:139)\r\n\tat org.testng.internal.invokers.TestInvoker.invokeMethod(TestInvoker.java:664)\r\n\tat org.testng.internal.invokers.TestInvoker.invokeTestMethod(TestInvoker.java:227)\r\n\tat org.testng.internal.invokers.MethodRunner.runInSequence(MethodRunner.java:50)\r\n\tat org.testng.internal.invokers.TestInvoker$MethodInvocationAgent.invoke(TestInvoker.java:957)\r\n\tat org.testng.internal.invokers.TestInvoker.invokeTestMethods(TestInvoker.java:200)\r\n\tat org.testng.internal.invokers.TestMethodWorker.invokeTestMethods(TestMethodWorker.java:148)\r\n\tat org.testng.internal.invokers.TestMethodWorker.run(TestMethodWorker.java:128)\r\n\tat java.base/java.util.concurrent.ThreadPoolExecutor.runWorker(ThreadPoolExecutor.java:1144)\r\n\tat java.base/java.util.concurrent.ThreadPoolExecutor$Worker.run(ThreadPoolExecutor.java:642)\r\n\tat java.base/java.lang.Thread.run(Thread.java:1623)\r\nCaused by: java.lang.AssertionError: Failed to Get attribute from \"By.className: ico-account\".\r\n\tat org.testng.Assert.fail(Assert.java:99)\r\n\tat com.shaft.gui.element.internal.ElementActionsHelper.failAction(ElementActionsHelper.java:956)\r\n\tat com.shaft.gui.element.internal.ElementActionsHelper.failAction(ElementActionsHelper.java:887)\r\n\tat com.shaft.gui.element.internal.FluentElementActions.getAttribute(FluentElementActions.java:447)\r\n\tat com.shaft.validation.internal.ValidationsHelper.validateElementAttribute(ValidationsHelper.java:159)\r\n\t... 15 more\r\nCaused by: org.openqa.selenium.NoSuchWindowException: no such window: target window already closed\nfrom unknown error: web view not found\n  (Session info: chrome=114.0.5735.133)\nBuild info: version: '4.9.0', revision: 'd7057100a6'\nSystem info: os.name: 'Windows 10', os.arch: 'amd64', os.version: '10.0', java.version: '20.0.1'\nDriver info: org.openqa.selenium.chrome.ChromeDriver\nCommand: [b19049ad6bb79bcf69f75d4971aaadf5, findElement {using=class name, value=ico-account}]\nCapabilities {acceptInsecureCerts: true, browserName: chrome, browserVersion: 114.0.5735.133, chrome: {chromedriverVersion: 114.0.5735.90 (386bc09e8f4f..., userDataDir: C:\\Users\\usama\\AppData\\Loca...}, goog:chromeOptions: {debuggerAddress: localhost:61362}, networkConnectionEnabled: false, pageLoadStrategy: none, platformName: WINDOWS, proxy: Proxy(), se:cdp: ws://localhost:61362/devtoo..., se:cdpVersion: 114.0.5735.133, setWindowRect: true, strictFileInteractability: false, timeouts: {implicit: 0, pageLoad: 60000, script: 30000}, unhandledPromptBehavior: accept and notify, webauthn:extension:credBlob: true, webauthn:extension:largeBlob: true, webauthn:extension:minPinLength: true, webauthn:extension:prf: true, webauthn:virtualAuthenticators: true}\nSession ID: b19049ad6bb79bcf69f75d4971aaadf5\r\n\tat java.base/jdk.internal.reflect.DirectConstructorHandleAccessor.newInstance(DirectConstructorHandleAccessor.java:67)\r\n\tat java.base/java.lang.reflect.Constructor.newInstanceWithCaller(Constructor.java:500)\r\n\tat java.base/java.lang.reflect.Constructor.newInstance(Constructor.java:484)\r\n\tat org.openqa.selenium.remote.codec.w3c.W3CHttpResponseCodec.createException(W3CHttpResponseCodec.java:200)\r\n\tat org.openqa.selenium.remote.codec.w3c.W3CHttpResponseCodec.decode(W3CHttpResponseCodec.java:133)\r\n\tat org.openqa.selenium.remote.codec.w3c.W3CHttpResponseCodec.decode(W3CHttpResponseCodec.java:53)\r\n\tat org.openqa.selenium.remote.HttpCommandExecutor.execute(HttpCommandExecutor.java:193)\r\n\tat org.openqa.selenium.remote.service.DriverCommandExecutor.invokeExecute(DriverCommandExecutor.java:183)\r\n\tat org.openqa.selenium.remote.service.DriverCommandExecutor.execute(DriverCommandExecutor.java:158)\r\n\tat org.openqa.selenium.remote.RemoteWebDriver.execute(RemoteWebDriver.java:543)\r\n\tat org.openqa.selenium.remote.ElementLocation$ElementFinder$2.findElement(ElementLocation.java:162)\r\n\tat org.openqa.selenium.remote.ElementLocation.findElement(ElementLocation.java:60)\r\n\tat org.openqa.selenium.remote.RemoteWebDriver.findElement(RemoteWebDriver.java:352)\r\n\tat org.openqa.selenium.remote.RemoteWebDriver.findElement(RemoteWebDriver.java:344)\r\n\tat com.shaft.gui.element.internal.ElementActionsHelper.lambda$waitForElementPresence$0(ElementActionsHelper.java:170)\r\n\tat org.openqa.selenium.support.ui.FluentWait.until(FluentWait.java:208)\r\n\tat com.shaft.gui.element.internal.ElementActionsHelper.waitForElementPresence(ElementActionsHelper.java:158)\r\n\tat com.shaft.gui.element.internal.ElementActionsHelper.getMatchingElementsInformation(ElementActionsHelper.java:826)\r\n\tat com.shaft.gui.element.internal.ElementActionsHelper.identifyUniqueElement(ElementActionsHelper.java:789)\r\n\tat com.shaft.gui.element.internal.ElementActionsHelper.performActionAgainstUniqueElementIgnoringVisibility(ElementActionsHelper.java:776)\r\n\tat com.shaft.gui.element.internal.FluentElementActions.getAttribute(FluentElementActions.java:436)\r\n\t... 16 more\r\n"},"stage":"finished","steps":[{"name":"Navigate to url \"https://demo.nopcommerce.com/login\".","status":"passed","stage":"finished","steps":[],"attachments":[],"parameters":[],"start":1686724830297,"stop":1686724830297},{"name":"Type \"johndoe_14062023083948404@gmail.com\" into \"Email:\".","status":"passed","stage":"finished","steps":[],"attachments":[],"parameters":[],"start":1686724830576,"stop":1686724830576},{"name":"Type \"tester123\" into \"Password:\".","status":"passed","stage":"finished","steps":[],"attachments":[],"parameters":[],"start":1686724830722,"stop":1686724830722},{"name":"Click \"LOG IN\".","status":"passed","stage":"finished","steps":[],"attachments":[],"parameters":[],"start":1686724831035,"stop":1686724831035}],"attachments":[{"name":"Validation Test Data - Failure Reason","source":"7ab82255-37e8-44fd-b919-5739ec0f6dad-attachment"},{"name":"Validations helper - Get  stack  trace - Exception Stacktrace","source":"71edb309-5305-4c1c-b6ec-194f04c98ca3-attachment"},{"name":"SHAFT Engine Logs - Current Method log: setUp","source":"14e4a22c-240d-4690-8b76-e5a5394bd10c-attachment.txt","type":"text/plain"},{"name":"SHAFT Engine Logs - Current Method log: loginWithValidEmailAndPassword","source":"2193aa69-da5b-4fd7-bb5b-03e0e2e2c18a-attachment.txt","type":"text/plain"}],"parameters":[],"start":1686724826220,"stop":1686724831474}